{"uid":"480032286bf29856","name":"test_deploy_latest","fullName":"tests.integration.test_upgrade#test_deploy_latest","historyId":"c70c1888b927480f379ff73a0d98757a","time":{"start":1755395797051,"stop":1755397300240,"duration":1503189},"description":"Simple test to ensure that the PostgreSQL and application charms get deployed.","descriptionHtml":"<p>Simple test to ensure that the PostgreSQL and application charms get deployed.</p>\n","status":"broken","statusMessage":"TimeoutError: Timed out waiting for model:\n  postgresql/0 [allocating] waiting: agent initialising\n  postgresql/1 [allocating] waiting: agent initialising\n  postgresql/2 [allocating] waiting: agent initialising\n  pgbouncer/0 [idle] blocked: waiting for backend database relation to initialise\n  pgbouncer/1 [idle] blocked: waiting for backend database relation to initialise\n  pgbouncer/2 [idle] blocked: waiting for backend database relation to initialise\n  postgresql-test-app/0 [idle] blocked: No database integration available\n  postgresql-test-app/1 [idle] blocked: No database integration available\n  postgresql-test-app/2 [idle] blocked: No database integration available","statusTrace":"Traceback (most recent call last):\n  File \"/root/spread_project/.tox/integration/lib/python3.12/site-packages/_pytest/runner.py\", line 344, in from_call\n    result: TResult | None = func()\n                             ^^^^^^\n  File \"/root/spread_project/.tox/integration/lib/python3.12/site-packages/_pytest/runner.py\", line 246, in <lambda>\n    lambda: runtest_hook(item=item, **kwds), when=when, reraise=reraise\n            ^^^^^^^^^^^^^^^^^^^^^^^^^^^^^^^\n  File \"/root/spread_project/.tox/integration/lib/python3.12/site-packages/pluggy/_hooks.py\", line 512, in __call__\n    return self._hookexec(self.name, self._hookimpls.copy(), kwargs, firstresult)\n           ^^^^^^^^^^^^^^^^^^^^^^^^^^^^^^^^^^^^^^^^^^^^^^^^^^^^^^^^^^^^^^^^^^^^^^\n  File \"/root/spread_project/.tox/integration/lib/python3.12/site-packages/pluggy/_manager.py\", line 120, in _hookexec\n    return self._inner_hookexec(hook_name, methods, kwargs, firstresult)\n           ^^^^^^^^^^^^^^^^^^^^^^^^^^^^^^^^^^^^^^^^^^^^^^^^^^^^^^^^^^^^^\n  File \"/root/spread_project/.tox/integration/lib/python3.12/site-packages/pluggy/_callers.py\", line 167, in _multicall\n    raise exception\n  File \"/root/spread_project/.tox/integration/lib/python3.12/site-packages/pluggy/_callers.py\", line 139, in _multicall\n    teardown.throw(exception)\n  File \"/root/spread_project/.tox/integration/lib/python3.12/site-packages/_pytest/logging.py\", line 850, in pytest_runtest_call\n    yield\n  File \"/root/spread_project/.tox/integration/lib/python3.12/site-packages/pluggy/_callers.py\", line 139, in _multicall\n    teardown.throw(exception)\n  File \"/root/spread_project/.tox/integration/lib/python3.12/site-packages/pluggy/_callers.py\", line 53, in run_old_style_hookwrapper\n    return result.get_result()\n           ^^^^^^^^^^^^^^^^^^^\n  File \"/root/spread_project/.tox/integration/lib/python3.12/site-packages/pluggy/_result.py\", line 103, in get_result\n    raise exc.with_traceback(tb)\n  File \"/root/spread_project/.tox/integration/lib/python3.12/site-packages/pluggy/_callers.py\", line 38, in run_old_style_hookwrapper\n    res = yield\n          ^^^^^\n  File \"/root/spread_project/.tox/integration/lib/python3.12/site-packages/pluggy/_callers.py\", line 139, in _multicall\n    teardown.throw(exception)\n  File \"/root/spread_project/.tox/integration/lib/python3.12/site-packages/_pytest/capture.py\", line 900, in pytest_runtest_call\n    return (yield)\n            ^^^^^\n  File \"/root/spread_project/.tox/integration/lib/python3.12/site-packages/pluggy/_callers.py\", line 139, in _multicall\n    teardown.throw(exception)\n  File \"/root/spread_project/.tox/integration/lib/python3.12/site-packages/_pytest/skipping.py\", line 263, in pytest_runtest_call\n    return (yield)\n            ^^^^^\n  File \"/root/spread_project/.tox/integration/lib/python3.12/site-packages/pluggy/_callers.py\", line 121, in _multicall\n    res = hook_impl.function(*args)\n          ^^^^^^^^^^^^^^^^^^^^^^^^^\n  File \"/root/spread_project/.tox/integration/lib/python3.12/site-packages/_pytest/runner.py\", line 178, in pytest_runtest_call\n    item.runtest()\n  File \"/root/spread_project/.tox/integration/lib/python3.12/site-packages/_pytest/python.py\", line 1671, in runtest\n    self.ihook.pytest_pyfunc_call(pyfuncitem=self)\n  File \"/root/spread_project/.tox/integration/lib/python3.12/site-packages/pluggy/_hooks.py\", line 512, in __call__\n    return self._hookexec(self.name, self._hookimpls.copy(), kwargs, firstresult)\n           ^^^^^^^^^^^^^^^^^^^^^^^^^^^^^^^^^^^^^^^^^^^^^^^^^^^^^^^^^^^^^^^^^^^^^^\n  File \"/root/spread_project/.tox/integration/lib/python3.12/site-packages/pluggy/_manager.py\", line 120, in _hookexec\n    return self._inner_hookexec(hook_name, methods, kwargs, firstresult)\n           ^^^^^^^^^^^^^^^^^^^^^^^^^^^^^^^^^^^^^^^^^^^^^^^^^^^^^^^^^^^^^\n  File \"/root/spread_project/.tox/integration/lib/python3.12/site-packages/pluggy/_callers.py\", line 167, in _multicall\n    raise exception\n  File \"/root/spread_project/.tox/integration/lib/python3.12/site-packages/pluggy/_callers.py\", line 139, in _multicall\n    teardown.throw(exception)\n  File \"/root/spread_project/.tox/integration/lib/python3.12/site-packages/pluggy/_callers.py\", line 53, in run_old_style_hookwrapper\n    return result.get_result()\n           ^^^^^^^^^^^^^^^^^^^\n  File \"/root/spread_project/.tox/integration/lib/python3.12/site-packages/pluggy/_result.py\", line 103, in get_result\n    raise exc.with_traceback(tb)\n  File \"/root/spread_project/.tox/integration/lib/python3.12/site-packages/pluggy/_callers.py\", line 38, in run_old_style_hookwrapper\n    res = yield\n          ^^^^^\n  File \"/root/spread_project/.tox/integration/lib/python3.12/site-packages/pluggy/_callers.py\", line 121, in _multicall\n    res = hook_impl.function(*args)\n          ^^^^^^^^^^^^^^^^^^^^^^^^^\n  File \"/root/spread_project/.tox/integration/lib/python3.12/site-packages/_pytest/python.py\", line 157, in pytest_pyfunc_call\n    result = testfunction(**testargs)\n             ^^^^^^^^^^^^^^^^^^^^^^^^\n  File \"/root/spread_project/.tox/integration/lib/python3.12/site-packages/pytest_asyncio/plugin.py\", line 529, in inner\n    _loop.run_until_complete(task)\n  File \"/usr/lib/python3.12/asyncio/base_events.py\", line 687, in run_until_complete\n    return future.result()\n           ^^^^^^^^^^^^^^^\n  File \"/root/spread_project/tests/integration/test_upgrade.py\", line 61, in test_deploy_latest\n    await ops_test.model.wait_for_idle(\n  File \"/root/spread_project/.tox/integration/lib/python3.12/site-packages/juju/model/__init__.py\", line 3250, in wait_for_idle\n    raise asyncio.TimeoutError(\nTimeoutError: Timed out waiting for model:\n  postgresql/0 [allocating] waiting: agent initialising\n  postgresql/1 [allocating] waiting: agent initialising\n  postgresql/2 [allocating] waiting: agent initialising\n  pgbouncer/0 [idle] blocked: waiting for backend database relation to initialise\n  pgbouncer/1 [idle] blocked: waiting for backend database relation to initialise\n  pgbouncer/2 [idle] blocked: waiting for backend database relation to initialise\n  postgresql-test-app/0 [idle] blocked: No database integration available\n  postgresql-test-app/1 [idle] blocked: No database integration available\n  postgresql-test-app/2 [idle] blocked: No database integration available","flaky":false,"newFailed":false,"newBroken":true,"newPassed":false,"retriesCount":1,"retriesStatusChange":true,"beforeStages":[{"name":"charm","time":{"start":1755395796901,"stop":1755395796901,"duration":0},"status":"passed","steps":[],"attachments":[],"parameters":[],"shouldDisplayMessage":false,"stepsCount":0,"attachmentsCount":0,"hasContent":false,"attachmentStep":false},{"name":"tmp_path_factory","time":{"start":1755395796901,"stop":1755395796901,"duration":0},"status":"passed","steps":[],"attachments":[],"parameters":[],"shouldDisplayMessage":false,"stepsCount":0,"attachmentsCount":0,"hasContent":false,"attachmentStep":false},{"name":"event_loop","time":{"start":1755395796901,"stop":1755395796901,"duration":0},"status":"passed","steps":[],"attachments":[],"parameters":[],"shouldDisplayMessage":false,"stepsCount":0,"attachmentsCount":0,"hasContent":false,"attachmentStep":false},{"name":"ops_test","time":{"start":1755395796902,"stop":1755395797051,"duration":149},"status":"passed","steps":[],"attachments":[],"parameters":[],"shouldDisplayMessage":false,"stepsCount":0,"attachmentsCount":0,"hasContent":false,"attachmentStep":false},{"name":"abort_on_fail","time":{"start":1755395797051,"stop":1755395797051,"duration":0},"status":"passed","steps":[],"attachments":[],"parameters":[],"shouldDisplayMessage":false,"stepsCount":0,"attachmentsCount":0,"hasContent":false,"attachmentStep":false}],"testStage":{"description":"Simple test to ensure that the PostgreSQL and application charms get deployed.","status":"broken","statusMessage":"TimeoutError: Timed out waiting for model:\n  postgresql/0 [allocating] waiting: agent initialising\n  postgresql/1 [allocating] waiting: agent initialising\n  postgresql/2 [allocating] waiting: agent initialising\n  pgbouncer/0 [idle] blocked: waiting for backend database relation to initialise\n  pgbouncer/1 [idle] blocked: waiting for backend database relation to initialise\n  pgbouncer/2 [idle] blocked: waiting for backend database relation to initialise\n  postgresql-test-app/0 [idle] blocked: No database integration available\n  postgresql-test-app/1 [idle] blocked: No database integration available\n  postgresql-test-app/2 [idle] blocked: No database integration available","statusTrace":"Traceback (most recent call last):\n  File \"/root/spread_project/.tox/integration/lib/python3.12/site-packages/_pytest/runner.py\", line 344, in from_call\n    result: TResult | None = func()\n                             ^^^^^^\n  File \"/root/spread_project/.tox/integration/lib/python3.12/site-packages/_pytest/runner.py\", line 246, in <lambda>\n    lambda: runtest_hook(item=item, **kwds), when=when, reraise=reraise\n            ^^^^^^^^^^^^^^^^^^^^^^^^^^^^^^^\n  File \"/root/spread_project/.tox/integration/lib/python3.12/site-packages/pluggy/_hooks.py\", line 512, in __call__\n    return self._hookexec(self.name, self._hookimpls.copy(), kwargs, firstresult)\n           ^^^^^^^^^^^^^^^^^^^^^^^^^^^^^^^^^^^^^^^^^^^^^^^^^^^^^^^^^^^^^^^^^^^^^^\n  File \"/root/spread_project/.tox/integration/lib/python3.12/site-packages/pluggy/_manager.py\", line 120, in _hookexec\n    return self._inner_hookexec(hook_name, methods, kwargs, firstresult)\n           ^^^^^^^^^^^^^^^^^^^^^^^^^^^^^^^^^^^^^^^^^^^^^^^^^^^^^^^^^^^^^\n  File \"/root/spread_project/.tox/integration/lib/python3.12/site-packages/pluggy/_callers.py\", line 167, in _multicall\n    raise exception\n  File \"/root/spread_project/.tox/integration/lib/python3.12/site-packages/pluggy/_callers.py\", line 139, in _multicall\n    teardown.throw(exception)\n  File \"/root/spread_project/.tox/integration/lib/python3.12/site-packages/_pytest/logging.py\", line 850, in pytest_runtest_call\n    yield\n  File \"/root/spread_project/.tox/integration/lib/python3.12/site-packages/pluggy/_callers.py\", line 139, in _multicall\n    teardown.throw(exception)\n  File \"/root/spread_project/.tox/integration/lib/python3.12/site-packages/pluggy/_callers.py\", line 53, in run_old_style_hookwrapper\n    return result.get_result()\n           ^^^^^^^^^^^^^^^^^^^\n  File \"/root/spread_project/.tox/integration/lib/python3.12/site-packages/pluggy/_result.py\", line 103, in get_result\n    raise exc.with_traceback(tb)\n  File \"/root/spread_project/.tox/integration/lib/python3.12/site-packages/pluggy/_callers.py\", line 38, in run_old_style_hookwrapper\n    res = yield\n          ^^^^^\n  File \"/root/spread_project/.tox/integration/lib/python3.12/site-packages/pluggy/_callers.py\", line 139, in _multicall\n    teardown.throw(exception)\n  File \"/root/spread_project/.tox/integration/lib/python3.12/site-packages/_pytest/capture.py\", line 900, in pytest_runtest_call\n    return (yield)\n            ^^^^^\n  File \"/root/spread_project/.tox/integration/lib/python3.12/site-packages/pluggy/_callers.py\", line 139, in _multicall\n    teardown.throw(exception)\n  File \"/root/spread_project/.tox/integration/lib/python3.12/site-packages/_pytest/skipping.py\", line 263, in pytest_runtest_call\n    return (yield)\n            ^^^^^\n  File \"/root/spread_project/.tox/integration/lib/python3.12/site-packages/pluggy/_callers.py\", line 121, in _multicall\n    res = hook_impl.function(*args)\n          ^^^^^^^^^^^^^^^^^^^^^^^^^\n  File \"/root/spread_project/.tox/integration/lib/python3.12/site-packages/_pytest/runner.py\", line 178, in pytest_runtest_call\n    item.runtest()\n  File \"/root/spread_project/.tox/integration/lib/python3.12/site-packages/_pytest/python.py\", line 1671, in runtest\n    self.ihook.pytest_pyfunc_call(pyfuncitem=self)\n  File \"/root/spread_project/.tox/integration/lib/python3.12/site-packages/pluggy/_hooks.py\", line 512, in __call__\n    return self._hookexec(self.name, self._hookimpls.copy(), kwargs, firstresult)\n           ^^^^^^^^^^^^^^^^^^^^^^^^^^^^^^^^^^^^^^^^^^^^^^^^^^^^^^^^^^^^^^^^^^^^^^\n  File \"/root/spread_project/.tox/integration/lib/python3.12/site-packages/pluggy/_manager.py\", line 120, in _hookexec\n    return self._inner_hookexec(hook_name, methods, kwargs, firstresult)\n           ^^^^^^^^^^^^^^^^^^^^^^^^^^^^^^^^^^^^^^^^^^^^^^^^^^^^^^^^^^^^^\n  File \"/root/spread_project/.tox/integration/lib/python3.12/site-packages/pluggy/_callers.py\", line 167, in _multicall\n    raise exception\n  File \"/root/spread_project/.tox/integration/lib/python3.12/site-packages/pluggy/_callers.py\", line 139, in _multicall\n    teardown.throw(exception)\n  File \"/root/spread_project/.tox/integration/lib/python3.12/site-packages/pluggy/_callers.py\", line 53, in run_old_style_hookwrapper\n    return result.get_result()\n           ^^^^^^^^^^^^^^^^^^^\n  File \"/root/spread_project/.tox/integration/lib/python3.12/site-packages/pluggy/_result.py\", line 103, in get_result\n    raise exc.with_traceback(tb)\n  File \"/root/spread_project/.tox/integration/lib/python3.12/site-packages/pluggy/_callers.py\", line 38, in run_old_style_hookwrapper\n    res = yield\n          ^^^^^\n  File \"/root/spread_project/.tox/integration/lib/python3.12/site-packages/pluggy/_callers.py\", line 121, in _multicall\n    res = hook_impl.function(*args)\n          ^^^^^^^^^^^^^^^^^^^^^^^^^\n  File \"/root/spread_project/.tox/integration/lib/python3.12/site-packages/_pytest/python.py\", line 157, in pytest_pyfunc_call\n    result = testfunction(**testargs)\n             ^^^^^^^^^^^^^^^^^^^^^^^^\n  File \"/root/spread_project/.tox/integration/lib/python3.12/site-packages/pytest_asyncio/plugin.py\", line 529, in inner\n    _loop.run_until_complete(task)\n  File \"/usr/lib/python3.12/asyncio/base_events.py\", line 687, in run_until_complete\n    return future.result()\n           ^^^^^^^^^^^^^^^\n  File \"/root/spread_project/tests/integration/test_upgrade.py\", line 61, in test_deploy_latest\n    await ops_test.model.wait_for_idle(\n  File \"/root/spread_project/.tox/integration/lib/python3.12/site-packages/juju/model/__init__.py\", line 3250, in wait_for_idle\n    raise asyncio.TimeoutError(\nTimeoutError: Timed out waiting for model:\n  postgresql/0 [allocating] waiting: agent initialising\n  postgresql/1 [allocating] waiting: agent initialising\n  postgresql/2 [allocating] waiting: agent initialising\n  pgbouncer/0 [idle] blocked: waiting for backend database relation to initialise\n  pgbouncer/1 [idle] blocked: waiting for backend database relation to initialise\n  pgbouncer/2 [idle] blocked: waiting for backend database relation to initialise\n  postgresql-test-app/0 [idle] blocked: No database integration available\n  postgresql-test-app/1 [idle] blocked: No database integration available\n  postgresql-test-app/2 [idle] blocked: No database integration available","steps":[],"attachments":[{"uid":"a14cd3b99ccf094a","name":"log","source":"a14cd3b99ccf094a.txt","type":"text/plain","size":32177}],"parameters":[],"shouldDisplayMessage":true,"stepsCount":0,"attachmentsCount":1,"hasContent":true,"attachmentStep":false},"afterStages":[{"name":"abort_on_fail::0","time":{"start":1755397300294,"stop":1755397300295,"duration":1},"status":"passed","steps":[],"attachments":[],"parameters":[],"shouldDisplayMessage":false,"stepsCount":0,"attachmentsCount":0,"hasContent":false,"attachmentStep":false},{"name":"ops_test::finalizer","time":{"start":1755397300337,"stop":1755397302447,"duration":2110},"status":"passed","steps":[],"attachments":[],"parameters":[],"shouldDisplayMessage":false,"stepsCount":0,"attachmentsCount":0,"hasContent":false,"attachmentStep":false},{"name":"event_loop::2","time":{"start":1755397302447,"stop":1755397302447,"duration":0},"status":"passed","steps":[],"attachments":[],"parameters":[],"shouldDisplayMessage":false,"stepsCount":0,"attachmentsCount":0,"hasContent":false,"attachmentStep":false},{"name":"event_loop::_close_event_loop","time":{"start":1755397302447,"stop":1755397302447,"duration":0},"status":"passed","steps":[],"attachments":[],"parameters":[],"shouldDisplayMessage":false,"stepsCount":0,"attachmentsCount":0,"hasContent":false,"attachmentStep":false},{"name":"event_loop::_provide_clean_event_loop","time":{"start":1755397302447,"stop":1755397302447,"duration":0},"status":"passed","steps":[],"attachments":[],"parameters":[],"shouldDisplayMessage":false,"stepsCount":0,"attachmentsCount":0,"hasContent":false,"attachmentStep":false}],"labels":[{"name":"tag","value":"abort_on_fail"},{"name":"tag","value":"asyncio"},{"name":"parentSuite","value":"tests.integration"},{"name":"suite","value":"test_upgrade"},{"name":"host","value":"pkrvmubgrv54qmi"},{"name":"thread","value":"15069-MainThread"},{"name":"framework","value":"pytest"},{"name":"language","value":"cpython3"},{"name":"package","value":"tests.integration.test_upgrade"},{"name":"resultFormat","value":"allure2"}],"parameters":[],"links":[],"hidden":false,"retry":false,"extra":{"severity":"normal","retries":[{"uid":"e2d25cf39d745fcd","status":"unknown","time":{}}],"categories":[{"name":"Test defects","matchedStatuses":[]}],"history":{"statistic":{"failed":0,"broken":13,"skipped":0,"passed":386,"unknown":10,"total":409},"items":[{"uid":"5d10893da1ae91a7","reportUrl":"../2866//#testresult/5d10893da1ae91a7","status":"passed","time":{"start":1755308201965,"stop":1755309083730,"duration":881765}},{"uid":"fe701057433c06f0","reportUrl":"../2865//#testresult/fe701057433c06f0","status":"passed","time":{"start":1755221870466,"stop":1755222636610,"duration":766144}},{"uid":"6a9a5464b052f3fb","reportUrl":"../2864//#testresult/6a9a5464b052f3fb","status":"passed","time":{"start":1755135383674,"stop":1755136136947,"duration":753273}},{"uid":"6ee3276306e6347a","reportUrl":"../2863//#testresult/6ee3276306e6347a","status":"passed","time":{"start":1755048959038,"stop":1755049743799,"duration":784761}},{"uid":"d5647aab0742d467","reportUrl":"../2858//#testresult/d5647aab0742d467","status":"passed","time":{"start":1754963113833,"stop":1754963872740,"duration":758907}},{"uid":"659b6cd08019c992","reportUrl":"../2857//#testresult/659b6cd08019c992","status":"passed","time":{"start":1754876249974,"stop":1754877006671,"duration":756697}},{"uid":"e942ea0c5d9c23","reportUrl":"../2856//#testresult/e942ea0c5d9c23","status":"passed","time":{"start":1754789810539,"stop":1754790573986,"duration":763447}},{"uid":"cf46bc55a153a6de","reportUrl":"../2855//#testresult/cf46bc55a153a6de","status":"passed","time":{"start":1754703647708,"stop":1754704411432,"duration":763724}},{"uid":"e44ec8b74c674b5b","reportUrl":"../2854//#testresult/e44ec8b74c674b5b","status":"passed","time":{"start":1754617545547,"stop":1754618382349,"duration":836802}},{"uid":"bf850e05d7c435c6","reportUrl":"../2853//#testresult/bf850e05d7c435c6","status":"passed","time":{"start":1754530605472,"stop":1754531371734,"duration":766262}},{"uid":"5c216dc9d80c7ae6","reportUrl":"../2852//#testresult/5c216dc9d80c7ae6","status":"passed","time":{"start":1754444324941,"stop":1754445068736,"duration":743795}},{"uid":"81a8ea924c2587bb","reportUrl":"../2851//#testresult/81a8ea924c2587bb","status":"passed","time":{"start":1754357810625,"stop":1754358587585,"duration":776960}},{"uid":"25892940e314a73d","reportUrl":"../2850//#testresult/25892940e314a73d","status":"passed","time":{"start":1754272150895,"stop":1754272915334,"duration":764439}},{"uid":"b1cf0bd336e564ec","reportUrl":"../2849//#testresult/b1cf0bd336e564ec","status":"passed","time":{"start":1754185636594,"stop":1754186473005,"duration":836411}},{"uid":"7c51182fbcaf6797","reportUrl":"../2848//#testresult/7c51182fbcaf6797","status":"passed","time":{"start":1754098592777,"stop":1754099355824,"duration":763047}},{"uid":"b2da1577548cdabf","reportUrl":"../2840//#testresult/b2da1577548cdabf","status":"passed","time":{"start":1754012304087,"stop":1754013083080,"duration":778993}},{"uid":"53eb041ee2d92d05","reportUrl":"../2757//#testresult/53eb041ee2d92d05","status":"passed","time":{"start":1750297435097,"stop":1750298372307,"duration":937210}},{"uid":"bc62a9283e3ff311","reportUrl":"../2753//#testresult/bc62a9283e3ff311","status":"passed","time":{"start":1750211081973,"stop":1750212049587,"duration":967614}},{"uid":"729dfcdbb6af032f","reportUrl":"../2751//#testresult/729dfcdbb6af032f","status":"passed","time":{"start":1750124620619,"stop":1750125566519,"duration":945900}},{"uid":"ba18f0922ed6cbe","reportUrl":"../2747//#testresult/ba18f0922ed6cbe","status":"passed","time":{"start":1750038065885,"stop":1750039081479,"duration":1015594}}]},"tags":["asyncio","abort_on_fail"]},"source":"480032286bf29856.json","parameterValues":[]}