{"uid":"8dd0580324ebe868","name":"test_relate_pgbouncer_to_postgres","fullName":"tests.integration.relations.test_backend_database#test_relate_pgbouncer_to_postgres","historyId":"f0c2bcea03392bd6417c9d911dbb155a","time":{"start":1755395796799,"stop":1755396799606,"duration":1002807},"description":"Test that the pgbouncer and postgres charms can relate to one another.","descriptionHtml":"<p>Test that the pgbouncer and postgres charms can relate to one another.</p>\n","status":"broken","statusMessage":"TimeoutError: Timed out waiting for model:\n  postgresql/0 [allocating] waiting: agent initialising\n  postgresql/1 [allocating] waiting: agent initialising\n  postgresql/2 [allocating] waiting: agent initialising","statusTrace":"Traceback (most recent call last):\n  File \"/root/spread_project/.tox/integration/lib/python3.12/site-packages/_pytest/runner.py\", line 344, in from_call\n    result: TResult | None = func()\n                             ^^^^^^\n  File \"/root/spread_project/.tox/integration/lib/python3.12/site-packages/_pytest/runner.py\", line 246, in <lambda>\n    lambda: runtest_hook(item=item, **kwds), when=when, reraise=reraise\n            ^^^^^^^^^^^^^^^^^^^^^^^^^^^^^^^\n  File \"/root/spread_project/.tox/integration/lib/python3.12/site-packages/pluggy/_hooks.py\", line 512, in __call__\n    return self._hookexec(self.name, self._hookimpls.copy(), kwargs, firstresult)\n           ^^^^^^^^^^^^^^^^^^^^^^^^^^^^^^^^^^^^^^^^^^^^^^^^^^^^^^^^^^^^^^^^^^^^^^\n  File \"/root/spread_project/.tox/integration/lib/python3.12/site-packages/pluggy/_manager.py\", line 120, in _hookexec\n    return self._inner_hookexec(hook_name, methods, kwargs, firstresult)\n           ^^^^^^^^^^^^^^^^^^^^^^^^^^^^^^^^^^^^^^^^^^^^^^^^^^^^^^^^^^^^^\n  File \"/root/spread_project/.tox/integration/lib/python3.12/site-packages/pluggy/_callers.py\", line 167, in _multicall\n    raise exception\n  File \"/root/spread_project/.tox/integration/lib/python3.12/site-packages/pluggy/_callers.py\", line 139, in _multicall\n    teardown.throw(exception)\n  File \"/root/spread_project/.tox/integration/lib/python3.12/site-packages/_pytest/logging.py\", line 850, in pytest_runtest_call\n    yield\n  File \"/root/spread_project/.tox/integration/lib/python3.12/site-packages/pluggy/_callers.py\", line 139, in _multicall\n    teardown.throw(exception)\n  File \"/root/spread_project/.tox/integration/lib/python3.12/site-packages/pluggy/_callers.py\", line 53, in run_old_style_hookwrapper\n    return result.get_result()\n           ^^^^^^^^^^^^^^^^^^^\n  File \"/root/spread_project/.tox/integration/lib/python3.12/site-packages/pluggy/_result.py\", line 103, in get_result\n    raise exc.with_traceback(tb)\n  File \"/root/spread_project/.tox/integration/lib/python3.12/site-packages/pluggy/_callers.py\", line 38, in run_old_style_hookwrapper\n    res = yield\n          ^^^^^\n  File \"/root/spread_project/.tox/integration/lib/python3.12/site-packages/pluggy/_callers.py\", line 139, in _multicall\n    teardown.throw(exception)\n  File \"/root/spread_project/.tox/integration/lib/python3.12/site-packages/_pytest/capture.py\", line 900, in pytest_runtest_call\n    return (yield)\n            ^^^^^\n  File \"/root/spread_project/.tox/integration/lib/python3.12/site-packages/pluggy/_callers.py\", line 139, in _multicall\n    teardown.throw(exception)\n  File \"/root/spread_project/.tox/integration/lib/python3.12/site-packages/_pytest/skipping.py\", line 263, in pytest_runtest_call\n    return (yield)\n            ^^^^^\n  File \"/root/spread_project/.tox/integration/lib/python3.12/site-packages/pluggy/_callers.py\", line 121, in _multicall\n    res = hook_impl.function(*args)\n          ^^^^^^^^^^^^^^^^^^^^^^^^^\n  File \"/root/spread_project/.tox/integration/lib/python3.12/site-packages/_pytest/runner.py\", line 178, in pytest_runtest_call\n    item.runtest()\n  File \"/root/spread_project/.tox/integration/lib/python3.12/site-packages/_pytest/python.py\", line 1671, in runtest\n    self.ihook.pytest_pyfunc_call(pyfuncitem=self)\n  File \"/root/spread_project/.tox/integration/lib/python3.12/site-packages/pluggy/_hooks.py\", line 512, in __call__\n    return self._hookexec(self.name, self._hookimpls.copy(), kwargs, firstresult)\n           ^^^^^^^^^^^^^^^^^^^^^^^^^^^^^^^^^^^^^^^^^^^^^^^^^^^^^^^^^^^^^^^^^^^^^^\n  File \"/root/spread_project/.tox/integration/lib/python3.12/site-packages/pluggy/_manager.py\", line 120, in _hookexec\n    return self._inner_hookexec(hook_name, methods, kwargs, firstresult)\n           ^^^^^^^^^^^^^^^^^^^^^^^^^^^^^^^^^^^^^^^^^^^^^^^^^^^^^^^^^^^^^\n  File \"/root/spread_project/.tox/integration/lib/python3.12/site-packages/pluggy/_callers.py\", line 167, in _multicall\n    raise exception\n  File \"/root/spread_project/.tox/integration/lib/python3.12/site-packages/pluggy/_callers.py\", line 139, in _multicall\n    teardown.throw(exception)\n  File \"/root/spread_project/.tox/integration/lib/python3.12/site-packages/pluggy/_callers.py\", line 53, in run_old_style_hookwrapper\n    return result.get_result()\n           ^^^^^^^^^^^^^^^^^^^\n  File \"/root/spread_project/.tox/integration/lib/python3.12/site-packages/pluggy/_result.py\", line 103, in get_result\n    raise exc.with_traceback(tb)\n  File \"/root/spread_project/.tox/integration/lib/python3.12/site-packages/pluggy/_callers.py\", line 38, in run_old_style_hookwrapper\n    res = yield\n          ^^^^^\n  File \"/root/spread_project/.tox/integration/lib/python3.12/site-packages/pluggy/_callers.py\", line 121, in _multicall\n    res = hook_impl.function(*args)\n          ^^^^^^^^^^^^^^^^^^^^^^^^^\n  File \"/root/spread_project/.tox/integration/lib/python3.12/site-packages/_pytest/python.py\", line 157, in pytest_pyfunc_call\n    result = testfunction(**testargs)\n             ^^^^^^^^^^^^^^^^^^^^^^^^\n  File \"/root/spread_project/.tox/integration/lib/python3.12/site-packages/pytest_asyncio/plugin.py\", line 529, in inner\n    _loop.run_until_complete(task)\n  File \"/usr/lib/python3.12/asyncio/base_events.py\", line 687, in run_until_complete\n    return future.result()\n           ^^^^^^^^^^^^^^^\n  File \"/root/spread_project/tests/integration/relations/test_backend_database.py\", line 47, in test_relate_pgbouncer_to_postgres\n    relation = await deploy_postgres_bundle(ops_test, charm, pgb_base=\"ubuntu@22.04\")\n               ^^^^^^^^^^^^^^^^^^^^^^^^^^^^^^^^^^^^^^^^^^^^^^^^^^^^^^^^^^^^^^^^^^^^^^\n  File \"/root/spread_project/tests/integration/helpers/helpers.py\", line 283, in deploy_postgres_bundle\n    await ops_test.model.wait_for_idle(\n  File \"/root/spread_project/.tox/integration/lib/python3.12/site-packages/juju/model/__init__.py\", line 3250, in wait_for_idle\n    raise asyncio.TimeoutError(\nTimeoutError: Timed out waiting for model:\n  postgresql/0 [allocating] waiting: agent initialising\n  postgresql/1 [allocating] waiting: agent initialising\n  postgresql/2 [allocating] waiting: agent initialising","flaky":false,"newFailed":false,"newBroken":true,"newPassed":false,"retriesCount":1,"retriesStatusChange":true,"beforeStages":[{"name":"event_loop","time":{"start":1755395796649,"stop":1755395796649,"duration":0},"status":"passed","steps":[],"attachments":[],"parameters":[],"shouldDisplayMessage":false,"stepsCount":0,"attachmentsCount":0,"hasContent":false,"attachmentStep":false},{"name":"ops_test","time":{"start":1755395796650,"stop":1755395796799,"duration":149},"status":"passed","steps":[],"attachments":[],"parameters":[],"shouldDisplayMessage":false,"stepsCount":0,"attachmentsCount":0,"hasContent":false,"attachmentStep":false},{"name":"tmp_path_factory","time":{"start":1755395796650,"stop":1755395796650,"duration":0},"status":"passed","steps":[],"attachments":[],"parameters":[],"shouldDisplayMessage":false,"stepsCount":0,"attachmentsCount":0,"hasContent":false,"attachmentStep":false},{"name":"charm","time":{"start":1755395796650,"stop":1755395796650,"duration":0},"status":"passed","steps":[],"attachments":[],"parameters":[],"shouldDisplayMessage":false,"stepsCount":0,"attachmentsCount":0,"hasContent":false,"attachmentStep":false},{"name":"abort_on_fail","time":{"start":1755395796799,"stop":1755395796799,"duration":0},"status":"passed","steps":[],"attachments":[],"parameters":[],"shouldDisplayMessage":false,"stepsCount":0,"attachmentsCount":0,"hasContent":false,"attachmentStep":false}],"testStage":{"description":"Test that the pgbouncer and postgres charms can relate to one another.","status":"broken","statusMessage":"TimeoutError: Timed out waiting for model:\n  postgresql/0 [allocating] waiting: agent initialising\n  postgresql/1 [allocating] waiting: agent initialising\n  postgresql/2 [allocating] waiting: agent initialising","statusTrace":"Traceback (most recent call last):\n  File \"/root/spread_project/.tox/integration/lib/python3.12/site-packages/_pytest/runner.py\", line 344, in from_call\n    result: TResult | None = func()\n                             ^^^^^^\n  File \"/root/spread_project/.tox/integration/lib/python3.12/site-packages/_pytest/runner.py\", line 246, in <lambda>\n    lambda: runtest_hook(item=item, **kwds), when=when, reraise=reraise\n            ^^^^^^^^^^^^^^^^^^^^^^^^^^^^^^^\n  File \"/root/spread_project/.tox/integration/lib/python3.12/site-packages/pluggy/_hooks.py\", line 512, in __call__\n    return self._hookexec(self.name, self._hookimpls.copy(), kwargs, firstresult)\n           ^^^^^^^^^^^^^^^^^^^^^^^^^^^^^^^^^^^^^^^^^^^^^^^^^^^^^^^^^^^^^^^^^^^^^^\n  File \"/root/spread_project/.tox/integration/lib/python3.12/site-packages/pluggy/_manager.py\", line 120, in _hookexec\n    return self._inner_hookexec(hook_name, methods, kwargs, firstresult)\n           ^^^^^^^^^^^^^^^^^^^^^^^^^^^^^^^^^^^^^^^^^^^^^^^^^^^^^^^^^^^^^\n  File \"/root/spread_project/.tox/integration/lib/python3.12/site-packages/pluggy/_callers.py\", line 167, in _multicall\n    raise exception\n  File \"/root/spread_project/.tox/integration/lib/python3.12/site-packages/pluggy/_callers.py\", line 139, in _multicall\n    teardown.throw(exception)\n  File \"/root/spread_project/.tox/integration/lib/python3.12/site-packages/_pytest/logging.py\", line 850, in pytest_runtest_call\n    yield\n  File \"/root/spread_project/.tox/integration/lib/python3.12/site-packages/pluggy/_callers.py\", line 139, in _multicall\n    teardown.throw(exception)\n  File \"/root/spread_project/.tox/integration/lib/python3.12/site-packages/pluggy/_callers.py\", line 53, in run_old_style_hookwrapper\n    return result.get_result()\n           ^^^^^^^^^^^^^^^^^^^\n  File \"/root/spread_project/.tox/integration/lib/python3.12/site-packages/pluggy/_result.py\", line 103, in get_result\n    raise exc.with_traceback(tb)\n  File \"/root/spread_project/.tox/integration/lib/python3.12/site-packages/pluggy/_callers.py\", line 38, in run_old_style_hookwrapper\n    res = yield\n          ^^^^^\n  File \"/root/spread_project/.tox/integration/lib/python3.12/site-packages/pluggy/_callers.py\", line 139, in _multicall\n    teardown.throw(exception)\n  File \"/root/spread_project/.tox/integration/lib/python3.12/site-packages/_pytest/capture.py\", line 900, in pytest_runtest_call\n    return (yield)\n            ^^^^^\n  File \"/root/spread_project/.tox/integration/lib/python3.12/site-packages/pluggy/_callers.py\", line 139, in _multicall\n    teardown.throw(exception)\n  File \"/root/spread_project/.tox/integration/lib/python3.12/site-packages/_pytest/skipping.py\", line 263, in pytest_runtest_call\n    return (yield)\n            ^^^^^\n  File \"/root/spread_project/.tox/integration/lib/python3.12/site-packages/pluggy/_callers.py\", line 121, in _multicall\n    res = hook_impl.function(*args)\n          ^^^^^^^^^^^^^^^^^^^^^^^^^\n  File \"/root/spread_project/.tox/integration/lib/python3.12/site-packages/_pytest/runner.py\", line 178, in pytest_runtest_call\n    item.runtest()\n  File \"/root/spread_project/.tox/integration/lib/python3.12/site-packages/_pytest/python.py\", line 1671, in runtest\n    self.ihook.pytest_pyfunc_call(pyfuncitem=self)\n  File \"/root/spread_project/.tox/integration/lib/python3.12/site-packages/pluggy/_hooks.py\", line 512, in __call__\n    return self._hookexec(self.name, self._hookimpls.copy(), kwargs, firstresult)\n           ^^^^^^^^^^^^^^^^^^^^^^^^^^^^^^^^^^^^^^^^^^^^^^^^^^^^^^^^^^^^^^^^^^^^^^\n  File \"/root/spread_project/.tox/integration/lib/python3.12/site-packages/pluggy/_manager.py\", line 120, in _hookexec\n    return self._inner_hookexec(hook_name, methods, kwargs, firstresult)\n           ^^^^^^^^^^^^^^^^^^^^^^^^^^^^^^^^^^^^^^^^^^^^^^^^^^^^^^^^^^^^^\n  File \"/root/spread_project/.tox/integration/lib/python3.12/site-packages/pluggy/_callers.py\", line 167, in _multicall\n    raise exception\n  File \"/root/spread_project/.tox/integration/lib/python3.12/site-packages/pluggy/_callers.py\", line 139, in _multicall\n    teardown.throw(exception)\n  File \"/root/spread_project/.tox/integration/lib/python3.12/site-packages/pluggy/_callers.py\", line 53, in run_old_style_hookwrapper\n    return result.get_result()\n           ^^^^^^^^^^^^^^^^^^^\n  File \"/root/spread_project/.tox/integration/lib/python3.12/site-packages/pluggy/_result.py\", line 103, in get_result\n    raise exc.with_traceback(tb)\n  File \"/root/spread_project/.tox/integration/lib/python3.12/site-packages/pluggy/_callers.py\", line 38, in run_old_style_hookwrapper\n    res = yield\n          ^^^^^\n  File \"/root/spread_project/.tox/integration/lib/python3.12/site-packages/pluggy/_callers.py\", line 121, in _multicall\n    res = hook_impl.function(*args)\n          ^^^^^^^^^^^^^^^^^^^^^^^^^\n  File \"/root/spread_project/.tox/integration/lib/python3.12/site-packages/_pytest/python.py\", line 157, in pytest_pyfunc_call\n    result = testfunction(**testargs)\n             ^^^^^^^^^^^^^^^^^^^^^^^^\n  File \"/root/spread_project/.tox/integration/lib/python3.12/site-packages/pytest_asyncio/plugin.py\", line 529, in inner\n    _loop.run_until_complete(task)\n  File \"/usr/lib/python3.12/asyncio/base_events.py\", line 687, in run_until_complete\n    return future.result()\n           ^^^^^^^^^^^^^^^\n  File \"/root/spread_project/tests/integration/relations/test_backend_database.py\", line 47, in test_relate_pgbouncer_to_postgres\n    relation = await deploy_postgres_bundle(ops_test, charm, pgb_base=\"ubuntu@22.04\")\n               ^^^^^^^^^^^^^^^^^^^^^^^^^^^^^^^^^^^^^^^^^^^^^^^^^^^^^^^^^^^^^^^^^^^^^^\n  File \"/root/spread_project/tests/integration/helpers/helpers.py\", line 283, in deploy_postgres_bundle\n    await ops_test.model.wait_for_idle(\n  File \"/root/spread_project/.tox/integration/lib/python3.12/site-packages/juju/model/__init__.py\", line 3250, in wait_for_idle\n    raise asyncio.TimeoutError(\nTimeoutError: Timed out waiting for model:\n  postgresql/0 [allocating] waiting: agent initialising\n  postgresql/1 [allocating] waiting: agent initialising\n  postgresql/2 [allocating] waiting: agent initialising","steps":[],"attachments":[{"uid":"a10a6f537ffd029","name":"log","source":"a10a6f537ffd029.txt","type":"text/plain","size":8925}],"parameters":[],"shouldDisplayMessage":true,"stepsCount":0,"attachmentsCount":1,"hasContent":true,"attachmentStep":false},"afterStages":[{"name":"abort_on_fail::0","time":{"start":1755396799631,"stop":1755396799631,"duration":0},"status":"passed","steps":[],"attachments":[],"parameters":[],"shouldDisplayMessage":false,"stepsCount":0,"attachmentsCount":0,"hasContent":false,"attachmentStep":false},{"name":"ops_test::finalizer","time":{"start":1755396803093,"stop":1755396803354,"duration":261},"status":"passed","steps":[],"attachments":[],"parameters":[],"shouldDisplayMessage":false,"stepsCount":0,"attachmentsCount":0,"hasContent":false,"attachmentStep":false},{"name":"event_loop::2","time":{"start":1755396803355,"stop":1755396803355,"duration":0},"status":"passed","steps":[],"attachments":[],"parameters":[],"shouldDisplayMessage":false,"stepsCount":0,"attachmentsCount":0,"hasContent":false,"attachmentStep":false},{"name":"event_loop::_close_event_loop","time":{"start":1755396803355,"stop":1755396803355,"duration":0},"status":"passed","steps":[],"attachments":[],"parameters":[],"shouldDisplayMessage":false,"stepsCount":0,"attachmentsCount":0,"hasContent":false,"attachmentStep":false},{"name":"event_loop::_provide_clean_event_loop","time":{"start":1755396803355,"stop":1755396803355,"duration":0},"status":"passed","steps":[],"attachments":[],"parameters":[],"shouldDisplayMessage":false,"stepsCount":0,"attachmentsCount":0,"hasContent":false,"attachmentStep":false}],"labels":[{"name":"tag","value":"asyncio"},{"name":"parentSuite","value":"tests.integration.relations"},{"name":"suite","value":"test_backend_database"},{"name":"host","value":"pkrvmubgrv54qmi"},{"name":"thread","value":"14810-MainThread"},{"name":"framework","value":"pytest"},{"name":"language","value":"cpython3"},{"name":"package","value":"tests.integration.relations.test_backend_database"},{"name":"resultFormat","value":"allure2"}],"parameters":[],"links":[],"hidden":false,"retry":false,"extra":{"severity":"normal","retries":[{"uid":"f90f345fcbf01a10","status":"unknown","time":{}}],"categories":[{"name":"Test defects","matchedStatuses":[]}],"history":{"statistic":{"failed":0,"broken":7,"skipped":0,"passed":399,"unknown":7,"total":413},"items":[{"uid":"e2ab75fb7d90d5ab","reportUrl":"../2866//#testresult/e2ab75fb7d90d5ab","status":"passed","time":{"start":1755308227523,"stop":1755309063052,"duration":835529}},{"uid":"fd4e909e5782f04b","reportUrl":"../2865//#testresult/fd4e909e5782f04b","status":"passed","time":{"start":1755221763154,"stop":1755222529497,"duration":766343}},{"uid":"d34c7791a491dd23","reportUrl":"../2864//#testresult/d34c7791a491dd23","status":"passed","time":{"start":1755135372796,"stop":1755136158181,"duration":785385}},{"uid":"4d59c08fda023aa5","reportUrl":"../2863//#testresult/4d59c08fda023aa5","status":"passed","time":{"start":1755048996895,"stop":1755049805161,"duration":808266}},{"uid":"bab40a62df829a65","reportUrl":"../2858//#testresult/bab40a62df829a65","status":"passed","time":{"start":1754963057725,"stop":1754963829465,"duration":771740}},{"uid":"8263e3421012334d","reportUrl":"../2857//#testresult/8263e3421012334d","status":"passed","time":{"start":1754876215720,"stop":1754876979452,"duration":763732}},{"uid":"9cd77af1e6871978","reportUrl":"../2856//#testresult/9cd77af1e6871978","status":"passed","time":{"start":1754789831187,"stop":1754790645590,"duration":814403}},{"uid":"88a2df1aa230ae1b","reportUrl":"../2855//#testresult/88a2df1aa230ae1b","status":"passed","time":{"start":1754703396313,"stop":1754704193502,"duration":797189}},{"uid":"eca2f1c77e154896","reportUrl":"../2854//#testresult/eca2f1c77e154896","status":"passed","time":{"start":1754617189862,"stop":1754617993016,"duration":803154}},{"uid":"f31bc5fb47f64383","reportUrl":"../2853//#testresult/f31bc5fb47f64383","status":"passed","time":{"start":1754530605126,"stop":1754531385515,"duration":780389}},{"uid":"e57462c805ae1288","reportUrl":"../2852//#testresult/e57462c805ae1288","status":"passed","time":{"start":1754444336618,"stop":1754445120165,"duration":783547}},{"uid":"b0ded2763edb3422","reportUrl":"../2851//#testresult/b0ded2763edb3422","status":"passed","time":{"start":1754357802575,"stop":1754358622253,"duration":819678}},{"uid":"1d882aff131397fc","reportUrl":"../2850//#testresult/1d882aff131397fc","status":"passed","time":{"start":1754271762993,"stop":1754272540519,"duration":777526}},{"uid":"b6b65178d55694bf","reportUrl":"../2849//#testresult/b6b65178d55694bf","status":"passed","time":{"start":1754185177858,"stop":1754185990576,"duration":812718}},{"uid":"d41e8753813a9613","reportUrl":"../2848//#testresult/d41e8753813a9613","status":"passed","time":{"start":1754098640932,"stop":1754099449867,"duration":808935}},{"uid":"83ab5270f7c4b32e","reportUrl":"../2840//#testresult/83ab5270f7c4b32e","status":"passed","time":{"start":1754012291768,"stop":1754013094027,"duration":802259}},{"uid":"6a818dd2a7ab0773","reportUrl":"../2757//#testresult/6a818dd2a7ab0773","status":"passed","time":{"start":1750297436238,"stop":1750298288682,"duration":852444}},{"uid":"f94592dc74b68e6a","reportUrl":"../2753//#testresult/f94592dc74b68e6a","status":"passed","time":{"start":1750211021545,"stop":1750211915809,"duration":894264}},{"uid":"fd5de8c7fcd9d096","reportUrl":"../2751//#testresult/fd5de8c7fcd9d096","status":"passed","time":{"start":1750124354350,"stop":1750125293765,"duration":939415}},{"uid":"97ffc9c57d221a0f","reportUrl":"../2747//#testresult/97ffc9c57d221a0f","status":"passed","time":{"start":1750037995171,"stop":1750038934609,"duration":939438}}]},"tags":["asyncio"]},"source":"8dd0580324ebe868.json","parameterValues":[]}