[32mINFO    [0m integration.test_upgrade:test_upgrade.py:120 starting continuous writes to the database
[32mINFO    [0m integration.test_upgrade:test_upgrade.py:124 checking whether writes are increasing
[32mINFO    [0m integration.test_upgrade:test_upgrade.py:127 Get leader unit
[32mINFO    [0m integration.test_upgrade:test_upgrade.py:131 Run pre-upgrade-check action
[32mINFO    [0m integration.test_upgrade:test_upgrade.py:139 Inject dependency fault
[32mINFO    [0m integration.test_upgrade:test_upgrade.py:144 Refresh the charm
[32mINFO    [0m integration.test_upgrade:test_upgrade.py:147 Wait for upgrade to fail
[32mINFO    [0m integration.test_upgrade:test_upgrade.py:154 Ensure continuous_writes while in failure state on remaining units
[32mINFO    [0m integration.test_upgrade:test_upgrade.py:157 Re-run pre-upgrade-check action
[32mINFO    [0m integration.test_upgrade:test_upgrade.py:161 Re-refresh the charm
[32mINFO    [0m integration.test_upgrade:test_upgrade.py:164 Wait for upgrade to start
[32mINFO    [0m integration.test_upgrade:test_upgrade.py:170 Wait for application to recover
[32mINFO    [0m juju.model:__init__.py:3254 Waiting for model:
  pgbouncer/0 [idle] blocked: ready to rollback application
  pgbouncer/1 [idle] waiting: other units upgrading first...
  pgbouncer/2 [idle] waiting: other units upgrading first...
[32mINFO    [0m juju.model:__init__.py:3254 Waiting for model:
  pgbouncer/0 [idle] active: 
  pgbouncer/1 [idle] active: 
  pgbouncer/2 [idle] active: 
[32mINFO    [0m integration.test_upgrade:test_upgrade.py:174 Ensure continuous_writes after rollback procedure
[32mINFO    [0m integration.test_upgrade:test_upgrade.py:179 Checking whether no writes were lost
[32mINFO    [0m pytest_operator.plugin:plugin.py:951 Model status:

Model    Controller     Cloud/Region         Version  SLA          Timestamp
testing  concierge-lxd  localhost/localhost  3.6.12   unsupported  01:50:42Z

App                  Version  Status  Scale  Charm                Channel      Rev  Exposed  Message
pgbouncer            1.21.0   active      3  pgbouncer                           2  no       
postgresql           14.19    active      3  postgresql           14/edge      966  no       
postgresql-test-app           active      3  postgresql-test-app  latest/edge  420  no       received database credentials of the first database

Unit                    Workload  Agent  Machine  Public address  Ports     Message
postgresql-test-app/0*  active    idle   0        10.126.183.58             received database credentials of the first database
  pgbouncer/0*          active    idle            10.126.183.58             
postgresql-test-app/1   active    idle   1        10.126.183.234            received database credentials of the first database
  pgbouncer/2           active    idle            10.126.183.234            
postgresql-test-app/2   active    idle   2        10.126.183.194            received database credentials of the first database
  pgbouncer/1           active    idle            10.126.183.194            
postgresql/0*           active    idle   3        10.126.183.171  5432/tcp  Primary
postgresql/1            active    idle   4        10.126.183.107  5432/tcp  
postgresql/2            active    idle   5        10.126.183.216  5432/tcp  

Machine  State    Address         Inst id        Base          AZ             Message
0        started  10.126.183.58   juju-5152c9-0  ubuntu@22.04  runnervmoqczp  Running
1        started  10.126.183.234  juju-5152c9-1  ubuntu@22.04  runnervmoqczp  Running
2        started  10.126.183.194  juju-5152c9-2  ubuntu@22.04  runnervmoqczp  Running
3        started  10.126.183.171  juju-5152c9-3  ubuntu@22.04  runnervmoqczp  Running
4        started  10.126.183.107  juju-5152c9-4  ubuntu@22.04  runnervmoqczp  Running
5        started  10.126.183.216  juju-5152c9-5  ubuntu@22.04  runnervmoqczp  Running

[32mINFO    [0m pytest_operator.plugin:plugin.py:957 Juju error logs:

machine-0: 01:39:51 ERROR juju.worker.dependency "kvm-container-provisioner" manifold worker returned unexpected error: container types not yet available
machine-0: 01:39:51 ERROR juju.worker.dependency "lxd-container-provisioner" manifold worker returned unexpected error: container types not yet available
machine-2: 01:41:37 ERROR juju.worker.dependency "lxd-container-provisioner" manifold worker returned unexpected error: container types not yet available
machine-2: 01:41:37 ERROR juju.worker.dependency "kvm-container-provisioner" manifold worker returned unexpected error: container types not yet available
machine-1: 01:42:03 ERROR juju.worker.dependency "kvm-container-provisioner" manifold worker returned unexpected error: container types not yet available
machine-1: 01:42:03 ERROR juju.worker.dependency "lxd-container-provisioner" manifold worker returned unexpected error: container types not yet available
machine-3: 01:42:33 ERROR juju.worker.dependency "kvm-container-provisioner" manifold worker returned unexpected error: container types not yet available
machine-3: 01:42:33 ERROR juju.worker.dependency "lxd-container-provisioner" manifold worker returned unexpected error: container types not yet available
machine-4: 01:42:59 ERROR juju.worker.dependency "kvm-container-provisioner" manifold worker returned unexpected error: container types not yet available
machine-4: 01:42:59 ERROR juju.worker.dependency "lxd-container-provisioner" manifold worker returned unexpected error: container types not yet available
machine-5: 01:43:34 ERROR juju.worker.dependency "kvm-container-provisioner" manifold worker returned unexpected error: container types not yet available
machine-5: 01:43:34 ERROR juju.worker.dependency "lxd-container-provisioner" manifold worker returned unexpected error: container types not yet available
unit-postgresql-0: 01:44:19 ERROR unit.postgresql/0.juju-log Failed to list PostgreSQL database users: could not translate host name "None" to address: Temporary failure in name resolution

unit-pgbouncer-0: 01:44:50 ERROR unit.pgbouncer/0.juju-log backend-database:6: deferring database-created hook - Unable to initialise auth function: connection to server at "10.126.183.171", port 5432 failed: FATAL:  no pg_hba.conf entry for host "10.126.183.58", user "relation-6", database "postgres", no encryption

unit-postgresql-2: 01:46:11 ERROR unit.postgresql/2.juju-log database-peers:5: Failed to list PostgreSQL database users: connection to server at "10.126.183.216", port 5432 failed: Connection refused
	Is the server running on that host and accepting TCP/IP connections?

unit-postgresql-1: 01:46:48 ERROR unit.postgresql/1.juju-log database-peers:5: Failed to start patroni snap service
Traceback (most recent call last):
  File "/var/lib/juju/agents/unit-postgresql-1/charm/lib/charms/operator_libs_linux/v2/snap.py", line 407, in _snap_daemons
    return subprocess.run(args, text=True, check=True, capture_output=True)
  File "/usr/lib/python3.10/subprocess.py", line 526, in run
    raise CalledProcessError(retcode, process.args,
subprocess.CalledProcessError: Command '['snap', 'start', 'charmed-postgresql.patroni']' returned non-zero exit status 1.

The above exception was the direct cause of the following exception:

Traceback (most recent call last):
  File "/var/lib/juju/agents/unit-postgresql-1/charm/src/cluster.py", line 729, in start_patroni
    selected_snap.start(services=["patroni"])
  File "/var/lib/juju/agents/unit-postgresql-1/charm/lib/charms/operator_libs_linux/v2/snap.py", line 471, in start
    self._snap_daemons(args, services)
  File "/var/lib/juju/agents/unit-postgresql-1/charm/lib/charms/operator_libs_linux/v2/snap.py", line 410, in _snap_daemons
    raise SnapError._from_called_process_error(msg=msg, error=e) from e
charms.operator_libs_linux.v2.snap.SnapError: Snap: 'charmed-postgresql' -- command ['snap', 'start', 'charmed-postgresql.patroni'] failed!
Stderr:
error: cannot perform the following tasks:
- Run service command "start" for services ["patroni"] of snap "charmed-postgresql" (systemctl command [start snap.charmed-postgresql.patroni.service] failed with exit status 1: stderr:
Job for snap.charmed-postgresql.patroni.service failed because the control process exited with error code.
See "systemctl status snap.charmed-postgresql.patroni.service" and "journalctl -xeu snap.charmed-postgresql.patroni.service" for details.)

Latest logs:
Dec 04 01:42:47 juju-5152c9-4 systemd[1]: /lib/systemd/system/snapd.service:23: Unknown key name 'RestartMode' in section 'Service', ignoring.
Dec 04 01:42:58 juju-5152c9-4 systemd[1]: /lib/systemd/system/snapd.service:23: Unknown key name 'RestartMode' in section 'Service', ignoring.
Dec 04 01:42:58 juju-5152c9-4 systemd[1]: /lib/systemd/system/snapd.service:23: Unknown key name 'RestartMode' in section 'Service', ignoring.
Dec 04 01:42:59 juju-5152c9-4 systemd[1]: /lib/systemd/system/snapd.service:23: Unknown key name 'RestartMode' in section 'Service', ignoring.
Dec 04 01:43:16 juju-5152c9-4 snapd[342]: api_snaps.go:536: Installing snap "charmed-postgresql" revision 238
Dec 04 01:43:16 juju-5152c9-4 groupadd[2755]: group added to /etc/group: name=snapd-range-524288-root, GID=524288
Dec 04 01:43:16 juju-5152c9-4 groupadd[2755]: group added to /etc/gshadow: name=snapd-range-524288-root
Dec 04 01:43:16 juju-5152c9-4 groupadd[2755]: new group: name=snapd-range-524288-root, GID=524288
Dec 04 01:43:16 juju-5152c9-4 useradd[2761]: new user: name=snapd-range-524288-root, UID=524288, GID=524288, home=/nonexistent, shell=/usr/bin/false, from=none
Dec 04 01:43:16 juju-5152c9-4 groupadd[2768]: group added to /etc/group: name=snap_daemon, GID=584788
Dec 04 01:43:16 juju-5152c9-4 groupadd[2768]: group added to /etc/gshadow: name=snap_daemon
Dec 04 01:43:16 juju-5152c9-4 groupadd[2768]: new group: name=snap_daemon, GID=584788
Dec 04 01:43:16 juju-5152c9-4 useradd[2774]: new user: name=snap_daemon, UID=584788, GID=584788, home=/nonexistent, shell=/usr/bin/false, from=none
Dec 04 01:43:22 juju-5152c9-4 systemd[1]: /lib/systemd/system/snapd.service:23: Unknown key name 'RestartMode' in section 'Service', ignoring.
Dec 04 01:43:32 juju-5152c9-4 systemd[1]: /lib/systemd/system/snapd.service:23: Unknown key name 'RestartMode' in section 'Service', ignoring.
Dec 04 01:43:47 juju-5152c9-4 systemd[1]: /lib/systemd/system/snapd.service:23: Unknown key name 'RestartMode' in section 'Service', ignoring.
Dec 04 01:43:48 juju-5152c9-4 snapd[342]: backend.go:285: reloading profiles of snap-confine provided by the system snap
Dec 04 01:46:48 juju-5152c9-4 snapd[342]: taskrunner.go:304: Change 10 task (Run service command "start" for services ["patroni"] of snap "charmed-postgresql") failed: systemctl command [start snap.charmed-postgresql.patroni.service] failed with exit status 1: stderr:
Dec 04 01:46:48 juju-5152c9-4 snapd[342]: Job for snap.charmed-postgresql.patroni.service failed because the control process exited with error code.
Dec 04 01:46:48 juju-5152c9-4 snapd[342]: See "systemctl status snap.charmed-postgresql.patroni.service" and "journalctl -xeu snap.charmed-postgresql.patroni.service" for details.

unit-pgbouncer-0: 01:49:35 ERROR unit.pgbouncer/0.juju-log charms.data_platform_libs.v0.upgrade.VersionError - {'message': 'Versions incompatible, snap 1.18.0 can not be upgraded to 15.0', 'cause': 'Upgrades only supported for specific versions, snap versions satisfying requirement ^15', 'resolution': ''}

[32mINFO    [0m pytest_operator.plugin:plugin.py:1039 Forgetting model main...