{"uid":"8e013280846fbe02","name":"test_deploy_and_relate","fullName":"tests.integration.relations.pgbouncer_provider.test_data_integrator#test_deploy_and_relate","historyId":"b84b12328f66d9697de2145d9d77d2b9","time":{"start":1760924216724,"stop":1760925420693,"duration":1203969},"description":"Test basic functionality of database relation interface.","descriptionHtml":"<p>Test basic functionality of database relation interface.</p>\n","status":"broken","statusMessage":"TimeoutError: Timed out waiting for model:\n  self-signed-certificates/0 [allocating] waiting: waiting for machine\n  pgbouncer/0 [idle] blocked: waiting for backend database relation to initialise\n  pgbouncer/1 [idle] blocked: waiting for backend database relation to initialise\n  postgresql/0 [allocating] waiting: waiting for machine\n  postgresql/1 [allocating] waiting: waiting for machine\n  data-integrator/0 [idle] blocked: Please relate the data-integrator with the desired product\n  data-integrator/1 [idle] blocked: Please relate the data-integrator with the desired product","statusTrace":"Traceback (most recent call last):\n  File \"/root/spread_project/.tox/integration/lib/python3.12/site-packages/_pytest/runner.py\", line 344, in from_call\n    result: TResult | None = func()\n                             ^^^^^^\n  File \"/root/spread_project/.tox/integration/lib/python3.12/site-packages/_pytest/runner.py\", line 246, in <lambda>\n    lambda: runtest_hook(item=item, **kwds), when=when, reraise=reraise\n            ^^^^^^^^^^^^^^^^^^^^^^^^^^^^^^^\n  File \"/root/spread_project/.tox/integration/lib/python3.12/site-packages/pluggy/_hooks.py\", line 512, in __call__\n    return self._hookexec(self.name, self._hookimpls.copy(), kwargs, firstresult)\n           ^^^^^^^^^^^^^^^^^^^^^^^^^^^^^^^^^^^^^^^^^^^^^^^^^^^^^^^^^^^^^^^^^^^^^^\n  File \"/root/spread_project/.tox/integration/lib/python3.12/site-packages/pluggy/_manager.py\", line 120, in _hookexec\n    return self._inner_hookexec(hook_name, methods, kwargs, firstresult)\n           ^^^^^^^^^^^^^^^^^^^^^^^^^^^^^^^^^^^^^^^^^^^^^^^^^^^^^^^^^^^^^\n  File \"/root/spread_project/.tox/integration/lib/python3.12/site-packages/pluggy/_callers.py\", line 167, in _multicall\n    raise exception\n  File \"/root/spread_project/.tox/integration/lib/python3.12/site-packages/pluggy/_callers.py\", line 139, in _multicall\n    teardown.throw(exception)\n  File \"/root/spread_project/.tox/integration/lib/python3.12/site-packages/_pytest/logging.py\", line 850, in pytest_runtest_call\n    yield\n  File \"/root/spread_project/.tox/integration/lib/python3.12/site-packages/pluggy/_callers.py\", line 139, in _multicall\n    teardown.throw(exception)\n  File \"/root/spread_project/.tox/integration/lib/python3.12/site-packages/pluggy/_callers.py\", line 53, in run_old_style_hookwrapper\n    return result.get_result()\n           ^^^^^^^^^^^^^^^^^^^\n  File \"/root/spread_project/.tox/integration/lib/python3.12/site-packages/pluggy/_result.py\", line 103, in get_result\n    raise exc.with_traceback(tb)\n  File \"/root/spread_project/.tox/integration/lib/python3.12/site-packages/pluggy/_callers.py\", line 38, in run_old_style_hookwrapper\n    res = yield\n          ^^^^^\n  File \"/root/spread_project/.tox/integration/lib/python3.12/site-packages/pluggy/_callers.py\", line 139, in _multicall\n    teardown.throw(exception)\n  File \"/root/spread_project/.tox/integration/lib/python3.12/site-packages/_pytest/capture.py\", line 900, in pytest_runtest_call\n    return (yield)\n            ^^^^^\n  File \"/root/spread_project/.tox/integration/lib/python3.12/site-packages/pluggy/_callers.py\", line 139, in _multicall\n    teardown.throw(exception)\n  File \"/root/spread_project/.tox/integration/lib/python3.12/site-packages/_pytest/skipping.py\", line 263, in pytest_runtest_call\n    return (yield)\n            ^^^^^\n  File \"/root/spread_project/.tox/integration/lib/python3.12/site-packages/pluggy/_callers.py\", line 121, in _multicall\n    res = hook_impl.function(*args)\n          ^^^^^^^^^^^^^^^^^^^^^^^^^\n  File \"/root/spread_project/.tox/integration/lib/python3.12/site-packages/_pytest/runner.py\", line 178, in pytest_runtest_call\n    item.runtest()\n  File \"/root/spread_project/.tox/integration/lib/python3.12/site-packages/_pytest/python.py\", line 1671, in runtest\n    self.ihook.pytest_pyfunc_call(pyfuncitem=self)\n  File \"/root/spread_project/.tox/integration/lib/python3.12/site-packages/pluggy/_hooks.py\", line 512, in __call__\n    return self._hookexec(self.name, self._hookimpls.copy(), kwargs, firstresult)\n           ^^^^^^^^^^^^^^^^^^^^^^^^^^^^^^^^^^^^^^^^^^^^^^^^^^^^^^^^^^^^^^^^^^^^^^\n  File \"/root/spread_project/.tox/integration/lib/python3.12/site-packages/pluggy/_manager.py\", line 120, in _hookexec\n    return self._inner_hookexec(hook_name, methods, kwargs, firstresult)\n           ^^^^^^^^^^^^^^^^^^^^^^^^^^^^^^^^^^^^^^^^^^^^^^^^^^^^^^^^^^^^^\n  File \"/root/spread_project/.tox/integration/lib/python3.12/site-packages/pluggy/_callers.py\", line 167, in _multicall\n    raise exception\n  File \"/root/spread_project/.tox/integration/lib/python3.12/site-packages/pluggy/_callers.py\", line 139, in _multicall\n    teardown.throw(exception)\n  File \"/root/spread_project/.tox/integration/lib/python3.12/site-packages/pluggy/_callers.py\", line 53, in run_old_style_hookwrapper\n    return result.get_result()\n           ^^^^^^^^^^^^^^^^^^^\n  File \"/root/spread_project/.tox/integration/lib/python3.12/site-packages/pluggy/_result.py\", line 103, in get_result\n    raise exc.with_traceback(tb)\n  File \"/root/spread_project/.tox/integration/lib/python3.12/site-packages/pluggy/_callers.py\", line 38, in run_old_style_hookwrapper\n    res = yield\n          ^^^^^\n  File \"/root/spread_project/.tox/integration/lib/python3.12/site-packages/pluggy/_callers.py\", line 121, in _multicall\n    res = hook_impl.function(*args)\n          ^^^^^^^^^^^^^^^^^^^^^^^^^\n  File \"/root/spread_project/.tox/integration/lib/python3.12/site-packages/_pytest/python.py\", line 157, in pytest_pyfunc_call\n    result = testfunction(**testargs)\n             ^^^^^^^^^^^^^^^^^^^^^^^^\n  File \"/root/spread_project/.tox/integration/lib/python3.12/site-packages/pytest_asyncio/plugin.py\", line 529, in inner\n    _loop.run_until_complete(task)\n  File \"/usr/lib/python3.12/asyncio/base_events.py\", line 687, in run_until_complete\n    return future.result()\n           ^^^^^^^^^^^^^^^\n  File \"/root/spread_project/tests/integration/relations/pgbouncer_provider/test_data_integrator.py\", line 70, in test_deploy_and_relate\n    await ops_test.model.wait_for_idle(status=\"active\", timeout=1200)\n  File \"/root/spread_project/.tox/integration/lib/python3.12/site-packages/juju/model/__init__.py\", line 3250, in wait_for_idle\n    raise asyncio.TimeoutError(\nTimeoutError: Timed out waiting for model:\n  self-signed-certificates/0 [allocating] waiting: waiting for machine\n  pgbouncer/0 [idle] blocked: waiting for backend database relation to initialise\n  pgbouncer/1 [idle] blocked: waiting for backend database relation to initialise\n  postgresql/0 [allocating] waiting: waiting for machine\n  postgresql/1 [allocating] waiting: waiting for machine\n  data-integrator/0 [idle] blocked: Please relate the data-integrator with the desired product\n  data-integrator/1 [idle] blocked: Please relate the data-integrator with the desired product","flaky":false,"newFailed":false,"newBroken":false,"newPassed":false,"retriesCount":1,"retriesStatusChange":true,"beforeStages":[{"name":"event_loop","time":{"start":1760924216577,"stop":1760924216578,"duration":1},"status":"passed","steps":[],"attachments":[],"parameters":[],"shouldDisplayMessage":false,"stepsCount":0,"attachmentsCount":0,"hasContent":false,"attachmentStep":false},{"name":"ops_test","time":{"start":1760924216578,"stop":1760924216723,"duration":145},"status":"passed","steps":[],"attachments":[],"parameters":[],"shouldDisplayMessage":false,"stepsCount":0,"attachmentsCount":0,"hasContent":false,"attachmentStep":false},{"name":"tmp_path_factory","time":{"start":1760924216578,"stop":1760924216578,"duration":0},"status":"passed","steps":[],"attachments":[],"parameters":[],"shouldDisplayMessage":false,"stepsCount":0,"attachmentsCount":0,"hasContent":false,"attachmentStep":false},{"name":"charm_noble","time":{"start":1760924216578,"stop":1760924216578,"duration":0},"status":"passed","steps":[],"attachments":[],"parameters":[],"shouldDisplayMessage":false,"stepsCount":0,"attachmentsCount":0,"hasContent":false,"attachmentStep":false},{"name":"abort_on_fail","time":{"start":1760924216724,"stop":1760924216724,"duration":0},"status":"passed","steps":[],"attachments":[],"parameters":[],"shouldDisplayMessage":false,"stepsCount":0,"attachmentsCount":0,"hasContent":false,"attachmentStep":false}],"testStage":{"description":"Test basic functionality of database relation interface.","status":"broken","statusMessage":"TimeoutError: Timed out waiting for model:\n  self-signed-certificates/0 [allocating] waiting: waiting for machine\n  pgbouncer/0 [idle] blocked: waiting for backend database relation to initialise\n  pgbouncer/1 [idle] blocked: waiting for backend database relation to initialise\n  postgresql/0 [allocating] waiting: waiting for machine\n  postgresql/1 [allocating] waiting: waiting for machine\n  data-integrator/0 [idle] blocked: Please relate the data-integrator with the desired product\n  data-integrator/1 [idle] blocked: Please relate the data-integrator with the desired product","statusTrace":"Traceback (most recent call last):\n  File \"/root/spread_project/.tox/integration/lib/python3.12/site-packages/_pytest/runner.py\", line 344, in from_call\n    result: TResult | None = func()\n                             ^^^^^^\n  File \"/root/spread_project/.tox/integration/lib/python3.12/site-packages/_pytest/runner.py\", line 246, in <lambda>\n    lambda: runtest_hook(item=item, **kwds), when=when, reraise=reraise\n            ^^^^^^^^^^^^^^^^^^^^^^^^^^^^^^^\n  File \"/root/spread_project/.tox/integration/lib/python3.12/site-packages/pluggy/_hooks.py\", line 512, in __call__\n    return self._hookexec(self.name, self._hookimpls.copy(), kwargs, firstresult)\n           ^^^^^^^^^^^^^^^^^^^^^^^^^^^^^^^^^^^^^^^^^^^^^^^^^^^^^^^^^^^^^^^^^^^^^^\n  File \"/root/spread_project/.tox/integration/lib/python3.12/site-packages/pluggy/_manager.py\", line 120, in _hookexec\n    return self._inner_hookexec(hook_name, methods, kwargs, firstresult)\n           ^^^^^^^^^^^^^^^^^^^^^^^^^^^^^^^^^^^^^^^^^^^^^^^^^^^^^^^^^^^^^\n  File \"/root/spread_project/.tox/integration/lib/python3.12/site-packages/pluggy/_callers.py\", line 167, in _multicall\n    raise exception\n  File \"/root/spread_project/.tox/integration/lib/python3.12/site-packages/pluggy/_callers.py\", line 139, in _multicall\n    teardown.throw(exception)\n  File \"/root/spread_project/.tox/integration/lib/python3.12/site-packages/_pytest/logging.py\", line 850, in pytest_runtest_call\n    yield\n  File \"/root/spread_project/.tox/integration/lib/python3.12/site-packages/pluggy/_callers.py\", line 139, in _multicall\n    teardown.throw(exception)\n  File \"/root/spread_project/.tox/integration/lib/python3.12/site-packages/pluggy/_callers.py\", line 53, in run_old_style_hookwrapper\n    return result.get_result()\n           ^^^^^^^^^^^^^^^^^^^\n  File \"/root/spread_project/.tox/integration/lib/python3.12/site-packages/pluggy/_result.py\", line 103, in get_result\n    raise exc.with_traceback(tb)\n  File \"/root/spread_project/.tox/integration/lib/python3.12/site-packages/pluggy/_callers.py\", line 38, in run_old_style_hookwrapper\n    res = yield\n          ^^^^^\n  File \"/root/spread_project/.tox/integration/lib/python3.12/site-packages/pluggy/_callers.py\", line 139, in _multicall\n    teardown.throw(exception)\n  File \"/root/spread_project/.tox/integration/lib/python3.12/site-packages/_pytest/capture.py\", line 900, in pytest_runtest_call\n    return (yield)\n            ^^^^^\n  File \"/root/spread_project/.tox/integration/lib/python3.12/site-packages/pluggy/_callers.py\", line 139, in _multicall\n    teardown.throw(exception)\n  File \"/root/spread_project/.tox/integration/lib/python3.12/site-packages/_pytest/skipping.py\", line 263, in pytest_runtest_call\n    return (yield)\n            ^^^^^\n  File \"/root/spread_project/.tox/integration/lib/python3.12/site-packages/pluggy/_callers.py\", line 121, in _multicall\n    res = hook_impl.function(*args)\n          ^^^^^^^^^^^^^^^^^^^^^^^^^\n  File \"/root/spread_project/.tox/integration/lib/python3.12/site-packages/_pytest/runner.py\", line 178, in pytest_runtest_call\n    item.runtest()\n  File \"/root/spread_project/.tox/integration/lib/python3.12/site-packages/_pytest/python.py\", line 1671, in runtest\n    self.ihook.pytest_pyfunc_call(pyfuncitem=self)\n  File \"/root/spread_project/.tox/integration/lib/python3.12/site-packages/pluggy/_hooks.py\", line 512, in __call__\n    return self._hookexec(self.name, self._hookimpls.copy(), kwargs, firstresult)\n           ^^^^^^^^^^^^^^^^^^^^^^^^^^^^^^^^^^^^^^^^^^^^^^^^^^^^^^^^^^^^^^^^^^^^^^\n  File \"/root/spread_project/.tox/integration/lib/python3.12/site-packages/pluggy/_manager.py\", line 120, in _hookexec\n    return self._inner_hookexec(hook_name, methods, kwargs, firstresult)\n           ^^^^^^^^^^^^^^^^^^^^^^^^^^^^^^^^^^^^^^^^^^^^^^^^^^^^^^^^^^^^^\n  File \"/root/spread_project/.tox/integration/lib/python3.12/site-packages/pluggy/_callers.py\", line 167, in _multicall\n    raise exception\n  File \"/root/spread_project/.tox/integration/lib/python3.12/site-packages/pluggy/_callers.py\", line 139, in _multicall\n    teardown.throw(exception)\n  File \"/root/spread_project/.tox/integration/lib/python3.12/site-packages/pluggy/_callers.py\", line 53, in run_old_style_hookwrapper\n    return result.get_result()\n           ^^^^^^^^^^^^^^^^^^^\n  File \"/root/spread_project/.tox/integration/lib/python3.12/site-packages/pluggy/_result.py\", line 103, in get_result\n    raise exc.with_traceback(tb)\n  File \"/root/spread_project/.tox/integration/lib/python3.12/site-packages/pluggy/_callers.py\", line 38, in run_old_style_hookwrapper\n    res = yield\n          ^^^^^\n  File \"/root/spread_project/.tox/integration/lib/python3.12/site-packages/pluggy/_callers.py\", line 121, in _multicall\n    res = hook_impl.function(*args)\n          ^^^^^^^^^^^^^^^^^^^^^^^^^\n  File \"/root/spread_project/.tox/integration/lib/python3.12/site-packages/_pytest/python.py\", line 157, in pytest_pyfunc_call\n    result = testfunction(**testargs)\n             ^^^^^^^^^^^^^^^^^^^^^^^^\n  File \"/root/spread_project/.tox/integration/lib/python3.12/site-packages/pytest_asyncio/plugin.py\", line 529, in inner\n    _loop.run_until_complete(task)\n  File \"/usr/lib/python3.12/asyncio/base_events.py\", line 687, in run_until_complete\n    return future.result()\n           ^^^^^^^^^^^^^^^\n  File \"/root/spread_project/tests/integration/relations/pgbouncer_provider/test_data_integrator.py\", line 70, in test_deploy_and_relate\n    await ops_test.model.wait_for_idle(status=\"active\", timeout=1200)\n  File \"/root/spread_project/.tox/integration/lib/python3.12/site-packages/juju/model/__init__.py\", line 3250, in wait_for_idle\n    raise asyncio.TimeoutError(\nTimeoutError: Timed out waiting for model:\n  self-signed-certificates/0 [allocating] waiting: waiting for machine\n  pgbouncer/0 [idle] blocked: waiting for backend database relation to initialise\n  pgbouncer/1 [idle] blocked: waiting for backend database relation to initialise\n  postgresql/0 [allocating] waiting: waiting for machine\n  postgresql/1 [allocating] waiting: waiting for machine\n  data-integrator/0 [idle] blocked: Please relate the data-integrator with the desired product\n  data-integrator/1 [idle] blocked: Please relate the data-integrator with the desired product","steps":[],"attachments":[{"uid":"7cf26d96620cc85a","name":"log","source":"7cf26d96620cc85a.txt","type":"text/plain","size":24934}],"parameters":[],"shouldDisplayMessage":true,"stepsCount":0,"attachmentsCount":1,"hasContent":true,"attachmentStep":false},"afterStages":[{"name":"abort_on_fail::0","time":{"start":1760925420738,"stop":1760925420738,"duration":0},"status":"passed","steps":[],"attachments":[],"parameters":[],"shouldDisplayMessage":false,"stepsCount":0,"attachmentsCount":0,"hasContent":false,"attachmentStep":false},{"name":"ops_test::finalizer","time":{"start":1760925420763,"stop":1760925421425,"duration":662},"status":"passed","steps":[],"attachments":[],"parameters":[],"shouldDisplayMessage":false,"stepsCount":0,"attachmentsCount":0,"hasContent":false,"attachmentStep":false},{"name":"event_loop::2","time":{"start":1760925421426,"stop":1760925421426,"duration":0},"status":"passed","steps":[],"attachments":[],"parameters":[],"shouldDisplayMessage":false,"stepsCount":0,"attachmentsCount":0,"hasContent":false,"attachmentStep":false},{"name":"event_loop::_close_event_loop","time":{"start":1760925421426,"stop":1760925421426,"duration":0},"status":"passed","steps":[],"attachments":[],"parameters":[],"shouldDisplayMessage":false,"stepsCount":0,"attachmentsCount":0,"hasContent":false,"attachmentStep":false},{"name":"event_loop::_provide_clean_event_loop","time":{"start":1760925421426,"stop":1760925421426,"duration":0},"status":"passed","steps":[],"attachments":[],"parameters":[],"shouldDisplayMessage":false,"stepsCount":0,"attachmentsCount":0,"hasContent":false,"attachmentStep":false}],"labels":[{"name":"tag","value":"abort_on_fail"},{"name":"tag","value":"asyncio"},{"name":"parentSuite","value":"tests.integration.relations.pgbouncer_provider"},{"name":"suite","value":"test_data_integrator"},{"name":"host","value":"runnervmzdgdc"},{"name":"thread","value":"15855-MainThread"},{"name":"framework","value":"pytest"},{"name":"language","value":"cpython3"},{"name":"package","value":"tests.integration.relations.pgbouncer_provider.test_data_integrator"},{"name":"resultFormat","value":"allure2"}],"parameters":[],"links":[],"hidden":false,"retry":false,"extra":{"severity":"normal","retries":[{"uid":"69cd77304bb5820","status":"unknown","time":{}}],"categories":[{"name":"Test defects","matchedStatuses":[]}],"history":{"statistic":{"failed":0,"broken":30,"skipped":0,"passed":428,"unknown":17,"total":475},"items":[{"uid":"f4c01528d084bb24","reportUrl":"../2956//#testresult/f4c01528d084bb24","status":"broken","statusDetails":"TimeoutError: Timed out waiting for model:\n  data-integrator/0 [idle] blocked: Please relate the data-integrator with the desired product\n  data-integrator/1 [idle] blocked: Please relate the data-integrator with the desired product\n  pgbouncer/0 [idle] blocked: waiting for backend database relation to initialise\n  pgbouncer/1 [idle] blocked: waiting for backend database relation to initialise\n  self-signed-certificates/0 [allocating] waiting: waiting for machine\n  postgresql/0 [allocating] waiting: waiting for machine\n  postgresql/1 [allocating] waiting: waiting for machine","time":{"start":1760838505517,"stop":1760839710270,"duration":1204753}},{"uid":"164dd1cb122a9fa","reportUrl":"../2955//#testresult/164dd1cb122a9fa","status":"broken","statusDetails":"TimeoutError: Timed out waiting for model:\n  self-signed-certificates/0 [allocating] waiting: waiting for machine\n  data-integrator/0 [idle] blocked: Please relate the data-integrator with the desired product\n  data-integrator/1 [idle] blocked: Please relate the data-integrator with the desired product\n  pgbouncer/0 [idle] blocked: waiting for backend database relation to initialise\n  pgbouncer/1 [idle] blocked: waiting for backend database relation to initialise\n  postgresql/0 [allocating] waiting: waiting for machine\n  postgresql/1 [allocating] waiting: waiting for machine","time":{"start":1760751357366,"stop":1760752561523,"duration":1204157}},{"uid":"56a49524cc3ed1a3","reportUrl":"../2953//#testresult/56a49524cc3ed1a3","status":"passed","time":{"start":1760665009365,"stop":1760665385930,"duration":376565}},{"uid":"105bf35e12ed5b24","reportUrl":"../2952//#testresult/105bf35e12ed5b24","status":"passed","time":{"start":1760578622918,"stop":1760578990700,"duration":367782}},{"uid":"72032806901307f9","reportUrl":"../2951//#testresult/72032806901307f9","status":"passed","time":{"start":1760492199042,"stop":1760492554661,"duration":355619}},{"uid":"99be7beae0e47b19","reportUrl":"../2949//#testresult/99be7beae0e47b19","status":"passed","time":{"start":1760405805511,"stop":1760406185473,"duration":379962}},{"uid":"f7ded49006f432","reportUrl":"../2947//#testresult/f7ded49006f432","status":"passed","time":{"start":1760319428607,"stop":1760319800958,"duration":372351}},{"uid":"266f0365f267cb01","reportUrl":"../2946//#testresult/266f0365f267cb01","status":"passed","time":{"start":1760232980002,"stop":1760233357752,"duration":377750}},{"uid":"b813b09c3bf21c74","reportUrl":"../2945//#testresult/b813b09c3bf21c74","status":"passed","time":{"start":1760146595759,"stop":1760146979929,"duration":384170}},{"uid":"647a78234f9cdc21","reportUrl":"../2944//#testresult/647a78234f9cdc21","status":"passed","time":{"start":1760060158588,"stop":1760060513826,"duration":355238}},{"uid":"d5ec35eb39652312","reportUrl":"../2943//#testresult/d5ec35eb39652312","status":"passed","time":{"start":1759973791457,"stop":1759974178851,"duration":387394}},{"uid":"b1aadd9f094af52","reportUrl":"../2941//#testresult/b1aadd9f094af52","status":"passed","time":{"start":1759887356102,"stop":1759887697207,"duration":341105}},{"uid":"7cee5430e6e02f57","reportUrl":"../2940//#testresult/7cee5430e6e02f57","status":"passed","time":{"start":1759800937971,"stop":1759801277173,"duration":339202}},{"uid":"9e0dd9b007578981","reportUrl":"../2939//#testresult/9e0dd9b007578981","status":"passed","time":{"start":1759714569266,"stop":1759714908372,"duration":339106}},{"uid":"4d26a3bed715e58a","reportUrl":"../2938//#testresult/4d26a3bed715e58a","status":"passed","time":{"start":1759628230940,"stop":1759628572550,"duration":341610}},{"uid":"c8abcb229405981e","reportUrl":"../2936//#testresult/c8abcb229405981e","status":"passed","time":{"start":1759541818761,"stop":1759542166683,"duration":347922}},{"uid":"f1dfaec5546cbdcf","reportUrl":"../2935//#testresult/f1dfaec5546cbdcf","status":"passed","time":{"start":1759455392251,"stop":1759455739460,"duration":347209}},{"uid":"1fc213b8be7a51b","reportUrl":"../2934//#testresult/1fc213b8be7a51b","status":"passed","time":{"start":1759368959174,"stop":1759369401457,"duration":442283}},{"uid":"dd4102751e8bfcbc","reportUrl":"../2932//#testresult/dd4102751e8bfcbc","status":"passed","time":{"start":1759282659279,"stop":1759283107767,"duration":448488}},{"uid":"bf3feb947dfbb306","reportUrl":"../2931//#testresult/bf3feb947dfbb306","status":"passed","time":{"start":1759198125877,"stop":1759198494278,"duration":368401}}]},"tags":["asyncio","abort_on_fail"]},"source":"8e013280846fbe02.json","parameterValues":[]}