{"uid":"79621e6bf2cd1f52","name":"test_deploy_stable","fullName":"tests.integration.test_upgrade_from_stable#test_deploy_stable","historyId":"82586bb199de9bffd6fb2e83674ead64","time":{"start":1761442825129,"stop":1761443179252,"duration":354123},"description":"Simple test to ensure that the PostgreSQL and application charms get deployed.","descriptionHtml":"<p>Simple test to ensure that the PostgreSQL and application charms get deployed.</p>\n","status":"broken","statusMessage":"juju.errors.JujuUnitError: Unit in error: pgbouncer/0","statusTrace":"Traceback (most recent call last):\n  File \"/root/spread_project/.tox/integration/lib/python3.12/site-packages/_pytest/runner.py\", line 344, in from_call\n    result: TResult | None = func()\n                             ^^^^^^\n  File \"/root/spread_project/.tox/integration/lib/python3.12/site-packages/_pytest/runner.py\", line 246, in <lambda>\n    lambda: runtest_hook(item=item, **kwds), when=when, reraise=reraise\n            ^^^^^^^^^^^^^^^^^^^^^^^^^^^^^^^\n  File \"/root/spread_project/.tox/integration/lib/python3.12/site-packages/pluggy/_hooks.py\", line 512, in __call__\n    return self._hookexec(self.name, self._hookimpls.copy(), kwargs, firstresult)\n           ^^^^^^^^^^^^^^^^^^^^^^^^^^^^^^^^^^^^^^^^^^^^^^^^^^^^^^^^^^^^^^^^^^^^^^\n  File \"/root/spread_project/.tox/integration/lib/python3.12/site-packages/pluggy/_manager.py\", line 120, in _hookexec\n    return self._inner_hookexec(hook_name, methods, kwargs, firstresult)\n           ^^^^^^^^^^^^^^^^^^^^^^^^^^^^^^^^^^^^^^^^^^^^^^^^^^^^^^^^^^^^^\n  File \"/root/spread_project/.tox/integration/lib/python3.12/site-packages/pluggy/_callers.py\", line 167, in _multicall\n    raise exception\n  File \"/root/spread_project/.tox/integration/lib/python3.12/site-packages/pluggy/_callers.py\", line 139, in _multicall\n    teardown.throw(exception)\n  File \"/root/spread_project/.tox/integration/lib/python3.12/site-packages/_pytest/logging.py\", line 850, in pytest_runtest_call\n    yield\n  File \"/root/spread_project/.tox/integration/lib/python3.12/site-packages/pluggy/_callers.py\", line 139, in _multicall\n    teardown.throw(exception)\n  File \"/root/spread_project/.tox/integration/lib/python3.12/site-packages/pluggy/_callers.py\", line 53, in run_old_style_hookwrapper\n    return result.get_result()\n           ^^^^^^^^^^^^^^^^^^^\n  File \"/root/spread_project/.tox/integration/lib/python3.12/site-packages/pluggy/_result.py\", line 103, in get_result\n    raise exc.with_traceback(tb)\n  File \"/root/spread_project/.tox/integration/lib/python3.12/site-packages/pluggy/_callers.py\", line 38, in run_old_style_hookwrapper\n    res = yield\n          ^^^^^\n  File \"/root/spread_project/.tox/integration/lib/python3.12/site-packages/pluggy/_callers.py\", line 139, in _multicall\n    teardown.throw(exception)\n  File \"/root/spread_project/.tox/integration/lib/python3.12/site-packages/_pytest/capture.py\", line 900, in pytest_runtest_call\n    return (yield)\n            ^^^^^\n  File \"/root/spread_project/.tox/integration/lib/python3.12/site-packages/pluggy/_callers.py\", line 139, in _multicall\n    teardown.throw(exception)\n  File \"/root/spread_project/.tox/integration/lib/python3.12/site-packages/_pytest/skipping.py\", line 263, in pytest_runtest_call\n    return (yield)\n            ^^^^^\n  File \"/root/spread_project/.tox/integration/lib/python3.12/site-packages/pluggy/_callers.py\", line 121, in _multicall\n    res = hook_impl.function(*args)\n          ^^^^^^^^^^^^^^^^^^^^^^^^^\n  File \"/root/spread_project/.tox/integration/lib/python3.12/site-packages/_pytest/runner.py\", line 178, in pytest_runtest_call\n    item.runtest()\n  File \"/root/spread_project/.tox/integration/lib/python3.12/site-packages/_pytest/python.py\", line 1671, in runtest\n    self.ihook.pytest_pyfunc_call(pyfuncitem=self)\n  File \"/root/spread_project/.tox/integration/lib/python3.12/site-packages/pluggy/_hooks.py\", line 512, in __call__\n    return self._hookexec(self.name, self._hookimpls.copy(), kwargs, firstresult)\n           ^^^^^^^^^^^^^^^^^^^^^^^^^^^^^^^^^^^^^^^^^^^^^^^^^^^^^^^^^^^^^^^^^^^^^^\n  File \"/root/spread_project/.tox/integration/lib/python3.12/site-packages/pluggy/_manager.py\", line 120, in _hookexec\n    return self._inner_hookexec(hook_name, methods, kwargs, firstresult)\n           ^^^^^^^^^^^^^^^^^^^^^^^^^^^^^^^^^^^^^^^^^^^^^^^^^^^^^^^^^^^^^\n  File \"/root/spread_project/.tox/integration/lib/python3.12/site-packages/pluggy/_callers.py\", line 167, in _multicall\n    raise exception\n  File \"/root/spread_project/.tox/integration/lib/python3.12/site-packages/pluggy/_callers.py\", line 139, in _multicall\n    teardown.throw(exception)\n  File \"/root/spread_project/.tox/integration/lib/python3.12/site-packages/pluggy/_callers.py\", line 53, in run_old_style_hookwrapper\n    return result.get_result()\n           ^^^^^^^^^^^^^^^^^^^\n  File \"/root/spread_project/.tox/integration/lib/python3.12/site-packages/pluggy/_result.py\", line 103, in get_result\n    raise exc.with_traceback(tb)\n  File \"/root/spread_project/.tox/integration/lib/python3.12/site-packages/pluggy/_callers.py\", line 38, in run_old_style_hookwrapper\n    res = yield\n          ^^^^^\n  File \"/root/spread_project/.tox/integration/lib/python3.12/site-packages/pluggy/_callers.py\", line 121, in _multicall\n    res = hook_impl.function(*args)\n          ^^^^^^^^^^^^^^^^^^^^^^^^^\n  File \"/root/spread_project/.tox/integration/lib/python3.12/site-packages/_pytest/python.py\", line 157, in pytest_pyfunc_call\n    result = testfunction(**testargs)\n             ^^^^^^^^^^^^^^^^^^^^^^^^\n  File \"/root/spread_project/.tox/integration/lib/python3.12/site-packages/pytest_asyncio/plugin.py\", line 529, in inner\n    _loop.run_until_complete(task)\n  File \"/usr/lib/python3.12/asyncio/base_events.py\", line 687, in run_until_complete\n    return future.result()\n           ^^^^^^^^^^^^^^^\n  File \"/root/spread_project/tests/integration/test_upgrade_from_stable.py\", line 58, in test_deploy_stable\n    await ops_test.model.wait_for_idle(\n  File \"/root/spread_project/.tox/integration/lib/python3.12/site-packages/juju/model/__init__.py\", line 3245, in wait_for_idle\n    _raise_for_status(errors, \"error\")\n  File \"/root/spread_project/.tox/integration/lib/python3.12/site-packages/juju/model/__init__.py\", line 3136, in _raise_for_status\n    raise error_type(\njuju.errors.JujuUnitError: Unit in error: pgbouncer/0","flaky":false,"newFailed":false,"newBroken":true,"newPassed":false,"retriesCount":1,"retriesStatusChange":true,"beforeStages":[{"name":"event_loop","time":{"start":1761442824981,"stop":1761442824982,"duration":1},"status":"passed","steps":[],"attachments":[],"parameters":[],"shouldDisplayMessage":false,"stepsCount":0,"attachmentsCount":0,"hasContent":false,"attachmentStep":false},{"name":"tmp_path_factory","time":{"start":1761442824982,"stop":1761442824982,"duration":0},"status":"passed","steps":[],"attachments":[],"parameters":[],"shouldDisplayMessage":false,"stepsCount":0,"attachmentsCount":0,"hasContent":false,"attachmentStep":false},{"name":"ops_test","time":{"start":1761442824982,"stop":1761442825129,"duration":147},"status":"passed","steps":[],"attachments":[],"parameters":[],"shouldDisplayMessage":false,"stepsCount":0,"attachmentsCount":0,"hasContent":false,"attachmentStep":false},{"name":"charm","time":{"start":1761442824982,"stop":1761442824982,"duration":0},"status":"passed","steps":[],"attachments":[],"parameters":[],"shouldDisplayMessage":false,"stepsCount":0,"attachmentsCount":0,"hasContent":false,"attachmentStep":false},{"name":"abort_on_fail","time":{"start":1761442825129,"stop":1761442825129,"duration":0},"status":"passed","steps":[],"attachments":[],"parameters":[],"shouldDisplayMessage":false,"stepsCount":0,"attachmentsCount":0,"hasContent":false,"attachmentStep":false}],"testStage":{"description":"Simple test to ensure that the PostgreSQL and application charms get deployed.","status":"broken","statusMessage":"juju.errors.JujuUnitError: Unit in error: pgbouncer/0","statusTrace":"Traceback (most recent call last):\n  File \"/root/spread_project/.tox/integration/lib/python3.12/site-packages/_pytest/runner.py\", line 344, in from_call\n    result: TResult | None = func()\n                             ^^^^^^\n  File \"/root/spread_project/.tox/integration/lib/python3.12/site-packages/_pytest/runner.py\", line 246, in <lambda>\n    lambda: runtest_hook(item=item, **kwds), when=when, reraise=reraise\n            ^^^^^^^^^^^^^^^^^^^^^^^^^^^^^^^\n  File \"/root/spread_project/.tox/integration/lib/python3.12/site-packages/pluggy/_hooks.py\", line 512, in __call__\n    return self._hookexec(self.name, self._hookimpls.copy(), kwargs, firstresult)\n           ^^^^^^^^^^^^^^^^^^^^^^^^^^^^^^^^^^^^^^^^^^^^^^^^^^^^^^^^^^^^^^^^^^^^^^\n  File \"/root/spread_project/.tox/integration/lib/python3.12/site-packages/pluggy/_manager.py\", line 120, in _hookexec\n    return self._inner_hookexec(hook_name, methods, kwargs, firstresult)\n           ^^^^^^^^^^^^^^^^^^^^^^^^^^^^^^^^^^^^^^^^^^^^^^^^^^^^^^^^^^^^^\n  File \"/root/spread_project/.tox/integration/lib/python3.12/site-packages/pluggy/_callers.py\", line 167, in _multicall\n    raise exception\n  File \"/root/spread_project/.tox/integration/lib/python3.12/site-packages/pluggy/_callers.py\", line 139, in _multicall\n    teardown.throw(exception)\n  File \"/root/spread_project/.tox/integration/lib/python3.12/site-packages/_pytest/logging.py\", line 850, in pytest_runtest_call\n    yield\n  File \"/root/spread_project/.tox/integration/lib/python3.12/site-packages/pluggy/_callers.py\", line 139, in _multicall\n    teardown.throw(exception)\n  File \"/root/spread_project/.tox/integration/lib/python3.12/site-packages/pluggy/_callers.py\", line 53, in run_old_style_hookwrapper\n    return result.get_result()\n           ^^^^^^^^^^^^^^^^^^^\n  File \"/root/spread_project/.tox/integration/lib/python3.12/site-packages/pluggy/_result.py\", line 103, in get_result\n    raise exc.with_traceback(tb)\n  File \"/root/spread_project/.tox/integration/lib/python3.12/site-packages/pluggy/_callers.py\", line 38, in run_old_style_hookwrapper\n    res = yield\n          ^^^^^\n  File \"/root/spread_project/.tox/integration/lib/python3.12/site-packages/pluggy/_callers.py\", line 139, in _multicall\n    teardown.throw(exception)\n  File \"/root/spread_project/.tox/integration/lib/python3.12/site-packages/_pytest/capture.py\", line 900, in pytest_runtest_call\n    return (yield)\n            ^^^^^\n  File \"/root/spread_project/.tox/integration/lib/python3.12/site-packages/pluggy/_callers.py\", line 139, in _multicall\n    teardown.throw(exception)\n  File \"/root/spread_project/.tox/integration/lib/python3.12/site-packages/_pytest/skipping.py\", line 263, in pytest_runtest_call\n    return (yield)\n            ^^^^^\n  File \"/root/spread_project/.tox/integration/lib/python3.12/site-packages/pluggy/_callers.py\", line 121, in _multicall\n    res = hook_impl.function(*args)\n          ^^^^^^^^^^^^^^^^^^^^^^^^^\n  File \"/root/spread_project/.tox/integration/lib/python3.12/site-packages/_pytest/runner.py\", line 178, in pytest_runtest_call\n    item.runtest()\n  File \"/root/spread_project/.tox/integration/lib/python3.12/site-packages/_pytest/python.py\", line 1671, in runtest\n    self.ihook.pytest_pyfunc_call(pyfuncitem=self)\n  File \"/root/spread_project/.tox/integration/lib/python3.12/site-packages/pluggy/_hooks.py\", line 512, in __call__\n    return self._hookexec(self.name, self._hookimpls.copy(), kwargs, firstresult)\n           ^^^^^^^^^^^^^^^^^^^^^^^^^^^^^^^^^^^^^^^^^^^^^^^^^^^^^^^^^^^^^^^^^^^^^^\n  File \"/root/spread_project/.tox/integration/lib/python3.12/site-packages/pluggy/_manager.py\", line 120, in _hookexec\n    return self._inner_hookexec(hook_name, methods, kwargs, firstresult)\n           ^^^^^^^^^^^^^^^^^^^^^^^^^^^^^^^^^^^^^^^^^^^^^^^^^^^^^^^^^^^^^\n  File \"/root/spread_project/.tox/integration/lib/python3.12/site-packages/pluggy/_callers.py\", line 167, in _multicall\n    raise exception\n  File \"/root/spread_project/.tox/integration/lib/python3.12/site-packages/pluggy/_callers.py\", line 139, in _multicall\n    teardown.throw(exception)\n  File \"/root/spread_project/.tox/integration/lib/python3.12/site-packages/pluggy/_callers.py\", line 53, in run_old_style_hookwrapper\n    return result.get_result()\n           ^^^^^^^^^^^^^^^^^^^\n  File \"/root/spread_project/.tox/integration/lib/python3.12/site-packages/pluggy/_result.py\", line 103, in get_result\n    raise exc.with_traceback(tb)\n  File \"/root/spread_project/.tox/integration/lib/python3.12/site-packages/pluggy/_callers.py\", line 38, in run_old_style_hookwrapper\n    res = yield\n          ^^^^^\n  File \"/root/spread_project/.tox/integration/lib/python3.12/site-packages/pluggy/_callers.py\", line 121, in _multicall\n    res = hook_impl.function(*args)\n          ^^^^^^^^^^^^^^^^^^^^^^^^^\n  File \"/root/spread_project/.tox/integration/lib/python3.12/site-packages/_pytest/python.py\", line 157, in pytest_pyfunc_call\n    result = testfunction(**testargs)\n             ^^^^^^^^^^^^^^^^^^^^^^^^\n  File \"/root/spread_project/.tox/integration/lib/python3.12/site-packages/pytest_asyncio/plugin.py\", line 529, in inner\n    _loop.run_until_complete(task)\n  File \"/usr/lib/python3.12/asyncio/base_events.py\", line 687, in run_until_complete\n    return future.result()\n           ^^^^^^^^^^^^^^^\n  File \"/root/spread_project/tests/integration/test_upgrade_from_stable.py\", line 58, in test_deploy_stable\n    await ops_test.model.wait_for_idle(\n  File \"/root/spread_project/.tox/integration/lib/python3.12/site-packages/juju/model/__init__.py\", line 3245, in wait_for_idle\n    _raise_for_status(errors, \"error\")\n  File \"/root/spread_project/.tox/integration/lib/python3.12/site-packages/juju/model/__init__.py\", line 3136, in _raise_for_status\n    raise error_type(\njuju.errors.JujuUnitError: Unit in error: pgbouncer/0","steps":[],"attachments":[{"uid":"1513c06a44f2e3f3","name":"log","source":"1513c06a44f2e3f3.txt","type":"text/plain","size":8404}],"parameters":[],"shouldDisplayMessage":true,"stepsCount":0,"attachmentsCount":1,"hasContent":true,"attachmentStep":false},"afterStages":[{"name":"abort_on_fail::0","time":{"start":1761443179300,"stop":1761443179300,"duration":0},"status":"passed","steps":[],"attachments":[],"parameters":[],"shouldDisplayMessage":false,"stepsCount":0,"attachmentsCount":0,"hasContent":false,"attachmentStep":false},{"name":"ops_test::finalizer","time":{"start":1761443179309,"stop":1761443181760,"duration":2451},"status":"passed","steps":[],"attachments":[],"parameters":[],"shouldDisplayMessage":false,"stepsCount":0,"attachmentsCount":0,"hasContent":false,"attachmentStep":false},{"name":"event_loop::2","time":{"start":1761443181760,"stop":1761443181760,"duration":0},"status":"passed","steps":[],"attachments":[],"parameters":[],"shouldDisplayMessage":false,"stepsCount":0,"attachmentsCount":0,"hasContent":false,"attachmentStep":false},{"name":"event_loop::_close_event_loop","time":{"start":1761443181760,"stop":1761443181760,"duration":0},"status":"passed","steps":[],"attachments":[],"parameters":[],"shouldDisplayMessage":false,"stepsCount":0,"attachmentsCount":0,"hasContent":false,"attachmentStep":false},{"name":"event_loop::_provide_clean_event_loop","time":{"start":1761443181760,"stop":1761443181760,"duration":0},"status":"passed","steps":[],"attachments":[],"parameters":[],"shouldDisplayMessage":false,"stepsCount":0,"attachmentsCount":0,"hasContent":false,"attachmentStep":false}],"labels":[{"name":"tag","value":"abort_on_fail"},{"name":"tag","value":"asyncio"},{"name":"parentSuite","value":"tests.integration"},{"name":"suite","value":"test_upgrade_from_stable"},{"name":"host","value":"runnervmwhb2z"},{"name":"thread","value":"15913-MainThread"},{"name":"framework","value":"pytest"},{"name":"language","value":"cpython3"},{"name":"package","value":"tests.integration.test_upgrade_from_stable"},{"name":"resultFormat","value":"allure2"}],"parameters":[],"links":[],"hidden":false,"retry":false,"extra":{"severity":"normal","retries":[{"uid":"bf9a946b7298d02b","status":"unknown","time":{}}],"categories":[{"name":"Test defects","matchedStatuses":[]}],"history":{"statistic":{"failed":0,"broken":35,"skipped":0,"passed":431,"unknown":14,"total":480},"items":[{"uid":"cd0a48209453f1e0","reportUrl":"../2963//#testresult/cd0a48209453f1e0","status":"passed","time":{"start":1761356217074,"stop":1761356736400,"duration":519326}},{"uid":"95267b38fd80eaca","reportUrl":"../2962//#testresult/95267b38fd80eaca","status":"broken","statusDetails":"juju.errors.JujuUnitError: Unit in error: pgbouncer/0","time":{"start":1761269821999,"stop":1761270163693,"duration":341694}},{"uid":"ae78a03da8e9bff1","reportUrl":"../2961//#testresult/ae78a03da8e9bff1","status":"broken","statusDetails":"juju.errors.JujuUnitError: Unit in error: pgbouncer/0","time":{"start":1761183405786,"stop":1761183763077,"duration":357291}},{"uid":"37e70ca52d352997","reportUrl":"../2960//#testresult/37e70ca52d352997","status":"broken","statusDetails":"juju.errors.JujuUnitError: Unit in error: pgbouncer/0","time":{"start":1761097054336,"stop":1761097392906,"duration":338570}},{"uid":"1ef95e22ebd2577d","reportUrl":"../2959//#testresult/1ef95e22ebd2577d","status":"broken","statusDetails":"juju.errors.JujuUnitError: Unit in error: pgbouncer/0","time":{"start":1761010609546,"stop":1761010958891,"duration":349345}},{"uid":"bf747e304fa797cb","reportUrl":"../2957//#testresult/bf747e304fa797cb","status":"broken","statusDetails":"TimeoutError: Timed out waiting for model:\n  postgresql/0 [allocating] waiting: waiting for machine\n  postgresql/1 [allocating] waiting: waiting for machine\n  postgresql/2 [allocating] waiting: waiting for machine\n  pgbouncer (not enough units yet - 0/1)\n  postgresql-test-app/2 [allocating] waiting: waiting for machine\n  postgresql-test-app/0 [allocating] waiting: waiting for machine\n  postgresql-test-app/1 [allocating] waiting: waiting for machine","time":{"start":1760924222834,"stop":1760925727141,"duration":1504307}},{"uid":"c7b3b6ffa478d4b","reportUrl":"../2956//#testresult/c7b3b6ffa478d4b","status":"broken","statusDetails":"TimeoutError: Timed out waiting for model:\n  postgresql/0 [allocating] waiting: waiting for machine\n  postgresql/1 [allocating] waiting: waiting for machine\n  postgresql/2 [allocating] waiting: waiting for machine\n  pgbouncer (not enough units yet - 0/1)\n  postgresql-test-app/0 [allocating] waiting: waiting for machine\n  postgresql-test-app/1 [allocating] waiting: waiting for machine\n  postgresql-test-app/2 [allocating] waiting: waiting for machine","time":{"start":1760838534133,"stop":1760840039437,"duration":1505304}},{"uid":"7f4891e9f806770f","reportUrl":"../2955//#testresult/7f4891e9f806770f","status":"broken","statusDetails":"TimeoutError: Timed out waiting for model:\n  postgresql/0 [allocating] waiting: waiting for machine\n  postgresql/1 [allocating] waiting: waiting for machine\n  postgresql/2 [allocating] waiting: waiting for machine\n  pgbouncer (not enough units yet - 0/1)\n  postgresql-test-app/0 [allocating] waiting: waiting for machine\n  postgresql-test-app/1 [allocating] waiting: waiting for machine\n  postgresql-test-app/2 [allocating] waiting: waiting for machine","time":{"start":1760751377151,"stop":1760752880779,"duration":1503628}},{"uid":"a173ff5b03306ac1","reportUrl":"../2953//#testresult/a173ff5b03306ac1","status":"broken","statusDetails":"juju.errors.JujuUnitError: Unit in error: postgresql/0","time":{"start":1760665041872,"stop":1760665408287,"duration":366415}},{"uid":"e873543dea157170","reportUrl":"../2952//#testresult/e873543dea157170","status":"broken","statusDetails":"juju.errors.JujuUnitError: Unit in error: pgbouncer/0","time":{"start":1760578571137,"stop":1760578947141,"duration":376004}},{"uid":"ffac8e86d63f6112","reportUrl":"../2951//#testresult/ffac8e86d63f6112","status":"broken","statusDetails":"juju.errors.JujuUnitError: Unit in error: pgbouncer/0","time":{"start":1760492233415,"stop":1760492629386,"duration":395971}},{"uid":"c7ade1d1cf390d8e","reportUrl":"../2949//#testresult/c7ade1d1cf390d8e","status":"broken","statusDetails":"juju.errors.JujuUnitError: Unit in error: pgbouncer/0","time":{"start":1760405820539,"stop":1760406170652,"duration":350113}},{"uid":"d33014219e0021df","reportUrl":"../2947//#testresult/d33014219e0021df","status":"passed","time":{"start":1760319449119,"stop":1760320023170,"duration":574051}},{"uid":"5874de7bddf0fc6d","reportUrl":"../2946//#testresult/5874de7bddf0fc6d","status":"broken","statusDetails":"juju.errors.JujuUnitError: Unit in error: pgbouncer/0","time":{"start":1760233029565,"stop":1760233421809,"duration":392244}},{"uid":"168ab71153aa6de7","reportUrl":"../2945//#testresult/168ab71153aa6de7","status":"passed","time":{"start":1760146593056,"stop":1760147118967,"duration":525911}},{"uid":"ad45f8cd0ef26f7d","reportUrl":"../2944//#testresult/ad45f8cd0ef26f7d","status":"broken","statusDetails":"juju.errors.JujuUnitError: Unit in error: pgbouncer/0","time":{"start":1760060228022,"stop":1760060615508,"duration":387486}},{"uid":"f7fd34fd6564a5af","reportUrl":"../2943//#testresult/f7fd34fd6564a5af","status":"broken","statusDetails":"juju.errors.JujuUnitError: Unit in error: pgbouncer/0","time":{"start":1759973786302,"stop":1759974151525,"duration":365223}},{"uid":"b995d38dd1be570b","reportUrl":"../2941//#testresult/b995d38dd1be570b","status":"broken","statusDetails":"juju.errors.JujuUnitError: Unit in error: pgbouncer/0","time":{"start":1759887366139,"stop":1759887710274,"duration":344135}},{"uid":"76f1a99e9967c11b","reportUrl":"../2940//#testresult/76f1a99e9967c11b","status":"passed","time":{"start":1759800941573,"stop":1759801476099,"duration":534526}},{"uid":"bd97ae2371813af7","reportUrl":"../2939//#testresult/bd97ae2371813af7","status":"broken","statusDetails":"juju.errors.JujuUnitError: Unit in error: pgbouncer/0","time":{"start":1759714561122,"stop":1759714897587,"duration":336465}}]},"tags":["asyncio","abort_on_fail"]},"source":"79621e6bf2cd1f52.json","parameterValues":[]}