{"uid":"be1eb2f591441572","name":"test_scaling","fullName":"tests.integration.relations.pgbouncer_provider.test_pgbouncer_provider#test_scaling","historyId":"cd7662cea549af78b93ff51c8d4ac33b","time":{"start":1737683949995,"stop":1737684020847,"duration":70852},"description":"Check these relations all work when scaling pgbouncer.","descriptionHtml":"<p>Check these relations all work when scaling pgbouncer.</p>\n","status":"broken","statusMessage":"KeyError: 'results'","statusTrace":"Traceback (most recent call last):\n  File \"/home/runner/work/pgbouncer-operator/pgbouncer-operator/.tox/integration/lib/python3.12/site-packages/_pytest/runner.py\", line 341, in from_call\n    result: TResult | None = func()\n                             ^^^^^^\n  File \"/home/runner/work/pgbouncer-operator/pgbouncer-operator/.tox/integration/lib/python3.12/site-packages/_pytest/runner.py\", line 242, in <lambda>\n    lambda: runtest_hook(item=item, **kwds), when=when, reraise=reraise\n            ^^^^^^^^^^^^^^^^^^^^^^^^^^^^^^^\n  File \"/home/runner/work/pgbouncer-operator/pgbouncer-operator/.tox/integration/lib/python3.12/site-packages/pluggy/_hooks.py\", line 513, in __call__\n    return self._hookexec(self.name, self._hookimpls.copy(), kwargs, firstresult)\n           ^^^^^^^^^^^^^^^^^^^^^^^^^^^^^^^^^^^^^^^^^^^^^^^^^^^^^^^^^^^^^^^^^^^^^^\n  File \"/home/runner/work/pgbouncer-operator/pgbouncer-operator/.tox/integration/lib/python3.12/site-packages/pluggy/_manager.py\", line 120, in _hookexec\n    return self._inner_hookexec(hook_name, methods, kwargs, firstresult)\n           ^^^^^^^^^^^^^^^^^^^^^^^^^^^^^^^^^^^^^^^^^^^^^^^^^^^^^^^^^^^^^\n  File \"/home/runner/work/pgbouncer-operator/pgbouncer-operator/.tox/integration/lib/python3.12/site-packages/pluggy/_callers.py\", line 182, in _multicall\n    return outcome.get_result()\n           ^^^^^^^^^^^^^^^^^^^^\n  File \"/home/runner/work/pgbouncer-operator/pgbouncer-operator/.tox/integration/lib/python3.12/site-packages/pluggy/_result.py\", line 100, in get_result\n    raise exc.with_traceback(exc.__traceback__)\n  File \"/home/runner/work/pgbouncer-operator/pgbouncer-operator/.tox/integration/lib/python3.12/site-packages/pluggy/_callers.py\", line 167, in _multicall\n    teardown.throw(outcome._exception)\n  File \"/home/runner/work/pgbouncer-operator/pgbouncer-operator/.tox/integration/lib/python3.12/site-packages/_pytest/threadexception.py\", line 92, in pytest_runtest_call\n    yield from thread_exception_runtest_hook()\n  File \"/home/runner/work/pgbouncer-operator/pgbouncer-operator/.tox/integration/lib/python3.12/site-packages/_pytest/threadexception.py\", line 68, in thread_exception_runtest_hook\n    yield\n  File \"/home/runner/work/pgbouncer-operator/pgbouncer-operator/.tox/integration/lib/python3.12/site-packages/pluggy/_callers.py\", line 167, in _multicall\n    teardown.throw(outcome._exception)\n  File \"/home/runner/work/pgbouncer-operator/pgbouncer-operator/.tox/integration/lib/python3.12/site-packages/_pytest/unraisableexception.py\", line 95, in pytest_runtest_call\n    yield from unraisable_exception_runtest_hook()\n  File \"/home/runner/work/pgbouncer-operator/pgbouncer-operator/.tox/integration/lib/python3.12/site-packages/_pytest/unraisableexception.py\", line 70, in unraisable_exception_runtest_hook\n    yield\n  File \"/home/runner/work/pgbouncer-operator/pgbouncer-operator/.tox/integration/lib/python3.12/site-packages/pluggy/_callers.py\", line 167, in _multicall\n    teardown.throw(outcome._exception)\n  File \"/home/runner/work/pgbouncer-operator/pgbouncer-operator/.tox/integration/lib/python3.12/site-packages/_pytest/logging.py\", line 846, in pytest_runtest_call\n    yield from self._runtest_for(item, \"call\")\n  File \"/home/runner/work/pgbouncer-operator/pgbouncer-operator/.tox/integration/lib/python3.12/site-packages/_pytest/logging.py\", line 829, in _runtest_for\n    yield\n  File \"/home/runner/work/pgbouncer-operator/pgbouncer-operator/.tox/integration/lib/python3.12/site-packages/pluggy/_callers.py\", line 167, in _multicall\n    teardown.throw(outcome._exception)\n  File \"/home/runner/work/pgbouncer-operator/pgbouncer-operator/.tox/integration/lib/python3.12/site-packages/_pytest/capture.py\", line 880, in pytest_runtest_call\n    return (yield)\n            ^^^^^\n  File \"/home/runner/work/pgbouncer-operator/pgbouncer-operator/.tox/integration/lib/python3.12/site-packages/pluggy/_callers.py\", line 167, in _multicall\n    teardown.throw(outcome._exception)\n  File \"/home/runner/work/pgbouncer-operator/pgbouncer-operator/.tox/integration/lib/python3.12/site-packages/_pytest/skipping.py\", line 257, in pytest_runtest_call\n    return (yield)\n            ^^^^^\n  File \"/home/runner/work/pgbouncer-operator/pgbouncer-operator/.tox/integration/lib/python3.12/site-packages/pluggy/_callers.py\", line 103, in _multicall\n    res = hook_impl.function(*args)\n          ^^^^^^^^^^^^^^^^^^^^^^^^^\n  File \"/home/runner/work/pgbouncer-operator/pgbouncer-operator/.tox/integration/lib/python3.12/site-packages/_pytest/runner.py\", line 174, in pytest_runtest_call\n    item.runtest()\n  File \"/home/runner/work/pgbouncer-operator/pgbouncer-operator/.tox/integration/lib/python3.12/site-packages/_pytest/python.py\", line 1627, in runtest\n    self.ihook.pytest_pyfunc_call(pyfuncitem=self)\n  File \"/home/runner/work/pgbouncer-operator/pgbouncer-operator/.tox/integration/lib/python3.12/site-packages/pluggy/_hooks.py\", line 513, in __call__\n    return self._hookexec(self.name, self._hookimpls.copy(), kwargs, firstresult)\n           ^^^^^^^^^^^^^^^^^^^^^^^^^^^^^^^^^^^^^^^^^^^^^^^^^^^^^^^^^^^^^^^^^^^^^^\n  File \"/home/runner/work/pgbouncer-operator/pgbouncer-operator/.tox/integration/lib/python3.12/site-packages/pluggy/_manager.py\", line 120, in _hookexec\n    return self._inner_hookexec(hook_name, methods, kwargs, firstresult)\n           ^^^^^^^^^^^^^^^^^^^^^^^^^^^^^^^^^^^^^^^^^^^^^^^^^^^^^^^^^^^^^\n  File \"/home/runner/work/pgbouncer-operator/pgbouncer-operator/.tox/integration/lib/python3.12/site-packages/pluggy/_callers.py\", line 182, in _multicall\n    return outcome.get_result()\n           ^^^^^^^^^^^^^^^^^^^^\n  File \"/home/runner/work/pgbouncer-operator/pgbouncer-operator/.tox/integration/lib/python3.12/site-packages/pluggy/_result.py\", line 100, in get_result\n    raise exc.with_traceback(exc.__traceback__)\n  File \"/home/runner/work/pgbouncer-operator/pgbouncer-operator/.tox/integration/lib/python3.12/site-packages/pluggy/_callers.py\", line 103, in _multicall\n    res = hook_impl.function(*args)\n          ^^^^^^^^^^^^^^^^^^^^^^^^^\n  File \"/home/runner/work/pgbouncer-operator/pgbouncer-operator/.tox/integration/lib/python3.12/site-packages/_pytest/python.py\", line 159, in pytest_pyfunc_call\n    result = testfunction(**testargs)\n             ^^^^^^^^^^^^^^^^^^^^^^^^\n  File \"/home/runner/work/pgbouncer-operator/pgbouncer-operator/.tox/integration/lib/python3.12/site-packages/pytest_asyncio/plugin.py\", line 529, in inner\n    _loop.run_until_complete(task)\n  File \"/usr/lib/python3.12/asyncio/base_events.py\", line 687, in run_until_complete\n    return future.result()\n           ^^^^^^^^^^^^^^^\n  File \"/home/runner/work/pgbouncer-operator/pgbouncer-operator/tests/integration/relations/pgbouncer_provider/test_pgbouncer_provider.py\", line 355, in test_scaling\n    await check_new_relation(\n  File \"/home/runner/work/pgbouncer-operator/pgbouncer-operator/tests/integration/relations/pgbouncer_provider/helpers.py\", line 144, in check_new_relation\n    for attempt in Retrying(stop=stop_after_attempt(5), wait=wait_fixed(1), reraise=True):\n  File \"/home/runner/work/pgbouncer-operator/pgbouncer-operator/.tox/integration/lib/python3.12/site-packages/tenacity/__init__.py\", line 443, in __iter__\n    do = self.iter(retry_state=retry_state)\n         ^^^^^^^^^^^^^^^^^^^^^^^^^^^^^^^^^^\n  File \"/home/runner/work/pgbouncer-operator/pgbouncer-operator/.tox/integration/lib/python3.12/site-packages/tenacity/__init__.py\", line 376, in iter\n    result = action(retry_state)\n             ^^^^^^^^^^^^^^^^^^^\n  File \"/home/runner/work/pgbouncer-operator/pgbouncer-operator/.tox/integration/lib/python3.12/site-packages/tenacity/__init__.py\", line 418, in exc_check\n    raise retry_exc.reraise()\n          ^^^^^^^^^^^^^^^^^^^\n  File \"/home/runner/work/pgbouncer-operator/pgbouncer-operator/.tox/integration/lib/python3.12/site-packages/tenacity/__init__.py\", line 185, in reraise\n    raise self.last_attempt.result()\n          ^^^^^^^^^^^^^^^^^^^^^^^^^^\n  File \"/usr/lib/python3.12/concurrent/futures/_base.py\", line 449, in result\n    return self.__get_result()\n           ^^^^^^^^^^^^^^^^^^^\n  File \"/usr/lib/python3.12/concurrent/futures/_base.py\", line 401, in __get_result\n    raise self._exception\n  File \"/home/runner/work/pgbouncer-operator/pgbouncer-operator/tests/integration/relations/pgbouncer_provider/helpers.py\", line 159, in check_new_relation\n    assert smoke_val in json.loads(run_update_query[\"results\"])[0]\n                                   ~~~~~~~~~~~~~~~~^^^^^^^^^^^\nKeyError: 'results'","flaky":false,"newFailed":false,"newBroken":true,"newPassed":false,"retriesCount":1,"retriesStatusChange":true,"beforeStages":[{"name":"event_loop","time":{"start":1737682216823,"stop":1737682216824,"duration":1},"status":"passed","steps":[],"attachments":[],"parameters":[],"shouldDisplayMessage":false,"stepsCount":0,"attachmentsCount":0,"hasContent":false,"attachmentStep":false},{"name":"ops_test","time":{"start":1737682216824,"stop":1737682216972,"duration":148},"status":"passed","steps":[],"attachments":[],"parameters":[],"shouldDisplayMessage":false,"stepsCount":0,"attachmentsCount":0,"hasContent":false,"attachmentStep":false},{"name":"tmp_path_factory","time":{"start":1737682216824,"stop":1737682216824,"duration":0},"status":"passed","steps":[],"attachments":[],"parameters":[],"shouldDisplayMessage":false,"stepsCount":0,"attachmentsCount":0,"hasContent":false,"attachmentStep":false},{"name":"abort_on_fail","time":{"start":1737683949995,"stop":1737683949995,"duration":0},"status":"passed","steps":[],"attachments":[],"parameters":[],"shouldDisplayMessage":false,"stepsCount":0,"attachmentsCount":0,"hasContent":false,"attachmentStep":false}],"testStage":{"description":"Check these relations all work when scaling pgbouncer.","status":"broken","statusMessage":"KeyError: 'results'","statusTrace":"Traceback (most recent call last):\n  File \"/home/runner/work/pgbouncer-operator/pgbouncer-operator/.tox/integration/lib/python3.12/site-packages/_pytest/runner.py\", line 341, in from_call\n    result: TResult | None = func()\n                             ^^^^^^\n  File \"/home/runner/work/pgbouncer-operator/pgbouncer-operator/.tox/integration/lib/python3.12/site-packages/_pytest/runner.py\", line 242, in <lambda>\n    lambda: runtest_hook(item=item, **kwds), when=when, reraise=reraise\n            ^^^^^^^^^^^^^^^^^^^^^^^^^^^^^^^\n  File \"/home/runner/work/pgbouncer-operator/pgbouncer-operator/.tox/integration/lib/python3.12/site-packages/pluggy/_hooks.py\", line 513, in __call__\n    return self._hookexec(self.name, self._hookimpls.copy(), kwargs, firstresult)\n           ^^^^^^^^^^^^^^^^^^^^^^^^^^^^^^^^^^^^^^^^^^^^^^^^^^^^^^^^^^^^^^^^^^^^^^\n  File \"/home/runner/work/pgbouncer-operator/pgbouncer-operator/.tox/integration/lib/python3.12/site-packages/pluggy/_manager.py\", line 120, in _hookexec\n    return self._inner_hookexec(hook_name, methods, kwargs, firstresult)\n           ^^^^^^^^^^^^^^^^^^^^^^^^^^^^^^^^^^^^^^^^^^^^^^^^^^^^^^^^^^^^^\n  File \"/home/runner/work/pgbouncer-operator/pgbouncer-operator/.tox/integration/lib/python3.12/site-packages/pluggy/_callers.py\", line 182, in _multicall\n    return outcome.get_result()\n           ^^^^^^^^^^^^^^^^^^^^\n  File \"/home/runner/work/pgbouncer-operator/pgbouncer-operator/.tox/integration/lib/python3.12/site-packages/pluggy/_result.py\", line 100, in get_result\n    raise exc.with_traceback(exc.__traceback__)\n  File \"/home/runner/work/pgbouncer-operator/pgbouncer-operator/.tox/integration/lib/python3.12/site-packages/pluggy/_callers.py\", line 167, in _multicall\n    teardown.throw(outcome._exception)\n  File \"/home/runner/work/pgbouncer-operator/pgbouncer-operator/.tox/integration/lib/python3.12/site-packages/_pytest/threadexception.py\", line 92, in pytest_runtest_call\n    yield from thread_exception_runtest_hook()\n  File \"/home/runner/work/pgbouncer-operator/pgbouncer-operator/.tox/integration/lib/python3.12/site-packages/_pytest/threadexception.py\", line 68, in thread_exception_runtest_hook\n    yield\n  File \"/home/runner/work/pgbouncer-operator/pgbouncer-operator/.tox/integration/lib/python3.12/site-packages/pluggy/_callers.py\", line 167, in _multicall\n    teardown.throw(outcome._exception)\n  File \"/home/runner/work/pgbouncer-operator/pgbouncer-operator/.tox/integration/lib/python3.12/site-packages/_pytest/unraisableexception.py\", line 95, in pytest_runtest_call\n    yield from unraisable_exception_runtest_hook()\n  File \"/home/runner/work/pgbouncer-operator/pgbouncer-operator/.tox/integration/lib/python3.12/site-packages/_pytest/unraisableexception.py\", line 70, in unraisable_exception_runtest_hook\n    yield\n  File \"/home/runner/work/pgbouncer-operator/pgbouncer-operator/.tox/integration/lib/python3.12/site-packages/pluggy/_callers.py\", line 167, in _multicall\n    teardown.throw(outcome._exception)\n  File \"/home/runner/work/pgbouncer-operator/pgbouncer-operator/.tox/integration/lib/python3.12/site-packages/_pytest/logging.py\", line 846, in pytest_runtest_call\n    yield from self._runtest_for(item, \"call\")\n  File \"/home/runner/work/pgbouncer-operator/pgbouncer-operator/.tox/integration/lib/python3.12/site-packages/_pytest/logging.py\", line 829, in _runtest_for\n    yield\n  File \"/home/runner/work/pgbouncer-operator/pgbouncer-operator/.tox/integration/lib/python3.12/site-packages/pluggy/_callers.py\", line 167, in _multicall\n    teardown.throw(outcome._exception)\n  File \"/home/runner/work/pgbouncer-operator/pgbouncer-operator/.tox/integration/lib/python3.12/site-packages/_pytest/capture.py\", line 880, in pytest_runtest_call\n    return (yield)\n            ^^^^^\n  File \"/home/runner/work/pgbouncer-operator/pgbouncer-operator/.tox/integration/lib/python3.12/site-packages/pluggy/_callers.py\", line 167, in _multicall\n    teardown.throw(outcome._exception)\n  File \"/home/runner/work/pgbouncer-operator/pgbouncer-operator/.tox/integration/lib/python3.12/site-packages/_pytest/skipping.py\", line 257, in pytest_runtest_call\n    return (yield)\n            ^^^^^\n  File \"/home/runner/work/pgbouncer-operator/pgbouncer-operator/.tox/integration/lib/python3.12/site-packages/pluggy/_callers.py\", line 103, in _multicall\n    res = hook_impl.function(*args)\n          ^^^^^^^^^^^^^^^^^^^^^^^^^\n  File \"/home/runner/work/pgbouncer-operator/pgbouncer-operator/.tox/integration/lib/python3.12/site-packages/_pytest/runner.py\", line 174, in pytest_runtest_call\n    item.runtest()\n  File \"/home/runner/work/pgbouncer-operator/pgbouncer-operator/.tox/integration/lib/python3.12/site-packages/_pytest/python.py\", line 1627, in runtest\n    self.ihook.pytest_pyfunc_call(pyfuncitem=self)\n  File \"/home/runner/work/pgbouncer-operator/pgbouncer-operator/.tox/integration/lib/python3.12/site-packages/pluggy/_hooks.py\", line 513, in __call__\n    return self._hookexec(self.name, self._hookimpls.copy(), kwargs, firstresult)\n           ^^^^^^^^^^^^^^^^^^^^^^^^^^^^^^^^^^^^^^^^^^^^^^^^^^^^^^^^^^^^^^^^^^^^^^\n  File \"/home/runner/work/pgbouncer-operator/pgbouncer-operator/.tox/integration/lib/python3.12/site-packages/pluggy/_manager.py\", line 120, in _hookexec\n    return self._inner_hookexec(hook_name, methods, kwargs, firstresult)\n           ^^^^^^^^^^^^^^^^^^^^^^^^^^^^^^^^^^^^^^^^^^^^^^^^^^^^^^^^^^^^^\n  File \"/home/runner/work/pgbouncer-operator/pgbouncer-operator/.tox/integration/lib/python3.12/site-packages/pluggy/_callers.py\", line 182, in _multicall\n    return outcome.get_result()\n           ^^^^^^^^^^^^^^^^^^^^\n  File \"/home/runner/work/pgbouncer-operator/pgbouncer-operator/.tox/integration/lib/python3.12/site-packages/pluggy/_result.py\", line 100, in get_result\n    raise exc.with_traceback(exc.__traceback__)\n  File \"/home/runner/work/pgbouncer-operator/pgbouncer-operator/.tox/integration/lib/python3.12/site-packages/pluggy/_callers.py\", line 103, in _multicall\n    res = hook_impl.function(*args)\n          ^^^^^^^^^^^^^^^^^^^^^^^^^\n  File \"/home/runner/work/pgbouncer-operator/pgbouncer-operator/.tox/integration/lib/python3.12/site-packages/_pytest/python.py\", line 159, in pytest_pyfunc_call\n    result = testfunction(**testargs)\n             ^^^^^^^^^^^^^^^^^^^^^^^^\n  File \"/home/runner/work/pgbouncer-operator/pgbouncer-operator/.tox/integration/lib/python3.12/site-packages/pytest_asyncio/plugin.py\", line 529, in inner\n    _loop.run_until_complete(task)\n  File \"/usr/lib/python3.12/asyncio/base_events.py\", line 687, in run_until_complete\n    return future.result()\n           ^^^^^^^^^^^^^^^\n  File \"/home/runner/work/pgbouncer-operator/pgbouncer-operator/tests/integration/relations/pgbouncer_provider/test_pgbouncer_provider.py\", line 355, in test_scaling\n    await check_new_relation(\n  File \"/home/runner/work/pgbouncer-operator/pgbouncer-operator/tests/integration/relations/pgbouncer_provider/helpers.py\", line 144, in check_new_relation\n    for attempt in Retrying(stop=stop_after_attempt(5), wait=wait_fixed(1), reraise=True):\n  File \"/home/runner/work/pgbouncer-operator/pgbouncer-operator/.tox/integration/lib/python3.12/site-packages/tenacity/__init__.py\", line 443, in __iter__\n    do = self.iter(retry_state=retry_state)\n         ^^^^^^^^^^^^^^^^^^^^^^^^^^^^^^^^^^\n  File \"/home/runner/work/pgbouncer-operator/pgbouncer-operator/.tox/integration/lib/python3.12/site-packages/tenacity/__init__.py\", line 376, in iter\n    result = action(retry_state)\n             ^^^^^^^^^^^^^^^^^^^\n  File \"/home/runner/work/pgbouncer-operator/pgbouncer-operator/.tox/integration/lib/python3.12/site-packages/tenacity/__init__.py\", line 418, in exc_check\n    raise retry_exc.reraise()\n          ^^^^^^^^^^^^^^^^^^^\n  File \"/home/runner/work/pgbouncer-operator/pgbouncer-operator/.tox/integration/lib/python3.12/site-packages/tenacity/__init__.py\", line 185, in reraise\n    raise self.last_attempt.result()\n          ^^^^^^^^^^^^^^^^^^^^^^^^^^\n  File \"/usr/lib/python3.12/concurrent/futures/_base.py\", line 449, in result\n    return self.__get_result()\n           ^^^^^^^^^^^^^^^^^^^\n  File \"/usr/lib/python3.12/concurrent/futures/_base.py\", line 401, in __get_result\n    raise self._exception\n  File \"/home/runner/work/pgbouncer-operator/pgbouncer-operator/tests/integration/relations/pgbouncer_provider/helpers.py\", line 159, in check_new_relation\n    assert smoke_val in json.loads(run_update_query[\"results\"])[0]\n                                   ~~~~~~~~~~~~~~~~^^^^^^^^^^^\nKeyError: 'results'","steps":[],"attachments":[{"uid":"f52b9a1f0beb7cc0","name":"log","source":"f52b9a1f0beb7cc0.txt","type":"text/plain","size":7065}],"parameters":[],"shouldDisplayMessage":true,"stepsCount":0,"attachmentsCount":1,"hasContent":true,"attachmentStep":false},"afterStages":[{"name":"abort_on_fail::0","time":{"start":1737684020896,"stop":1737684020896,"duration":0},"status":"passed","steps":[],"attachments":[],"parameters":[],"shouldDisplayMessage":false,"stepsCount":0,"attachmentsCount":0,"hasContent":false,"attachmentStep":false},{"name":"ops_test::finalizer","time":{"start":1737684061269,"stop":1737684063160,"duration":1891},"status":"passed","steps":[],"attachments":[],"parameters":[],"shouldDisplayMessage":false,"stepsCount":0,"attachmentsCount":0,"hasContent":false,"attachmentStep":false},{"name":"event_loop::2","time":{"start":1737684063161,"stop":1737684063161,"duration":0},"status":"passed","steps":[],"attachments":[],"parameters":[],"shouldDisplayMessage":false,"stepsCount":0,"attachmentsCount":0,"hasContent":false,"attachmentStep":false},{"name":"event_loop::_close_event_loop","time":{"start":1737684063161,"stop":1737684063161,"duration":0},"status":"passed","steps":[],"attachments":[],"parameters":[],"shouldDisplayMessage":false,"stepsCount":0,"attachmentsCount":0,"hasContent":false,"attachmentStep":false},{"name":"event_loop::_provide_clean_event_loop","time":{"start":1737684063161,"stop":1737684063161,"duration":0},"status":"passed","steps":[],"attachments":[],"parameters":[],"shouldDisplayMessage":false,"stepsCount":0,"attachmentsCount":0,"hasContent":false,"attachmentStep":false}],"labels":[{"name":"tag","value":"group(1)"},{"name":"tag","value":"asyncio"},{"name":"parentSuite","value":"tests.integration.relations.pgbouncer_provider"},{"name":"suite","value":"test_pgbouncer_provider"},{"name":"host","value":"fv-az787-359"},{"name":"thread","value":"9977-MainThread"},{"name":"framework","value":"pytest"},{"name":"language","value":"cpython3"},{"name":"package","value":"tests.integration.relations.pgbouncer_provider.test_pgbouncer_provider"},{"name":"resultFormat","value":"allure2"}],"parameters":[],"links":[],"hidden":false,"retry":false,"extra":{"severity":"normal","retries":[{"uid":"992c0fb1686dbb5b","status":"unknown","time":{}}],"categories":[{"name":"Test defects","matchedStatuses":[],"flaky":false}],"history":{"statistic":{"failed":0,"broken":6,"skipped":7,"passed":261,"unknown":3,"total":277},"items":[{"uid":"2041a3a1bce47053","reportUrl":"../2361//#testresult/2041a3a1bce47053","status":"passed","time":{"start":1737597557318,"stop":1737597835203,"duration":277885}},{"uid":"90a0cffc31eb1fe","reportUrl":"../2351//#testresult/90a0cffc31eb1fe","status":"passed","time":{"start":1737511240444,"stop":1737511529935,"duration":289491}},{"uid":"305bbc3175214b37","reportUrl":"../2344//#testresult/305bbc3175214b37","status":"passed","time":{"start":1737424758735,"stop":1737425047939,"duration":289204}},{"uid":"a68731e1b73aa910","reportUrl":"../2336//#testresult/a68731e1b73aa910","status":"passed","time":{"start":1737338480296,"stop":1737338773938,"duration":293642}},{"uid":"565ab7830d925e1f","reportUrl":"../2335//#testresult/565ab7830d925e1f","status":"passed","time":{"start":1737252108093,"stop":1737252399476,"duration":291383}},{"uid":"78378b78e057ab36","reportUrl":"../2334//#testresult/78378b78e057ab36","status":"passed","time":{"start":1737165594454,"stop":1737165884821,"duration":290367}},{"uid":"4fcb5d44d77aa402","reportUrl":"../2327//#testresult/4fcb5d44d77aa402","status":"passed","time":{"start":1737079362740,"stop":1737079672418,"duration":309678}},{"uid":"d662a67b16a725c4","reportUrl":"../2321//#testresult/d662a67b16a725c4","status":"passed","time":{"start":1736992827375,"stop":1736993099417,"duration":272042}},{"uid":"5e6b4987434d82aa","reportUrl":"../2316//#testresult/5e6b4987434d82aa","status":"passed","time":{"start":1736906475829,"stop":1736906771695,"duration":295866}},{"uid":"48a25fe5f1df492e","reportUrl":"../2302//#testresult/48a25fe5f1df492e","status":"passed","time":{"start":1736647314379,"stop":1736647609810,"duration":295431}},{"uid":"944d18234164371f","reportUrl":"../2301//#testresult/944d18234164371f","status":"passed","time":{"start":1736560863138,"stop":1736561152377,"duration":289239}},{"uid":"9f04d9f714ae7d3f","reportUrl":"../2296//#testresult/9f04d9f714ae7d3f","status":"passed","time":{"start":1736474375275,"stop":1736474654088,"duration":278813}},{"uid":"6c79b5ca0b9265b","reportUrl":"../2295//#testresult/6c79b5ca0b9265b","status":"passed","time":{"start":1736387987341,"stop":1736388305379,"duration":318038}},{"uid":"693fc7d3d8dc4b90","reportUrl":"../2274//#testresult/693fc7d3d8dc4b90","status":"passed","time":{"start":1735869860671,"stop":1735870149822,"duration":289151}},{"uid":"323bdeb1455db10a","reportUrl":"../2273//#testresult/323bdeb1455db10a","status":"passed","time":{"start":1735783335472,"stop":1735783636273,"duration":300801}},{"uid":"91b3f7d73c6b2a19","reportUrl":"../2272//#testresult/91b3f7d73c6b2a19","status":"passed","time":{"start":1735697134002,"stop":1735697432159,"duration":298157}},{"uid":"5adf3ec6caafab59","reportUrl":"../2271//#testresult/5adf3ec6caafab59","status":"passed","time":{"start":1735610821317,"stop":1735611106476,"duration":285159}},{"uid":"d6970d8286123066","reportUrl":"../2270//#testresult/d6970d8286123066","status":"passed","time":{"start":1735524550452,"stop":1735524845069,"duration":294617}},{"uid":"e5b793c1e0185ac7","reportUrl":"../2269//#testresult/e5b793c1e0185ac7","status":"passed","time":{"start":1735437923456,"stop":1735438215313,"duration":291857}},{"uid":"968c27fe88185ec2","reportUrl":"../2268//#testresult/968c27fe88185ec2","status":"passed","time":{"start":1735351347645,"stop":1735351636958,"duration":289313}}]},"tags":["asyncio","group(1)"]},"source":"be1eb2f591441572.json","parameterValues":[]}