[33mWARNING [0m juju.client.connection:connection.py:858 unexpected facade SSHServer received from the controller
[32mINFO    [0m pytest_operator.plugin:plugin.py:806 Connecting to existing model concierge-lxd:testing on unspecified cloud
[33mWARNING [0m juju.client.connection:connection.py:858 unexpected facade SSHServer received from the controller
[33mWARNING [0m juju.client.connection:connection.py:858 unexpected facade SSHSession received from the controller
[33mWARNING [0m juju.client.connection:connection.py:858 unexpected facade SSHTunneler received from the controller
[33mWARNING [0m juju.client.connection:connection.py:858 unexpected facade SSHServer received from the controller
[33mWARNING [0m juju.client.connection:connection.py:858 unexpected facade SSHServer received from the controller
[32mINFO    [0m juju.model:__init__.py:2301 Deploying ch:amd64/jammy/postgresql-test-app-410
[32mINFO    [0m juju.model:__init__.py:2301 Deploying local:jammy/pgbouncer-0
[32mINFO    [0m juju.model:__init__.py:2301 Deploying ch:amd64/jammy/postgresql-918
[33mWARNING [0m juju.model:__init__.py:1683 relate is deprecated and will be removed. Use integrate instead.
[32mINFO    [0m juju.model:__init__.py:3254 Waiting for model:
  postgresql/0 [allocating] waiting: waiting for machine
  postgresql-test-app/0 [allocating] waiting: waiting for machine
[32mINFO    [0m juju.model:__init__.py:3254 Waiting for model:
  postgresql/0 [allocating] waiting: waiting for machine
  postgresql-test-app/0 [allocating] waiting: waiting for machine
[32mINFO    [0m juju.model:__init__.py:3254 Waiting for model:
  postgresql/0 [allocating] waiting: waiting for machine
  postgresql-test-app/0 [allocating] waiting: waiting for machine
[32mINFO    [0m juju.model:__init__.py:3254 Waiting for model:
  postgresql/0 [allocating] waiting: waiting for machine
  postgresql-test-app/0 [allocating] waiting: waiting for machine
[32mINFO    [0m juju.model:__init__.py:3254 Waiting for model:
  postgresql/0 [allocating] waiting: waiting for machine
  postgresql-test-app/0 [idle] blocked: No database integration available
[32mINFO    [0m juju.model:__init__.py:3254 Waiting for model:
  postgresql/0 [allocating] waiting: waiting for machine
[32mINFO    [0m juju.model:__init__.py:3254 Waiting for model:
  postgresql/0 [executing] maintenance: installing PostgreSQL
[32mINFO    [0m juju.model:__init__.py:3254 Waiting for model:
  postgresql/0 [executing] active: Primary
[32mINFO    [0m juju.model:__init__.py:3254 Waiting for model:
  postgresql/0 [idle] active: Primary
[33mWARNING [0m juju.model:__init__.py:1683 relate is deprecated and will be removed. Use integrate instead.
[32mINFO    [0m juju.model:__init__.py:3254 Waiting for model:
  pgbouncer (not enough units yet - 0/1)
  postgresql-test-app/0 [idle] blocked: No database integration available
  postgresql/0 [idle] active: Primary
[32mINFO    [0m juju.model:__init__.py:3254 Waiting for model:
  pgbouncer/0 [executing] maintenance: updating PgBouncer config
  postgresql-test-app/0 [idle] blocked: No database integration available
  postgresql/0 [executing] active: Primary
[32mINFO    [0m juju.model:__init__.py:3254 Waiting for model:
  pgbouncer/0 [executing] active: 
  postgresql-test-app/0 [idle] blocked: No database integration available
  postgresql/0 [idle] active: Primary
[32mINFO    [0m juju.model:__init__.py:3254 Waiting for model:
  pgbouncer/0 [idle] active: 
  postgresql-test-app/0 [idle] active: received database credentials of the first database
[32mINFO    [0m integration.test_config:test_config.py:67 listen_port
[32mINFO    [0m integration.test_config:test_config.py:67 metrics_port
[32mINFO    [0m integration.test_config:test_config.py:67 vip
[32mINFO    [0m integration.test_config:test_config.py:67 local_connection_type
[32mINFO    [0m integration.test_config:test_config.py:67 pool_mode
[32mINFO    [0m integration.test_config:test_config.py:67 max_db_connections
[32mINFO    [0m pytest_operator.plugin:plugin.py:951 Model status:

Model    Controller     Cloud/Region         Version  SLA          Timestamp
testing  concierge-lxd  localhost/localhost  3.6.9    unsupported  01:44:05Z

App                  Version  Status  Scale  Charm                Channel      Rev  Exposed  Message
pgbouncer            1.21.0   active      1  pgbouncer                           0  no       
postgresql           14.19    active      1  postgresql           14/edge      918  no       
postgresql-test-app           active      1  postgresql-test-app  latest/edge  410  no       received database credentials of the first database

Unit                    Workload  Agent  Machine  Public address  Ports     Message
postgresql-test-app/0*  active    idle   0        10.239.83.243             received database credentials of the first database
  pgbouncer/0*          active    idle            10.239.83.243             
postgresql/0*           active    idle   1        10.239.83.150   5432/tcp  Primary

Machine  State    Address        Inst id        Base          AZ             Message
0        started  10.239.83.243  juju-297a93-0  ubuntu@22.04  runnervm3ublj  Running
1        started  10.239.83.150  juju-297a93-1  ubuntu@22.04  runnervm3ublj  Running

[32mINFO    [0m pytest_operator.plugin:plugin.py:957 Juju error logs:

machine-0: 01:39:50 ERROR juju.worker.dependency "kvm-container-provisioner" manifold worker returned unexpected error: container types not yet available
machine-0: 01:39:50 ERROR juju.worker.dependency "lxd-container-provisioner" manifold worker returned unexpected error: container types not yet available
unit-postgresql-test-app-0: 01:39:50 ERROR juju.worker.meterstatus error running "meter-status-changed": charm missing from disk
machine-1: 01:40:44 ERROR juju.worker.dependency "kvm-container-provisioner" manifold worker returned unexpected error: container types not yet available
machine-1: 01:40:44 ERROR juju.worker.dependency "lxd-container-provisioner" manifold worker returned unexpected error: container types not yet available
unit-postgresql-0: 01:40:44 ERROR juju.worker.meterstatus error running "meter-status-changed": charm missing from disk
unit-postgresql-0: 01:41:29 ERROR unit.postgresql/0.juju-log Failed to list PostgreSQL database users: could not translate host name "None" to address: Temporary failure in name resolution

unit-pgbouncer-0: 01:42:15 ERROR juju.worker.meterstatus error running "meter-status-changed": exit status 1
unit-pgbouncer-0: 01:43:52 ERROR unit.pgbouncer/0.juju-log Invalid configuration
Traceback (most recent call last):
  File "/var/lib/juju/agents/unit-pgbouncer-0/charm/src/charm.py", line 527, in configuration_check
    _ = self.config
  File "/var/lib/juju/agents/unit-pgbouncer-0/charm/lib/charms/data_platform_libs/v0/data_models.py", line 200, in config
    return self.config_type(**translated_keys)
  File "/var/lib/juju/agents/unit-pgbouncer-0/charm/venv/lib/python3.10/site-packages/pydantic/main.py", line 347, in __init__
    raise validation_error
pydantic.error_wrappers.ValidationError: 1 validation error for CharmConfig
listen_port
  ensure this value is greater than 0 (type=value_error.number.not_gt; limit_value=0)
unit-pgbouncer-0: 01:43:54 ERROR unit.pgbouncer/0.juju-log Invalid configuration
Traceback (most recent call last):
  File "/var/lib/juju/agents/unit-pgbouncer-0/charm/src/charm.py", line 527, in configuration_check
    _ = self.config
  File "/var/lib/juju/agents/unit-pgbouncer-0/charm/lib/charms/data_platform_libs/v0/data_models.py", line 200, in config
    return self.config_type(**translated_keys)
  File "/var/lib/juju/agents/unit-pgbouncer-0/charm/venv/lib/python3.10/site-packages/pydantic/main.py", line 347, in __init__
    raise validation_error
pydantic.error_wrappers.ValidationError: 1 validation error for CharmConfig
metrics_port
  ensure this value is greater than 0 (type=value_error.number.not_gt; limit_value=0)
unit-pgbouncer-0: 01:43:56 ERROR unit.pgbouncer/0.juju-log Invalid configuration
Traceback (most recent call last):
  File "/var/lib/juju/agents/unit-pgbouncer-0/charm/src/charm.py", line 527, in configuration_check
    _ = self.config
  File "/var/lib/juju/agents/unit-pgbouncer-0/charm/lib/charms/data_platform_libs/v0/data_models.py", line 200, in config
    return self.config_type(**translated_keys)
  File "/var/lib/juju/agents/unit-pgbouncer-0/charm/venv/lib/python3.10/site-packages/pydantic/main.py", line 347, in __init__
    raise validation_error
pydantic.error_wrappers.ValidationError: 1 validation error for CharmConfig
vip
  value is not a valid IPv4 or IPv6 address (type=value_error.ipvanyaddress)
unit-pgbouncer-0: 01:43:59 ERROR unit.pgbouncer/0.juju-log Invalid configuration
Traceback (most recent call last):
  File "/var/lib/juju/agents/unit-pgbouncer-0/charm/src/charm.py", line 527, in configuration_check
    _ = self.config
  File "/var/lib/juju/agents/unit-pgbouncer-0/charm/lib/charms/data_platform_libs/v0/data_models.py", line 200, in config
    return self.config_type(**translated_keys)
  File "/var/lib/juju/agents/unit-pgbouncer-0/charm/venv/lib/python3.10/site-packages/pydantic/main.py", line 347, in __init__
    raise validation_error
pydantic.error_wrappers.ValidationError: 1 validation error for CharmConfig
local_connection_type
  unexpected value; permitted: 'tcp', 'uds' (type=value_error.const; given=abcXYZ123; permitted=('tcp', 'uds'))
unit-pgbouncer-0: 01:44:01 ERROR unit.pgbouncer/0.juju-log Invalid configuration
Traceback (most recent call last):
  File "/var/lib/juju/agents/unit-pgbouncer-0/charm/src/charm.py", line 527, in configuration_check
    _ = self.config
  File "/var/lib/juju/agents/unit-pgbouncer-0/charm/lib/charms/data_platform_libs/v0/data_models.py", line 200, in config
    return self.config_type(**translated_keys)
  File "/var/lib/juju/agents/unit-pgbouncer-0/charm/venv/lib/python3.10/site-packages/pydantic/main.py", line 347, in __init__
    raise validation_error
pydantic.error_wrappers.ValidationError: 1 validation error for CharmConfig
pool_mode
  unexpected value; permitted: 'session', 'transaction', 'statement' (type=value_error.const; given=abcXYZ123; permitted=('session', 'transaction', 'statement'))

[32mINFO    [0m pytest_operator.plugin:plugin.py:1039 Forgetting model main...