[32mINFO    [0m juju.model:__init__.py:3254 Waiting for model:
  postgresql-test-app (waiting for exactly 3 units, current : 4)
[32mINFO    [0m juju.model:__init__.py:3254 Waiting for model:
  postgresql-test-app/2 [idle] active: received database credentials of the first database
  postgresql-test-app/0 [idle] active: received database credentials of the first database
  postgresql-test-app/3 [idle] active: received database credentials of the first database
[32mINFO    [0m juju.model:__init__.py:3254 Waiting for model:
  ubuntu-advantage/1 [idle] active: Attached (esm-apps,esm-infra)
  ubuntu-advantage/3 [idle] active: Attached (esm-apps,esm-infra)
  ubuntu-advantage/5 [idle] active: Attached (esm-apps,esm-infra)
  ubuntu-advantage/6 [idle] active: Attached (esm-apps,esm-infra)
  ubuntu-advantage/7 [idle] active: Attached (esm-apps,esm-infra)
  ubuntu-advantage/8 [idle] active: Attached (esm-apps,esm-infra)
  postgresql-test-app/2 [idle] active: received database credentials of the first database
  postgresql-test-app/0 [idle] active: received database credentials of the first database
  postgresql-test-app/3 [idle] active: received database credentials of the first database
  postgresql/0 [idle] active: 
  postgresql/1 [idle] active: Primary
  postgresql/2 [idle] active: 
  pgbouncer/0 [idle] active: 
  pgbouncer/1 [idle] active: 
  pgbouncer/3 [idle] active:
[32mINFO    [0m pytest_operator.plugin:plugin.py:951 Model status:

Model    Controller     Cloud/Region         Version  SLA          Timestamp
testing  concierge-lxd  localhost/localhost  3.6.8    unsupported  02:17:18Z

App                  Version  Status   Scale  Charm                Channel      Rev  Exposed  Message
landscape-client              unknown      0  landscape-client     latest/edge   73  no       
pgbouncer            1.21.0   active       3  pgbouncer                           0  no       
postgresql           14.18    active       3  postgresql           14/edge      871  no       
postgresql-test-app           active       3  postgresql-test-app  latest/edge  398  no       received database credentials of the first database
ubuntu-advantage              active       6  ubuntu-advantage     latest/edge  148  no       Attached (esm-apps,esm-infra)

Unit                    Workload  Agent  Machine  Public address  Ports     Message
postgresql-test-app/0*  active    idle   0        10.28.194.212             received database credentials of the first database
  pgbouncer/1           active    idle            10.28.194.212             
  ubuntu-advantage/1*   active    idle            10.28.194.212             Attached (esm-apps,esm-infra)
postgresql-test-app/2   active    idle   2        10.28.194.74              received database credentials of the first database
  pgbouncer/0*          active    idle            10.28.194.74              
  ubuntu-advantage/5    active    idle            10.28.194.74              Attached (esm-apps,esm-infra)
postgresql-test-app/3   active    idle   6        10.28.194.127             received database credentials of the first database
  pgbouncer/3           active    idle            10.28.194.127             
  ubuntu-advantage/8    active    idle            10.28.194.127             Attached (esm-apps,esm-infra)
postgresql/0            active    idle   3        10.28.194.226   5432/tcp  
  ubuntu-advantage/3    active    idle            10.28.194.226             Attached (esm-apps,esm-infra)
postgresql/1*           active    idle   4        10.28.194.81    5432/tcp  Primary
  ubuntu-advantage/7    active    idle            10.28.194.81              Attached (esm-apps,esm-infra)
postgresql/2            active    idle   5        10.28.194.132   5432/tcp  
  ubuntu-advantage/6    active    idle            10.28.194.132             Attached (esm-apps,esm-infra)

Machine  State    Address        Inst id        Base          AZ  Message
0        started  10.28.194.212  juju-529140-0  ubuntu@22.04      Running
2        started  10.28.194.74   juju-529140-2  ubuntu@22.04      Running
3        started  10.28.194.226  juju-529140-3  ubuntu@22.04      Running
4        started  10.28.194.81   juju-529140-4  ubuntu@22.04      Running
5        started  10.28.194.132  juju-529140-5  ubuntu@22.04      Running
6        started  10.28.194.127  juju-529140-6  ubuntu@22.04      Running

[32mINFO    [0m pytest_operator.plugin:plugin.py:957 Juju error logs:

machine-1: 01:58:02 ERROR juju.worker.dependency "lxd-container-provisioner" manifold worker returned unexpected error: container types not yet available
machine-1: 01:58:02 ERROR juju.worker.dependency "kvm-container-provisioner" manifold worker returned unexpected error: container types not yet available
unit-postgresql-test-app-1: 01:58:03 ERROR juju.worker.meterstatus error running "meter-status-changed": charm missing from disk
unit-postgresql-test-app-1: 01:58:03 ERROR juju.worker.dependency "uniter" manifold worker returned unexpected error: preparing operation "install ch:amd64/postgresql-test-app-398" for postgresql-test-app/1: failed to download charm "ch:amd64/postgresql-test-app-398" from API server: download request with archiveSha256 length 0 not valid
unit-postgresql-test-app-1: 01:58:07 ERROR juju.worker.dependency "uniter" manifold worker returned unexpected error: preparing operation "install ch:amd64/postgresql-test-app-398" for postgresql-test-app/1: failed to download charm "ch:amd64/postgresql-test-app-398" from API server: download request with archiveSha256 length 0 not valid
unit-postgresql-test-app-1: 01:58:11 ERROR juju.worker.dependency "uniter" manifold worker returned unexpected error: preparing operation "install ch:amd64/postgresql-test-app-398" for postgresql-test-app/1: failed to download charm "ch:amd64/postgresql-test-app-398" from API server: download request with archiveSha256 length 0 not valid
unit-postgresql-test-app-1: 01:58:17 ERROR juju.worker.dependency "uniter" manifold worker returned unexpected error: preparing operation "install ch:amd64/postgresql-test-app-398" for postgresql-test-app/1: failed to download charm "ch:amd64/postgresql-test-app-398" from API server: download request with archiveSha256 length 0 not valid
unit-postgresql-test-app-1: 01:58:23 ERROR juju.worker.dependency "uniter" manifold worker returned unexpected error: preparing operation "install ch:amd64/postgresql-test-app-398" for postgresql-test-app/1: failed to download charm "ch:amd64/postgresql-test-app-398" from API server: download request with archiveSha256 length 0 not valid
unit-postgresql-test-app-1: 01:58:30 ERROR juju.worker.dependency "uniter" manifold worker returned unexpected error: preparing operation "install ch:amd64/postgresql-test-app-398" for postgresql-test-app/1: failed to download charm "ch:amd64/postgresql-test-app-398" from API server: download request with archiveSha256 length 0 not valid
unit-postgresql-test-app-1: 01:58:40 ERROR juju.worker.dependency "uniter" manifold worker returned unexpected error: preparing operation "install ch:amd64/postgresql-test-app-398" for postgresql-test-app/1: failed to download charm "ch:amd64/postgresql-test-app-398" from API server: download request with archiveSha256 length 0 not valid
unit-postgresql-test-app-1: 01:58:51 ERROR juju.worker.dependency "uniter" manifold worker returned unexpected error: preparing operation "install ch:amd64/postgresql-test-app-398" for postgresql-test-app/1: failed to download charm "ch:amd64/postgresql-test-app-398" from API server: download request with archiveSha256 length 0 not valid
unit-postgresql-test-app-1: 01:59:03 ERROR juju.worker.dependency "uniter" manifold worker returned unexpected error: preparing operation "install ch:amd64/postgresql-test-app-398" for postgresql-test-app/1: failed to download charm "ch:amd64/postgresql-test-app-398" from API server: download request with archiveSha256 length 0 not valid
unit-postgresql-test-app-1: 01:59:18 ERROR juju.worker.dependency "uniter" manifold worker returned unexpected error: preparing operation "install ch:amd64/postgresql-test-app-398" for postgresql-test-app/1: failed to download charm "ch:amd64/postgresql-test-app-398" from API server: download request with archiveSha256 length 0 not valid
unit-postgresql-test-app-1: 01:59:36 ERROR juju.worker.dependency "uniter" manifold worker returned unexpected error: preparing operation "install ch:amd64/postgresql-test-app-398" for postgresql-test-app/1: failed to download charm "ch:amd64/postgresql-test-app-398" from API server: download request with archiveSha256 length 0 not valid
unit-postgresql-test-app-1: 01:59:58 ERROR juju.worker.dependency "uniter" manifold worker returned unexpected error: preparing operation "install ch:amd64/postgresql-test-app-398" for postgresql-test-app/1: failed to download charm "ch:amd64/postgresql-test-app-398" from API server: download request with archiveSha256 length 0 not valid
unit-postgresql-test-app-1: 02:00:23 ERROR juju.worker.dependency "uniter" manifold worker returned unexpected error: preparing operation "install ch:amd64/postgresql-test-app-398" for postgresql-test-app/1: failed to download charm "ch:amd64/postgresql-test-app-398" from API server: download request with archiveSha256 length 0 not valid
machine-2: 02:00:38 ERROR juju.worker.dependency "kvm-container-provisioner" manifold worker returned unexpected error: container types not yet available
machine-2: 02:00:38 ERROR juju.worker.dependency "lxd-container-provisioner" manifold worker returned unexpected error: container types not yet available
unit-postgresql-test-app-2: 02:00:39 ERROR juju.worker.meterstatus error running "meter-status-changed": charm missing from disk
unit-postgresql-test-app-2: 02:00:39 ERROR juju.worker.dependency "uniter" manifold worker returned unexpected error: preparing operation "install ch:amd64/postgresql-test-app-398" for postgresql-test-app/2: failed to download charm "ch:amd64/postgresql-test-app-398" from API server: download request with archiveSha256 length 0 not valid
unit-postgresql-test-app-2: 02:00:43 ERROR juju.worker.dependency "uniter" manifold worker returned unexpected error: preparing operation "install ch:amd64/postgresql-test-app-398" for postgresql-test-app/2: failed to download charm "ch:amd64/postgresql-test-app-398" from API server: download request with archiveSha256 length 0 not valid
unit-postgresql-test-app-2: 02:00:47 ERROR juju.worker.dependency "uniter" manifold worker returned unexpected error: preparing operation "install ch:amd64/postgresql-test-app-398" for postgresql-test-app/2: failed to download charm "ch:amd64/postgresql-test-app-398" from API server: download request with archiveSha256 length 0 not valid
unit-postgresql-test-app-1: 02:00:52 ERROR juju.worker.dependency "uniter" manifold worker returned unexpected error: preparing operation "install ch:amd64/postgresql-test-app-398" for postgresql-test-app/1: failed to download charm "ch:amd64/postgresql-test-app-398" from API server: download request with archiveSha256 length 0 not valid
unit-postgresql-test-app-2: 02:00:52 ERROR juju.worker.dependency "uniter" manifold worker returned unexpected error: preparing operation "install ch:amd64/postgresql-test-app-398" for postgresql-test-app/2: failed to download charm "ch:amd64/postgresql-test-app-398" from API server: download request with archiveSha256 length 0 not valid
machine-4: 02:00:53 ERROR juju.worker.dependency "lxd-container-provisioner" manifold worker returned unexpected error: container types not yet available
machine-4: 02:00:53 ERROR juju.worker.dependency "kvm-container-provisioner" manifold worker returned unexpected error: container types not yet available
unit-postgresql-1: 02:00:53 ERROR juju.worker.meterstatus error running "meter-status-changed": charm missing from disk
unit-postgresql-1: 02:00:53 ERROR juju.worker.dependency "uniter" manifold worker returned unexpected error: preparing operation "install ch:amd64/postgresql-871" for postgresql/1: failed to download charm "ch:amd64/postgresql-871" from API server: download request with archiveSha256 length 0 not valid
unit-postgresql-1: 02:00:57 ERROR juju.worker.dependency "uniter" manifold worker returned unexpected error: preparing operation "install ch:amd64/postgresql-871" for postgresql/1: failed to download charm "ch:amd64/postgresql-871" from API server: download request with archiveSha256 length 0 not valid
unit-postgresql-test-app-2: 02:00:58 ERROR juju.worker.dependency "uniter" manifold worker returned unexpected error: preparing operation "install ch:amd64/postgresql-test-app-398" for postgresql-test-app/2: failed to download charm "ch:amd64/postgresql-test-app-398" from API server: download request with archiveSha256 length 0 not valid
unit-postgresql-1: 02:01:01 ERROR juju.worker.dependency "uniter" manifold worker returned unexpected error: preparing operation "install ch:amd64/postgresql-871" for postgresql/1: failed to download charm "ch:amd64/postgresql-871" from API server: download request with archiveSha256 length 0 not valid
unit-postgresql-test-app-2: 02:01:05 ERROR juju.worker.dependency "uniter" manifold worker returned unexpected error: preparing operation "install ch:amd64/postgresql-test-app-398" for postgresql-test-app/2: failed to download charm "ch:amd64/postgresql-test-app-398" from API server: download request with archiveSha256 length 0 not valid
unit-postgresql-1: 02:01:07 ERROR juju.worker.dependency "uniter" manifold worker returned unexpected error: preparing operation "install ch:amd64/postgresql-871" for postgresql/1: failed to download charm "ch:amd64/postgresql-871" from API server: download request with archiveSha256 length 0 not valid
machine-0: 02:01:12 ERROR juju.worker.dependency "lxd-container-provisioner" manifold worker returned unexpected error: container types not yet available
machine-0: 02:01:12 ERROR juju.worker.dependency "kvm-container-provisioner" manifold worker returned unexpected error: container types not yet available
unit-postgresql-test-app-0: 02:01:12 ERROR juju.worker.meterstatus error running "meter-status-changed": charm missing from disk
unit-postgresql-test-app-0: 02:01:12 ERROR juju.worker.dependency "uniter" manifold worker returned unexpected error: preparing operation "install ch:amd64/postgresql-test-app-398" for postgresql-test-app/0: failed to download charm "ch:amd64/postgresql-test-app-398" from API server: download request with archiveSha256 length 0 not valid
unit-postgresql-1: 02:01:13 ERROR juju.worker.dependency "uniter" manifold worker returned unexpected error: preparing operation "install ch:amd64/postgresql-871" for postgresql/1: failed to download charm "ch:amd64/postgresql-871" from API server: download request with archiveSha256 length 0 not valid
unit-postgresql-test-app-2: 02:01:15 ERROR juju.worker.dependency "uniter" manifold worker returned unexpected error: preparing operation "install ch:amd64/postgresql-test-app-398" for postgresql-test-app/2: failed to download charm "ch:amd64/postgresql-test-app-398" from API server: download request with archiveSha256 length 0 not valid
unit-postgresql-test-app-0: 02:01:16 ERROR juju.worker.dependency "uniter" manifold worker returned unexpected error: preparing operation "install ch:amd64/postgresql-test-app-398" for postgresql-test-app/0: failed to download charm "ch:amd64/postgresql-test-app-398" from API server: download request with archiveSha256 length 0 not valid
unit-postgresql-test-app-0: 02:01:20 ERROR juju.worker.dependency "uniter" manifold worker returned unexpected error: preparing operation "install ch:amd64/postgresql-test-app-398" for postgresql-test-app/0: failed to download charm "ch:amd64/postgresql-test-app-398" from API server: download request with archiveSha256 length 0 not valid
unit-postgresql-1: 02:01:21 ERROR juju.worker.dependency "uniter" manifold worker returned unexpected error: preparing operation "install ch:amd64/postgresql-871" for postgresql/1: failed to download charm "ch:amd64/postgresql-871" from API server: download request with archiveSha256 length 0 not valid
machine-3: 02:01:24 ERROR juju.worker.dependency "kvm-container-provisioner" manifold worker returned unexpected error: container types not yet available
machine-3: 02:01:24 ERROR juju.worker.dependency "lxd-container-provisioner" manifold worker returned unexpected error: container types not yet available
unit-postgresql-0: 02:01:24 ERROR juju.worker.meterstatus error running "meter-status-changed": charm missing from disk
unit-postgresql-0: 02:01:24 ERROR juju.worker.dependency "uniter" manifold worker returned unexpected error: preparing operation "install ch:amd64/postgresql-871" for postgresql/0: failed to download charm "ch:amd64/postgresql-871" from API server: download request with archiveSha256 length 0 not valid
unit-postgresql-test-app-2: 02:01:26 ERROR juju.worker.dependency "uniter" manifold worker returned unexpected error: preparing operation "install ch:amd64/postgresql-test-app-398" for postgresql-test-app/2: failed to download charm "ch:amd64/postgresql-test-app-398" from API server: download request with archiveSha256 length 0 not valid
unit-postgresql-test-app-0: 02:01:26 ERROR juju.worker.dependency "uniter" manifold worker returned unexpected error: preparing operation "install ch:amd64/postgresql-test-app-398" for postgresql-test-app/0: failed to download charm "ch:amd64/postgresql-test-app-398" from API server: download request with archiveSha256 length 0 not valid
unit-postgresql-0: 02:01:28 ERROR juju.worker.dependency "uniter" manifold worker returned unexpected error: preparing operation "install ch:amd64/postgresql-871" for postgresql/0: failed to download charm "ch:amd64/postgresql-871" from API server: download request with archiveSha256 length 0 not valid
unit-postgresql-1: 02:01:29 ERROR juju.worker.dependency "uniter" manifold worker returned unexpected error: preparing operation "install ch:amd64/postgresql-871" for postgresql/1: failed to download charm "ch:amd64/postgresql-871" from API server: download request with archiveSha256 length 0 not valid
unit-postgresql-test-app-1: 02:01:31 ERROR juju.worker.dependency "uniter" manifold worker returned unexpected error: preparing operation "install ch:amd64/postgresql-test-app-398" for postgresql-test-app/1: failed to download charm "ch:amd64/postgresql-test-app-398" from API server: download request with archiveSha256 length 0 not valid
unit-postgresql-0: 02:01:32 ERROR juju.worker.dependency "uniter" manifold worker returned unexpected error: preparing operation "install ch:amd64/postgresql-871" for postgresql/0: failed to download charm "ch:amd64/postgresql-871" from API server: download request with archiveSha256 length 0 not valid
unit-postgresql-test-app-0: 02:01:32 ERROR juju.worker.dependency "uniter" manifold worker returned unexpected error: preparing operation "install ch:amd64/postgresql-test-app-398" for postgresql-test-app/0: failed to download charm "ch:amd64/postgresql-test-app-398" from API server: download request with archiveSha256 length 0 not valid
machine-5: 02:01:36 ERROR juju.worker.dependency "lxd-container-provisioner" manifold worker returned unexpected error: container types not yet available
machine-5: 02:01:36 ERROR juju.worker.dependency "kvm-container-provisioner" manifold worker returned unexpected error: container types not yet available
unit-postgresql-2: 02:01:36 ERROR juju.worker.meterstatus error running "meter-status-changed": charm missing from disk
unit-postgresql-2: 02:01:36 ERROR juju.worker.dependency "uniter" manifold worker returned unexpected error: preparing operation "install ch:amd64/postgresql-871" for postgresql/2: failed to download charm "ch:amd64/postgresql-871" from API server: download request with archiveSha256 length 0 not valid
unit-postgresql-0: 02:01:37 ERROR juju.worker.dependency "uniter" manifold worker returned unexpected error: preparing operation "install ch:amd64/postgresql-871" for postgresql/0: failed to download charm "ch:amd64/postgresql-871" from API server: download request with archiveSha256 length 0 not valid
unit-postgresql-test-app-2: 02:01:39 ERROR juju.worker.dependency "uniter" manifold worker returned unexpected error: preparing operation "install ch:amd64/postgresql-test-app-398" for postgresql-test-app/2: failed to download charm "ch:amd64/postgresql-test-app-398" from API server: download request with archiveSha256 length 0 not valid
unit-postgresql-1: 02:01:40 ERROR juju.worker.dependency "uniter" manifold worker returned unexpected error: preparing operation "install ch:amd64/postgresql-871" for postgresql/1: failed to download charm "ch:amd64/postgresql-871" from API server: download request with archiveSha256 length 0 not valid
unit-postgresql-2: 02:01:40 ERROR juju.worker.dependency "uniter" manifold worker returned unexpected error: preparing operation "install ch:amd64/postgresql-871" for postgresql/2: failed to download charm "ch:amd64/postgresql-871" from API server: download request with archiveSha256 length 0 not valid
unit-postgresql-test-app-0: 02:01:40 ERROR juju.worker.dependency "uniter" manifold worker returned unexpected error: preparing operation "install ch:amd64/postgresql-test-app-398" for postgresql-test-app/0: failed to download charm "ch:amd64/postgresql-test-app-398" from API server: download request with archiveSha256 length 0 not valid
unit-postgresql-0: 02:01:44 ERROR juju.worker.dependency "uniter" manifold worker returned unexpected error: preparing operation "install ch:amd64/postgresql-871" for postgresql/0: failed to download charm "ch:amd64/postgresql-871" from API server: download request with archiveSha256 length 0 not valid
unit-postgresql-2: 02:01:44 ERROR juju.worker.dependency "uniter" manifold worker returned unexpected error: preparing operation "install ch:amd64/postgresql-871" for postgresql/2: failed to download charm "ch:amd64/postgresql-871" from API server: download request with archiveSha256 length 0 not valid
unit-postgresql-test-app-0: 02:01:50 ERROR juju.worker.dependency "uniter" manifold worker returned unexpected error: preparing operation "install ch:amd64/postgresql-test-app-398" for postgresql-test-app/0: failed to download charm "ch:amd64/postgresql-test-app-398" from API server: download request with archiveSha256 length 0 not valid
unit-postgresql-2: 02:01:50 ERROR juju.worker.dependency "uniter" manifold worker returned unexpected error: preparing operation "install ch:amd64/postgresql-871" for postgresql/2: failed to download charm "ch:amd64/postgresql-871" from API server: download request with archiveSha256 length 0 not valid
unit-postgresql-0: 02:01:51 ERROR juju.worker.dependency "uniter" manifold worker returned unexpected error: preparing operation "install ch:amd64/postgresql-871" for postgresql/0: failed to download charm "ch:amd64/postgresql-871" from API server: download request with archiveSha256 length 0 not valid
unit-postgresql-1: 02:01:53 ERROR juju.worker.dependency "uniter" manifold worker returned unexpected error: preparing operation "install ch:amd64/postgresql-871" for postgresql/1: failed to download charm "ch:amd64/postgresql-871" from API server: download request with archiveSha256 length 0 not valid
unit-postgresql-2: 02:01:55 ERROR juju.worker.dependency "uniter" manifold worker returned unexpected error: preparing operation "install ch:amd64/postgresql-871" for postgresql/2: failed to download charm "ch:amd64/postgresql-871" from API server: download request with archiveSha256 length 0 not valid
unit-postgresql-test-app-2: 02:01:56 ERROR juju.worker.dependency "uniter" manifold worker returned unexpected error: preparing operation "install ch:amd64/postgresql-test-app-398" for postgresql-test-app/2: failed to download charm "ch:amd64/postgresql-test-app-398" from API server: download request with archiveSha256 length 0 not valid
unit-postgresql-0: 02:02:00 ERROR juju.worker.dependency "uniter" manifold worker returned unexpected error: preparing operation "install ch:amd64/postgresql-871" for postgresql/0: failed to download charm "ch:amd64/postgresql-871" from API server: download request with archiveSha256 length 0 not valid
unit-postgresql-test-app-0: 02:02:01 ERROR juju.worker.dependency "uniter" manifold worker returned unexpected error: preparing operation "install ch:amd64/postgresql-test-app-398" for postgresql-test-app/0: failed to download charm "ch:amd64/postgresql-test-app-398" from API server: download request with archiveSha256 length 0 not valid
unit-postgresql-2: 02:02:04 ERROR juju.worker.dependency "uniter" manifold worker returned unexpected error: preparing operation "install ch:amd64/postgresql-871" for postgresql/2: failed to download charm "ch:amd64/postgresql-871" from API server: download request with archiveSha256 length 0 not valid
unit-postgresql-1: 02:02:08 ERROR juju.worker.dependency "uniter" manifold worker returned unexpected error: preparing operation "install ch:amd64/postgresql-871" for postgresql/1: failed to download charm "ch:amd64/postgresql-871" from API server: download request with archiveSha256 length 0 not valid
unit-postgresql-0: 02:02:12 ERROR juju.worker.dependency "uniter" manifold worker returned unexpected error: preparing operation "install ch:amd64/postgresql-871" for postgresql/0: failed to download charm "ch:amd64/postgresql-871" from API server: download request with archiveSha256 length 0 not valid
unit-postgresql-2: 02:02:12 ERROR juju.worker.dependency "uniter" manifold worker returned unexpected error: preparing operation "install ch:amd64/postgresql-871" for postgresql/2: failed to download charm "ch:amd64/postgresql-871" from API server: download request with archiveSha256 length 0 not valid
unit-postgresql-test-app-2: 02:02:15 ERROR juju.worker.dependency "uniter" manifold worker returned unexpected error: preparing operation "install ch:amd64/postgresql-test-app-398" for postgresql-test-app/2: failed to download charm "ch:amd64/postgresql-test-app-398" from API server: download request with archiveSha256 length 0 not valid
unit-postgresql-test-app-1: 02:02:15 ERROR juju.worker.dependency "uniter" manifold worker returned unexpected error: preparing operation "install ch:amd64/postgresql-test-app-398" for postgresql-test-app/1: failed to download charm "ch:amd64/postgresql-test-app-398" from API server: download request with archiveSha256 length 0 not valid
unit-postgresql-test-app-0: 02:02:15 ERROR juju.worker.dependency "uniter" manifold worker returned unexpected error: preparing operation "install ch:amd64/postgresql-test-app-398" for postgresql-test-app/0: failed to download charm "ch:amd64/postgresql-test-app-398" from API server: download request with archiveSha256 length 0 not valid
unit-postgresql-2: 02:02:22 ERROR juju.worker.dependency "uniter" manifold worker returned unexpected error: preparing operation "install ch:amd64/postgresql-871" for postgresql/2: failed to download charm "ch:amd64/postgresql-871" from API server: download request with archiveSha256 length 0 not valid
unit-postgresql-0: 02:02:23 ERROR juju.worker.dependency "uniter" manifold worker returned unexpected error: preparing operation "install ch:amd64/postgresql-871" for postgresql/0: failed to download charm "ch:amd64/postgresql-871" from API server: download request with archiveSha256 length 0 not valid
unit-postgresql-1: 02:02:26 ERROR juju.worker.dependency "uniter" manifold worker returned unexpected error: preparing operation "install ch:amd64/postgresql-871" for postgresql/1: failed to download charm "ch:amd64/postgresql-871" from API server: download request with archiveSha256 length 0 not valid
unit-postgresql-test-app-0: 02:02:32 ERROR juju.worker.dependency "uniter" manifold worker returned unexpected error: preparing operation "install ch:amd64/postgresql-test-app-398" for postgresql-test-app/0: failed to download charm "ch:amd64/postgresql-test-app-398" from API server: download request with archiveSha256 length 0 not valid
unit-postgresql-2: 02:02:35 ERROR juju.worker.dependency "uniter" manifold worker returned unexpected error: preparing operation "install ch:amd64/postgresql-871" for postgresql/2: failed to download charm "ch:amd64/postgresql-871" from API server: download request with archiveSha256 length 0 not valid
unit-postgresql-test-app-2: 02:02:37 ERROR juju.worker.dependency "uniter" manifold worker returned unexpected error: preparing operation "install ch:amd64/postgresql-test-app-398" for postgresql-test-app/2: failed to download charm "ch:amd64/postgresql-test-app-398" from API server: download request with archiveSha256 length 0 not valid
unit-postgresql-0: 02:02:38 ERROR juju.worker.dependency "uniter" manifold worker returned unexpected error: preparing operation "install ch:amd64/postgresql-871" for postgresql/0: failed to download charm "ch:amd64/postgresql-871" from API server: download request with archiveSha256 length 0 not valid
unit-postgresql-1: 02:02:50 ERROR juju.worker.dependency "uniter" manifold worker returned unexpected error: preparing operation "install ch:amd64/postgresql-871" for postgresql/1: failed to download charm "ch:amd64/postgresql-871" from API server: download request with archiveSha256 length 0 not valid
unit-postgresql-2: 02:02:50 ERROR juju.worker.dependency "uniter" manifold worker returned unexpected error: preparing operation "install ch:amd64/postgresql-871" for postgresql/2: failed to download charm "ch:amd64/postgresql-871" from API server: download request with archiveSha256 length 0 not valid
unit-postgresql-test-app-0: 02:02:51 ERROR juju.worker.dependency "uniter" manifold worker returned unexpected error: preparing operation "install ch:amd64/postgresql-test-app-398" for postgresql-test-app/0: failed to download charm "ch:amd64/postgresql-test-app-398" from API server: download request with archiveSha256 length 0 not valid
unit-postgresql-0: 02:02:55 ERROR juju.worker.dependency "uniter" manifold worker returned unexpected error: preparing operation "install ch:amd64/postgresql-871" for postgresql/0: failed to download charm "ch:amd64/postgresql-871" from API server: download request with archiveSha256 length 0 not valid
unit-postgresql-test-app-2: 02:03:04 ERROR juju.worker.dependency "uniter" manifold worker returned unexpected error: preparing operation "install ch:amd64/postgresql-test-app-398" for postgresql-test-app/2: failed to download charm "ch:amd64/postgresql-test-app-398" from API server: download request with archiveSha256 length 0 not valid
unit-postgresql-2: 02:03:09 ERROR juju.worker.dependency "uniter" manifold worker returned unexpected error: preparing operation "install ch:amd64/postgresql-871" for postgresql/2: failed to download charm "ch:amd64/postgresql-871" from API server: download request with archiveSha256 length 0 not valid
unit-postgresql-test-app-1: 02:03:10 ERROR juju.worker.dependency "uniter" manifold worker returned unexpected error: preparing operation "install ch:amd64/postgresql-test-app-398" for postgresql-test-app/1: failed to download charm "ch:amd64/postgresql-test-app-398" from API server: download request with archiveSha256 length 0 not valid
unit-postgresql-test-app-0: 02:03:11 ERROR juju.worker.dependency "uniter" manifold worker returned unexpected error: preparing operation "install ch:amd64/postgresql-test-app-398" for postgresql-test-app/0: failed to download charm "ch:amd64/postgresql-test-app-398" from API server: download request with archiveSha256 length 0 not valid
unit-pgbouncer-0: 02:03:36 ERROR juju.worker.meterstatus error running "meter-status-changed": exit status 1
unit-pgbouncer-1: 02:03:47 ERROR juju.worker.meterstatus error running "meter-status-changed": exit status 1
unit-postgresql-1: 02:04:08 ERROR unit.postgresql/1.juju-log Unable to get the state of the cluster
Traceback (most recent call last):
  File "/var/lib/juju/agents/unit-postgresql-1/charm/venv/lib/python3.10/site-packages/urllib3/connection.py", line 198, in _new_conn
    sock = connection.create_connection(
  File "/var/lib/juju/agents/unit-postgresql-1/charm/venv/lib/python3.10/site-packages/urllib3/util/connection.py", line 85, in create_connection
    raise err
  File "/var/lib/juju/agents/unit-postgresql-1/charm/venv/lib/python3.10/site-packages/urllib3/util/connection.py", line 73, in create_connection
    sock.connect(sa)
ConnectionRefusedError: [Errno 111] Connection refused

The above exception was the direct cause of the following exception:

Traceback (most recent call last):
  File "/var/lib/juju/agents/unit-postgresql-1/charm/venv/lib/python3.10/site-packages/urllib3/connectionpool.py", line 787, in urlopen
    response = self._make_request(
  File "/var/lib/juju/agents/unit-postgresql-1/charm/venv/lib/python3.10/site-packages/urllib3/connectionpool.py", line 493, in _make_request
    conn.request(
  File "/var/lib/juju/agents/unit-postgresql-1/charm/venv/lib/python3.10/site-packages/urllib3/connection.py", line 494, in request
    self.endheaders()
  File "/usr/lib/python3.10/http/client.py", line 1278, in endheaders
    self._send_output(message_body, encode_chunked=encode_chunked)
  File "/usr/lib/python3.10/http/client.py", line 1038, in _send_output
    self.send(msg)
  File "/usr/lib/python3.10/http/client.py", line 976, in send
    self.connect()
  File "/var/lib/juju/agents/unit-postgresql-1/charm/venv/lib/python3.10/site-packages/urllib3/connection.py", line 325, in connect
    self.sock = self._new_conn()
  File "/var/lib/juju/agents/unit-postgresql-1/charm/venv/lib/python3.10/site-packages/urllib3/connection.py", line 213, in _new_conn
    raise NewConnectionError(
urllib3.exceptions.NewConnectionError: <urllib3.connection.HTTPConnection object at 0x7fa1080642b0>: Failed to establish a new connection: [Errno 111] Connection refused

The above exception was the direct cause of the following exception:

Traceback (most recent call last):
  File "/var/lib/juju/agents/unit-postgresql-1/charm/venv/lib/python3.10/site-packages/requests/adapters.py", line 667, in send
    resp = conn.urlopen(
  File "/var/lib/juju/agents/unit-postgresql-1/charm/venv/lib/python3.10/site-packages/urllib3/connectionpool.py", line 841, in urlopen
    retries = retries.increment(
  File "/var/lib/juju/agents/unit-postgresql-1/charm/venv/lib/python3.10/site-packages/urllib3/util/retry.py", line 519, in increment
    raise MaxRetryError(_pool, url, reason) from reason  # type: ignore[arg-type]
urllib3.exceptions.MaxRetryError: HTTPConnectionPool(host='10.28.194.81', port=8008): Max retries exceeded with url: /cluster (Caused by NewConnectionError('<urllib3.connection.HTTPConnection object at 0x7fa1080642b0>: Failed to establish a new connection: [Errno 111] Connection refused'))

During handling of the above exception, another exception occurred:

Traceback (most recent call last):
  File "/var/lib/juju/agents/unit-postgresql-1/charm/src/cluster.py", line 571, in are_replicas_up
    response = requests.get(
  File "/var/lib/juju/agents/unit-postgresql-1/charm/venv/lib/python3.10/site-packages/requests/api.py", line 73, in get
    return request("get", url, params=params, **kwargs)
  File "/var/lib/juju/agents/unit-postgresql-1/charm/venv/lib/python3.10/site-packages/requests/api.py", line 59, in request
    return session.request(method=method, url=url, **kwargs)
  File "/var/lib/juju/agents/unit-postgresql-1/charm/venv/lib/python3.10/site-packages/requests/sessions.py", line 589, in request
    resp = self.send(prep, **send_kwargs)
  File "/var/lib/juju/agents/unit-postgresql-1/charm/venv/lib/python3.10/site-packages/requests/sessions.py", line 703, in send
    r = adapter.send(request, **kwargs)
  File "/var/lib/juju/agents/unit-postgresql-1/charm/venv/lib/python3.10/site-packages/requests/adapters.py", line 700, in send
    raise ConnectionError(e, request=request)
requests.exceptions.ConnectionError: HTTPConnectionPool(host='10.28.194.81', port=8008): Max retries exceeded with url: /cluster (Caused by NewConnectionError('<urllib3.connection.HTTPConnection object at 0x7fa1080642b0>: Failed to establish a new connection: [Errno 111] Connection refused'))
unit-pgbouncer-2: 02:04:19 ERROR juju.worker.meterstatus error running "meter-status-changed": exit status 1
unit-postgresql-1: 02:04:32 ERROR unit.postgresql/1.juju-log Failed to list PostgreSQL database users: could not translate host name "None" to address: Temporary failure in name resolution

unit-postgresql-1: 02:04:40 ERROR unit.postgresql/1.juju-log database:6: Failed to list PostgreSQL database users: could not translate host name "None" to address: Temporary failure in name resolution

unit-ubuntu-advantage-1: 02:11:04 ERROR juju.worker.meterstatus error running "meter-status-changed": charm missing from disk
unit-ubuntu-advantage-2: 02:11:04 ERROR juju.worker.meterstatus error running "meter-status-changed": charm missing from disk
unit-ubuntu-advantage-5: 02:11:04 ERROR juju.worker.meterstatus error running "meter-status-changed": charm missing from disk
unit-ubuntu-advantage-3: 02:11:04 ERROR juju.worker.meterstatus error running "meter-status-changed": charm missing from disk
unit-ubuntu-advantage-6: 02:11:04 ERROR juju.worker.meterstatus error running "meter-status-changed": charm missing from disk
unit-ubuntu-advantage-7: 02:11:08 ERROR juju.worker.meterstatus error running "meter-status-changed": charm missing from disk
machine-6: 02:14:01 ERROR juju.worker.dependency "lxd-container-provisioner" manifold worker returned unexpected error: container types not yet available
machine-6: 02:14:01 ERROR juju.worker.dependency "kvm-container-provisioner" manifold worker returned unexpected error: container types not yet available
unit-postgresql-test-app-3: 02:14:01 ERROR juju.worker.meterstatus error running "meter-status-changed": charm missing from disk
unit-pgbouncer-3: 02:14:05 ERROR juju.worker.meterstatus error running "meter-status-changed": exit status 1
unit-ubuntu-advantage-8: 02:14:05 ERROR juju.worker.meterstatus error running "meter-status-changed": exit status 127

[32mINFO    [0m pytest_operator.plugin:plugin.py:1039 Forgetting model main...