{"uid":"f8756e646d39cbea","name":"test_config_parameters","fullName":"tests.integration.test_config#test_config_parameters","historyId":"c19e5bad9d6cbffdfc622fd5a4145171","time":{"start":1731376739364,"stop":1731376901427,"duration":162063},"description":"Build and deploy one unit of PostgreSQL and then test config with wrong parameters.","descriptionHtml":"<p>Build and deploy one unit of PostgreSQL and then test config with wrong parameters.</p>\n","status":"broken","statusMessage":"juju.errors.JujuUnitError: Unit in error: postgresql/0","statusTrace":"Traceback (most recent call last):\n  File \"/home/runner/work/pgbouncer-operator/pgbouncer-operator/.tox/integration/lib/python3.10/site-packages/_pytest/runner.py\", line 341, in from_call\n    result: TResult | None = func()\n  File \"/home/runner/work/pgbouncer-operator/pgbouncer-operator/.tox/integration/lib/python3.10/site-packages/_pytest/runner.py\", line 242, in <lambda>\n    lambda: runtest_hook(item=item, **kwds), when=when, reraise=reraise\n  File \"/home/runner/work/pgbouncer-operator/pgbouncer-operator/.tox/integration/lib/python3.10/site-packages/pluggy/_hooks.py\", line 513, in __call__\n    return self._hookexec(self.name, self._hookimpls.copy(), kwargs, firstresult)\n  File \"/home/runner/work/pgbouncer-operator/pgbouncer-operator/.tox/integration/lib/python3.10/site-packages/pluggy/_manager.py\", line 120, in _hookexec\n    return self._inner_hookexec(hook_name, methods, kwargs, firstresult)\n  File \"/home/runner/work/pgbouncer-operator/pgbouncer-operator/.tox/integration/lib/python3.10/site-packages/pluggy/_callers.py\", line 182, in _multicall\n    return outcome.get_result()\n  File \"/home/runner/work/pgbouncer-operator/pgbouncer-operator/.tox/integration/lib/python3.10/site-packages/pluggy/_result.py\", line 100, in get_result\n    raise exc.with_traceback(exc.__traceback__)\n  File \"/home/runner/work/pgbouncer-operator/pgbouncer-operator/.tox/integration/lib/python3.10/site-packages/pluggy/_callers.py\", line 167, in _multicall\n    teardown.throw(outcome._exception)\n  File \"/home/runner/work/pgbouncer-operator/pgbouncer-operator/.tox/integration/lib/python3.10/site-packages/_pytest/threadexception.py\", line 92, in pytest_runtest_call\n    yield from thread_exception_runtest_hook()\n  File \"/home/runner/work/pgbouncer-operator/pgbouncer-operator/.tox/integration/lib/python3.10/site-packages/_pytest/threadexception.py\", line 68, in thread_exception_runtest_hook\n    yield\n  File \"/home/runner/work/pgbouncer-operator/pgbouncer-operator/.tox/integration/lib/python3.10/site-packages/pluggy/_callers.py\", line 167, in _multicall\n    teardown.throw(outcome._exception)\n  File \"/home/runner/work/pgbouncer-operator/pgbouncer-operator/.tox/integration/lib/python3.10/site-packages/_pytest/unraisableexception.py\", line 95, in pytest_runtest_call\n    yield from unraisable_exception_runtest_hook()\n  File \"/home/runner/work/pgbouncer-operator/pgbouncer-operator/.tox/integration/lib/python3.10/site-packages/_pytest/unraisableexception.py\", line 70, in unraisable_exception_runtest_hook\n    yield\n  File \"/home/runner/work/pgbouncer-operator/pgbouncer-operator/.tox/integration/lib/python3.10/site-packages/pluggy/_callers.py\", line 167, in _multicall\n    teardown.throw(outcome._exception)\n  File \"/home/runner/work/pgbouncer-operator/pgbouncer-operator/.tox/integration/lib/python3.10/site-packages/_pytest/logging.py\", line 846, in pytest_runtest_call\n    yield from self._runtest_for(item, \"call\")\n  File \"/home/runner/work/pgbouncer-operator/pgbouncer-operator/.tox/integration/lib/python3.10/site-packages/_pytest/logging.py\", line 829, in _runtest_for\n    yield\n  File \"/home/runner/work/pgbouncer-operator/pgbouncer-operator/.tox/integration/lib/python3.10/site-packages/pluggy/_callers.py\", line 167, in _multicall\n    teardown.throw(outcome._exception)\n  File \"/home/runner/work/pgbouncer-operator/pgbouncer-operator/.tox/integration/lib/python3.10/site-packages/_pytest/capture.py\", line 880, in pytest_runtest_call\n    return (yield)\n  File \"/home/runner/work/pgbouncer-operator/pgbouncer-operator/.tox/integration/lib/python3.10/site-packages/pluggy/_callers.py\", line 167, in _multicall\n    teardown.throw(outcome._exception)\n  File \"/home/runner/work/pgbouncer-operator/pgbouncer-operator/.tox/integration/lib/python3.10/site-packages/_pytest/skipping.py\", line 257, in pytest_runtest_call\n    return (yield)\n  File \"/home/runner/work/pgbouncer-operator/pgbouncer-operator/.tox/integration/lib/python3.10/site-packages/pluggy/_callers.py\", line 103, in _multicall\n    res = hook_impl.function(*args)\n  File \"/home/runner/work/pgbouncer-operator/pgbouncer-operator/.tox/integration/lib/python3.10/site-packages/_pytest/runner.py\", line 174, in pytest_runtest_call\n    item.runtest()\n  File \"/home/runner/work/pgbouncer-operator/pgbouncer-operator/.tox/integration/lib/python3.10/site-packages/_pytest/python.py\", line 1627, in runtest\n    self.ihook.pytest_pyfunc_call(pyfuncitem=self)\n  File \"/home/runner/work/pgbouncer-operator/pgbouncer-operator/.tox/integration/lib/python3.10/site-packages/pluggy/_hooks.py\", line 513, in __call__\n    return self._hookexec(self.name, self._hookimpls.copy(), kwargs, firstresult)\n  File \"/home/runner/work/pgbouncer-operator/pgbouncer-operator/.tox/integration/lib/python3.10/site-packages/pluggy/_manager.py\", line 120, in _hookexec\n    return self._inner_hookexec(hook_name, methods, kwargs, firstresult)\n  File \"/home/runner/work/pgbouncer-operator/pgbouncer-operator/.tox/integration/lib/python3.10/site-packages/pluggy/_callers.py\", line 182, in _multicall\n    return outcome.get_result()\n  File \"/home/runner/work/pgbouncer-operator/pgbouncer-operator/.tox/integration/lib/python3.10/site-packages/pluggy/_result.py\", line 100, in get_result\n    raise exc.with_traceback(exc.__traceback__)\n  File \"/home/runner/work/pgbouncer-operator/pgbouncer-operator/.tox/integration/lib/python3.10/site-packages/pluggy/_callers.py\", line 103, in _multicall\n    res = hook_impl.function(*args)\n  File \"/home/runner/work/pgbouncer-operator/pgbouncer-operator/.tox/integration/lib/python3.10/site-packages/_pytest/python.py\", line 159, in pytest_pyfunc_call\n    result = testfunction(**testargs)\n  File \"/home/runner/work/pgbouncer-operator/pgbouncer-operator/.tox/integration/lib/python3.10/site-packages/pytest_asyncio/plugin.py\", line 529, in inner\n    _loop.run_until_complete(task)\n  File \"/usr/lib/python3.10/asyncio/base_events.py\", line 649, in run_until_complete\n    return future.result()\n  File \"/home/runner/work/pgbouncer-operator/pgbouncer-operator/tests/integration/test_config.py\", line 48, in test_config_parameters\n    await ops_test.model.wait_for_idle(apps=[PG, CLIENT_APP_NAME], timeout=1200)\n  File \"/home/runner/work/pgbouncer-operator/pgbouncer-operator/.tox/integration/lib/python3.10/site-packages/juju/model.py\", line 2964, in wait_for_idle\n    _raise_for_status(errors, \"error\")\n  File \"/home/runner/work/pgbouncer-operator/pgbouncer-operator/.tox/integration/lib/python3.10/site-packages/juju/model.py\", line 2870, in _raise_for_status\n    raise error_type(\"{}{} in {}: {}\".format(\njuju.errors.JujuUnitError: Unit in error: postgresql/0","flaky":false,"newFailed":false,"newBroken":false,"newPassed":false,"retriesCount":1,"retriesStatusChange":true,"beforeStages":[{"name":"event_loop","time":{"start":1731376739201,"stop":1731376739202,"duration":1},"status":"passed","steps":[],"attachments":[],"parameters":[],"stepsCount":0,"shouldDisplayMessage":false,"attachmentsCount":0,"hasContent":false,"attachmentStep":false},{"name":"ops_test","time":{"start":1731376739202,"stop":1731376739357,"duration":155},"status":"passed","steps":[],"attachments":[],"parameters":[],"stepsCount":0,"shouldDisplayMessage":false,"attachmentsCount":0,"hasContent":false,"attachmentStep":false},{"name":"tmp_path_factory","time":{"start":1731376739202,"stop":1731376739202,"duration":0},"status":"passed","steps":[],"attachments":[],"parameters":[],"stepsCount":0,"shouldDisplayMessage":false,"attachmentsCount":0,"hasContent":false,"attachmentStep":false},{"name":"pgb_charm_jammy","time":{"start":1731376739357,"stop":1731376739363,"duration":6},"status":"passed","steps":[],"attachments":[],"parameters":[],"stepsCount":0,"shouldDisplayMessage":false,"attachmentsCount":0,"hasContent":false,"attachmentStep":false},{"name":"abort_on_fail","time":{"start":1731376739364,"stop":1731376739364,"duration":0},"status":"passed","steps":[],"attachments":[],"parameters":[],"stepsCount":0,"shouldDisplayMessage":false,"attachmentsCount":0,"hasContent":false,"attachmentStep":false}],"testStage":{"description":"Build and deploy one unit of PostgreSQL and then test config with wrong parameters.","status":"broken","statusMessage":"juju.errors.JujuUnitError: Unit in error: postgresql/0","statusTrace":"Traceback (most recent call last):\n  File \"/home/runner/work/pgbouncer-operator/pgbouncer-operator/.tox/integration/lib/python3.10/site-packages/_pytest/runner.py\", line 341, in from_call\n    result: TResult | None = func()\n  File \"/home/runner/work/pgbouncer-operator/pgbouncer-operator/.tox/integration/lib/python3.10/site-packages/_pytest/runner.py\", line 242, in <lambda>\n    lambda: runtest_hook(item=item, **kwds), when=when, reraise=reraise\n  File \"/home/runner/work/pgbouncer-operator/pgbouncer-operator/.tox/integration/lib/python3.10/site-packages/pluggy/_hooks.py\", line 513, in __call__\n    return self._hookexec(self.name, self._hookimpls.copy(), kwargs, firstresult)\n  File \"/home/runner/work/pgbouncer-operator/pgbouncer-operator/.tox/integration/lib/python3.10/site-packages/pluggy/_manager.py\", line 120, in _hookexec\n    return self._inner_hookexec(hook_name, methods, kwargs, firstresult)\n  File \"/home/runner/work/pgbouncer-operator/pgbouncer-operator/.tox/integration/lib/python3.10/site-packages/pluggy/_callers.py\", line 182, in _multicall\n    return outcome.get_result()\n  File \"/home/runner/work/pgbouncer-operator/pgbouncer-operator/.tox/integration/lib/python3.10/site-packages/pluggy/_result.py\", line 100, in get_result\n    raise exc.with_traceback(exc.__traceback__)\n  File \"/home/runner/work/pgbouncer-operator/pgbouncer-operator/.tox/integration/lib/python3.10/site-packages/pluggy/_callers.py\", line 167, in _multicall\n    teardown.throw(outcome._exception)\n  File \"/home/runner/work/pgbouncer-operator/pgbouncer-operator/.tox/integration/lib/python3.10/site-packages/_pytest/threadexception.py\", line 92, in pytest_runtest_call\n    yield from thread_exception_runtest_hook()\n  File \"/home/runner/work/pgbouncer-operator/pgbouncer-operator/.tox/integration/lib/python3.10/site-packages/_pytest/threadexception.py\", line 68, in thread_exception_runtest_hook\n    yield\n  File \"/home/runner/work/pgbouncer-operator/pgbouncer-operator/.tox/integration/lib/python3.10/site-packages/pluggy/_callers.py\", line 167, in _multicall\n    teardown.throw(outcome._exception)\n  File \"/home/runner/work/pgbouncer-operator/pgbouncer-operator/.tox/integration/lib/python3.10/site-packages/_pytest/unraisableexception.py\", line 95, in pytest_runtest_call\n    yield from unraisable_exception_runtest_hook()\n  File \"/home/runner/work/pgbouncer-operator/pgbouncer-operator/.tox/integration/lib/python3.10/site-packages/_pytest/unraisableexception.py\", line 70, in unraisable_exception_runtest_hook\n    yield\n  File \"/home/runner/work/pgbouncer-operator/pgbouncer-operator/.tox/integration/lib/python3.10/site-packages/pluggy/_callers.py\", line 167, in _multicall\n    teardown.throw(outcome._exception)\n  File \"/home/runner/work/pgbouncer-operator/pgbouncer-operator/.tox/integration/lib/python3.10/site-packages/_pytest/logging.py\", line 846, in pytest_runtest_call\n    yield from self._runtest_for(item, \"call\")\n  File \"/home/runner/work/pgbouncer-operator/pgbouncer-operator/.tox/integration/lib/python3.10/site-packages/_pytest/logging.py\", line 829, in _runtest_for\n    yield\n  File \"/home/runner/work/pgbouncer-operator/pgbouncer-operator/.tox/integration/lib/python3.10/site-packages/pluggy/_callers.py\", line 167, in _multicall\n    teardown.throw(outcome._exception)\n  File \"/home/runner/work/pgbouncer-operator/pgbouncer-operator/.tox/integration/lib/python3.10/site-packages/_pytest/capture.py\", line 880, in pytest_runtest_call\n    return (yield)\n  File \"/home/runner/work/pgbouncer-operator/pgbouncer-operator/.tox/integration/lib/python3.10/site-packages/pluggy/_callers.py\", line 167, in _multicall\n    teardown.throw(outcome._exception)\n  File \"/home/runner/work/pgbouncer-operator/pgbouncer-operator/.tox/integration/lib/python3.10/site-packages/_pytest/skipping.py\", line 257, in pytest_runtest_call\n    return (yield)\n  File \"/home/runner/work/pgbouncer-operator/pgbouncer-operator/.tox/integration/lib/python3.10/site-packages/pluggy/_callers.py\", line 103, in _multicall\n    res = hook_impl.function(*args)\n  File \"/home/runner/work/pgbouncer-operator/pgbouncer-operator/.tox/integration/lib/python3.10/site-packages/_pytest/runner.py\", line 174, in pytest_runtest_call\n    item.runtest()\n  File \"/home/runner/work/pgbouncer-operator/pgbouncer-operator/.tox/integration/lib/python3.10/site-packages/_pytest/python.py\", line 1627, in runtest\n    self.ihook.pytest_pyfunc_call(pyfuncitem=self)\n  File \"/home/runner/work/pgbouncer-operator/pgbouncer-operator/.tox/integration/lib/python3.10/site-packages/pluggy/_hooks.py\", line 513, in __call__\n    return self._hookexec(self.name, self._hookimpls.copy(), kwargs, firstresult)\n  File \"/home/runner/work/pgbouncer-operator/pgbouncer-operator/.tox/integration/lib/python3.10/site-packages/pluggy/_manager.py\", line 120, in _hookexec\n    return self._inner_hookexec(hook_name, methods, kwargs, firstresult)\n  File \"/home/runner/work/pgbouncer-operator/pgbouncer-operator/.tox/integration/lib/python3.10/site-packages/pluggy/_callers.py\", line 182, in _multicall\n    return outcome.get_result()\n  File \"/home/runner/work/pgbouncer-operator/pgbouncer-operator/.tox/integration/lib/python3.10/site-packages/pluggy/_result.py\", line 100, in get_result\n    raise exc.with_traceback(exc.__traceback__)\n  File \"/home/runner/work/pgbouncer-operator/pgbouncer-operator/.tox/integration/lib/python3.10/site-packages/pluggy/_callers.py\", line 103, in _multicall\n    res = hook_impl.function(*args)\n  File \"/home/runner/work/pgbouncer-operator/pgbouncer-operator/.tox/integration/lib/python3.10/site-packages/_pytest/python.py\", line 159, in pytest_pyfunc_call\n    result = testfunction(**testargs)\n  File \"/home/runner/work/pgbouncer-operator/pgbouncer-operator/.tox/integration/lib/python3.10/site-packages/pytest_asyncio/plugin.py\", line 529, in inner\n    _loop.run_until_complete(task)\n  File \"/usr/lib/python3.10/asyncio/base_events.py\", line 649, in run_until_complete\n    return future.result()\n  File \"/home/runner/work/pgbouncer-operator/pgbouncer-operator/tests/integration/test_config.py\", line 48, in test_config_parameters\n    await ops_test.model.wait_for_idle(apps=[PG, CLIENT_APP_NAME], timeout=1200)\n  File \"/home/runner/work/pgbouncer-operator/pgbouncer-operator/.tox/integration/lib/python3.10/site-packages/juju/model.py\", line 2964, in wait_for_idle\n    _raise_for_status(errors, \"error\")\n  File \"/home/runner/work/pgbouncer-operator/pgbouncer-operator/.tox/integration/lib/python3.10/site-packages/juju/model.py\", line 2870, in _raise_for_status\n    raise error_type(\"{}{} in {}: {}\".format(\njuju.errors.JujuUnitError: Unit in error: postgresql/0","steps":[],"attachments":[{"uid":"c3a0d6414f13c34e","name":"log","source":"c3a0d6414f13c34e.txt","type":"text/plain","size":3671}],"parameters":[],"stepsCount":0,"shouldDisplayMessage":true,"attachmentsCount":1,"hasContent":true,"attachmentStep":false},"afterStages":[{"name":"abort_on_fail::0","time":{"start":1731376901463,"stop":1731376901463,"duration":0},"status":"passed","steps":[],"attachments":[],"parameters":[],"stepsCount":0,"shouldDisplayMessage":false,"attachmentsCount":0,"hasContent":false,"attachmentStep":false},{"name":"ops_test::finalizer","time":{"start":1731376901464,"stop":1731376901746,"duration":282},"status":"passed","steps":[],"attachments":[],"parameters":[],"stepsCount":0,"shouldDisplayMessage":false,"attachmentsCount":0,"hasContent":false,"attachmentStep":false},{"name":"event_loop::2","time":{"start":1731376901747,"stop":1731376901747,"duration":0},"status":"passed","steps":[],"attachments":[],"parameters":[],"stepsCount":0,"shouldDisplayMessage":false,"attachmentsCount":0,"hasContent":false,"attachmentStep":false},{"name":"event_loop::_close_event_loop","time":{"start":1731376901747,"stop":1731376901747,"duration":0},"status":"passed","steps":[],"attachments":[],"parameters":[],"stepsCount":0,"shouldDisplayMessage":false,"attachmentsCount":0,"hasContent":false,"attachmentStep":false},{"name":"event_loop::_provide_clean_event_loop","time":{"start":1731376901747,"stop":1731376901747,"duration":0},"status":"passed","steps":[],"attachments":[],"parameters":[],"stepsCount":0,"shouldDisplayMessage":false,"attachmentsCount":0,"hasContent":false,"attachmentStep":false}],"labels":[{"name":"tag","value":"abort_on_fail"},{"name":"tag","value":"group(1)"},{"name":"tag","value":"asyncio"},{"name":"parentSuite","value":"tests.integration"},{"name":"suite","value":"test_config"},{"name":"host","value":"fv-az1538-269"},{"name":"thread","value":"15854-MainThread"},{"name":"framework","value":"pytest"},{"name":"language","value":"cpython3"},{"name":"package","value":"tests.integration.test_config"},{"name":"resultFormat","value":"allure2"}],"parameters":[],"links":[],"hidden":false,"retry":false,"extra":{"severity":"normal","retries":[{"uid":"8e1214f25d88e809","status":"unknown","time":{}}],"categories":[{"name":"Test defects","matchedStatuses":[],"flaky":false}],"history":{"statistic":{"failed":0,"broken":4,"skipped":0,"passed":69,"unknown":3,"total":76},"items":[{"uid":"c4213dc35900b24d","reportUrl":"../2159//#testresult/c4213dc35900b24d","status":"broken","statusDetails":"juju.errors.JujuUnitError: Unit in error: postgresql/0","time":{"start":1731289970515,"stop":1731290150655,"duration":180140}},{"uid":"6451cb04942725b1","reportUrl":"../2157//#testresult/6451cb04942725b1","status":"broken","statusDetails":"juju.errors.JujuUnitError: Unit in error: postgresql/0","time":{"start":1731203668461,"stop":1731204190841,"duration":522380}},{"uid":"fe202290beb89f62","reportUrl":"../2156//#testresult/fe202290beb89f62","status":"passed","time":{"start":1731116882616,"stop":1731117179740,"duration":297124}},{"uid":"2ae4eb593c7105fa","reportUrl":"../2154//#testresult/2ae4eb593c7105fa","status":"unknown","time":{}},{"uid":"35e1961d8ca6838b","reportUrl":"../2152//#testresult/35e1961d8ca6838b","status":"passed","time":{"start":1730944145503,"stop":1730944520117,"duration":374614}},{"uid":"279a8c58f79259b8","reportUrl":"../2149//#testresult/279a8c58f79259b8","status":"passed","time":{"start":1730857617087,"stop":1730857920081,"duration":302994}},{"uid":"c6ee6847a9eb7116","reportUrl":"../2148//#testresult/c6ee6847a9eb7116","status":"passed","time":{"start":1730771072440,"stop":1730771370514,"duration":298074}},{"uid":"c405f0f5e17dad47","reportUrl":"../2146//#testresult/c405f0f5e17dad47","status":"passed","time":{"start":1730684725524,"stop":1730685019912,"duration":294388}},{"uid":"c745df4771bfc2ce","reportUrl":"../2145//#testresult/c745df4771bfc2ce","status":"passed","time":{"start":1730598285144,"stop":1730598571533,"duration":286389}},{"uid":"c2b063ed9a703280","reportUrl":"../2144//#testresult/c2b063ed9a703280","status":"passed","time":{"start":1730511846719,"stop":1730512138361,"duration":291642}},{"uid":"b3386aa77b63b713","reportUrl":"../2142//#testresult/b3386aa77b63b713","status":"passed","time":{"start":1730425700132,"stop":1730426005163,"duration":305031}},{"uid":"d61fc79e79b4447a","reportUrl":"../2141//#testresult/d61fc79e79b4447a","status":"unknown","time":{}},{"uid":"2441cd7db45e7b3c","reportUrl":"../2140//#testresult/2441cd7db45e7b3c","status":"passed","time":{"start":1730252768650,"stop":1730253080019,"duration":311369}},{"uid":"2637e04207c823b4","reportUrl":"../2139//#testresult/2637e04207c823b4","status":"passed","time":{"start":1730166513334,"stop":1730166837000,"duration":323666}},{"uid":"6137e44d54b69ae3","reportUrl":"../2138//#testresult/6137e44d54b69ae3","status":"passed","time":{"start":1730079902592,"stop":1730080186454,"duration":283862}},{"uid":"c124f8598179b5b6","reportUrl":"../2136//#testresult/c124f8598179b5b6","status":"passed","time":{"start":1729993545844,"stop":1729993840634,"duration":294790}},{"uid":"69bdacadc6f32609","reportUrl":"../2135//#testresult/69bdacadc6f32609","status":"passed","time":{"start":1729907140228,"stop":1729907426402,"duration":286174}},{"uid":"99658d19696c2b5e","reportUrl":"../2133//#testresult/99658d19696c2b5e","status":"passed","time":{"start":1729820696812,"stop":1729820991015,"duration":294203}},{"uid":"af6dd121266a0eed","reportUrl":"../2132//#testresult/af6dd121266a0eed","status":"passed","time":{"start":1729734436347,"stop":1729734728382,"duration":292035}},{"uid":"7dfb40305da92e45","reportUrl":"../2131//#testresult/7dfb40305da92e45","status":"passed","time":{"start":1729647980145,"stop":1729648300372,"duration":320227}}]},"tags":["asyncio","abort_on_fail","group(1)"]},"source":"f8756e646d39cbea.json","parameterValues":[]}