[32mINFO    [0m pytest_operator.plugin:plugin.py:903 Model status:

Model  Controller           Cloud/Region         Version  SLA          Timestamp
test   localhost-localhost  localhost/localhost  3.4.6    unsupported  01:53:38Z

App                  Version  Status   Scale  Charm                Channel      Rev  Exposed  Message
landscape-client              unknown      0  landscape-client     latest/edge   69  no       
pgbouncer            1.21.0   error        3  pgbouncer                           0  no       hook failed: "pgb-peers-relation-changed"
postgresql           14.13    blocked      3  postgresql           14/edge      487  no       failed to install snap packages
postgresql-test-app           active       3  postgresql-test-app  latest/edge  256  no       
ubuntu-advantage              unknown      0  ubuntu-advantage     latest/edge  113  no       

Unit                    Workload  Agent      Machine  Public address  Ports     Message
postgresql-test-app/0   active    idle       0        10.83.229.101             
  pgbouncer/2           error     idle                10.83.229.101             hook failed: "pgb-peers-relation-changed"
postgresql-test-app/1*  active    idle       1        10.83.229.137             
  pgbouncer/0*          active    executing           10.83.229.137             
postgresql-test-app/2   active    idle       2        10.83.229.201             
  pgbouncer/1           active    executing           10.83.229.201             
postgresql/0*           active    executing  3        10.83.229.146   5432/tcp  Primary
postgresql/1            waiting   executing  4        10.83.229.103   5432/tcp  awaiting for cluster to start
postgresql/2            blocked   executing  5        10.83.229.44              failed to install snap packages

Machine  State    Address        Inst id        Base          AZ  Message
0        started  10.83.229.101  juju-abbbf9-0  ubuntu@22.04      Running
1        started  10.83.229.137  juju-abbbf9-1  ubuntu@22.04      Running
2        started  10.83.229.201  juju-abbbf9-2  ubuntu@22.04      Running
3        started  10.83.229.146  juju-abbbf9-3  ubuntu@22.04      Running
4        started  10.83.229.103  juju-abbbf9-4  ubuntu@22.04      Running
5        started  10.83.229.44   juju-abbbf9-5  ubuntu@22.04      Running

[32mINFO    [0m pytest_operator.plugin:plugin.py:909 Juju error logs:

machine-1: 01:51:05 ERROR juju.worker.dependency "kvm-container-provisioner" manifold worker returned unexpected error: container types not yet available
machine-1: 01:51:05 ERROR juju.worker.dependency "lxd-container-provisioner" manifold worker returned unexpected error: container types not yet available
unit-postgresql-test-app-1: 01:51:06 ERROR juju.worker.meterstatus error running "meter-status-changed": charm missing from disk
machine-3: 01:51:06 ERROR juju.worker.dependency "kvm-container-provisioner" manifold worker returned unexpected error: container types not yet available
machine-3: 01:51:06 ERROR juju.worker.dependency "lxd-container-provisioner" manifold worker returned unexpected error: container types not yet available
unit-postgresql-0: 01:51:07 ERROR juju.worker.meterstatus error running "meter-status-changed": charm missing from disk
machine-2: 01:51:10 ERROR juju.worker.dependency "lxd-container-provisioner" manifold worker returned unexpected error: container types not yet available
machine-2: 01:51:10 ERROR juju.worker.dependency "kvm-container-provisioner" manifold worker returned unexpected error: container types not yet available
unit-postgresql-test-app-2: 01:51:11 ERROR juju.worker.meterstatus error running "meter-status-changed": charm missing from disk
machine-4: 01:51:12 ERROR juju.worker.dependency "kvm-container-provisioner" manifold worker returned unexpected error: container types not yet available
machine-4: 01:51:12 ERROR juju.worker.dependency "lxd-container-provisioner" manifold worker returned unexpected error: container types not yet available
unit-postgresql-1: 01:51:13 ERROR juju.worker.meterstatus error running "meter-status-changed": charm missing from disk
unit-pgbouncer-0: 01:51:19 ERROR juju.worker.meterstatus error running "meter-status-changed": charm missing from disk
unit-pgbouncer-1: 01:51:22 ERROR juju.worker.meterstatus error running "meter-status-changed": charm missing from disk
machine-0: 01:51:29 ERROR juju.worker.dependency "lxd-container-provisioner" manifold worker returned unexpected error: container types not yet available
machine-0: 01:51:29 ERROR juju.worker.dependency "kvm-container-provisioner" manifold worker returned unexpected error: container types not yet available
unit-postgresql-test-app-0: 01:51:29 ERROR juju.worker.meterstatus error running "meter-status-changed": charm missing from disk
machine-5: 01:51:36 ERROR juju.worker.dependency "lxd-container-provisioner" manifold worker returned unexpected error: container types not yet available
machine-5: 01:51:36 ERROR juju.worker.dependency "kvm-container-provisioner" manifold worker returned unexpected error: container types not yet available
unit-postgresql-2: 01:51:36 ERROR juju.worker.meterstatus error running "meter-status-changed": charm missing from disk
unit-pgbouncer-2: 01:51:38 ERROR juju.worker.meterstatus error running "meter-status-changed": charm missing from disk
unit-pgbouncer-2: 01:51:58 ERROR unit.pgbouncer/2.juju-log An exception occurred when installing charmed-pgbouncer. Reason: Snap: 'charmed-pgbouncer'; command ['snap', 'install', 'charmed-pgbouncer', '--channel="1/stable"', '--revision="16"'] failed with output = ''
unit-postgresql-2: 01:52:11 ERROR unit.postgresql/2.juju-log An exception occurred when installing charmed-postgresql. Reason: Snap: 'charmed-postgresql'; command ['snap', 'install', 'charmed-postgresql', '--channel="14/stable"', '--revision="133"'] failed with output = ''
unit-pgbouncer-2: 01:52:16 ERROR unit.pgbouncer/2.juju-log Command ['systemctl', 'restart', 'pgbouncer-pgbouncer@0'] failed with returncode 5. systemctl output:
Failed to restart pgbouncer-pgbouncer@0.service: Unit pgbouncer-pgbouncer@0.service not found.

unit-pgbouncer-2: 01:52:21 ERROR unit.pgbouncer/2.juju-log Unable to get Pgbouncer version
Traceback (most recent call last):
  File "/var/lib/juju/agents/unit-pgbouncer-2/charm/./src/charm.py", line 281, in version
    output = subprocess.check_output([PGBOUNCER_EXECUTABLE, "--version"])
  File "/usr/lib/python3.10/subprocess.py", line 421, in check_output
    return run(*popenargs, stdout=PIPE, timeout=timeout, check=True,
  File "/usr/lib/python3.10/subprocess.py", line 503, in run
    with Popen(*popenargs, **kwargs) as process:
  File "/usr/lib/python3.10/subprocess.py", line 971, in __init__
    self._execute_child(args, executable, preexec_fn, close_fds,
  File "/usr/lib/python3.10/subprocess.py", line 1863, in _execute_child
    raise child_exception_type(errno_num, err_msg, err_filename)
FileNotFoundError: [Errno 2] No such file or directory: 'charmed-pgbouncer.pgbouncer'
unit-pgbouncer-2: 01:52:22 ERROR unit.pgbouncer/2.juju-log Command ['systemctl', 'start', 'pgbouncer-pgbouncer@0'] failed with returncode 5. systemctl output:
Failed to start pgbouncer-pgbouncer@0.service: Unit pgbouncer-pgbouncer@0.service not found.

unit-pgbouncer-2: 01:52:26 ERROR unit.pgbouncer/2.juju-log pgb-peers:4: Command ['systemctl', 'restart', 'pgbouncer-pgbouncer@0'] failed with returncode 5. systemctl output:
Failed to restart pgbouncer-pgbouncer@0.service: Unit pgbouncer-pgbouncer@0.service not found.

unit-pgbouncer-2: 01:52:31 ERROR unit.pgbouncer/2.juju-log pgb-peers:4: Command ['systemctl', 'restart', 'pgbouncer-pgbouncer@0'] failed with returncode 5. systemctl output:
Failed to restart pgbouncer-pgbouncer@0.service: Unit pgbouncer-pgbouncer@0.service not found.

unit-pgbouncer-2: 01:52:41 ERROR unit.pgbouncer/2.juju-log pgb-peers:4: Command ['systemctl', 'restart', 'pgbouncer-pgbouncer@0'] failed with returncode 5. systemctl output:
Failed to restart pgbouncer-pgbouncer@0.service: Unit pgbouncer-pgbouncer@0.service not found.

unit-pgbouncer-2: 01:52:45 ERROR unit.pgbouncer/2.juju-log pgb-peers:4: Command ['systemctl', 'restart', 'pgbouncer-pgbouncer@0'] failed with returncode 5. systemctl output:
Failed to restart pgbouncer-pgbouncer@0.service: Unit pgbouncer-pgbouncer@0.service not found.

unit-pgbouncer-2: 01:52:58 ERROR unit.pgbouncer/2.juju-log pgb-peers:4: Command ['systemctl', 'restart', 'pgbouncer-pgbouncer@0'] failed with returncode 5. systemctl output:
Failed to restart pgbouncer-pgbouncer@0.service: Unit pgbouncer-pgbouncer@0.service not found.

unit-pgbouncer-2: 01:53:11 ERROR unit.pgbouncer/2.juju-log pgb-peers:4: Command ['systemctl', 'restart', 'pgbouncer-pgbouncer@0'] failed with returncode 5. systemctl output:
Failed to restart pgbouncer-pgbouncer@0.service: Unit pgbouncer-pgbouncer@0.service not found.

unit-postgresql-0: 01:53:25 ERROR unit.postgresql/0.juju-log database:6: Failed to list PostgreSQL database users: could not translate host name "None" to address: Temporary failure in name resolution

unit-pgbouncer-2: 01:53:37 ERROR unit.pgbouncer/2.juju-log pgb-peers:4: Uncaught exception while in charm code:
Traceback (most recent call last):
  File "/var/lib/juju/agents/unit-pgbouncer-2/charm/./src/charm.py", line 999, in <module>
    main(PgBouncerCharm)
  File "/var/lib/juju/agents/unit-pgbouncer-2/charm/venv/ops/__init__.py", line 343, in __call__
    return _main.main(charm_class=charm_class, use_juju_for_storage=use_juju_for_storage)
  File "/var/lib/juju/agents/unit-pgbouncer-2/charm/venv/ops/_main.py", line 543, in main
    manager.run()
  File "/var/lib/juju/agents/unit-pgbouncer-2/charm/venv/ops/_main.py", line 529, in run
    self._emit()
  File "/var/lib/juju/agents/unit-pgbouncer-2/charm/venv/ops/_main.py", line 515, in _emit
    self.framework.reemit()
  File "/var/lib/juju/agents/unit-pgbouncer-2/charm/venv/ops/framework.py", line 867, in reemit
    self._reemit()
  File "/var/lib/juju/agents/unit-pgbouncer-2/charm/venv/ops/framework.py", line 947, in _reemit
    custom_handler(event)
  File "/var/lib/juju/agents/unit-pgbouncer-2/charm/lib/charms/tempo_k8s/v1/charm_tracing.py", line 735, in wrapped_function
    return callable(*args, **kwargs)  # type: ignore
  File "/var/lib/juju/agents/unit-pgbouncer-2/charm/src/relations/backend_database.py", line 186, in _on_database_created
    self.charm.render_auth_file(auth_file)
  File "/var/lib/juju/agents/unit-pgbouncer-2/charm/lib/charms/tempo_k8s/v1/charm_tracing.py", line 735, in wrapped_function
    return callable(*args, **kwargs)  # type: ignore
  File "/var/lib/juju/agents/unit-pgbouncer-2/charm/./src/charm.py", line 895, in render_auth_file
    self.render_file(
  File "/var/lib/juju/agents/unit-pgbouncer-2/charm/lib/charms/tempo_k8s/v1/charm_tracing.py", line 735, in wrapped_function
    return callable(*args, **kwargs)  # type: ignore
  File "/var/lib/juju/agents/unit-pgbouncer-2/charm/./src/charm.py", line 950, in render_file
    with open(path, "w+") as file:
FileNotFoundError: [Errno 2] No such file or directory: '/var/snap/charmed-pgbouncer/current/etc/pgbouncer/pgbouncer/userlist.txt'
unit-pgbouncer-2: 01:53:37 ERROR juju.worker.uniter.operation hook "pgb-peers-relation-changed" (via hook dispatching script: dispatch) failed: exit status 1

[32mINFO    [0m pytest_operator.plugin:plugin.py:991 Forgetting model main...