[32mINFO    [0m juju.model:model.py:2972 Waiting for model:
  postgresql-test-app (waiting for exactly 3 units, current : 4)
[32mINFO    [0m juju.model:model.py:2972 Waiting for model:
  postgresql-test-app (waiting for exactly 3 units, current : 4)
[32mINFO    [0m juju.model:model.py:2972 Waiting for model:
  postgresql-test-app/1 [idle] active: received database credentials of the first database
  postgresql-test-app/2 [idle] active: received database credentials of the first database
  postgresql-test-app/3 [idle] active: received database credentials of the first database
[32mINFO    [0m juju.model:model.py:2972 Waiting for model:
  landscape-client/0 [idle] active: Client registered!
  landscape-client/2 [idle] active: Client registered!
  landscape-client/3 [idle] active: Client registered!
  landscape-client/4 [idle] active: Client registered!
  landscape-client/5 [idle] active: Client registered!
  landscape-client/6 [idle] active: Client registered!
  ubuntu-advantage/0 [idle] active: Attached (esm-apps,esm-infra)
  ubuntu-advantage/1 [idle] active: Attached (esm-apps,esm-infra)
  ubuntu-advantage/3 [idle] active: Attached (esm-apps,esm-infra)
  ubuntu-advantage/5 [idle] active: Attached (esm-apps,esm-infra)
  ubuntu-advantage/6 [idle] active: Attached (esm-apps,esm-infra)
  ubuntu-advantage/7 [idle] active: Attached (esm-apps,esm-infra)
  postgresql-test-app/1 [idle] active: received database credentials of the first database
  postgresql-test-app/2 [idle] active: received database credentials of the first database
  postgresql-test-app/3 [idle] active: received database credentials of the first database
  postgresql/0 [idle] active: 
  postgresql/1 [idle] active: 
  postgresql/2 [idle] active: Primary
  pgbouncer/0 [idle] active: 
  pgbouncer/1 [idle] active: 
  pgbouncer/3 [idle] active:
[32mINFO    [0m pytest_operator.plugin:plugin.py:903 Model status:

Model  Controller           Cloud/Region         Version  SLA          Timestamp
test   localhost-localhost  localhost/localhost  3.4.5    unsupported  02:03:02Z

App                  Version  Status  Scale  Charm                Channel      Rev  Exposed  Message
landscape-client              active      6  landscape-client     latest/edge   69  no       Client registered!
pgbouncer            1.21.0   active      3  pgbouncer                           0  no       
postgresql           14.13    active      3  postgresql           14/edge      480  no       
postgresql-test-app           active      3  postgresql-test-app  latest/edge  246  no       received database credentials of the first database
ubuntu-advantage              active      6  ubuntu-advantage     latest/edge  101  no       Attached (esm-apps,esm-infra)

Unit                    Workload  Agent  Machine  Public address  Ports     Message
postgresql-test-app/1   active    idle   1        10.201.107.125            received database credentials of the first database
  landscape-client/2    active    idle            10.201.107.125            Client registered!
  pgbouncer/1           active    idle            10.201.107.125            
  ubuntu-advantage/1    active    idle            10.201.107.125            Attached (esm-apps,esm-infra)
postgresql-test-app/2*  active    idle   2        10.201.107.79             received database credentials of the first database
  landscape-client/0*   active    idle            10.201.107.79             Client registered!
  pgbouncer/0*          active    idle            10.201.107.79             
  ubuntu-advantage/0    active    idle            10.201.107.79             Attached (esm-apps,esm-infra)
postgresql-test-app/3   active    idle   6        10.201.107.36             received database credentials of the first database
  landscape-client/6    active    idle            10.201.107.36             Client registered!
  pgbouncer/3           active    idle            10.201.107.36             
  ubuntu-advantage/7    active    idle            10.201.107.36             Attached (esm-apps,esm-infra)
postgresql/0            active    idle   3        10.201.107.53   5432/tcp  
  landscape-client/3    active    idle            10.201.107.53             Client registered!
  ubuntu-advantage/3    active    idle            10.201.107.53             Attached (esm-apps,esm-infra)
postgresql/1            active    idle   4        10.201.107.86   5432/tcp  
  landscape-client/5    active    idle            10.201.107.86             Client registered!
  ubuntu-advantage/6    active    idle            10.201.107.86             Attached (esm-apps,esm-infra)
postgresql/2*           active    idle   5        10.201.107.123  5432/tcp  Primary
  landscape-client/4    active    idle            10.201.107.123            Client registered!
  ubuntu-advantage/5*   active    idle            10.201.107.123            Attached (esm-apps,esm-infra)

Machine  State    Address         Inst id        Base          AZ  Message
1        started  10.201.107.125  juju-dc8cfd-1  ubuntu@22.04      Running
2        started  10.201.107.79   juju-dc8cfd-2  ubuntu@22.04      Running
3        started  10.201.107.53   juju-dc8cfd-3  ubuntu@22.04      Running
4        started  10.201.107.86   juju-dc8cfd-4  ubuntu@22.04      Running
5        started  10.201.107.123  juju-dc8cfd-5  ubuntu@22.04      Running
6        started  10.201.107.36   juju-dc8cfd-6  ubuntu@22.04      Running

[32mINFO    [0m pytest_operator.plugin:plugin.py:909 Juju error logs:

machine-2: 01:42:57 ERROR juju.worker.dependency "kvm-container-provisioner" manifold worker returned unexpected error: container types not yet available
machine-2: 01:42:57 ERROR juju.worker.dependency "lxd-container-provisioner" manifold worker returned unexpected error: container types not yet available
unit-postgresql-test-app-2: 01:42:58 ERROR juju.worker.meterstatus error running "meter-status-changed": charm missing from disk
machine-1: 01:43:00 ERROR juju.worker.dependency "kvm-container-provisioner" manifold worker returned unexpected error: container types not yet available
machine-1: 01:43:00 ERROR juju.worker.dependency "lxd-container-provisioner" manifold worker returned unexpected error: container types not yet available
unit-postgresql-test-app-1: 01:43:00 ERROR juju.worker.meterstatus error running "meter-status-changed": charm missing from disk
machine-0: 01:43:03 ERROR juju.worker.dependency "lxd-container-provisioner" manifold worker returned unexpected error: container types not yet available
machine-0: 01:43:03 ERROR juju.worker.dependency "kvm-container-provisioner" manifold worker returned unexpected error: container types not yet available
unit-postgresql-test-app-0: 01:43:03 ERROR juju.worker.meterstatus error running "meter-status-changed": charm missing from disk
machine-5: 01:43:06 ERROR juju.worker.dependency "lxd-container-provisioner" manifold worker returned unexpected error: container types not yet available
machine-5: 01:43:06 ERROR juju.worker.dependency "kvm-container-provisioner" manifold worker returned unexpected error: container types not yet available
unit-postgresql-2: 01:43:07 ERROR juju.worker.meterstatus error running "meter-status-changed": charm missing from disk
unit-pgbouncer-0: 01:43:10 ERROR juju.worker.meterstatus error running "meter-status-changed": charm missing from disk
unit-pgbouncer-1: 01:43:12 ERROR juju.worker.meterstatus error running "meter-status-changed": charm missing from disk
machine-3: 01:43:12 ERROR juju.worker.dependency "kvm-container-provisioner" manifold worker returned unexpected error: container types not yet available
machine-3: 01:43:12 ERROR juju.worker.dependency "lxd-container-provisioner" manifold worker returned unexpected error: container types not yet available
unit-postgresql-0: 01:43:13 ERROR juju.worker.meterstatus error running "meter-status-changed": charm missing from disk
machine-4: 01:43:14 ERROR juju.worker.dependency "kvm-container-provisioner" manifold worker returned unexpected error: container types not yet available
machine-4: 01:43:14 ERROR juju.worker.dependency "lxd-container-provisioner" manifold worker returned unexpected error: container types not yet available
unit-postgresql-1: 01:43:14 ERROR juju.worker.meterstatus error running "meter-status-changed": charm missing from disk
unit-pgbouncer-2: 01:43:15 ERROR juju.worker.meterstatus error running "meter-status-changed": charm missing from disk
unit-pgbouncer-0: 01:45:47 ERROR unit.pgbouncer/0.juju-log backend-database:6: deferring database-created hook - postgres database not ready
unit-landscape-client-0: 01:52:27 ERROR juju.worker.meterstatus error running "meter-status-changed": charm missing from disk
unit-landscape-client-1: 01:52:27 ERROR juju.worker.meterstatus error running "meter-status-changed": charm missing from disk
unit-landscape-client-2: 01:52:27 ERROR juju.worker.meterstatus error running "meter-status-changed": charm missing from disk
unit-landscape-client-3: 01:52:27 ERROR juju.worker.meterstatus error running "meter-status-changed": charm missing from disk
unit-ubuntu-advantage-5: 01:52:31 ERROR juju.worker.meterstatus error running "meter-status-changed": charm missing from disk
unit-landscape-client-5: 01:52:31 ERROR juju.worker.meterstatus error running "meter-status-changed": charm missing from disk
unit-ubuntu-advantage-6: 01:52:31 ERROR juju.worker.meterstatus error running "meter-status-changed": charm missing from disk
unit-landscape-client-4: 01:52:31 ERROR juju.worker.meterstatus error running "meter-status-changed": charm missing from disk
unit-ubuntu-advantage-0: 01:53:05 ERROR unit.unit-ubuntu-advantage-0.juju-log Uncaught exception while in charm code:
Traceback (most recent call last):
  File "/var/lib/juju/agents/unit-ubuntu-advantage-0/charm/venv/ops/model.py", line 2183, in _run
    result = run(args, **kwargs)
  File "/usr/lib/python3.10/subprocess.py", line 526, in run
    raise CalledProcessError(retcode, process.args,
subprocess.CalledProcessError: Command '('/var/lib/juju/tools/unit-ubuntu-advantage-0/config-get', '--format=json')' returned non-zero exit status 1.

During handling of the above exception, another exception occurred:

Traceback (most recent call last):
  File "/var/lib/juju/agents/unit-ubuntu-advantage-0/charm/./src/charm.py", line 427, in <module>
    main(UbuntuAdvantageCharm)
  File "/var/lib/juju/agents/unit-ubuntu-advantage-0/charm/venv/ops/main.py", line 426, in main
    charm = charm_class(framework)
  File "/var/lib/juju/agents/unit-ubuntu-advantage-0/charm/./src/charm.py", line 233, in __init__
    self._setup_proxy_env()
  File "/var/lib/juju/agents/unit-ubuntu-advantage-0/charm/./src/charm.py", line 249, in _setup_proxy_env
    self.proxy_env["http_proxy"] = self.config.get(
  File "/usr/lib/python3.10/_collections_abc.py", line 824, in get
    return self[key]
  File "/var/lib/juju/agents/unit-ubuntu-advantage-0/charm/venv/ops/model.py", line 547, in __getitem__
    return self._data[key]
  File "/var/lib/juju/agents/unit-ubuntu-advantage-0/charm/venv/ops/model.py", line 531, in _data
    data = self._lazy_data = self._load()
  File "/var/lib/juju/agents/unit-ubuntu-advantage-0/charm/venv/ops/model.py", line 1092, in _load
    return self._backend.config_get()
  File "/var/lib/juju/agents/unit-ubuntu-advantage-0/charm/venv/ops/model.py", line 2299, in config_get
    out = self._run('config-get', return_output=True, use_json=True)
  File "/var/lib/juju/agents/unit-ubuntu-advantage-0/charm/venv/ops/model.py", line 2189, in _run
    raise ModelError(e.stderr)
ops.model.ModelError: b'ERROR not implemented for restricted context not implemented\n'
unit-ubuntu-advantage-1: 01:53:05 ERROR unit.unit-ubuntu-advantage-1.juju-log Uncaught exception while in charm code:
Traceback (most recent call last):
  File "/var/lib/juju/agents/unit-ubuntu-advantage-1/charm/venv/ops/model.py", line 2183, in _run
    result = run(args, **kwargs)
  File "/usr/lib/python3.10/subprocess.py", line 526, in run
    raise CalledProcessError(retcode, process.args,
subprocess.CalledProcessError: Command '('/var/lib/juju/tools/unit-ubuntu-advantage-1/config-get', '--format=json')' returned non-zero exit status 1.

During handling of the above exception, another exception occurred:

Traceback (most recent call last):
  File "/var/lib/juju/agents/unit-ubuntu-advantage-1/charm/./src/charm.py", line 427, in <module>
    main(UbuntuAdvantageCharm)
  File "/var/lib/juju/agents/unit-ubuntu-advantage-1/charm/venv/ops/main.py", line 426, in main
    charm = charm_class(framework)
  File "/var/lib/juju/agents/unit-ubuntu-advantage-1/charm/./src/charm.py", line 233, in __init__
    self._setup_proxy_env()
  File "/var/lib/juju/agents/unit-ubuntu-advantage-1/charm/./src/charm.py", line 249, in _setup_proxy_env
    self.proxy_env["http_proxy"] = self.config.get(
  File "/usr/lib/python3.10/_collections_abc.py", line 824, in get
    return self[key]
  File "/var/lib/juju/agents/unit-ubuntu-advantage-1/charm/venv/ops/model.py", line 547, in __getitem__
    return self._data[key]
  File "/var/lib/juju/agents/unit-ubuntu-advantage-1/charm/venv/ops/model.py", line 531, in _data
    data = self._lazy_data = self._load()
  File "/var/lib/juju/agents/unit-ubuntu-advantage-1/charm/venv/ops/model.py", line 1092, in _load
    return self._backend.config_get()
  File "/var/lib/juju/agents/unit-ubuntu-advantage-1/charm/venv/ops/model.py", line 2299, in config_get
    out = self._run('config-get', return_output=True, use_json=True)
  File "/var/lib/juju/agents/unit-ubuntu-advantage-1/charm/venv/ops/model.py", line 2189, in _run
    raise ModelError(e.stderr)
ops.model.ModelError: b'ERROR not implemented for restricted context not implemented\n'
unit-ubuntu-advantage-0: 01:53:05 ERROR juju.worker.meterstatus error running "meter-status-changed": exit status 1
unit-ubuntu-advantage-2: 01:53:06 ERROR unit.unit-ubuntu-advantage-2.juju-log Uncaught exception while in charm code:
Traceback (most recent call last):
  File "/var/lib/juju/agents/unit-ubuntu-advantage-2/charm/venv/ops/model.py", line 2183, in _run
    result = run(args, **kwargs)
  File "/usr/lib/python3.10/subprocess.py", line 526, in run
    raise CalledProcessError(retcode, process.args,
subprocess.CalledProcessError: Command '('/var/lib/juju/tools/unit-ubuntu-advantage-2/config-get', '--format=json')' returned non-zero exit status 1.

During handling of the above exception, another exception occurred:

Traceback (most recent call last):
  File "/var/lib/juju/agents/unit-ubuntu-advantage-2/charm/./src/charm.py", line 427, in <module>
    main(UbuntuAdvantageCharm)
  File "/var/lib/juju/agents/unit-ubuntu-advantage-2/charm/venv/ops/main.py", line 426, in main
    charm = charm_class(framework)
  File "/var/lib/juju/agents/unit-ubuntu-advantage-2/charm/./src/charm.py", line 233, in __init__
    self._setup_proxy_env()
  File "/var/lib/juju/agents/unit-ubuntu-advantage-2/charm/./src/charm.py", line 249, in _setup_proxy_env
    self.proxy_env["http_proxy"] = self.config.get(
  File "/usr/lib/python3.10/_collections_abc.py", line 824, in get
    return self[key]
  File "/var/lib/juju/agents/unit-ubuntu-advantage-2/charm/venv/ops/model.py", line 547, in __getitem__
    return self._data[key]
  File "/var/lib/juju/agents/unit-ubuntu-advantage-2/charm/venv/ops/model.py", line 531, in _data
    data = self._lazy_data = self._load()
  File "/var/lib/juju/agents/unit-ubuntu-advantage-2/charm/venv/ops/model.py", line 1092, in _load
    return self._backend.config_get()
  File "/var/lib/juju/agents/unit-ubuntu-advantage-2/charm/venv/ops/model.py", line 2299, in config_get
    out = self._run('config-get', return_output=True, use_json=True)
  File "/var/lib/juju/agents/unit-ubuntu-advantage-2/charm/venv/ops/model.py", line 2189, in _run
    raise ModelError(e.stderr)
ops.model.ModelError: b'ERROR not implemented for restricted context not implemented\n'
unit-ubuntu-advantage-1: 01:53:06 ERROR juju.worker.meterstatus error running "meter-status-changed": exit status 1
unit-ubuntu-advantage-2: 01:53:06 ERROR juju.worker.meterstatus error running "meter-status-changed": exit status 1
unit-ubuntu-advantage-3: 01:53:07 ERROR unit.unit-ubuntu-advantage-3.juju-log Uncaught exception while in charm code:
Traceback (most recent call last):
  File "/var/lib/juju/agents/unit-ubuntu-advantage-3/charm/venv/ops/model.py", line 2183, in _run
    result = run(args, **kwargs)
  File "/usr/lib/python3.10/subprocess.py", line 526, in run
    raise CalledProcessError(retcode, process.args,
subprocess.CalledProcessError: Command '('/var/lib/juju/tools/unit-ubuntu-advantage-3/config-get', '--format=json')' returned non-zero exit status 1.

During handling of the above exception, another exception occurred:

Traceback (most recent call last):
  File "/var/lib/juju/agents/unit-ubuntu-advantage-3/charm/./src/charm.py", line 427, in <module>
    main(UbuntuAdvantageCharm)
  File "/var/lib/juju/agents/unit-ubuntu-advantage-3/charm/venv/ops/main.py", line 426, in main
    charm = charm_class(framework)
  File "/var/lib/juju/agents/unit-ubuntu-advantage-3/charm/./src/charm.py", line 233, in __init__
    self._setup_proxy_env()
  File "/var/lib/juju/agents/unit-ubuntu-advantage-3/charm/./src/charm.py", line 249, in _setup_proxy_env
    self.proxy_env["http_proxy"] = self.config.get(
  File "/usr/lib/python3.10/_collections_abc.py", line 824, in get
    return self[key]
  File "/var/lib/juju/agents/unit-ubuntu-advantage-3/charm/venv/ops/model.py", line 547, in __getitem__
    return self._data[key]
  File "/var/lib/juju/agents/unit-ubuntu-advantage-3/charm/venv/ops/model.py", line 531, in _data
    data = self._lazy_data = self._load()
  File "/var/lib/juju/agents/unit-ubuntu-advantage-3/charm/venv/ops/model.py", line 1092, in _load
    return self._backend.config_get()
  File "/var/lib/juju/agents/unit-ubuntu-advantage-3/charm/venv/ops/model.py", line 2299, in config_get
    out = self._run('config-get', return_output=True, use_json=True)
  File "/var/lib/juju/agents/unit-ubuntu-advantage-3/charm/venv/ops/model.py", line 2189, in _run
    raise ModelError(e.stderr)
ops.model.ModelError: b'ERROR not implemented for restricted context not implemented\n'
unit-ubuntu-advantage-3: 01:53:07 ERROR juju.worker.meterstatus error running "meter-status-changed": exit status 1
machine-6: 01:58:36 ERROR juju.worker.dependency "kvm-container-provisioner" manifold worker returned unexpected error: container types not yet available
machine-6: 01:58:36 ERROR juju.worker.dependency "lxd-container-provisioner" manifold worker returned unexpected error: container types not yet available
unit-postgresql-test-app-3: 01:58:36 ERROR juju.worker.meterstatus error running "meter-status-changed": charm missing from disk
unit-ubuntu-advantage-7: 01:58:40 ERROR juju.worker.meterstatus error running "meter-status-changed": charm missing from disk
unit-pgbouncer-3: 01:58:41 ERROR juju.worker.meterstatus error running "meter-status-changed": charm missing from disk
unit-landscape-client-6: 01:58:41 ERROR juju.worker.meterstatus error running "meter-status-changed": charm missing from disk

[32mINFO    [0m pytest_operator.plugin:plugin.py:991 Forgetting model main...