{"uid":"8ef0c0513109964c","name":"test_mailman3_core_db","fullName":"tests.integration.relations.test_db#test_mailman3_core_db","historyId":"810e082a5963a194044ada7622e455fd","time":{"start":1759973784268,"stop":1759974435564,"duration":651296},"description":"Deploy Mailman3 Core to test the 'db' relation.","descriptionHtml":"<p>Deploy Mailman3 Core to test the 'db' relation.</p>\n","status":"failed","statusMessage":"AssertionError: no postgres db url, Stderr: GNU Mailman 3.2.2 (La Villa Strangiato)\n  Python 3.8.10 (default, Mar 18 2025, 20:04:55) \n  [GCC 9.4.0]\n  config file: /etc/mailman3/mailman.cfg\n  db url: sqlite:////var/lib/mailman3/data/mailman.db\n  devmode: DISABLED\n  REST root url: http://localhost:8001/3.1/\n  REST credentials: restadmin:XRlZSzstieBs+/QQf8opUWz8yxucoaz0eMOCV1qviHNvgVgT\n  \nassert 'db url: postgres://' in 'GNU Mailman 3.2.2 (La Villa Strangiato)\\nPython 3.8.10 (default, Mar 18 2025, 20:04:55) \\n[GCC 9.4.0]\\nconfig file: /etc/mailman3/mailman.cfg\\ndb url: sqlite:////var/lib/mailman3/data/mailman.db\\ndevmode: DISABLED\\nREST root url: http://localhost:8001/3.1/\\nREST credentials: restadmin:XRlZSzstieBs+/QQf8opUWz8yxucoaz0eMOCV1qviHNvgVgT\\n'","statusTrace":"Traceback (most recent call last):\n  File \"/root/spread_project/.tox/integration/lib/python3.12/site-packages/_pytest/runner.py\", line 344, in from_call\n    result: TResult | None = func()\n                             ^^^^^^\n  File \"/root/spread_project/.tox/integration/lib/python3.12/site-packages/_pytest/runner.py\", line 246, in <lambda>\n    lambda: runtest_hook(item=item, **kwds), when=when, reraise=reraise\n            ^^^^^^^^^^^^^^^^^^^^^^^^^^^^^^^\n  File \"/root/spread_project/.tox/integration/lib/python3.12/site-packages/pluggy/_hooks.py\", line 512, in __call__\n    return self._hookexec(self.name, self._hookimpls.copy(), kwargs, firstresult)\n           ^^^^^^^^^^^^^^^^^^^^^^^^^^^^^^^^^^^^^^^^^^^^^^^^^^^^^^^^^^^^^^^^^^^^^^\n  File \"/root/spread_project/.tox/integration/lib/python3.12/site-packages/pluggy/_manager.py\", line 120, in _hookexec\n    return self._inner_hookexec(hook_name, methods, kwargs, firstresult)\n           ^^^^^^^^^^^^^^^^^^^^^^^^^^^^^^^^^^^^^^^^^^^^^^^^^^^^^^^^^^^^^\n  File \"/root/spread_project/.tox/integration/lib/python3.12/site-packages/pluggy/_callers.py\", line 167, in _multicall\n    raise exception\n  File \"/root/spread_project/.tox/integration/lib/python3.12/site-packages/pluggy/_callers.py\", line 139, in _multicall\n    teardown.throw(exception)\n  File \"/root/spread_project/.tox/integration/lib/python3.12/site-packages/_pytest/logging.py\", line 850, in pytest_runtest_call\n    yield\n  File \"/root/spread_project/.tox/integration/lib/python3.12/site-packages/pluggy/_callers.py\", line 139, in _multicall\n    teardown.throw(exception)\n  File \"/root/spread_project/.tox/integration/lib/python3.12/site-packages/pluggy/_callers.py\", line 53, in run_old_style_hookwrapper\n    return result.get_result()\n           ^^^^^^^^^^^^^^^^^^^\n  File \"/root/spread_project/.tox/integration/lib/python3.12/site-packages/pluggy/_result.py\", line 103, in get_result\n    raise exc.with_traceback(tb)\n  File \"/root/spread_project/.tox/integration/lib/python3.12/site-packages/pluggy/_callers.py\", line 38, in run_old_style_hookwrapper\n    res = yield\n          ^^^^^\n  File \"/root/spread_project/.tox/integration/lib/python3.12/site-packages/pluggy/_callers.py\", line 139, in _multicall\n    teardown.throw(exception)\n  File \"/root/spread_project/.tox/integration/lib/python3.12/site-packages/_pytest/capture.py\", line 900, in pytest_runtest_call\n    return (yield)\n            ^^^^^\n  File \"/root/spread_project/.tox/integration/lib/python3.12/site-packages/pluggy/_callers.py\", line 139, in _multicall\n    teardown.throw(exception)\n  File \"/root/spread_project/.tox/integration/lib/python3.12/site-packages/_pytest/skipping.py\", line 263, in pytest_runtest_call\n    return (yield)\n            ^^^^^\n  File \"/root/spread_project/.tox/integration/lib/python3.12/site-packages/pluggy/_callers.py\", line 121, in _multicall\n    res = hook_impl.function(*args)\n          ^^^^^^^^^^^^^^^^^^^^^^^^^\n  File \"/root/spread_project/.tox/integration/lib/python3.12/site-packages/_pytest/runner.py\", line 178, in pytest_runtest_call\n    item.runtest()\n  File \"/root/spread_project/.tox/integration/lib/python3.12/site-packages/_pytest/python.py\", line 1671, in runtest\n    self.ihook.pytest_pyfunc_call(pyfuncitem=self)\n  File \"/root/spread_project/.tox/integration/lib/python3.12/site-packages/pluggy/_hooks.py\", line 512, in __call__\n    return self._hookexec(self.name, self._hookimpls.copy(), kwargs, firstresult)\n           ^^^^^^^^^^^^^^^^^^^^^^^^^^^^^^^^^^^^^^^^^^^^^^^^^^^^^^^^^^^^^^^^^^^^^^\n  File \"/root/spread_project/.tox/integration/lib/python3.12/site-packages/pluggy/_manager.py\", line 120, in _hookexec\n    return self._inner_hookexec(hook_name, methods, kwargs, firstresult)\n           ^^^^^^^^^^^^^^^^^^^^^^^^^^^^^^^^^^^^^^^^^^^^^^^^^^^^^^^^^^^^^\n  File \"/root/spread_project/.tox/integration/lib/python3.12/site-packages/pluggy/_callers.py\", line 167, in _multicall\n    raise exception\n  File \"/root/spread_project/.tox/integration/lib/python3.12/site-packages/pluggy/_callers.py\", line 139, in _multicall\n    teardown.throw(exception)\n  File \"/root/spread_project/.tox/integration/lib/python3.12/site-packages/pluggy/_callers.py\", line 53, in run_old_style_hookwrapper\n    return result.get_result()\n           ^^^^^^^^^^^^^^^^^^^\n  File \"/root/spread_project/.tox/integration/lib/python3.12/site-packages/pluggy/_result.py\", line 103, in get_result\n    raise exc.with_traceback(tb)\n  File \"/root/spread_project/.tox/integration/lib/python3.12/site-packages/pluggy/_callers.py\", line 38, in run_old_style_hookwrapper\n    res = yield\n          ^^^^^\n  File \"/root/spread_project/.tox/integration/lib/python3.12/site-packages/pluggy/_callers.py\", line 121, in _multicall\n    res = hook_impl.function(*args)\n          ^^^^^^^^^^^^^^^^^^^^^^^^^\n  File \"/root/spread_project/.tox/integration/lib/python3.12/site-packages/_pytest/python.py\", line 157, in pytest_pyfunc_call\n    result = testfunction(**testargs)\n             ^^^^^^^^^^^^^^^^^^^^^^^^\n  File \"/root/spread_project/.tox/integration/lib/python3.12/site-packages/pytest_asyncio/plugin.py\", line 529, in inner\n    _loop.run_until_complete(task)\n  File \"/usr/lib/python3.12/asyncio/base_events.py\", line 687, in run_until_complete\n    return future.result()\n           ^^^^^^^^^^^^^^^\n  File \"/root/spread_project/tests/integration/relations/test_db.py\", line 71, in test_mailman3_core_db\n    assert \"db url: postgres://\" in result, f\"no postgres db url, Stderr: {result}\"\nAssertionError: no postgres db url, Stderr: GNU Mailman 3.2.2 (La Villa Strangiato)\n  Python 3.8.10 (default, Mar 18 2025, 20:04:55) \n  [GCC 9.4.0]\n  config file: /etc/mailman3/mailman.cfg\n  db url: sqlite:////var/lib/mailman3/data/mailman.db\n  devmode: DISABLED\n  REST root url: http://localhost:8001/3.1/\n  REST credentials: restadmin:XRlZSzstieBs+/QQf8opUWz8yxucoaz0eMOCV1qviHNvgVgT\n  \nassert 'db url: postgres://' in 'GNU Mailman 3.2.2 (La Villa Strangiato)\\nPython 3.8.10 (default, Mar 18 2025, 20:04:55) \\n[GCC 9.4.0]\\nconfig file: /etc/mailman3/mailman.cfg\\ndb url: sqlite:////var/lib/mailman3/data/mailman.db\\ndevmode: DISABLED\\nREST root url: http://localhost:8001/3.1/\\nREST credentials: restadmin:XRlZSzstieBs+/QQf8opUWz8yxucoaz0eMOCV1qviHNvgVgT\\n'","flaky":false,"newFailed":true,"newBroken":false,"newPassed":false,"retriesCount":1,"retriesStatusChange":true,"beforeStages":[{"name":"event_loop","time":{"start":1759973784100,"stop":1759973784101,"duration":1},"status":"passed","steps":[],"attachments":[],"parameters":[],"shouldDisplayMessage":false,"stepsCount":0,"attachmentsCount":0,"hasContent":false,"attachmentStep":false},{"name":"charm","time":{"start":1759973784101,"stop":1759973784101,"duration":0},"status":"passed","steps":[],"attachments":[],"parameters":[],"shouldDisplayMessage":false,"stepsCount":0,"attachmentsCount":0,"hasContent":false,"attachmentStep":false},{"name":"ops_test","time":{"start":1759973784101,"stop":1759973784267,"duration":166},"status":"passed","steps":[],"attachments":[],"parameters":[],"shouldDisplayMessage":false,"stepsCount":0,"attachmentsCount":0,"hasContent":false,"attachmentStep":false},{"name":"tmp_path_factory","time":{"start":1759973784101,"stop":1759973784101,"duration":0},"status":"passed","steps":[],"attachments":[],"parameters":[],"shouldDisplayMessage":false,"stepsCount":0,"attachmentsCount":0,"hasContent":false,"attachmentStep":false},{"name":"charm_focal","time":{"start":1759973784101,"stop":1759973784101,"duration":0},"status":"passed","steps":[],"attachments":[],"parameters":[],"shouldDisplayMessage":false,"stepsCount":0,"attachmentsCount":0,"hasContent":false,"attachmentStep":false},{"name":"abort_on_fail","time":{"start":1759973784268,"stop":1759973784268,"duration":0},"status":"passed","steps":[],"attachments":[],"parameters":[],"shouldDisplayMessage":false,"stepsCount":0,"attachmentsCount":0,"hasContent":false,"attachmentStep":false}],"testStage":{"description":"Deploy Mailman3 Core to test the 'db' relation.","status":"failed","statusMessage":"AssertionError: no postgres db url, Stderr: GNU Mailman 3.2.2 (La Villa Strangiato)\n  Python 3.8.10 (default, Mar 18 2025, 20:04:55) \n  [GCC 9.4.0]\n  config file: /etc/mailman3/mailman.cfg\n  db url: sqlite:////var/lib/mailman3/data/mailman.db\n  devmode: DISABLED\n  REST root url: http://localhost:8001/3.1/\n  REST credentials: restadmin:XRlZSzstieBs+/QQf8opUWz8yxucoaz0eMOCV1qviHNvgVgT\n  \nassert 'db url: postgres://' in 'GNU Mailman 3.2.2 (La Villa Strangiato)\\nPython 3.8.10 (default, Mar 18 2025, 20:04:55) \\n[GCC 9.4.0]\\nconfig file: /etc/mailman3/mailman.cfg\\ndb url: sqlite:////var/lib/mailman3/data/mailman.db\\ndevmode: DISABLED\\nREST root url: http://localhost:8001/3.1/\\nREST credentials: restadmin:XRlZSzstieBs+/QQf8opUWz8yxucoaz0eMOCV1qviHNvgVgT\\n'","statusTrace":"Traceback (most recent call last):\n  File \"/root/spread_project/.tox/integration/lib/python3.12/site-packages/_pytest/runner.py\", line 344, in from_call\n    result: TResult | None = func()\n                             ^^^^^^\n  File \"/root/spread_project/.tox/integration/lib/python3.12/site-packages/_pytest/runner.py\", line 246, in <lambda>\n    lambda: runtest_hook(item=item, **kwds), when=when, reraise=reraise\n            ^^^^^^^^^^^^^^^^^^^^^^^^^^^^^^^\n  File \"/root/spread_project/.tox/integration/lib/python3.12/site-packages/pluggy/_hooks.py\", line 512, in __call__\n    return self._hookexec(self.name, self._hookimpls.copy(), kwargs, firstresult)\n           ^^^^^^^^^^^^^^^^^^^^^^^^^^^^^^^^^^^^^^^^^^^^^^^^^^^^^^^^^^^^^^^^^^^^^^\n  File \"/root/spread_project/.tox/integration/lib/python3.12/site-packages/pluggy/_manager.py\", line 120, in _hookexec\n    return self._inner_hookexec(hook_name, methods, kwargs, firstresult)\n           ^^^^^^^^^^^^^^^^^^^^^^^^^^^^^^^^^^^^^^^^^^^^^^^^^^^^^^^^^^^^^\n  File \"/root/spread_project/.tox/integration/lib/python3.12/site-packages/pluggy/_callers.py\", line 167, in _multicall\n    raise exception\n  File \"/root/spread_project/.tox/integration/lib/python3.12/site-packages/pluggy/_callers.py\", line 139, in _multicall\n    teardown.throw(exception)\n  File \"/root/spread_project/.tox/integration/lib/python3.12/site-packages/_pytest/logging.py\", line 850, in pytest_runtest_call\n    yield\n  File \"/root/spread_project/.tox/integration/lib/python3.12/site-packages/pluggy/_callers.py\", line 139, in _multicall\n    teardown.throw(exception)\n  File \"/root/spread_project/.tox/integration/lib/python3.12/site-packages/pluggy/_callers.py\", line 53, in run_old_style_hookwrapper\n    return result.get_result()\n           ^^^^^^^^^^^^^^^^^^^\n  File \"/root/spread_project/.tox/integration/lib/python3.12/site-packages/pluggy/_result.py\", line 103, in get_result\n    raise exc.with_traceback(tb)\n  File \"/root/spread_project/.tox/integration/lib/python3.12/site-packages/pluggy/_callers.py\", line 38, in run_old_style_hookwrapper\n    res = yield\n          ^^^^^\n  File \"/root/spread_project/.tox/integration/lib/python3.12/site-packages/pluggy/_callers.py\", line 139, in _multicall\n    teardown.throw(exception)\n  File \"/root/spread_project/.tox/integration/lib/python3.12/site-packages/_pytest/capture.py\", line 900, in pytest_runtest_call\n    return (yield)\n            ^^^^^\n  File \"/root/spread_project/.tox/integration/lib/python3.12/site-packages/pluggy/_callers.py\", line 139, in _multicall\n    teardown.throw(exception)\n  File \"/root/spread_project/.tox/integration/lib/python3.12/site-packages/_pytest/skipping.py\", line 263, in pytest_runtest_call\n    return (yield)\n            ^^^^^\n  File \"/root/spread_project/.tox/integration/lib/python3.12/site-packages/pluggy/_callers.py\", line 121, in _multicall\n    res = hook_impl.function(*args)\n          ^^^^^^^^^^^^^^^^^^^^^^^^^\n  File \"/root/spread_project/.tox/integration/lib/python3.12/site-packages/_pytest/runner.py\", line 178, in pytest_runtest_call\n    item.runtest()\n  File \"/root/spread_project/.tox/integration/lib/python3.12/site-packages/_pytest/python.py\", line 1671, in runtest\n    self.ihook.pytest_pyfunc_call(pyfuncitem=self)\n  File \"/root/spread_project/.tox/integration/lib/python3.12/site-packages/pluggy/_hooks.py\", line 512, in __call__\n    return self._hookexec(self.name, self._hookimpls.copy(), kwargs, firstresult)\n           ^^^^^^^^^^^^^^^^^^^^^^^^^^^^^^^^^^^^^^^^^^^^^^^^^^^^^^^^^^^^^^^^^^^^^^\n  File \"/root/spread_project/.tox/integration/lib/python3.12/site-packages/pluggy/_manager.py\", line 120, in _hookexec\n    return self._inner_hookexec(hook_name, methods, kwargs, firstresult)\n           ^^^^^^^^^^^^^^^^^^^^^^^^^^^^^^^^^^^^^^^^^^^^^^^^^^^^^^^^^^^^^\n  File \"/root/spread_project/.tox/integration/lib/python3.12/site-packages/pluggy/_callers.py\", line 167, in _multicall\n    raise exception\n  File \"/root/spread_project/.tox/integration/lib/python3.12/site-packages/pluggy/_callers.py\", line 139, in _multicall\n    teardown.throw(exception)\n  File \"/root/spread_project/.tox/integration/lib/python3.12/site-packages/pluggy/_callers.py\", line 53, in run_old_style_hookwrapper\n    return result.get_result()\n           ^^^^^^^^^^^^^^^^^^^\n  File \"/root/spread_project/.tox/integration/lib/python3.12/site-packages/pluggy/_result.py\", line 103, in get_result\n    raise exc.with_traceback(tb)\n  File \"/root/spread_project/.tox/integration/lib/python3.12/site-packages/pluggy/_callers.py\", line 38, in run_old_style_hookwrapper\n    res = yield\n          ^^^^^\n  File \"/root/spread_project/.tox/integration/lib/python3.12/site-packages/pluggy/_callers.py\", line 121, in _multicall\n    res = hook_impl.function(*args)\n          ^^^^^^^^^^^^^^^^^^^^^^^^^\n  File \"/root/spread_project/.tox/integration/lib/python3.12/site-packages/_pytest/python.py\", line 157, in pytest_pyfunc_call\n    result = testfunction(**testargs)\n             ^^^^^^^^^^^^^^^^^^^^^^^^\n  File \"/root/spread_project/.tox/integration/lib/python3.12/site-packages/pytest_asyncio/plugin.py\", line 529, in inner\n    _loop.run_until_complete(task)\n  File \"/usr/lib/python3.12/asyncio/base_events.py\", line 687, in run_until_complete\n    return future.result()\n           ^^^^^^^^^^^^^^^\n  File \"/root/spread_project/tests/integration/relations/test_db.py\", line 71, in test_mailman3_core_db\n    assert \"db url: postgres://\" in result, f\"no postgres db url, Stderr: {result}\"\nAssertionError: no postgres db url, Stderr: GNU Mailman 3.2.2 (La Villa Strangiato)\n  Python 3.8.10 (default, Mar 18 2025, 20:04:55) \n  [GCC 9.4.0]\n  config file: /etc/mailman3/mailman.cfg\n  db url: sqlite:////var/lib/mailman3/data/mailman.db\n  devmode: DISABLED\n  REST root url: http://localhost:8001/3.1/\n  REST credentials: restadmin:XRlZSzstieBs+/QQf8opUWz8yxucoaz0eMOCV1qviHNvgVgT\n  \nassert 'db url: postgres://' in 'GNU Mailman 3.2.2 (La Villa Strangiato)\\nPython 3.8.10 (default, Mar 18 2025, 20:04:55) \\n[GCC 9.4.0]\\nconfig file: /etc/mailman3/mailman.cfg\\ndb url: sqlite:////var/lib/mailman3/data/mailman.db\\ndevmode: DISABLED\\nREST root url: http://localhost:8001/3.1/\\nREST credentials: restadmin:XRlZSzstieBs+/QQf8opUWz8yxucoaz0eMOCV1qviHNvgVgT\\n'","steps":[],"attachments":[{"uid":"5a92f6b5ca5bf64","name":"log","source":"5a92f6b5ca5bf64.txt","type":"text/plain","size":7715}],"parameters":[],"shouldDisplayMessage":true,"stepsCount":0,"attachmentsCount":1,"hasContent":true,"attachmentStep":false},"afterStages":[{"name":"abort_on_fail::0","time":{"start":1759974435595,"stop":1759974435595,"duration":0},"status":"passed","steps":[],"attachments":[],"parameters":[],"shouldDisplayMessage":false,"stepsCount":0,"attachmentsCount":0,"hasContent":false,"attachmentStep":false},{"name":"ops_test::finalizer","time":{"start":1759974435613,"stop":1759974436888,"duration":1275},"status":"passed","steps":[],"attachments":[],"parameters":[],"shouldDisplayMessage":false,"stepsCount":0,"attachmentsCount":0,"hasContent":false,"attachmentStep":false},{"name":"event_loop::2","time":{"start":1759974436889,"stop":1759974436889,"duration":0},"status":"passed","steps":[],"attachments":[],"parameters":[],"shouldDisplayMessage":false,"stepsCount":0,"attachmentsCount":0,"hasContent":false,"attachmentStep":false},{"name":"event_loop::_close_event_loop","time":{"start":1759974436889,"stop":1759974436889,"duration":0},"status":"passed","steps":[],"attachments":[],"parameters":[],"shouldDisplayMessage":false,"stepsCount":0,"attachmentsCount":0,"hasContent":false,"attachmentStep":false},{"name":"event_loop::_provide_clean_event_loop","time":{"start":1759974436889,"stop":1759974436889,"duration":0},"status":"passed","steps":[],"attachments":[],"parameters":[],"shouldDisplayMessage":false,"stepsCount":0,"attachmentsCount":0,"hasContent":false,"attachmentStep":false}],"labels":[{"name":"tag","value":"abort_on_fail"},{"name":"tag","value":"asyncio"},{"name":"parentSuite","value":"tests.integration.relations"},{"name":"suite","value":"test_db"},{"name":"host","value":"runnervmwhb2z"},{"name":"thread","value":"14893-MainThread"},{"name":"framework","value":"pytest"},{"name":"language","value":"cpython3"},{"name":"package","value":"tests.integration.relations.test_db"},{"name":"resultFormat","value":"allure2"}],"parameters":[],"links":[],"hidden":false,"retry":false,"extra":{"severity":"normal","retries":[{"uid":"defc1d649dc24f62","status":"unknown","time":{}}],"categories":[{"name":"Product defects","matchedStatuses":[]}],"history":{"statistic":{"failed":1,"broken":51,"skipped":0,"passed":396,"unknown":14,"total":462},"items":[{"uid":"f56821e3bcf2a893","reportUrl":"../2941//#testresult/f56821e3bcf2a893","status":"passed","time":{"start":1759887400347,"stop":1759888082760,"duration":682413}},{"uid":"a37b5cf2d37abba4","reportUrl":"../2940//#testresult/a37b5cf2d37abba4","status":"passed","time":{"start":1759800936319,"stop":1759801550666,"duration":614347}},{"uid":"2327d95bfbe02d3b","reportUrl":"../2939//#testresult/2327d95bfbe02d3b","status":"passed","time":{"start":1759714611241,"stop":1759715258728,"duration":647487}},{"uid":"a731fe691b3ae316","reportUrl":"../2938//#testresult/a731fe691b3ae316","status":"passed","time":{"start":1759628238071,"stop":1759628904641,"duration":666570}},{"uid":"25b75cad1b287903","reportUrl":"../2936//#testresult/25b75cad1b287903","status":"passed","time":{"start":1759541908424,"stop":1759542580147,"duration":671723}},{"uid":"a701387534328b97","reportUrl":"../2935//#testresult/a701387534328b97","status":"passed","time":{"start":1759455372707,"stop":1759456015003,"duration":642296}},{"uid":"a0d076d3c43d420b","reportUrl":"../2934//#testresult/a0d076d3c43d420b","status":"passed","time":{"start":1759369010905,"stop":1759369735091,"duration":724186}},{"uid":"492d7667a82f91ee","reportUrl":"../2932//#testresult/492d7667a82f91ee","status":"passed","time":{"start":1759282620836,"stop":1759283323339,"duration":702503}},{"uid":"ad997a41527ce633","reportUrl":"../2931//#testresult/ad997a41527ce633","status":"passed","time":{"start":1759198221777,"stop":1759198952003,"duration":730226}},{"uid":"86420bb8f01b1675","reportUrl":"../2929//#testresult/86420bb8f01b1675","status":"broken","statusDetails":"mailmanclient.restbase.connection.MailmanConnectionError: ('Could not connect to Mailman API: ', 'ConnectionError(MaxRetryError(\"HTTPConnectionPool(host=\\'10.178.119.85\\', port=8001): Max retries exceeded with url: /3.1/domains (Caused by NewConnectionError(\\'<urllib3.connection.HTTPConnection object at 0x7fcaf3d7dd30>: Failed to establish a new connection: [Errno 111] Connection refused\\'))\"))')","time":{"start":1759110042158,"stop":1759110725557,"duration":683399}},{"uid":"b42ba841e6671c","reportUrl":"../2928//#testresult/b42ba841e6671c","status":"passed","time":{"start":1759023993035,"stop":1759024783392,"duration":790357}},{"uid":"a4e02c9273c46516","reportUrl":"../2927//#testresult/a4e02c9273c46516","status":"passed","time":{"start":1758937412584,"stop":1758938123342,"duration":710758}},{"uid":"c8d3ff96990150ae","reportUrl":"../2925//#testresult/c8d3ff96990150ae","status":"passed","time":{"start":1758850703148,"stop":1758851383141,"duration":679993}},{"uid":"4c4f7ec8a0b25940","reportUrl":"../2922//#testresult/4c4f7ec8a0b25940","status":"passed","time":{"start":1758764269521,"stop":1758765018404,"duration":748883}},{"uid":"6e16da5930d4dbb0","reportUrl":"../2921//#testresult/6e16da5930d4dbb0","status":"passed","time":{"start":1758677920404,"stop":1758678606303,"duration":685899}},{"uid":"3c0975da2ef46029","reportUrl":"../2919//#testresult/3c0975da2ef46029","status":"passed","time":{"start":1758591468228,"stop":1758592167116,"duration":698888}},{"uid":"55bc2961218e1dbb","reportUrl":"../2918//#testresult/55bc2961218e1dbb","status":"passed","time":{"start":1758505092029,"stop":1758505949243,"duration":857214}},{"uid":"d41f428bfb76c372","reportUrl":"../2917//#testresult/d41f428bfb76c372","status":"broken","statusDetails":"psycopg2.OperationalError: connection to server at \"10.240.175.169\", port 5432 failed: FATAL:  no pg_hba.conf entry for host \"10.240.175.1\", user \"relation-5\", database \"postgres\", no encryption","time":{"start":1758418711531,"stop":1758419617745,"duration":906214}},{"uid":"1480f61efa646a8f","reportUrl":"../2916//#testresult/1480f61efa646a8f","status":"broken","statusDetails":"psycopg2.OperationalError: connection to server at \"10.119.42.108\", port 5432 failed: FATAL:  no pg_hba.conf entry for host \"10.119.42.1\", user \"relation-5\", database \"postgres\", no encryption","time":{"start":1758332206043,"stop":1758333112537,"duration":906494}},{"uid":"5256c9161fc251c0","reportUrl":"../2915//#testresult/5256c9161fc251c0","status":"passed","time":{"start":1758245895222,"stop":1758246771407,"duration":876185}}]},"tags":["asyncio","abort_on_fail"]},"source":"8ef0c0513109964c.json","parameterValues":[]}