[32mINFO    [0m pytest_operator.plugin:plugin.py:903 Model status:

Model  Controller           Cloud/Region         Version  SLA          Timestamp
test   localhost-localhost  localhost/localhost  3.4.5    unsupported  02:24:29Z

App                  Version  Status  Scale  Charm                Channel      Rev  Exposed  Message
pgbouncer            1.21.0   error       3  pgbouncer            1/edge       400  no       hook failed: "backend-database-relation-changed"
postgresql           14.12    active      3  postgresql           14/edge      466  no       
postgresql-test-app           active      3  postgresql-test-app  latest/edge  237  no       

Unit                    Workload  Agent      Machine  Public address  Ports     Message
postgresql-test-app/0*  active    executing  0        10.41.36.100              
  pgbouncer/0*          active    executing           10.41.36.100              
postgresql-test-app/1   active    idle       1        10.41.36.185              
  pgbouncer/2           blocked   executing           10.41.36.185              PgBouncer service pgbouncer-pgbouncer-prometheus not running
postgresql-test-app/2   active    idle       2        10.41.36.179              
  pgbouncer/1           error     idle                10.41.36.179              hook failed: "backend-database-relation-changed"
postgresql/0            waiting   executing  3        10.41.36.111    5432/tcp  awaiting for cluster to start
postgresql/1            waiting   executing  4        10.41.36.240    5432/tcp  awaiting for cluster to start
postgresql/2*           active    executing  5        10.41.36.26     5432/tcp  Primary

Machine  State    Address       Inst id        Base          AZ  Message
0        started  10.41.36.100  juju-892dc3-0  ubuntu@22.04      Running
1        started  10.41.36.185  juju-892dc3-1  ubuntu@22.04      Running
2        started  10.41.36.179  juju-892dc3-2  ubuntu@22.04      Running
3        started  10.41.36.111  juju-892dc3-3  ubuntu@22.04      Running
4        started  10.41.36.240  juju-892dc3-4  ubuntu@22.04      Running
5        started  10.41.36.26   juju-892dc3-5  ubuntu@22.04      Running

[32mINFO    [0m pytest_operator.plugin:plugin.py:909 Juju error logs:

machine-0: 02:21:31 ERROR juju.worker.dependency "kvm-container-provisioner" manifold worker returned unexpected error: container types not yet available
machine-0: 02:21:31 ERROR juju.worker.dependency "lxd-container-provisioner" manifold worker returned unexpected error: container types not yet available
unit-postgresql-test-app-0: 02:21:33 ERROR juju.worker.meterstatus error running "meter-status-changed": charm missing from disk
machine-2: 02:21:33 ERROR juju.worker.dependency "lxd-container-provisioner" manifold worker returned unexpected error: container types not yet available
machine-2: 02:21:33 ERROR juju.worker.dependency "kvm-container-provisioner" manifold worker returned unexpected error: container types not yet available
unit-postgresql-test-app-2: 02:21:35 ERROR juju.worker.meterstatus error running "meter-status-changed": charm missing from disk
machine-5: 02:21:38 ERROR juju.worker.dependency "lxd-container-provisioner" manifold worker returned unexpected error: container types not yet available
machine-5: 02:21:38 ERROR juju.worker.dependency "kvm-container-provisioner" manifold worker returned unexpected error: container types not yet available
unit-postgresql-2: 02:21:38 ERROR juju.worker.meterstatus error running "meter-status-changed": charm missing from disk
machine-1: 02:21:42 ERROR juju.worker.dependency "lxd-container-provisioner" manifold worker returned unexpected error: container types not yet available
machine-1: 02:21:42 ERROR juju.worker.dependency "kvm-container-provisioner" manifold worker returned unexpected error: container types not yet available
machine-4: 02:21:42 ERROR juju.worker.dependency "lxd-container-provisioner" manifold worker returned unexpected error: container types not yet available
machine-4: 02:21:42 ERROR juju.worker.dependency "kvm-container-provisioner" manifold worker returned unexpected error: container types not yet available
unit-postgresql-test-app-1: 02:21:43 ERROR juju.worker.meterstatus error running "meter-status-changed": charm missing from disk
unit-postgresql-1: 02:21:44 ERROR juju.worker.meterstatus error running "meter-status-changed": charm missing from disk
unit-pgbouncer-0: 02:21:44 ERROR juju.worker.meterstatus error running "meter-status-changed": charm missing from disk
machine-3: 02:21:46 ERROR juju.worker.dependency "lxd-container-provisioner" manifold worker returned unexpected error: container types not yet available
machine-3: 02:21:46 ERROR juju.worker.dependency "kvm-container-provisioner" manifold worker returned unexpected error: container types not yet available
unit-pgbouncer-1: 02:21:46 ERROR juju.worker.meterstatus error running "meter-status-changed": charm missing from disk
unit-postgresql-0: 02:21:47 ERROR juju.worker.meterstatus error running "meter-status-changed": charm missing from disk
unit-pgbouncer-2: 02:21:52 ERROR juju.worker.meterstatus error running "meter-status-changed": charm missing from disk
unit-pgbouncer-0: 02:23:55 ERROR unit.pgbouncer/0.juju-log backend-database:6: deferring database-created hook - postgres database not ready
unit-pgbouncer-0: 02:23:56 ERROR unit.pgbouncer/0.juju-log deferring database-created hook - postgres database not ready
unit-pgbouncer-0: 02:24:04 ERROR unit.pgbouncer/0.juju-log deferring database-created hook - postgres database not ready
unit-pgbouncer-0: 02:24:15 ERROR unit.pgbouncer/0.juju-log deferring database-created hook - postgres database not ready
unit-pgbouncer-1: 02:24:28 ERROR unit.pgbouncer/1.juju-log backend-database:6: Uncaught exception while in charm code:
Traceback (most recent call last):
  File "/var/lib/juju/agents/unit-pgbouncer-1/charm/venv/ops/model.py", line 3187, in _run
    result = subprocess.run(args, **kwargs)  # type: ignore
  File "/usr/lib/python3.10/subprocess.py", line 526, in run
    raise CalledProcessError(retcode, process.args,
subprocess.CalledProcessError: Command '('/var/lib/juju/tools/unit-pgbouncer-1/secret-get', '--label', 'pgb-peers.pgbouncer.app', '--format=json')' returned non-zero exit status 1.

The above exception was the direct cause of the following exception:

Traceback (most recent call last):
  File "/var/lib/juju/agents/unit-pgbouncer-1/charm/./src/charm.py", line 1004, in <module>
    main(PgBouncerCharm)
  File "/var/lib/juju/agents/unit-pgbouncer-1/charm/venv/ops/main.py", line 551, in main
    manager.run()
  File "/var/lib/juju/agents/unit-pgbouncer-1/charm/venv/ops/main.py", line 530, in run
    self._emit()
  File "/var/lib/juju/agents/unit-pgbouncer-1/charm/venv/ops/main.py", line 519, in _emit
    _emit_charm_event(self.charm, self.dispatcher.event_name)
  File "/var/lib/juju/agents/unit-pgbouncer-1/charm/venv/ops/main.py", line 147, in _emit_charm_event
    event_to_emit.emit(*args, **kwargs)
  File "/var/lib/juju/agents/unit-pgbouncer-1/charm/venv/ops/framework.py", line 348, in emit
    framework._emit(event)
  File "/var/lib/juju/agents/unit-pgbouncer-1/charm/venv/ops/framework.py", line 860, in _emit
    self._reemit(event_path)
  File "/var/lib/juju/agents/unit-pgbouncer-1/charm/venv/ops/framework.py", line 950, in _reemit
    custom_handler(event)
  File "/var/lib/juju/agents/unit-pgbouncer-1/charm/lib/charms/tempo_k8s/v1/charm_tracing.py", line 735, in wrapped_function
    return callable(*args, **kwargs)  # type: ignore
  File "/var/lib/juju/agents/unit-pgbouncer-1/charm/src/relations/backend_database.py", line 234, in _on_relation_changed
    if not self.charm.check_pgb_running():
  File "/var/lib/juju/agents/unit-pgbouncer-1/charm/lib/charms/tempo_k8s/v1/charm_tracing.py", line 735, in wrapped_function
    return callable(*args, **kwargs)  # type: ignore
  File "/var/lib/juju/agents/unit-pgbouncer-1/charm/./src/charm.py", line 611, in check_pgb_running
    if self.backend.ready:
  File "/var/lib/juju/agents/unit-pgbouncer-1/charm/src/relations/backend_database.py", line 439, in ready
    not (auth_file := self.charm.get_secret(APP_SCOPE, AUTH_FILE_DATABAG_KEY))
  File "/var/lib/juju/agents/unit-pgbouncer-1/charm/lib/charms/tempo_k8s/v1/charm_tracing.py", line 735, in wrapped_function
    return callable(*args, **kwargs)  # type: ignore
  File "/var/lib/juju/agents/unit-pgbouncer-1/charm/./src/charm.py", line 331, in get_secret
    return self.peer_relation_data(scope).get_secret(peers.id, secret_key)
  File "/var/lib/juju/agents/unit-pgbouncer-1/charm/lib/charms/data_platform_libs/v0/data_interfaces.py", line 517, in wrapper
    return f(self, *args, **kwargs)
  File "/var/lib/juju/agents/unit-pgbouncer-1/charm/lib/charms/data_platform_libs/v0/data_interfaces.py", line 2029, in get_secret
    and field not in self.current_secret_fields
  File "/var/lib/juju/agents/unit-pgbouncer-1/charm/lib/charms/data_platform_libs/v0/data_interfaces.py", line 1985, in current_secret_fields
    if content := self._get_group_secret_contents(relation, group):
  File "/var/lib/juju/agents/unit-pgbouncer-1/charm/lib/charms/data_platform_libs/v0/data_interfaces.py", line 2316, in _get_group_secret_contents
    result = super()._get_group_secret_contents(relation, group, secret_fields)
  File "/var/lib/juju/agents/unit-pgbouncer-1/charm/lib/charms/data_platform_libs/v0/data_interfaces.py", line 1119, in _get_group_secret_contents
    if (secret := self._get_relation_secret(relation.id, group)) and (
  File "/var/lib/juju/agents/unit-pgbouncer-1/charm/lib/charms/data_platform_libs/v0/data_interfaces.py", line 504, in wrapper
    return f(self, *args, **kwargs)
  File "/var/lib/juju/agents/unit-pgbouncer-1/charm/lib/charms/data_platform_libs/v0/data_interfaces.py", line 2303, in _get_relation_secret
    return self.secrets.get(
  File "/var/lib/juju/agents/unit-pgbouncer-1/charm/lib/charms/data_platform_libs/v0/data_interfaces.py", line 808, in get
    if secret.meta:
  File "/var/lib/juju/agents/unit-pgbouncer-1/charm/lib/charms/data_platform_libs/v0/data_interfaces.py", line 638, in meta
    self._secret_meta = self._model.get_secret(label=self.label)
  File "/var/lib/juju/agents/unit-pgbouncer-1/charm/venv/ops/model.py", line 291, in get_secret
    content = self._backend.secret_get(id=id, label=label)
  File "/var/lib/juju/agents/unit-pgbouncer-1/charm/venv/ops/model.py", line 3552, in secret_get
    result = self._run('secret-get', *args, return_output=True, use_json=True)
  File "/var/lib/juju/agents/unit-pgbouncer-1/charm/venv/ops/model.py", line 3189, in _run
    raise ModelError(e.stderr) from e
ops.model.ModelError: ERROR permission denied


[32mINFO    [0m pytest_operator.plugin:plugin.py:991 Forgetting model main...