{"uid":"43692233987774c2","name":"test_extensions","fullName":"tests.integration.relations.test_db#test_extensions","historyId":"f2c444793ec694d8a294eea952f77c90","time":{"start":1754099457057,"stop":1754099574011,"duration":116954},"description":"Test that PGB blocks on disabled extension request and allows enabled ones.","descriptionHtml":"<p>Test that PGB blocks on disabled extension request and allows enabled ones.</p>\n","status":"failed","statusMessage":"AssertionError: assert 'waiting for ...to initialise' == 'bad relation...his relation.'\n  \n  \u001B[0m\u001B[91m- bad relation request - remote app requested extensions, which are unsupported. Please remove this relation.\u001B[39;49;00m\u001B[90m\u001B[39;49;00m\n  \u001B[92m+ waiting for backend database relation to initialise\u001B[39;49;00m\u001B[90m\u001B[39;49;00m","statusTrace":"Traceback (most recent call last):\n  File \"/root/spread_project/.tox/integration/lib/python3.12/site-packages/_pytest/runner.py\", line 344, in from_call\n    result: TResult | None = func()\n                             ^^^^^^\n  File \"/root/spread_project/.tox/integration/lib/python3.12/site-packages/_pytest/runner.py\", line 246, in <lambda>\n    lambda: runtest_hook(item=item, **kwds), when=when, reraise=reraise\n            ^^^^^^^^^^^^^^^^^^^^^^^^^^^^^^^\n  File \"/root/spread_project/.tox/integration/lib/python3.12/site-packages/pluggy/_hooks.py\", line 512, in __call__\n    return self._hookexec(self.name, self._hookimpls.copy(), kwargs, firstresult)\n           ^^^^^^^^^^^^^^^^^^^^^^^^^^^^^^^^^^^^^^^^^^^^^^^^^^^^^^^^^^^^^^^^^^^^^^\n  File \"/root/spread_project/.tox/integration/lib/python3.12/site-packages/pluggy/_manager.py\", line 120, in _hookexec\n    return self._inner_hookexec(hook_name, methods, kwargs, firstresult)\n           ^^^^^^^^^^^^^^^^^^^^^^^^^^^^^^^^^^^^^^^^^^^^^^^^^^^^^^^^^^^^^\n  File \"/root/spread_project/.tox/integration/lib/python3.12/site-packages/pluggy/_callers.py\", line 167, in _multicall\n    raise exception\n  File \"/root/spread_project/.tox/integration/lib/python3.12/site-packages/pluggy/_callers.py\", line 139, in _multicall\n    teardown.throw(exception)\n  File \"/root/spread_project/.tox/integration/lib/python3.12/site-packages/_pytest/logging.py\", line 850, in pytest_runtest_call\n    yield\n  File \"/root/spread_project/.tox/integration/lib/python3.12/site-packages/pluggy/_callers.py\", line 139, in _multicall\n    teardown.throw(exception)\n  File \"/root/spread_project/.tox/integration/lib/python3.12/site-packages/pluggy/_callers.py\", line 53, in run_old_style_hookwrapper\n    return result.get_result()\n           ^^^^^^^^^^^^^^^^^^^\n  File \"/root/spread_project/.tox/integration/lib/python3.12/site-packages/pluggy/_result.py\", line 103, in get_result\n    raise exc.with_traceback(tb)\n  File \"/root/spread_project/.tox/integration/lib/python3.12/site-packages/pluggy/_callers.py\", line 38, in run_old_style_hookwrapper\n    res = yield\n          ^^^^^\n  File \"/root/spread_project/.tox/integration/lib/python3.12/site-packages/pluggy/_callers.py\", line 139, in _multicall\n    teardown.throw(exception)\n  File \"/root/spread_project/.tox/integration/lib/python3.12/site-packages/_pytest/capture.py\", line 900, in pytest_runtest_call\n    return (yield)\n            ^^^^^\n  File \"/root/spread_project/.tox/integration/lib/python3.12/site-packages/pluggy/_callers.py\", line 139, in _multicall\n    teardown.throw(exception)\n  File \"/root/spread_project/.tox/integration/lib/python3.12/site-packages/_pytest/skipping.py\", line 263, in pytest_runtest_call\n    return (yield)\n            ^^^^^\n  File \"/root/spread_project/.tox/integration/lib/python3.12/site-packages/pluggy/_callers.py\", line 121, in _multicall\n    res = hook_impl.function(*args)\n          ^^^^^^^^^^^^^^^^^^^^^^^^^\n  File \"/root/spread_project/.tox/integration/lib/python3.12/site-packages/_pytest/runner.py\", line 178, in pytest_runtest_call\n    item.runtest()\n  File \"/root/spread_project/.tox/integration/lib/python3.12/site-packages/_pytest/python.py\", line 1671, in runtest\n    self.ihook.pytest_pyfunc_call(pyfuncitem=self)\n  File \"/root/spread_project/.tox/integration/lib/python3.12/site-packages/pluggy/_hooks.py\", line 512, in __call__\n    return self._hookexec(self.name, self._hookimpls.copy(), kwargs, firstresult)\n           ^^^^^^^^^^^^^^^^^^^^^^^^^^^^^^^^^^^^^^^^^^^^^^^^^^^^^^^^^^^^^^^^^^^^^^\n  File \"/root/spread_project/.tox/integration/lib/python3.12/site-packages/pluggy/_manager.py\", line 120, in _hookexec\n    return self._inner_hookexec(hook_name, methods, kwargs, firstresult)\n           ^^^^^^^^^^^^^^^^^^^^^^^^^^^^^^^^^^^^^^^^^^^^^^^^^^^^^^^^^^^^^\n  File \"/root/spread_project/.tox/integration/lib/python3.12/site-packages/pluggy/_callers.py\", line 167, in _multicall\n    raise exception\n  File \"/root/spread_project/.tox/integration/lib/python3.12/site-packages/pluggy/_callers.py\", line 139, in _multicall\n    teardown.throw(exception)\n  File \"/root/spread_project/.tox/integration/lib/python3.12/site-packages/pluggy/_callers.py\", line 53, in run_old_style_hookwrapper\n    return result.get_result()\n           ^^^^^^^^^^^^^^^^^^^\n  File \"/root/spread_project/.tox/integration/lib/python3.12/site-packages/pluggy/_result.py\", line 103, in get_result\n    raise exc.with_traceback(tb)\n  File \"/root/spread_project/.tox/integration/lib/python3.12/site-packages/pluggy/_callers.py\", line 38, in run_old_style_hookwrapper\n    res = yield\n          ^^^^^\n  File \"/root/spread_project/.tox/integration/lib/python3.12/site-packages/pluggy/_callers.py\", line 121, in _multicall\n    res = hook_impl.function(*args)\n          ^^^^^^^^^^^^^^^^^^^^^^^^^\n  File \"/root/spread_project/.tox/integration/lib/python3.12/site-packages/_pytest/python.py\", line 157, in pytest_pyfunc_call\n    result = testfunction(**testargs)\n             ^^^^^^^^^^^^^^^^^^^^^^^^\n  File \"/root/spread_project/.tox/integration/lib/python3.12/site-packages/pytest_asyncio/plugin.py\", line 529, in inner\n    _loop.run_until_complete(task)\n  File \"/usr/lib/python3.12/asyncio/base_events.py\", line 687, in run_until_complete\n    return future.result()\n           ^^^^^^^^^^^^^^^\n  File \"/root/spread_project/tests/integration/relations/test_db.py\", line 129, in test_extensions\n    assert (\nAssertionError: assert 'waiting for ...to initialise' == 'bad relation...his relation.'\n  \n  \u001B[0m\u001B[91m- bad relation request - remote app requested extensions, which are unsupported. Please remove this relation.\u001B[39;49;00m\u001B[90m\u001B[39;49;00m\n  \u001B[92m+ waiting for backend database relation to initialise\u001B[39;49;00m\u001B[90m\u001B[39;49;00m","flaky":false,"newFailed":false,"newBroken":false,"newPassed":false,"retriesCount":1,"retriesStatusChange":true,"beforeStages":[{"name":"event_loop","time":{"start":1754098565325,"stop":1754098565326,"duration":1},"status":"passed","steps":[],"attachments":[],"parameters":[],"shouldDisplayMessage":false,"stepsCount":0,"attachmentsCount":0,"hasContent":false,"attachmentStep":false},{"name":"ops_test","time":{"start":1754098565326,"stop":1754098565453,"duration":127},"status":"passed","steps":[],"attachments":[],"parameters":[],"shouldDisplayMessage":false,"stepsCount":0,"attachmentsCount":0,"hasContent":false,"attachmentStep":false},{"name":"charm","time":{"start":1754098565326,"stop":1754098565326,"duration":0},"status":"passed","steps":[],"attachments":[],"parameters":[],"shouldDisplayMessage":false,"stepsCount":0,"attachmentsCount":0,"hasContent":false,"attachmentStep":false},{"name":"tmp_path_factory","time":{"start":1754098565326,"stop":1754098565326,"duration":0},"status":"passed","steps":[],"attachments":[],"parameters":[],"shouldDisplayMessage":false,"stepsCount":0,"attachmentsCount":0,"hasContent":false,"attachmentStep":false},{"name":"abort_on_fail","time":{"start":1754099457057,"stop":1754099457057,"duration":0},"status":"passed","steps":[],"attachments":[],"parameters":[],"shouldDisplayMessage":false,"stepsCount":0,"attachmentsCount":0,"hasContent":false,"attachmentStep":false}],"testStage":{"description":"Test that PGB blocks on disabled extension request and allows enabled ones.","status":"failed","statusMessage":"AssertionError: assert 'waiting for ...to initialise' == 'bad relation...his relation.'\n  \n  \u001B[0m\u001B[91m- bad relation request - remote app requested extensions, which are unsupported. Please remove this relation.\u001B[39;49;00m\u001B[90m\u001B[39;49;00m\n  \u001B[92m+ waiting for backend database relation to initialise\u001B[39;49;00m\u001B[90m\u001B[39;49;00m","statusTrace":"Traceback (most recent call last):\n  File \"/root/spread_project/.tox/integration/lib/python3.12/site-packages/_pytest/runner.py\", line 344, in from_call\n    result: TResult | None = func()\n                             ^^^^^^\n  File \"/root/spread_project/.tox/integration/lib/python3.12/site-packages/_pytest/runner.py\", line 246, in <lambda>\n    lambda: runtest_hook(item=item, **kwds), when=when, reraise=reraise\n            ^^^^^^^^^^^^^^^^^^^^^^^^^^^^^^^\n  File \"/root/spread_project/.tox/integration/lib/python3.12/site-packages/pluggy/_hooks.py\", line 512, in __call__\n    return self._hookexec(self.name, self._hookimpls.copy(), kwargs, firstresult)\n           ^^^^^^^^^^^^^^^^^^^^^^^^^^^^^^^^^^^^^^^^^^^^^^^^^^^^^^^^^^^^^^^^^^^^^^\n  File \"/root/spread_project/.tox/integration/lib/python3.12/site-packages/pluggy/_manager.py\", line 120, in _hookexec\n    return self._inner_hookexec(hook_name, methods, kwargs, firstresult)\n           ^^^^^^^^^^^^^^^^^^^^^^^^^^^^^^^^^^^^^^^^^^^^^^^^^^^^^^^^^^^^^\n  File \"/root/spread_project/.tox/integration/lib/python3.12/site-packages/pluggy/_callers.py\", line 167, in _multicall\n    raise exception\n  File \"/root/spread_project/.tox/integration/lib/python3.12/site-packages/pluggy/_callers.py\", line 139, in _multicall\n    teardown.throw(exception)\n  File \"/root/spread_project/.tox/integration/lib/python3.12/site-packages/_pytest/logging.py\", line 850, in pytest_runtest_call\n    yield\n  File \"/root/spread_project/.tox/integration/lib/python3.12/site-packages/pluggy/_callers.py\", line 139, in _multicall\n    teardown.throw(exception)\n  File \"/root/spread_project/.tox/integration/lib/python3.12/site-packages/pluggy/_callers.py\", line 53, in run_old_style_hookwrapper\n    return result.get_result()\n           ^^^^^^^^^^^^^^^^^^^\n  File \"/root/spread_project/.tox/integration/lib/python3.12/site-packages/pluggy/_result.py\", line 103, in get_result\n    raise exc.with_traceback(tb)\n  File \"/root/spread_project/.tox/integration/lib/python3.12/site-packages/pluggy/_callers.py\", line 38, in run_old_style_hookwrapper\n    res = yield\n          ^^^^^\n  File \"/root/spread_project/.tox/integration/lib/python3.12/site-packages/pluggy/_callers.py\", line 139, in _multicall\n    teardown.throw(exception)\n  File \"/root/spread_project/.tox/integration/lib/python3.12/site-packages/_pytest/capture.py\", line 900, in pytest_runtest_call\n    return (yield)\n            ^^^^^\n  File \"/root/spread_project/.tox/integration/lib/python3.12/site-packages/pluggy/_callers.py\", line 139, in _multicall\n    teardown.throw(exception)\n  File \"/root/spread_project/.tox/integration/lib/python3.12/site-packages/_pytest/skipping.py\", line 263, in pytest_runtest_call\n    return (yield)\n            ^^^^^\n  File \"/root/spread_project/.tox/integration/lib/python3.12/site-packages/pluggy/_callers.py\", line 121, in _multicall\n    res = hook_impl.function(*args)\n          ^^^^^^^^^^^^^^^^^^^^^^^^^\n  File \"/root/spread_project/.tox/integration/lib/python3.12/site-packages/_pytest/runner.py\", line 178, in pytest_runtest_call\n    item.runtest()\n  File \"/root/spread_project/.tox/integration/lib/python3.12/site-packages/_pytest/python.py\", line 1671, in runtest\n    self.ihook.pytest_pyfunc_call(pyfuncitem=self)\n  File \"/root/spread_project/.tox/integration/lib/python3.12/site-packages/pluggy/_hooks.py\", line 512, in __call__\n    return self._hookexec(self.name, self._hookimpls.copy(), kwargs, firstresult)\n           ^^^^^^^^^^^^^^^^^^^^^^^^^^^^^^^^^^^^^^^^^^^^^^^^^^^^^^^^^^^^^^^^^^^^^^\n  File \"/root/spread_project/.tox/integration/lib/python3.12/site-packages/pluggy/_manager.py\", line 120, in _hookexec\n    return self._inner_hookexec(hook_name, methods, kwargs, firstresult)\n           ^^^^^^^^^^^^^^^^^^^^^^^^^^^^^^^^^^^^^^^^^^^^^^^^^^^^^^^^^^^^^\n  File \"/root/spread_project/.tox/integration/lib/python3.12/site-packages/pluggy/_callers.py\", line 167, in _multicall\n    raise exception\n  File \"/root/spread_project/.tox/integration/lib/python3.12/site-packages/pluggy/_callers.py\", line 139, in _multicall\n    teardown.throw(exception)\n  File \"/root/spread_project/.tox/integration/lib/python3.12/site-packages/pluggy/_callers.py\", line 53, in run_old_style_hookwrapper\n    return result.get_result()\n           ^^^^^^^^^^^^^^^^^^^\n  File \"/root/spread_project/.tox/integration/lib/python3.12/site-packages/pluggy/_result.py\", line 103, in get_result\n    raise exc.with_traceback(tb)\n  File \"/root/spread_project/.tox/integration/lib/python3.12/site-packages/pluggy/_callers.py\", line 38, in run_old_style_hookwrapper\n    res = yield\n          ^^^^^\n  File \"/root/spread_project/.tox/integration/lib/python3.12/site-packages/pluggy/_callers.py\", line 121, in _multicall\n    res = hook_impl.function(*args)\n          ^^^^^^^^^^^^^^^^^^^^^^^^^\n  File \"/root/spread_project/.tox/integration/lib/python3.12/site-packages/_pytest/python.py\", line 157, in pytest_pyfunc_call\n    result = testfunction(**testargs)\n             ^^^^^^^^^^^^^^^^^^^^^^^^\n  File \"/root/spread_project/.tox/integration/lib/python3.12/site-packages/pytest_asyncio/plugin.py\", line 529, in inner\n    _loop.run_until_complete(task)\n  File \"/usr/lib/python3.12/asyncio/base_events.py\", line 687, in run_until_complete\n    return future.result()\n           ^^^^^^^^^^^^^^^\n  File \"/root/spread_project/tests/integration/relations/test_db.py\", line 129, in test_extensions\n    assert (\nAssertionError: assert 'waiting for ...to initialise' == 'bad relation...his relation.'\n  \n  \u001B[0m\u001B[91m- bad relation request - remote app requested extensions, which are unsupported. Please remove this relation.\u001B[39;49;00m\u001B[90m\u001B[39;49;00m\n  \u001B[92m+ waiting for backend database relation to initialise\u001B[39;49;00m\u001B[90m\u001B[39;49;00m","steps":[],"attachments":[{"uid":"35075cace0033e71","name":"log","source":"35075cace0033e71.txt","type":"text/plain","size":10299}],"parameters":[],"shouldDisplayMessage":true,"stepsCount":0,"attachmentsCount":1,"hasContent":true,"attachmentStep":false},"afterStages":[{"name":"abort_on_fail::0","time":{"start":1754099574047,"stop":1754099574047,"duration":0},"status":"passed","steps":[],"attachments":[],"parameters":[],"shouldDisplayMessage":false,"stepsCount":0,"attachmentsCount":0,"hasContent":false,"attachmentStep":false},{"name":"ops_test::finalizer","time":{"start":1754099574047,"stop":1754099575595,"duration":1548},"status":"passed","steps":[],"attachments":[],"parameters":[],"shouldDisplayMessage":false,"stepsCount":0,"attachmentsCount":0,"hasContent":false,"attachmentStep":false},{"name":"event_loop::2","time":{"start":1754099575600,"stop":1754099575600,"duration":0},"status":"passed","steps":[],"attachments":[],"parameters":[],"shouldDisplayMessage":false,"stepsCount":0,"attachmentsCount":0,"hasContent":false,"attachmentStep":false},{"name":"event_loop::_close_event_loop","time":{"start":1754099575601,"stop":1754099575601,"duration":0},"status":"passed","steps":[],"attachments":[],"parameters":[],"shouldDisplayMessage":false,"stepsCount":0,"attachmentsCount":0,"hasContent":false,"attachmentStep":false},{"name":"event_loop::_provide_clean_event_loop","time":{"start":1754099575601,"stop":1754099575601,"duration":0},"status":"passed","steps":[],"attachments":[],"parameters":[],"shouldDisplayMessage":false,"stepsCount":0,"attachmentsCount":0,"hasContent":false,"attachmentStep":false}],"labels":[{"name":"tag","value":"asyncio"},{"name":"tag","value":"asyncio"},{"name":"parentSuite","value":"tests.integration.relations"},{"name":"suite","value":"test_db"},{"name":"host","value":"pkrvmjbmru5nbw0"},{"name":"thread","value":"15176-MainThread"},{"name":"framework","value":"pytest"},{"name":"language","value":"cpython3"},{"name":"package","value":"tests.integration.relations.test_db"},{"name":"resultFormat","value":"allure2"}],"parameters":[],"links":[],"hidden":false,"retry":false,"extra":{"severity":"normal","retries":[{"uid":"5a6df87fb5ecd5fd","status":"unknown","time":{}}],"categories":[{"name":"Product defects","matchedStatuses":[]}],"history":{"statistic":{"failed":5,"broken":3,"skipped":41,"passed":342,"unknown":5,"total":396},"items":[{"uid":"3bf095fc6ce9ee0e","reportUrl":"../2840//#testresult/3bf095fc6ce9ee0e","status":"failed","statusDetails":"AssertionError: assert 'waiting for ...to initialise' == 'bad relation...his relation.'\n  \n  \u001B[0m\u001B[91m- bad relation request - remote app requested extensions, which are unsupported. Please remove this relation.\u001B[39;49;00m\u001B[90m\u001B[39;49;00m\n  \u001B[92m+ waiting for backend database relation to initialise\u001B[39;49;00m\u001B[90m\u001B[39;49;00m","time":{"start":1754013379975,"stop":1754013499061,"duration":119086}},{"uid":"e2b43f5ec307649e","reportUrl":"../2757//#testresult/e2b43f5ec307649e","status":"passed","time":{"start":1750298246319,"stop":1750298540412,"duration":294093}},{"uid":"fa9e7a75e4ec21a6","reportUrl":"../2753//#testresult/fa9e7a75e4ec21a6","status":"passed","time":{"start":1750211944939,"stop":1750212198640,"duration":253701}},{"uid":"e653241e9ca076f","reportUrl":"../2751//#testresult/e653241e9ca076f","status":"passed","time":{"start":1750125463735,"stop":1750125715903,"duration":252168}},{"uid":"d5ec1a429f62ae14","reportUrl":"../2747//#testresult/d5ec1a429f62ae14","status":"passed","time":{"start":1750039261924,"stop":1750039599886,"duration":337962}},{"uid":"9567c48b8b2c7dd1","reportUrl":"../2746//#testresult/9567c48b8b2c7dd1","status":"passed","time":{"start":1749952734175,"stop":1749953045843,"duration":311668}},{"uid":"fb50871276886c3b","reportUrl":"../2745//#testresult/fb50871276886c3b","status":"passed","time":{"start":1749866103185,"stop":1749866406449,"duration":303264}},{"uid":"b1f76bf6cc36223d","reportUrl":"../2738//#testresult/b1f76bf6cc36223d","status":"skipped","statusDetails":"XFAIL reason: aborted\n\n_pytest.outcomes.XFailed: aborted","time":{"start":1749779660357,"stop":1749779660357,"duration":0}},{"uid":"e70cb0010e04121d","reportUrl":"../2730//#testresult/e70cb0010e04121d","status":"passed","time":{"start":1749693619914,"stop":1749694025824,"duration":405910}},{"uid":"40c56964299d78d7","reportUrl":"../2728//#testresult/40c56964299d78d7","status":"passed","time":{"start":1749607230382,"stop":1749607535378,"duration":304996}},{"uid":"8df81c57d940599c","reportUrl":"../2726//#testresult/8df81c57d940599c","status":"passed","time":{"start":1749520720218,"stop":1749521189331,"duration":469113}},{"uid":"aa8eeb547261d140","reportUrl":"../2714//#testresult/aa8eeb547261d140","status":"passed","time":{"start":1749434314161,"stop":1749434670542,"duration":356381}},{"uid":"9df2427659054e7b","reportUrl":"../2713//#testresult/9df2427659054e7b","status":"passed","time":{"start":1749347857291,"stop":1749348172922,"duration":315631}},{"uid":"44eb5f4b814b97f4","reportUrl":"../2712//#testresult/44eb5f4b814b97f4","status":"passed","time":{"start":1749261505702,"stop":1749261843607,"duration":337905}},{"uid":"135c40cb9b7bdf9d","reportUrl":"../2710//#testresult/135c40cb9b7bdf9d","status":"skipped","statusDetails":"XFAIL reason: aborted\n\n_pytest.outcomes.XFailed: aborted","time":{"start":1749175442967,"stop":1749175442967,"duration":0}},{"uid":"82185a628018d46a","reportUrl":"../2708//#testresult/82185a628018d46a","status":"broken","statusDetails":"juju.errors.JujuUnitError: Unit in error: pgbouncer-jammy/1","time":{"start":1749088687086,"stop":1749088925023,"duration":237937}},{"uid":"c9da4d590d888dc9","reportUrl":"../2707//#testresult/c9da4d590d888dc9","status":"passed","time":{"start":1749002299539,"stop":1749002614298,"duration":314759}},{"uid":"3061193e027477d0","reportUrl":"../2706//#testresult/3061193e027477d0","status":"broken","statusDetails":"juju.errors.JujuUnitError: Unit in error: pgbouncer-jammy/1","time":{"start":1748916028322,"stop":1748916275378,"duration":247056}},{"uid":"476dfc71d4021641","reportUrl":"../2704//#testresult/476dfc71d4021641","status":"failed","statusDetails":"AssertionError: assert 'waiting for ...to initialise' == 'bad relation...his relation.'\n  \n  - bad relation request - remote app requested extensions, which are unsupported. Please remove this relation.\n  + waiting for backend database relation to initialise","time":{"start":1748829557939,"stop":1748829688508,"duration":130569}},{"uid":"d39465b84351724f","reportUrl":"../2703//#testresult/d39465b84351724f","status":"broken","statusDetails":"juju.errors.JujuUnitError: Unit in error: pgbouncer-jammy/1","time":{"start":1748743303473,"stop":1748743637828,"duration":334355}}]},"tags":["asyncio"]},"source":"43692233987774c2.json","parameterValues":[]}