[32mINFO    [0m pytest_operator.plugin:plugin.py:734 Connecting to existing model localhost-localhost:test on unspecified cloud
[32mINFO    [0m juju.model:model.py:2097 Deploying ch:amd64/jammy/postgresql-436
[32mINFO    [0m juju.model:model.py:2097 Deploying local:jammy/pgbouncer-0
[32mINFO    [0m juju.model:model.py:2971 Waiting for model:
  postgresql/0 [allocating] waiting: waiting for machine
  postgresql/1 [allocating] waiting: waiting for machine
[32mINFO    [0m juju.model:model.py:2971 Waiting for model:
  postgresql/0 [allocating] waiting: waiting for machine
  postgresql/1 [allocating] waiting: waiting for machine
[32mINFO    [0m juju.model:model.py:2971 Waiting for model:
  postgresql/0 [allocating] waiting: agent initialising
  postgresql/1 [allocating] waiting: agent initialising
[32mINFO    [0m juju.model:model.py:2971 Waiting for model:
  postgresql/0 [executing] maintenance: installing PostgreSQL
  postgresql/1 [executing] maintenance: installing PostgreSQL
[32mINFO    [0m juju.model:model.py:2971 Waiting for model:
  postgresql/0 [idle] waiting: awaiting for cluster to start
  postgresql/1 [executing] waiting: waiting to start PostgreSQL
[32mINFO    [0m juju.model:model.py:2971 Waiting for model:
  postgresql/0 [executing] waiting: awaiting for cluster to start
  postgresql/1 [executing] active: Primary
[32mINFO    [0m juju.model:model.py:2971 Waiting for model:
  postgresql/0 [executing] waiting: awaiting for cluster to start
  postgresql/1 [executing] maintenance: reconfiguring cluster
[32mINFO    [0m juju.model:model.py:2971 Waiting for model:
  postgresql/0 [executing] active: 
  postgresql/1 [executing] maintenance: reconfiguring cluster
[32mINFO    [0m juju.model:model.py:2971 Waiting for model:
  postgresql/0 [idle] active: 
  postgresql/1 [executing] active: 
[33mWARNING [0m juju.model:model.py:1563 relate is deprecated and will be removed. Use integrate instead.
[32mINFO    [0m juju.model:model.py:2971 Waiting for model:
  postgresql/0 [idle] active: 
  postgresql/1 [idle] active: Primary
[33mWARNING [0m juju.model:model.py:1563 relate is deprecated and will be removed. Use integrate instead.
[32mINFO    [0m juju.model:model.py:2971 Waiting for model:
  landscape-server/0 [allocating] waiting: waiting for machine
  landscape-server/1 [allocating] waiting: waiting for machine
[32mINFO    [0m juju.model:model.py:2971 Waiting for model:
  postgresql/0 [idle] active: 
  postgresql/1 [idle] active: Primary
  pgbouncer (not enough units yet - 0/1)
[32mINFO    [0m juju.model:model.py:2971 Waiting for model:
  landscape-server/0 [allocating] waiting: waiting for machine
  landscape-server/1 [allocating] waiting: waiting for machine
[32mINFO    [0m juju.model:model.py:2971 Waiting for model:
  pgbouncer (not enough units yet - 0/1)
[32mINFO    [0m juju.model:model.py:2971 Waiting for model:
  landscape-server/0 [allocating] waiting: waiting for machine
  landscape-server/1 [allocating] waiting: waiting for machine
[32mINFO    [0m juju.model:model.py:2971 Waiting for model:
  pgbouncer (not enough units yet - 0/1)
[32mINFO    [0m juju.model:model.py:2971 Waiting for model:
  landscape-server/0 [allocating] waiting: waiting for machine
  landscape-server/1 [allocating] waiting: waiting for machine
[32mINFO    [0m juju.model:model.py:2971 Waiting for model:
  pgbouncer (not enough units yet - 0/1)
[32mINFO    [0m juju.model:model.py:2971 Waiting for model:
  landscape-server/0 [allocating] waiting: installing agent
  landscape-server/1 [allocating] waiting: agent initialising
[32mINFO    [0m juju.model:model.py:2971 Waiting for model:
  pgbouncer (not enough units yet - 0/1)
[32mINFO    [0m juju.model:model.py:2971 Waiting for model:
  landscape-server/0 [executing] maintenance: Installing apt packages
  landscape-server/1 [executing] maintenance: Installing apt packages
[32mINFO    [0m juju.model:model.py:2971 Waiting for model:
  pgbouncer (not enough units yet - 0/1)
[32mINFO    [0m juju.model:model.py:2971 Waiting for model:
  landscape-server/0 [executing] maintenance: Installing apt packages
  landscape-server/1 [executing] maintenance: Installing apt packages
[32mINFO    [0m juju.model:model.py:2971 Waiting for model:
  pgbouncer (not enough units yet - 0/1)
[32mINFO    [0m juju.model:model.py:2971 Waiting for model:
  landscape-server/0 [executing] maintenance: Installing apt packages
  landscape-server/1 [executing] maintenance: Installing apt packages
[32mINFO    [0m juju.model:model.py:2971 Waiting for model:
  pgbouncer (not enough units yet - 0/1)
[32mINFO    [0m juju.model:model.py:2971 Waiting for model:
  pgbouncer (not enough units yet - 0/1)
[32mINFO    [0m juju.model:model.py:2971 Waiting for model:
  landscape-server/0 [executing] maintenance: Installing apt packages
  landscape-server/1 [executing] maintenance: Installing apt packages
[32mINFO    [0m juju.model:model.py:2971 Waiting for model:
  landscape-server/0 [executing] maintenance: Installing apt packages
  landscape-server/1 [executing] maintenance: Installing apt packages
[32mINFO    [0m juju.model:model.py:2971 Waiting for model:
  pgbouncer (not enough units yet - 0/1)
[32mINFO    [0m juju.model:model.py:2971 Waiting for model:
  landscape-server/0 [executing] waiting: Waiting on relations: db, amqp
  landscape-server/1 [executing] waiting: Waiting on relations: db, amqp
[32mINFO    [0m juju.model:model.py:2971 Waiting for model:
  pgbouncer/0 [executing] maintenance: Installing and configuring PgBouncer
  pgbouncer/1 [executing] maintenance: Installing and configuring PgBouncer
[32mINFO    [0m juju.model:model.py:2971 Waiting for model:
  postgresql/0 [idle] active: 
  postgresql/1 [idle] active: Primary
  pgbouncer/0 [executing] active: 
  pgbouncer/1 [executing] blocked: waiting for backend database relation to initialise
[32mINFO    [0m juju.model:model.py:2971 Waiting for model:
  landscape-server/0 [idle] waiting: Waiting on relations: db
  landscape-server/1 [idle] waiting: Waiting on relations: db
[32mINFO    [0m juju.model:model.py:2971 Waiting for model:
  landscape-server/0 [executing] maintenance: Setting up databases
  landscape-server/1 [executing] maintenance: Setting up databases
[32mINFO    [0m juju.model:model.py:2971 Waiting for model:
  pgbouncer/0 [executing] active: 
  pgbouncer/1 [executing] active: 
[32mINFO    [0m juju.model:model.py:2971 Waiting for model:
  landscape-server/0 [executing] maintenance: Setting up databases
  landscape-server/1 [executing] maintenance: Setting up databases
[32mINFO    [0m juju.model:model.py:2971 Waiting for model:
  pgbouncer/0 [executing] active: 
  pgbouncer/1 [executing] active: 
[32mINFO    [0m juju.model:model.py:2971 Waiting for model:
  landscape-server/0 [executing] maintenance: Setting up databases
  landscape-server/1 [executing] maintenance: Setting up databases
[32mINFO    [0m juju.model:model.py:2971 Waiting for model:
  pgbouncer/0 [executing] active: 
  pgbouncer/1 [executing] active: 
[32mINFO    [0m juju.model:model.py:2971 Waiting for model:
  landscape-server/0 [executing] maintenance: Starting services
  landscape-server/1 [executing] maintenance: Setting up databases
[32mINFO    [0m juju.model:model.py:2971 Waiting for model:
  pgbouncer/0 [executing] active: 
  pgbouncer/1 [executing] active: 
[32mINFO    [0m juju.model:model.py:2971 Waiting for model:
  landscape-server/0 [executing] active: Unit is ready
  landscape-server/1 [executing] maintenance: Setting up databases
[32mINFO    [0m juju.model:model.py:2971 Waiting for model:
  pgbouncer/0 [executing] active: 
  pgbouncer/1 [executing] active: 
[32mINFO    [0m juju.model:model.py:2971 Waiting for model:
  landscape-server/0 [idle] active: Unit is ready
  landscape-server/1 [executing] maintenance: Starting services
[32mINFO    [0m juju.model:model.py:2971 Waiting for model:
  pgbouncer/1 [executing] active: 
[32mINFO    [0m juju.model:model.py:2971 Waiting for model:
  landscape-server/0 [idle] active: Unit is ready
  landscape-server/1 [executing] maintenance: Starting services
[32mINFO    [0m juju.model:model.py:2971 Waiting for model:
  pgbouncer/1 [executing] active: 
[32mINFO    [0m juju.model:model.py:2971 Waiting for model:
  landscape-server/0 [idle] active: Unit is ready
  landscape-server/1 [executing] maintenance: Starting services
[32mINFO    [0m juju.model:model.py:2971 Waiting for model:
  pgbouncer/1 [executing] active: 
[32mINFO    [0m juju.model:model.py:2971 Waiting for model:
  pgbouncer/1 [executing] active: 
[32mINFO    [0m juju.model:model.py:2971 Waiting for model:
  landscape-server/0 [idle] active: Unit is ready
  landscape-server/1 [executing] maintenance: Starting services
[32mINFO    [0m juju.model:model.py:2971 Waiting for model:
  landscape-server/0 [idle] active: Unit is ready
  landscape-server/1 [executing] maintenance: Starting services
[32mINFO    [0m juju.model:model.py:2971 Waiting for model:
  pgbouncer/1 [executing] active: 
[32mINFO    [0m juju.model:model.py:2971 Waiting for model:
  pgbouncer/1 [executing] active: 
[32mINFO    [0m juju.model:model.py:2971 Waiting for model:
  landscape-server/0 [idle] active: Unit is ready
  landscape-server/1 [executing] maintenance: Starting services
[32mINFO    [0m juju.model:model.py:2971 Waiting for model:
  pgbouncer/1 [executing] active: 
[32mINFO    [0m juju.model:model.py:2971 Waiting for model:
  landscape-server/0 [idle] active: Unit is ready
  landscape-server/1 [executing] maintenance: Starting services
[32mINFO    [0m juju.model:model.py:2971 Waiting for model:
  pgbouncer/1 [executing] active: 
[32mINFO    [0m juju.model:model.py:2971 Waiting for model:
  landscape-server/0 [idle] active: Unit is ready
  landscape-server/1 [executing] maintenance: Starting services
[32mINFO    [0m juju.model:model.py:2971 Waiting for model:
  pgbouncer/1 [executing] active: 
[32mINFO    [0m juju.model:model.py:2971 Waiting for model:
  landscape-server/0 [idle] active: Unit is ready
  landscape-server/1 [executing] maintenance: Starting services
[32mINFO    [0m juju.model:model.py:2971 Waiting for model:
  pgbouncer/1 [executing] active: 
[32mINFO    [0m juju.model:model.py:2971 Waiting for model:
  landscape-server/0 [idle] active: Unit is ready
  landscape-server/1 [executing] active: Unit is ready
[32mINFO    [0m root:helpers.py:96 (0, '{"pgbouncer/0":{"workload-version":"1.21.0","machine":"3","opened-ports":null,"public-address":"10.18.153.139","charm":"local:jammy/pgbouncer-0","leader":true,"life":"alive","relation-info":[{"relation-id":5,"endpoint":"backend-database","related-endpoint":"database","application-data":{"data":"{\\"database\\": \\"pgbouncer\\", \\"extra-user-roles\\": \\"SUPERUSER\\", \\"requested-secrets\\": \\"[\\\\\\"username\\\\\\", \\\\\\"password\\\\\\", \\\\\\"tls\\\\\\", \\\\\\"tls-ca\\\\\\", \\\\\\"uris\\\\\\"]\\"}","database":"pgbouncer","endpoints":"10.18.153.115:5432","read-only-endpoints":"10.18.153.104:5432","secret-user":"secret://29419364-2cbd-46df-836c-eb497d59e017/cq88u1hseagjtskre7vg","version":"14.11"},"local-unit":{"in-scope":false,"data":null},"related-units":{"postgresql/0":{"in-scope":true,"data":{"egress-subnets":"10.18.153.104/32","ingress-address":"10.18.153.104","private-address":"10.18.153.104"}},"postgresql/1":{"in-scope":true,"data":{"egress-subnets":"10.18.153.115/32","ingress-address":"10.18.153.115","private-address":"10.18.153.115"}}}},{"relation-id":11,"endpoint":"db-admin","related-endpoint":"db","application-data":{},"local-unit":{"in-scope":false,"data":null},"related-units":{"landscape-server/0":{"in-scope":true,"data":{"egress-subnets":"10.18.153.139/32","ingress-address":"10.18.153.139","private-address":"10.18.153.139"}},"landscape-server/1":{"in-scope":true,"data":{"egress-subnets":"10.18.153.89/32","ingress-address":"10.18.153.89","private-address":"10.18.153.89"}}}},{"relation-id":4,"endpoint":"pgb-peers","related-endpoint":"pgb-peers","application-data":{"leader_ip":"10.18.153.139","pgb_dbs_config":"{\\"11\\": {\\"name\\": \\"landscape-server\\", \\"legacy\\": true}, \\"*\\": {\\"name\\": \\"*\\", \\"auth_dbname\\": \\"landscape-server\\"}}","pgbouncer_user_11_test":"{\\"user\\": \\"pgbouncer_user_11_test\\", \\"password\\": \\"hrAhDkixk1LY3wtnJ19BiKgh\\", \\"database\\": \\"landscape-server\\"}","readonly_dbs":"[\\"landscape-standalone-account-1\\", \\"landscape-standalone-knowledge\\", \\"landscape-standalone-main\\", \\"landscape-standalone-package\\", \\"landscape-standalone-resource-1\\", \\"landscape-standalone-session\\"]"},"local-unit":{"in-scope":true,"data":{"auth_file_set":"true","egress-subnets":"10.18.153.139/32","ingress-address":"10.18.153.139","pgb_dbs":"7f1f4f98c564f94542b2b5c8199195bf","private-address":"10.18.153.139"}},"related-units":{"pgbouncer/1":{"in-scope":true,"data":{"auth_file_set":"true","egress-subnets":"10.18.153.89/32","ingress-address":"10.18.153.89","pgb_dbs":"7f1f4f98c564f94542b2b5c8199195bf","private-address":"10.18.153.89"}}}},{"relation-id":3,"endpoint":"upgrade","related-endpoint":"upgrade","application-data":{"dependencies":"{\\"charm\\": {\\"dependencies\\": {}, \\"name\\": \\"pgbouncer\\", \\"upgrade_supported\\": \\"\\u003e0\\", \\"version\\": \\"1\\"}, \\"snap\\": {\\"dependencies\\": {}, \\"name\\": \\"charmed-postgresql\\", \\"upgrade_supported\\": \\"^1\\", \\"version\\": \\"1.18.0\\"}}"},"local-unit":{"in-scope":true,"data":{"egress-subnets":"10.18.153.139/32","ingress-address":"10.18.153.139","private-address":"10.18.153.139","state":"idle"}},"related-units":{"pgbouncer/1":{"in-scope":true,"data":{"egress-subnets":"10.18.153.89/32","ingress-address":"10.18.153.89","private-address":"10.18.153.89","state":"idle"}}}}]}}\n', '')
[32mINFO    [0m juju.model:model.py:2971 Waiting for model:
  landscape-server/0 [idle] active: Unit is ready
  landscape-server/1 [executing] active: Unit is ready
  postgresql/0 [idle] active: 
  postgresql/1 [idle] active: Primary
  pgbouncer/0 [idle] active: 
  pgbouncer/1 [idle] active: 
[32mINFO    [0m juju.model:model.py:2971 Waiting for model:
  landscape-server/0 [executing] maintenance: Starting services
  landscape-server/1 [executing] waiting: Waiting on relations
[32mINFO    [0m juju.model:model.py:2971 Waiting for model:
  landscape-server/0 [executing] maintenance: Starting services
  landscape-server/1 [executing] waiting: Waiting on relations
[32mINFO    [0m juju.model:model.py:2971 Waiting for model:
  landscape-server/0 [executing] maintenance: Starting services
  landscape-server/1 [executing] waiting: Waiting on relations
[32mINFO    [0m juju.model:model.py:2971 Waiting for model:
  landscape-server/0 [executing] maintenance: Starting services
  landscape-server/1 [executing] waiting: Waiting on relations
[32mINFO    [0m juju.model:model.py:2971 Waiting for model:
  landscape-server/0 [executing] maintenance: Starting services
  landscape-server/1 [executing] waiting: Waiting on relations
[32mINFO    [0m juju.model:model.py:2971 Waiting for model:
  landscape-server/0 [executing] maintenance: Starting services
  landscape-server/1 [executing] waiting: Waiting on relations
[32mINFO    [0m juju.model:model.py:2971 Waiting for model:
  landscape-server/0 [executing] maintenance: Starting services
  landscape-server/1 [executing] waiting: Waiting on relations
[32mINFO    [0m juju.model:model.py:2971 Waiting for model:
  landscape-server/0 [executing] maintenance: Starting services
  landscape-server/1 [executing] waiting: Waiting on relations
[32mINFO    [0m juju.model:model.py:2971 Waiting for model:
  landscape-server/0 [executing] maintenance: Starting services
  landscape-server/1 [executing] waiting: Waiting on relations
[32mINFO    [0m juju.model:model.py:2971 Waiting for model:
  landscape-server/0 [idle] active: Unit is ready
  landscape-server/1 [executing] waiting: Waiting on relations
[32mINFO    [0m juju.model:model.py:2971 Waiting for model:
  landscape-server/0 [idle] active: Unit is ready
  landscape-server/1 [executing] maintenance: Starting services
[32mINFO    [0m pytest_operator.plugin:plugin.py:862 Model status:

Model  Controller           Cloud/Region         Version  SLA          Timestamp
test   localhost-localhost  localhost/localhost  3.4.4    unsupported  02:18:01Z

App               Version  Status  Scale  Charm             Channel        Rev  Exposed  Message
haproxy                    active      1  haproxy           latest/stable   75  yes      Unit is ready
landscape-server           active      2  landscape-server  latest/stable  107  no       Unit is ready
pgbouncer         1.21.0   active      2  pgbouncer                          0  no       
postgresql        14.11    active      2  postgresql        14/edge        436  no       
rabbitmq-server   3.9.13   active      1  rabbitmq-server   3.9/stable     188  no       Unit is ready

Unit                 Workload  Agent  Machine  Public address  Ports           Message
haproxy/0*           active    idle   2        10.18.153.54    80,443/tcp      Unit is ready
landscape-server/0   active    idle   3        10.18.153.139                   Unit is ready
  pgbouncer/0*       active    idle            10.18.153.139                   
landscape-server/1*  active    idle   4        10.18.153.89                    Unit is ready
  pgbouncer/1        active    idle            10.18.153.89                    
postgresql/0         active    idle   0        10.18.153.104   5432/tcp        
postgresql/1*        active    idle   1        10.18.153.115   5432/tcp        Primary
rabbitmq-server/0*   active    idle   5        10.18.153.147   5672,15672/tcp  Unit is ready

Machine  State    Address        Inst id        Base          AZ  Message
0        started  10.18.153.104  juju-59e017-0  ubuntu@22.04      Running
1        started  10.18.153.115  juju-59e017-1  ubuntu@22.04      Running
2        started  10.18.153.54   juju-59e017-2  ubuntu@22.04      Running
3        started  10.18.153.139  juju-59e017-3  ubuntu@22.04      Running
4        started  10.18.153.89   juju-59e017-4  ubuntu@22.04      Running
5        started  10.18.153.147  juju-59e017-5  ubuntu@22.04      Running

[32mINFO    [0m pytest_operator.plugin:plugin.py:868 Juju error logs:

machine-1: 01:54:49 ERROR juju.worker.dependency "kvm-container-provisioner" manifold worker returned unexpected error: container types not yet available
machine-1: 01:54:49 ERROR juju.worker.dependency "lxd-container-provisioner" manifold worker returned unexpected error: container types not yet available
unit-postgresql-1: 01:54:49 ERROR juju.worker.meterstatus error running "meter-status-changed": charm missing from disk
machine-0: 01:54:50 ERROR juju.worker.dependency "lxd-container-provisioner" manifold worker returned unexpected error: container types not yet available
machine-0: 01:54:50 ERROR juju.worker.dependency "kvm-container-provisioner" manifold worker returned unexpected error: container types not yet available
unit-postgresql-0: 01:54:50 ERROR juju.worker.meterstatus error running "meter-status-changed": charm missing from disk
machine-2: 02:00:35 ERROR juju.worker.dependency "lxd-container-provisioner" manifold worker returned unexpected error: container types not yet available
machine-2: 02:00:35 ERROR juju.worker.dependency "kvm-container-provisioner" manifold worker returned unexpected error: container types not yet available
unit-haproxy-0: 02:00:35 ERROR juju.worker.meterstatus error running "meter-status-changed": charm missing from disk
machine-4: 02:00:36 ERROR juju.worker.dependency "lxd-container-provisioner" manifold worker returned unexpected error: container types not yet available
machine-4: 02:00:36 ERROR juju.worker.dependency "kvm-container-provisioner" manifold worker returned unexpected error: container types not yet available
unit-landscape-server-1: 02:00:36 ERROR juju.worker.meterstatus error running "meter-status-changed": charm missing from disk
machine-5: 02:00:37 ERROR juju.worker.dependency "lxd-container-provisioner" manifold worker returned unexpected error: container types not yet available
machine-5: 02:00:37 ERROR juju.worker.dependency "kvm-container-provisioner" manifold worker returned unexpected error: container types not yet available
machine-3: 02:00:38 ERROR juju.worker.dependency "lxd-container-provisioner" manifold worker returned unexpected error: container types not yet available
machine-3: 02:00:38 ERROR juju.worker.dependency "kvm-container-provisioner" manifold worker returned unexpected error: container types not yet available
unit-rabbitmq-server-0: 02:00:38 ERROR juju.worker.meterstatus error running "meter-status-changed": charm missing from disk
unit-landscape-server-0: 02:00:39 ERROR juju.worker.meterstatus error running "meter-status-changed": charm missing from disk
unit-pgbouncer-0: 02:03:20 ERROR juju.worker.meterstatus error running "meter-status-changed": charm missing from disk
unit-pgbouncer-1: 02:03:26 ERROR juju.worker.meterstatus error running "meter-status-changed": charm missing from disk
unit-landscape-server-1: 02:17:13 ERROR unit.landscape-server/1.juju-log Traceback (most recent call last):
  File "/usr/lib/python3/dist-packages/storm/exceptions.py", line 165, in wrap_exceptions
    yield
  File "/usr/lib/python3/dist-packages/storm/database.py", line 187, in wrapper
    return attr(*args, **kwargs)
psycopg2.errors.QueryCanceled: canceling statement due to statement timeout
CONTEXT:  while inserting index tuple (0,1) in relation "system_configuration"


The above exception was the direct cause of the following exception:

Traceback (most recent call last):
  File "/usr/lib/python3/dist-packages/storm/database.py", line 471, in _run_execution
    self._check_disconnect(raw_cursor.execute, *args)
  File "/usr/lib/python3/dist-packages/storm/database.py", line 537, in _check_disconnect
    return function(*args, **kwargs)
  File "/usr/lib/python3/dist-packages/storm/database.py", line 186, in wrapper
    with wrap_exceptions(self._database):
  File "/usr/lib/python3.10/contextlib.py", line 153, in __exit__
    self.gen.throw(typ, value, traceback)
  File "/usr/lib/python3/dist-packages/storm/exceptions.py", line 184, in wrap_exceptions
    six.raise_from(wrapped.with_traceback(tb), e)
  File "<string>", line 3, in raise_from
  File "/usr/lib/python3/dist-packages/storm/exceptions.py", line 165, in wrap_exceptions
    yield
  File "/usr/lib/python3/dist-packages/storm/database.py", line 187, in wrapper
    return attr(*args, **kwargs)
storm.database.QueryCanceled: canceling statement due to statement timeout
CONTEXT:  while inserting index tuple (0,1) in relation "system_configuration"


During handling of the above exception, another exception occurred:

Traceback (most recent call last):
  File "/opt/canonical/landscape/bootstrap-account", line 6, in <module>
    canonical.landscape.scripts.bootstrap_account.run()
  File "/opt/canonical/landscape/canonical/landscape/scripts/bootstrap_account.py", line 78, in run
    run_bootstrap_account(sys.argv[1:])
  File "/opt/canonical/landscape/canonical/landscape/scripts/bootstrap_account.py", line 63, in run_bootstrap_account
    bootstrap_account_helper(
  File "/opt/canonical/landscape/canonical/landscape/api/account.py", line 690, in bootstrap_account_helper
    set_root_url(root_url)
  File "/opt/canonical/landscape/canonical/landscape/model/configuration.py", line 278, in set_root_url
    getUtility(ISystemConfiguration).set(LANDSCAPE_ROOT_URL, url)
  File "/opt/canonical/landscape/canonical/landscape/model/configuration.py", line 205, in set
    store.execute(
  File "/usr/lib/python3/dist-packages/storm/store.py", line 118, in execute
    return self._connection.execute(statement, params, noresult)
  File "/usr/lib/python3/dist-packages/storm/databases/postgres.py", line 306, in execute
    return Connection.execute(self, statement, params, noresult)
  File "/usr/lib/python3/dist-packages/storm/database.py", line 323, in execute
    raw_cursor = self.raw_execute(statement, params)
  File "/usr/lib/python3/dist-packages/storm/database.py", line 457, in raw_execute
    self._run_execution(raw_cursor, args, params, statement)
  File "/usr/lib/python3/dist-packages/storm/database.py", line 473, in _run_execution
    self._check_disconnect(
  File "/usr/lib/python3/dist-packages/storm/database.py", line 537, in _check_disconnect
    return function(*args, **kwargs)
  File "/usr/lib/python3/dist-packages/storm/tracer.py", line 255, in trace
    attr(*args, **kwargs)
  File "/usr/lib/python3/dist-packages/storm/databases/postgres.py", line 475, in connection_raw_execute_error
    raise TimeoutError(
storm.exceptions.TimeoutError: 'SQL server cancelled statement', 'INSERT INTO system_configuration (key, value) VALUES (%s, %s) ON CONFLICT (key) DO UPDATE SET value=(%s)', ('landscape.root_url', '"https://10.18.153.54/"', '"https://10.18.153.54/"')


[32mINFO    [0m pytest_operator.plugin:plugin.py:947 Forgetting model main...