[32mINFO    [0m integration.test_upgrade:test_upgrade.py:120 starting continuous writes to the database
[32mINFO    [0m integration.test_upgrade:test_upgrade.py:124 checking whether writes are increasing
[32mINFO    [0m integration.test_upgrade:test_upgrade.py:127 Get leader unit
[32mINFO    [0m integration.test_upgrade:test_upgrade.py:131 Run pre-upgrade-check action
[32mINFO    [0m integration.test_upgrade:test_upgrade.py:139 Inject dependency fault
[32mINFO    [0m integration.test_upgrade:test_upgrade.py:144 Refresh the charm
[32mINFO    [0m integration.test_upgrade:test_upgrade.py:147 Wait for upgrade to fail
[32mINFO    [0m integration.test_upgrade:test_upgrade.py:154 Ensure continuous_writes while in failure state on remaining units
[32mINFO    [0m integration.test_upgrade:test_upgrade.py:157 Re-run pre-upgrade-check action
[32mINFO    [0m integration.test_upgrade:test_upgrade.py:161 Re-refresh the charm
[32mINFO    [0m integration.test_upgrade:test_upgrade.py:164 Wait for upgrade to start
[32mINFO    [0m integration.test_upgrade:test_upgrade.py:170 Wait for application to recover
[32mINFO    [0m juju.model:__init__.py:3254 Waiting for model:
  pgbouncer/0 [idle] blocked: ready to rollback application
  pgbouncer/1 [idle] waiting: other units upgrading first...
  pgbouncer/2 [idle] waiting: other units upgrading first...
[32mINFO    [0m juju.model:__init__.py:3254 Waiting for model:
  pgbouncer/0 [idle] active: 
  pgbouncer/1 [idle] active: 
  pgbouncer/2 [idle] active: 
[32mINFO    [0m integration.test_upgrade:test_upgrade.py:174 Ensure continuous_writes after rollback procedure
[32mINFO    [0m integration.test_upgrade:test_upgrade.py:179 Checking whether no writes were lost
[32mINFO    [0m pytest_operator.plugin:plugin.py:951 Model status:

Model    Controller     Cloud/Region         Version  SLA          Timestamp
testing  concierge-lxd  localhost/localhost  3.6.9    unsupported  01:52:50Z

App                  Version  Status  Scale  Charm                Channel      Rev  Exposed  Message
pgbouncer            1.21.0   active      3  pgbouncer                           2  no       
postgresql           14.18    active      3  postgresql           14/edge      879  no       
postgresql-test-app           active      3  postgresql-test-app  latest/edge  402  no       received database credentials of the first database

Unit                    Workload  Agent  Machine  Public address  Ports     Message
postgresql-test-app/0*  active    idle   0        10.93.225.19              received database credentials of the first database
  pgbouncer/0*          active    idle            10.93.225.19              
postgresql-test-app/1   active    idle   1        10.93.225.194             received database credentials of the first database
  pgbouncer/1           active    idle            10.93.225.194             
postgresql-test-app/2   active    idle   2        10.93.225.42              received database credentials of the first database
  pgbouncer/2           active    idle            10.93.225.42              
postgresql/0*           active    idle   3        10.93.225.133   5432/tcp  Primary
postgresql/1            active    idle   4        10.93.225.118   5432/tcp  
postgresql/2            active    idle   5        10.93.225.134   5432/tcp  

Machine  State    Address        Inst id        Base          AZ               Message
0        started  10.93.225.19   juju-d51069-0  ubuntu@22.04  pkrvmqc4gcfdwos  Running
1        started  10.93.225.194  juju-d51069-1  ubuntu@22.04  pkrvmqc4gcfdwos  Running
2        started  10.93.225.42   juju-d51069-2  ubuntu@22.04  pkrvmqc4gcfdwos  Running
3        started  10.93.225.133  juju-d51069-3  ubuntu@22.04  pkrvmqc4gcfdwos  Running
4        started  10.93.225.118  juju-d51069-4  ubuntu@22.04  pkrvmqc4gcfdwos  Running
5        started  10.93.225.134  juju-d51069-5  ubuntu@22.04  pkrvmqc4gcfdwos  Running

[32mINFO    [0m pytest_operator.plugin:plugin.py:957 Juju error logs:

machine-0: 01:38:13 ERROR juju.worker.dependency "kvm-container-provisioner" manifold worker returned unexpected error: container types not yet available
machine-0: 01:38:13 ERROR juju.worker.dependency "lxd-container-provisioner" manifold worker returned unexpected error: container types not yet available
unit-postgresql-test-app-0: 01:38:14 ERROR juju.worker.meterstatus error running "meter-status-changed": charm missing from disk
unit-pgbouncer-0: 01:38:21 ERROR juju.worker.meterstatus error running "meter-status-changed": exit status 1
machine-3: 01:41:15 ERROR juju.worker.dependency "kvm-container-provisioner" manifold worker returned unexpected error: container types not yet available
machine-3: 01:41:15 ERROR juju.worker.dependency "lxd-container-provisioner" manifold worker returned unexpected error: container types not yet available
unit-postgresql-0: 01:41:15 ERROR juju.worker.meterstatus error running "meter-status-changed": charm missing from disk
machine-4: 01:41:37 ERROR juju.worker.dependency "lxd-container-provisioner" manifold worker returned unexpected error: container types not yet available
machine-4: 01:41:38 ERROR juju.worker.dependency "kvm-container-provisioner" manifold worker returned unexpected error: container types not yet available
unit-postgresql-1: 01:41:38 ERROR juju.worker.meterstatus error running "meter-status-changed": charm missing from disk
machine-5: 01:42:05 ERROR juju.worker.dependency "kvm-container-provisioner" manifold worker returned unexpected error: container types not yet available
machine-5: 01:42:05 ERROR juju.worker.dependency "lxd-container-provisioner" manifold worker returned unexpected error: container types not yet available
unit-postgresql-2: 01:42:06 ERROR juju.worker.meterstatus error running "meter-status-changed": charm missing from disk
machine-1: 01:42:34 ERROR juju.worker.dependency "kvm-container-provisioner" manifold worker returned unexpected error: container types not yet available
machine-1: 01:42:34 ERROR juju.worker.dependency "lxd-container-provisioner" manifold worker returned unexpected error: container types not yet available
unit-postgresql-test-app-1: 01:42:34 ERROR juju.worker.meterstatus error running "meter-status-changed": charm missing from disk
unit-postgresql-0: 01:42:38 ERROR unit.postgresql/0.juju-log Unable to get the state of the cluster
Traceback (most recent call last):
  File "/var/lib/juju/agents/unit-postgresql-0/charm/venv/lib/python3.10/site-packages/urllib3/connection.py", line 198, in _new_conn
    sock = connection.create_connection(
  File "/var/lib/juju/agents/unit-postgresql-0/charm/venv/lib/python3.10/site-packages/urllib3/util/connection.py", line 85, in create_connection
    raise err
  File "/var/lib/juju/agents/unit-postgresql-0/charm/venv/lib/python3.10/site-packages/urllib3/util/connection.py", line 73, in create_connection
    sock.connect(sa)
ConnectionRefusedError: [Errno 111] Connection refused

The above exception was the direct cause of the following exception:

Traceback (most recent call last):
  File "/var/lib/juju/agents/unit-postgresql-0/charm/venv/lib/python3.10/site-packages/urllib3/connectionpool.py", line 787, in urlopen
    response = self._make_request(
  File "/var/lib/juju/agents/unit-postgresql-0/charm/venv/lib/python3.10/site-packages/urllib3/connectionpool.py", line 493, in _make_request
    conn.request(
  File "/var/lib/juju/agents/unit-postgresql-0/charm/venv/lib/python3.10/site-packages/urllib3/connection.py", line 494, in request
    self.endheaders()
  File "/usr/lib/python3.10/http/client.py", line 1278, in endheaders
    self._send_output(message_body, encode_chunked=encode_chunked)
  File "/usr/lib/python3.10/http/client.py", line 1038, in _send_output
    self.send(msg)
  File "/usr/lib/python3.10/http/client.py", line 976, in send
    self.connect()
  File "/var/lib/juju/agents/unit-postgresql-0/charm/venv/lib/python3.10/site-packages/urllib3/connection.py", line 325, in connect
    self.sock = self._new_conn()
  File "/var/lib/juju/agents/unit-postgresql-0/charm/venv/lib/python3.10/site-packages/urllib3/connection.py", line 213, in _new_conn
    raise NewConnectionError(
urllib3.exceptions.NewConnectionError: <urllib3.connection.HTTPConnection object at 0x7f7b283642b0>: Failed to establish a new connection: [Errno 111] Connection refused

The above exception was the direct cause of the following exception:

Traceback (most recent call last):
  File "/var/lib/juju/agents/unit-postgresql-0/charm/venv/lib/python3.10/site-packages/requests/adapters.py", line 644, in send
    resp = conn.urlopen(
  File "/var/lib/juju/agents/unit-postgresql-0/charm/venv/lib/python3.10/site-packages/urllib3/connectionpool.py", line 841, in urlopen
    retries = retries.increment(
  File "/var/lib/juju/agents/unit-postgresql-0/charm/venv/lib/python3.10/site-packages/urllib3/util/retry.py", line 519, in increment
    raise MaxRetryError(_pool, url, reason) from reason  # type: ignore[arg-type]
urllib3.exceptions.MaxRetryError: HTTPConnectionPool(host='10.93.225.133', port=8008): Max retries exceeded with url: /cluster (Caused by NewConnectionError('<urllib3.connection.HTTPConnection object at 0x7f7b283642b0>: Failed to establish a new connection: [Errno 111] Connection refused'))

During handling of the above exception, another exception occurred:

Traceback (most recent call last):
  File "/var/lib/juju/agents/unit-postgresql-0/charm/src/cluster.py", line 571, in are_replicas_up
    response = requests.get(
  File "/var/lib/juju/agents/unit-postgresql-0/charm/venv/lib/python3.10/site-packages/requests/api.py", line 73, in get
    return request("get", url, params=params, **kwargs)
  File "/var/lib/juju/agents/unit-postgresql-0/charm/venv/lib/python3.10/site-packages/requests/api.py", line 59, in request
    return session.request(method=method, url=url, **kwargs)
  File "/var/lib/juju/agents/unit-postgresql-0/charm/venv/lib/python3.10/site-packages/requests/sessions.py", line 589, in request
    resp = self.send(prep, **send_kwargs)
  File "/var/lib/juju/agents/unit-postgresql-0/charm/venv/lib/python3.10/site-packages/requests/sessions.py", line 703, in send
    r = adapter.send(request, **kwargs)
  File "/var/lib/juju/agents/unit-postgresql-0/charm/venv/lib/python3.10/site-packages/requests/adapters.py", line 677, in send
    raise ConnectionError(e, request=request)
requests.exceptions.ConnectionError: HTTPConnectionPool(host='10.93.225.133', port=8008): Max retries exceeded with url: /cluster (Caused by NewConnectionError('<urllib3.connection.HTTPConnection object at 0x7f7b283642b0>: Failed to establish a new connection: [Errno 111] Connection refused'))
unit-pgbouncer-1: 01:42:40 ERROR juju.worker.meterstatus error running "meter-status-changed": charm missing from disk
machine-2: 01:42:56 ERROR juju.worker.dependency "lxd-container-provisioner" manifold worker returned unexpected error: container types not yet available
machine-2: 01:42:56 ERROR juju.worker.dependency "kvm-container-provisioner" manifold worker returned unexpected error: container types not yet available
unit-postgresql-test-app-2: 01:42:56 ERROR juju.worker.meterstatus error running "meter-status-changed": charm missing from disk
unit-pgbouncer-2: 01:43:04 ERROR juju.worker.meterstatus error running "meter-status-changed": exit status 1
unit-postgresql-0: 01:43:05 ERROR unit.postgresql/0.juju-log Failed to list PostgreSQL database users: could not translate host name "None" to address: Temporary failure in name resolution

unit-postgresql-0: 01:43:12 ERROR unit.postgresql/0.juju-log database:6: Failed to list PostgreSQL database users: could not translate host name "None" to address: Temporary failure in name resolution

unit-postgresql-1: 01:46:33 ERROR unit.postgresql/1.juju-log Failed to list PostgreSQL database users: connection to server at "10.93.225.118", port 5432 failed: Connection refused
	Is the server running on that host and accepting TCP/IP connections?

unit-pgbouncer-0: 01:51:44 ERROR unit.pgbouncer/0.juju-log charms.data_platform_libs.v0.upgrade.VersionError - {'message': 'Versions incompatible, snap 1.18.0 can not be upgraded to 15.0', 'cause': 'Upgrades only supported for specific versions, snap versions satisfying requirement ^15', 'resolution': ''}

[32mINFO    [0m pytest_operator.plugin:plugin.py:1039 Forgetting model main...