[32mINFO    [0m juju.model:__init__.py:2301 Deploying local:jammy/pgbouncer-1
[33mWARNING [0m juju.model:__init__.py:1683 relate is deprecated and will be removed. Use integrate instead.
[32mINFO    [0m juju.model:__init__.py:3254 Waiting for model:
  postgresql/0 [idle] active: 
  postgresql/1 [idle] active: 
  postgresql/2 [idle] active: Primary
[32mINFO    [0m juju.model:__init__.py:2301 Deploying ch:amd64/jammy/self-signed-certificates-264
[32mINFO    [0m juju.model:__init__.py:3254 Waiting for model:
  self-signed-certificates/0 [allocating] waiting: waiting for machine
[32mINFO    [0m juju.model:__init__.py:3254 Waiting for model:
  self-signed-certificates/0 [allocating] waiting: waiting for machine
[32mINFO    [0m juju.model:__init__.py:3254 Waiting for model:
  self-signed-certificates/0 [allocating] waiting: waiting for machine
[32mINFO    [0m juju.model:__init__.py:3254 Waiting for model:
  self-signed-certificates/0 [allocating] waiting: waiting for machine
[33mWARNING [0m juju.model:__init__.py:1683 relate is deprecated and will be removed. Use integrate instead.
[32mINFO    [0m juju.model:__init__.py:3254 Waiting for model:
  postgresql/0 [idle] active: 
  postgresql/1 [idle] active: 
  postgresql/2 [idle] active: Primary
  self-signed-certificates/0 [idle] active: 
[32mINFO    [0m juju.model:__init__.py:3254 Waiting for model:
  postgresql/0 [executing] waiting: Awaiting restart operation
  postgresql/1 [executing] active: 
  postgresql/2 [executing] active: 
[32mINFO    [0m juju.model:__init__.py:3254 Waiting for model:
  postgresql/0 [executing] active: 
  postgresql/1 [idle] waiting: Awaiting restart operation
  postgresql/2 [executing] active: Primary
[32mINFO    [0m juju.model:__init__.py:3254 Waiting for model:
  postgresql/0 [idle] active: 
  postgresql/1 [executing] maintenance: Executing restart operation
  postgresql/2 [executing] active: Primary
[32mINFO    [0m juju.model:__init__.py:3254 Waiting for model:
  postgresql/0 [idle] active: 
  postgresql/1 [idle] active: 
  postgresql/2 [idle] active: Primary
[32mINFO    [0m juju.model:__init__.py:3254 Waiting for model:
  postgresql/0 [idle] active: 
  postgresql/1 [idle] active: 
  postgresql/2 [idle] active: Primary
[32mINFO    [0m juju.model:__init__.py:3254 Waiting for model:
  postgresql/0 [idle] active: 
  postgresql/1 [idle] active: 
  postgresql/2 [idle] active: Primary
[32mINFO    [0m juju.model:__init__.py:2301 Deploying ch:amd64/focal/mailman3-core-18
[32mINFO    [0m juju.model:__init__.py:3254 Waiting for model:
  mailman3-core/0 [allocating] waiting: waiting for machine
[32mINFO    [0m juju.model:__init__.py:3254 Waiting for model:
  mailman3-core/0 [allocating] waiting: waiting for machine
[32mINFO    [0m juju.model:__init__.py:3254 Waiting for model:
  mailman3-core/0 [allocating] waiting: waiting for machine
[32mINFO    [0m juju.model:__init__.py:3254 Waiting for model:
  mailman3-core/0 [executing] maintenance: installing charm software
[32mINFO    [0m juju.model:__init__.py:3254 Waiting for model:
  mailman3-core/0 [executing] maintenance: installing charm software
[32mINFO    [0m juju.model:__init__.py:3254 Waiting for model:
  mailman3-core/0 [executing] maintenance: installing charm software
[32mINFO    [0m juju.model:__init__.py:3254 Waiting for model:
  mailman3-core/0 [executing] maintenance: Installing mailman3,postfix,postfix-policyd-spf-python,spamassassin,spamc
[32mINFO    [0m juju.model:__init__.py:3254 Waiting for model:
  mailman3-core/0 [executing] maintenance: Installing mailman3,postfix,postfix-policyd-spf-python,spamassassin,spamc
[32mINFO    [0m juju.model:__init__.py:3254 Waiting for model:
  mailman3-core/0 [executing] maintenance: Installing python3-mailman-hyperkitty
[32mINFO    [0m juju.model:__init__.py:3254 Waiting for model:
  mailman3-core/0 [idle] active: Ready (source version/commit e1d5a03)
[33mWARNING [0m juju.model:__init__.py:1683 relate is deprecated and will be removed. Use integrate instead.
[32mINFO    [0m juju.model:__init__.py:3254 Waiting for model:
  mailman3-core/0 [idle] active: Ready (source version/commit e1d5a03)
  postgresql/0 [idle] active: 
  postgresql/1 [idle] active: 
  postgresql/2 [idle] active: Primary
  pgbouncer/1 [allocating] waiting: installing agent
[32mINFO    [0m juju.model:__init__.py:3254 Waiting for model:
  mailman3-core/0 [idle] active: Ready (source version/commit e1d5a03)
  postgresql/0 [executing] active: 
  postgresql/1 [executing] active: 
  postgresql/2 [executing] active: Primary
  pgbouncer/1 [executing] blocked: waiting for backend database relation to initialise
[32mINFO    [0m juju.model:__init__.py:3254 Waiting for model:
  postgresql/0 [idle] active: 
  postgresql/1 [executing] active: 
  postgresql/2 [executing] active: Primary
  pgbouncer/1 [idle] waiting: waiting for backend-database relation to connect
[32mINFO    [0m juju.model:__init__.py:3254 Waiting for model:
  postgresql/0 [idle] active: 
  postgresql/1 [idle] active: 
  postgresql/2 [idle] active: Primary
  pgbouncer/1 [executing] active: 
[32mINFO    [0m juju.model:__init__.py:3254 Waiting for model:
  postgresql/0 [idle] active: 
  postgresql/1 [idle] active: 
  postgresql/2 [idle] active: Primary
  pgbouncer/1 [executing] active: 
[32mINFO    [0m juju.model:__init__.py:3254 Waiting for model:
  mailman3-core/0 [idle] active: Ready (source version/commit e1d5a03)
[32mINFO    [0m root:helpers.py:97 (0, '{"pgbouncer/1":{"workload-version":"1.21.0","machine":"5","opened-ports":null,"public-address":"10.133.206.209","charm":"local:jammy/pgbouncer-1","leader":true,"life":"alive","relation-info":[{"relation-id":10,"endpoint":"backend-database","related-endpoint":"database","application-data":{"data":"{\\"database\\": \\"pgbouncer\\", \\"extra-user-roles\\": \\"SUPERUSER\\", \\"provided-secrets\\": \\"[\\\\\\"mtls-cert\\\\\\"]\\", \\"requested-secrets\\": \\"[\\\\\\"username\\\\\\", \\\\\\"password\\\\\\", \\\\\\"tls\\\\\\", \\\\\\"tls-ca\\\\\\", \\\\\\"uris\\\\\\", \\\\\\"read-only-uris\\\\\\", \\\\\\"entity-name\\\\\\", \\\\\\"entity-password\\\\\\"]\\"}","database":"pgbouncer","endpoints":"10.133.206.173:5432","read-only-endpoints":"10.133.206.134:5432,10.133.206.233:5432","secret-tls":"secret://a179eace-fdf3-4433-865e-bb7ee86e8523/d3bkahnnmg6c43dl2osg","secret-user":"secret://a179eace-fdf3-4433-865e-bb7ee86e8523/d3bkahnnmg6c43dl2os0","version":"14.19"},"local-unit":{"in-scope":false,"data":null},"related-units":{"postgresql/0":{"in-scope":true,"data":{"egress-subnets":"10.133.206.134/32","ingress-address":"10.133.206.134","private-address":"10.133.206.134"}},"postgresql/1":{"in-scope":true,"data":{"egress-subnets":"10.133.206.233/32","ingress-address":"10.133.206.233","private-address":"10.133.206.233"}},"postgresql/2":{"in-scope":true,"data":{"egress-subnets":"10.133.206.173/32","ingress-address":"10.133.206.173","private-address":"10.133.206.173"}}}},{"relation-id":12,"endpoint":"db","related-endpoint":"db","application-data":{},"local-unit":{"in-scope":false,"data":null},"related-units":{"mailman3-core/0":{"in-scope":true,"data":{"database":"mailman3","egress-subnets":"10.133.206.209/32","ingress-address":"10.133.206.209","private-address":"10.133.206.209"}}}},{"relation-id":9,"endpoint":"pgb-peers","related-endpoint":"pgb-peers","application-data":{"current_port":"6432","leader_ip":"10.133.206.209","pgb_dbs_config":"{\\"12\\": {\\"name\\": \\"mailman3\\", \\"legacy\\": true}}","pgbouncer_user_12_testing":"{\\"user\\": \\"pgbouncer_user_12_testing\\", \\"password\\": \\"xoiRgXqyCRTq3dxmgXFfRYsd\\", \\"database\\": \\"mailman3\\"}","readonly_dbs":"[\\"postgresql_test_app_database\\"]"},"local-unit":{"in-scope":true,"data":{"auth_file_set":"true","egress-subnets":"10.133.206.209/32","ingress-address":"10.133.206.209","pgb_dbs":"b56ee3c4657ae570d9c84f651f8b1bc2","private-address":"10.133.206.209","userlist_nonce":"noe0yUYSCgyQLnRi83dmrXDK"}}},{"relation-id":8,"endpoint":"upgrade","related-endpoint":"upgrade","application-data":{"dependencies":"{\\"charm\\": {\\"dependencies\\": {}, \\"name\\": \\"pgbouncer\\", \\"upgrade_supported\\": \\"\\u003e0\\", \\"version\\": \\"1\\"}, \\"snap\\": {\\"dependencies\\": {}, \\"name\\": \\"charmed-postgresql\\", \\"upgrade_supported\\": \\"^1\\", \\"version\\": \\"1.18.0\\"}}"},"local-unit":{"in-scope":true,"data":{"egress-subnets":"10.133.206.209/32","ingress-address":"10.133.206.209","private-address":"10.133.206.209","state":"idle"}}}]}}\n', '')
[32mINFO    [0m pytest_operator.plugin:plugin.py:951 Model status:

Model    Controller     Cloud/Region         Version  SLA          Timestamp
testing  concierge-lxd  localhost/localhost  3.6.10   unsupported  02:02:02Z

App                       Version  Status  Scale  Charm                     Channel        Rev  Exposed  Message
mailman3-core                      active      1  mailman3-core             latest/stable   18  no       Ready (source version/commit e1d5a03)
pgbouncer                 1.21.0   active      1  pgbouncer                                  1  no       
postgresql                14.19    active      3  postgresql                14/edge        918  no       
self-signed-certificates           active      1  self-signed-certificates  latest/stable  264  no       

Unit                         Workload  Agent  Machine  Public address  Ports     Message
mailman3-core/0*             active    idle   5        10.133.206.209  25/tcp    Ready (source version/commit e1d5a03)
  pgbouncer/1*               active    idle            10.133.206.209            
postgresql/0                 active    idle   0        10.133.206.134  5432/tcp  
postgresql/1                 active    idle   1        10.133.206.233  5432/tcp  
postgresql/2*                active    idle   2        10.133.206.173  5432/tcp  Primary
self-signed-certificates/0*  active    idle   4        10.133.206.23             

Machine  State    Address         Inst id        Base          AZ             Message
0        started  10.133.206.134  juju-6e8523-0  ubuntu@22.04  runnervm3ublj  Running
1        started  10.133.206.233  juju-6e8523-1  ubuntu@22.04  runnervm3ublj  Running
2        started  10.133.206.173  juju-6e8523-2  ubuntu@22.04  runnervm3ublj  Running
4        started  10.133.206.23   juju-6e8523-4  ubuntu@22.04  runnervm3ublj  Running
5        started  10.133.206.209  juju-6e8523-5  ubuntu@20.04  runnervm3ublj  Running

[32mINFO    [0m pytest_operator.plugin:plugin.py:957 Juju error logs:

machine-2: 01:40:40 ERROR juju.worker.dependency "kvm-container-provisioner" manifold worker returned unexpected error: container types not yet available
machine-2: 01:40:40 ERROR juju.worker.dependency "lxd-container-provisioner" manifold worker returned unexpected error: container types not yet available
unit-postgresql-2: 01:41:35 ERROR unit.postgresql/2.juju-log Failed to list PostgreSQL database users: could not translate host name "None" to address: Temporary failure in name resolution

unit-postgresql-2: 01:41:38 ERROR unit.postgresql/2.juju-log Failed to list PostgreSQL database users: could not translate host name "None" to address: Temporary failure in name resolution

machine-0: 01:41:55 ERROR juju.worker.dependency "kvm-container-provisioner" manifold worker returned unexpected error: container types not yet available
machine-0: 01:41:55 ERROR juju.worker.dependency "lxd-container-provisioner" manifold worker returned unexpected error: container types not yet available
machine-1: 01:42:10 ERROR juju.worker.dependency "kvm-container-provisioner" manifold worker returned unexpected error: container types not yet available
machine-1: 01:42:10 ERROR juju.worker.dependency "lxd-container-provisioner" manifold worker returned unexpected error: container types not yet available
unit-postgresql-0: 01:43:02 ERROR unit.postgresql/0.juju-log upgrade:2: Failed to list PostgreSQL database users: connection to server at "10.133.206.134", port 5432 failed: Connection refused
	Is the server running on that host and accepting TCP/IP connections?

machine-3: 01:46:19 ERROR juju.worker.dependency "kvm-container-provisioner" manifold worker returned unexpected error: container types not yet available
machine-3: 01:46:19 ERROR juju.worker.dependency "lxd-container-provisioner" manifold worker returned unexpected error: container types not yet available
machine-4: 01:51:30 ERROR juju.worker.dependency "kvm-container-provisioner" manifold worker returned unexpected error: container types not yet available
machine-4: 01:51:30 ERROR juju.worker.dependency "lxd-container-provisioner" manifold worker returned unexpected error: container types not yet available
unit-postgresql-2: 01:52:12 ERROR juju.worker.dependency "log-sender" manifold worker returned unexpected error: sending log message: websocket: close 1005 (no status): websocket: close sent
unit-postgresql-0: 01:52:13 ERROR juju.worker.dependency "log-sender" manifold worker returned unexpected error: sending log message: websocket: close 1005 (no status): websocket: close sent
unit-postgresql-1: 01:52:18 ERROR juju.worker.dependency "log-sender" manifold worker returned unexpected error: sending log message: websocket: close 1005 (no status): websocket: close sent
unit-postgresql-2: 01:54:04 ERROR unit.postgresql/2.juju-log failed to change plugins: 
Traceback (most recent call last):
  File "/var/lib/juju/agents/unit-postgresql-2/charm/lib/charms/postgresql_k8s/v0/postgresql.py", line 452, in enable_disable_extensions
    with self._connect_to_database(
  File "/var/lib/juju/agents/unit-postgresql-2/charm/lib/charms/tempo_coordinator_k8s/v0/charm_tracing.py", line 1153, in wrapped_function
    return callable(*args, **kwargs)  # type: ignore
  File "/var/lib/juju/agents/unit-postgresql-2/charm/lib/charms/postgresql_k8s/v0/postgresql.py", line 184, in _connect_to_database
    connection = psycopg2.connect(
  File "/var/lib/juju/agents/unit-postgresql-2/charm/venv/lib/python3.10/site-packages/psycopg2/__init__.py", line 122, in connect
    conn = _connect(dsn, connection_factory=connection_factory, **kwasync)
psycopg2.OperationalError: connection to server at "10.133.206.173", port 5432 failed: FATAL:  no pg_hba.conf entry for host "10.133.206.173", user "operator", database "postgres", no encryption


The above exception was the direct cause of the following exception:

Traceback (most recent call last):
  File "/var/lib/juju/agents/unit-postgresql-2/charm/src/charm.py", line 1215, in enable_disable_extensions
    self.postgresql.enable_disable_extensions(extensions, database)
  File "/var/lib/juju/agents/unit-postgresql-2/charm/lib/charms/tempo_coordinator_k8s/v0/charm_tracing.py", line 1153, in wrapped_function
    return callable(*args, **kwargs)  # type: ignore
  File "/var/lib/juju/agents/unit-postgresql-2/charm/lib/charms/postgresql_k8s/v0/postgresql.py", line 467, in enable_disable_extensions
    raise PostgreSQLEnableDisableExtensionError() from e
charms.postgresql_k8s.v0.postgresql.PostgreSQLEnableDisableExtensionError
machine-5: 01:56:01 ERROR juju.worker.dependency "kvm-container-provisioner" manifold worker returned unexpected error: container types not yet available
machine-5: 01:56:01 ERROR juju.worker.dependency "lxd-container-provisioner" manifold worker returned unexpected error: container types not yet available

[32mINFO    [0m pytest_operator.plugin:plugin.py:1039 Forgetting model main...