{"uid":"3391fa326f9bf1ed","name":"test_mailman3_core_db","fullName":"tests.integration.relations.test_db#test_mailman3_core_db","historyId":"810e082a5963a194044ada7622e455fd","time":{"start":1765590094357,"stop":1765590724282,"duration":629925},"description":"Deploy Mailman3 Core to test the 'db' relation.","descriptionHtml":"<p>Deploy Mailman3 Core to test the 'db' relation.</p>\n","status":"failed","statusMessage":"AssertionError: no postgres db url, Stderr: GNU Mailman 3.2.2 (La Villa Strangiato)\n  Python 3.8.10 (default, Mar 18 2025, 20:04:55) \n  [GCC 9.4.0]\n  config file: /etc/mailman3/mailman.cfg\n  db url: sqlite:////var/lib/mailman3/data/mailman.db\n  devmode: DISABLED\n  REST root url: http://localhost:8001/3.1/\n  REST credentials: restadmin:2Jt5n5hjADOwdAtx3Tj7PDkZgbMEp+uCnLI3SaXBG1Jdq+vz\n  \nassert 'db url: postgres://' in 'GNU Mailman 3.2.2 (La Villa Strangiato)\\nPython 3.8.10 (default, Mar 18 2025, 20:04:55) \\n[GCC 9.4.0]\\nconfig file: /etc/mailman3/mailman.cfg\\ndb url: sqlite:////var/lib/mailman3/data/mailman.db\\ndevmode: DISABLED\\nREST root url: http://localhost:8001/3.1/\\nREST credentials: restadmin:2Jt5n5hjADOwdAtx3Tj7PDkZgbMEp+uCnLI3SaXBG1Jdq+vz\\n'","statusTrace":"Traceback (most recent call last):\n  File \"/root/spread_project/.tox/integration/lib/python3.12/site-packages/_pytest/runner.py\", line 353, in from_call\n    result: TResult | None = func()\n                             ^^^^^^\n  File \"/root/spread_project/.tox/integration/lib/python3.12/site-packages/_pytest/runner.py\", line 245, in <lambda>\n    lambda: runtest_hook(item=item, **kwds),\n            ^^^^^^^^^^^^^^^^^^^^^^^^^^^^^^^\n  File \"/root/spread_project/.tox/integration/lib/python3.12/site-packages/pluggy/_hooks.py\", line 512, in __call__\n    return self._hookexec(self.name, self._hookimpls.copy(), kwargs, firstresult)\n           ^^^^^^^^^^^^^^^^^^^^^^^^^^^^^^^^^^^^^^^^^^^^^^^^^^^^^^^^^^^^^^^^^^^^^^\n  File \"/root/spread_project/.tox/integration/lib/python3.12/site-packages/pluggy/_manager.py\", line 120, in _hookexec\n    return self._inner_hookexec(hook_name, methods, kwargs, firstresult)\n           ^^^^^^^^^^^^^^^^^^^^^^^^^^^^^^^^^^^^^^^^^^^^^^^^^^^^^^^^^^^^^\n  File \"/root/spread_project/.tox/integration/lib/python3.12/site-packages/pluggy/_callers.py\", line 167, in _multicall\n    raise exception\n  File \"/root/spread_project/.tox/integration/lib/python3.12/site-packages/pluggy/_callers.py\", line 139, in _multicall\n    teardown.throw(exception)\n  File \"/root/spread_project/.tox/integration/lib/python3.12/site-packages/_pytest/logging.py\", line 850, in pytest_runtest_call\n    yield\n  File \"/root/spread_project/.tox/integration/lib/python3.12/site-packages/pluggy/_callers.py\", line 139, in _multicall\n    teardown.throw(exception)\n  File \"/root/spread_project/.tox/integration/lib/python3.12/site-packages/pluggy/_callers.py\", line 53, in run_old_style_hookwrapper\n    return result.get_result()\n           ^^^^^^^^^^^^^^^^^^^\n  File \"/root/spread_project/.tox/integration/lib/python3.12/site-packages/pluggy/_result.py\", line 103, in get_result\n    raise exc.with_traceback(tb)\n  File \"/root/spread_project/.tox/integration/lib/python3.12/site-packages/pluggy/_callers.py\", line 38, in run_old_style_hookwrapper\n    res = yield\n          ^^^^^\n  File \"/root/spread_project/.tox/integration/lib/python3.12/site-packages/pluggy/_callers.py\", line 139, in _multicall\n    teardown.throw(exception)\n  File \"/root/spread_project/.tox/integration/lib/python3.12/site-packages/_pytest/capture.py\", line 900, in pytest_runtest_call\n    return (yield)\n            ^^^^^\n  File \"/root/spread_project/.tox/integration/lib/python3.12/site-packages/pluggy/_callers.py\", line 139, in _multicall\n    teardown.throw(exception)\n  File \"/root/spread_project/.tox/integration/lib/python3.12/site-packages/_pytest/skipping.py\", line 268, in pytest_runtest_call\n    return (yield)\n            ^^^^^\n  File \"/root/spread_project/.tox/integration/lib/python3.12/site-packages/pluggy/_callers.py\", line 121, in _multicall\n    res = hook_impl.function(*args)\n          ^^^^^^^^^^^^^^^^^^^^^^^^^\n  File \"/root/spread_project/.tox/integration/lib/python3.12/site-packages/_pytest/runner.py\", line 179, in pytest_runtest_call\n    item.runtest()\n  File \"/root/spread_project/.tox/integration/lib/python3.12/site-packages/_pytest/python.py\", line 1720, in runtest\n    self.ihook.pytest_pyfunc_call(pyfuncitem=self)\n  File \"/root/spread_project/.tox/integration/lib/python3.12/site-packages/pluggy/_hooks.py\", line 512, in __call__\n    return self._hookexec(self.name, self._hookimpls.copy(), kwargs, firstresult)\n           ^^^^^^^^^^^^^^^^^^^^^^^^^^^^^^^^^^^^^^^^^^^^^^^^^^^^^^^^^^^^^^^^^^^^^^\n  File \"/root/spread_project/.tox/integration/lib/python3.12/site-packages/pluggy/_manager.py\", line 120, in _hookexec\n    return self._inner_hookexec(hook_name, methods, kwargs, firstresult)\n           ^^^^^^^^^^^^^^^^^^^^^^^^^^^^^^^^^^^^^^^^^^^^^^^^^^^^^^^^^^^^^\n  File \"/root/spread_project/.tox/integration/lib/python3.12/site-packages/pluggy/_callers.py\", line 167, in _multicall\n    raise exception\n  File \"/root/spread_project/.tox/integration/lib/python3.12/site-packages/pluggy/_callers.py\", line 139, in _multicall\n    teardown.throw(exception)\n  File \"/root/spread_project/.tox/integration/lib/python3.12/site-packages/pluggy/_callers.py\", line 53, in run_old_style_hookwrapper\n    return result.get_result()\n           ^^^^^^^^^^^^^^^^^^^\n  File \"/root/spread_project/.tox/integration/lib/python3.12/site-packages/pluggy/_result.py\", line 103, in get_result\n    raise exc.with_traceback(tb)\n  File \"/root/spread_project/.tox/integration/lib/python3.12/site-packages/pluggy/_callers.py\", line 38, in run_old_style_hookwrapper\n    res = yield\n          ^^^^^\n  File \"/root/spread_project/.tox/integration/lib/python3.12/site-packages/pluggy/_callers.py\", line 121, in _multicall\n    res = hook_impl.function(*args)\n          ^^^^^^^^^^^^^^^^^^^^^^^^^\n  File \"/root/spread_project/.tox/integration/lib/python3.12/site-packages/_pytest/python.py\", line 166, in pytest_pyfunc_call\n    result = testfunction(**testargs)\n             ^^^^^^^^^^^^^^^^^^^^^^^^\n  File \"/root/spread_project/.tox/integration/lib/python3.12/site-packages/pytest_asyncio/plugin.py\", line 529, in inner\n    _loop.run_until_complete(task)\n  File \"/usr/lib/python3.12/asyncio/base_events.py\", line 687, in run_until_complete\n    return future.result()\n           ^^^^^^^^^^^^^^^\n  File \"/root/spread_project/tests/integration/relations/test_db.py\", line 71, in test_mailman3_core_db\n    assert \"db url: postgres://\" in result, f\"no postgres db url, Stderr: {result}\"\nAssertionError: no postgres db url, Stderr: GNU Mailman 3.2.2 (La Villa Strangiato)\n  Python 3.8.10 (default, Mar 18 2025, 20:04:55) \n  [GCC 9.4.0]\n  config file: /etc/mailman3/mailman.cfg\n  db url: sqlite:////var/lib/mailman3/data/mailman.db\n  devmode: DISABLED\n  REST root url: http://localhost:8001/3.1/\n  REST credentials: restadmin:2Jt5n5hjADOwdAtx3Tj7PDkZgbMEp+uCnLI3SaXBG1Jdq+vz\n  \nassert 'db url: postgres://' in 'GNU Mailman 3.2.2 (La Villa Strangiato)\\nPython 3.8.10 (default, Mar 18 2025, 20:04:55) \\n[GCC 9.4.0]\\nconfig file: /etc/mailman3/mailman.cfg\\ndb url: sqlite:////var/lib/mailman3/data/mailman.db\\ndevmode: DISABLED\\nREST root url: http://localhost:8001/3.1/\\nREST credentials: restadmin:2Jt5n5hjADOwdAtx3Tj7PDkZgbMEp+uCnLI3SaXBG1Jdq+vz\\n'","flaky":true,"newFailed":true,"newBroken":false,"newPassed":false,"retriesCount":1,"retriesStatusChange":true,"beforeStages":[{"name":"event_loop","time":{"start":1765590094212,"stop":1765590094212,"duration":0},"status":"passed","steps":[],"attachments":[],"parameters":[],"shouldDisplayMessage":false,"stepsCount":0,"attachmentsCount":0,"hasContent":false,"attachmentStep":false},{"name":"charm_focal","time":{"start":1765590094213,"stop":1765590094213,"duration":0},"status":"passed","steps":[],"attachments":[],"parameters":[],"shouldDisplayMessage":false,"stepsCount":0,"attachmentsCount":0,"hasContent":false,"attachmentStep":false},{"name":"tmp_path_factory","time":{"start":1765590094213,"stop":1765590094213,"duration":0},"status":"passed","steps":[],"attachments":[],"parameters":[],"shouldDisplayMessage":false,"stepsCount":0,"attachmentsCount":0,"hasContent":false,"attachmentStep":false},{"name":"ops_test","time":{"start":1765590094213,"stop":1765590094356,"duration":143},"status":"passed","steps":[],"attachments":[],"parameters":[],"shouldDisplayMessage":false,"stepsCount":0,"attachmentsCount":0,"hasContent":false,"attachmentStep":false},{"name":"charm","time":{"start":1765590094213,"stop":1765590094213,"duration":0},"status":"passed","steps":[],"attachments":[],"parameters":[],"shouldDisplayMessage":false,"stepsCount":0,"attachmentsCount":0,"hasContent":false,"attachmentStep":false},{"name":"abort_on_fail","time":{"start":1765590094356,"stop":1765590094356,"duration":0},"status":"passed","steps":[],"attachments":[],"parameters":[],"shouldDisplayMessage":false,"stepsCount":0,"attachmentsCount":0,"hasContent":false,"attachmentStep":false}],"testStage":{"description":"Deploy Mailman3 Core to test the 'db' relation.","status":"failed","statusMessage":"AssertionError: no postgres db url, Stderr: GNU Mailman 3.2.2 (La Villa Strangiato)\n  Python 3.8.10 (default, Mar 18 2025, 20:04:55) \n  [GCC 9.4.0]\n  config file: /etc/mailman3/mailman.cfg\n  db url: sqlite:////var/lib/mailman3/data/mailman.db\n  devmode: DISABLED\n  REST root url: http://localhost:8001/3.1/\n  REST credentials: restadmin:2Jt5n5hjADOwdAtx3Tj7PDkZgbMEp+uCnLI3SaXBG1Jdq+vz\n  \nassert 'db url: postgres://' in 'GNU Mailman 3.2.2 (La Villa Strangiato)\\nPython 3.8.10 (default, Mar 18 2025, 20:04:55) \\n[GCC 9.4.0]\\nconfig file: /etc/mailman3/mailman.cfg\\ndb url: sqlite:////var/lib/mailman3/data/mailman.db\\ndevmode: DISABLED\\nREST root url: http://localhost:8001/3.1/\\nREST credentials: restadmin:2Jt5n5hjADOwdAtx3Tj7PDkZgbMEp+uCnLI3SaXBG1Jdq+vz\\n'","statusTrace":"Traceback (most recent call last):\n  File \"/root/spread_project/.tox/integration/lib/python3.12/site-packages/_pytest/runner.py\", line 353, in from_call\n    result: TResult | None = func()\n                             ^^^^^^\n  File \"/root/spread_project/.tox/integration/lib/python3.12/site-packages/_pytest/runner.py\", line 245, in <lambda>\n    lambda: runtest_hook(item=item, **kwds),\n            ^^^^^^^^^^^^^^^^^^^^^^^^^^^^^^^\n  File \"/root/spread_project/.tox/integration/lib/python3.12/site-packages/pluggy/_hooks.py\", line 512, in __call__\n    return self._hookexec(self.name, self._hookimpls.copy(), kwargs, firstresult)\n           ^^^^^^^^^^^^^^^^^^^^^^^^^^^^^^^^^^^^^^^^^^^^^^^^^^^^^^^^^^^^^^^^^^^^^^\n  File \"/root/spread_project/.tox/integration/lib/python3.12/site-packages/pluggy/_manager.py\", line 120, in _hookexec\n    return self._inner_hookexec(hook_name, methods, kwargs, firstresult)\n           ^^^^^^^^^^^^^^^^^^^^^^^^^^^^^^^^^^^^^^^^^^^^^^^^^^^^^^^^^^^^^\n  File \"/root/spread_project/.tox/integration/lib/python3.12/site-packages/pluggy/_callers.py\", line 167, in _multicall\n    raise exception\n  File \"/root/spread_project/.tox/integration/lib/python3.12/site-packages/pluggy/_callers.py\", line 139, in _multicall\n    teardown.throw(exception)\n  File \"/root/spread_project/.tox/integration/lib/python3.12/site-packages/_pytest/logging.py\", line 850, in pytest_runtest_call\n    yield\n  File \"/root/spread_project/.tox/integration/lib/python3.12/site-packages/pluggy/_callers.py\", line 139, in _multicall\n    teardown.throw(exception)\n  File \"/root/spread_project/.tox/integration/lib/python3.12/site-packages/pluggy/_callers.py\", line 53, in run_old_style_hookwrapper\n    return result.get_result()\n           ^^^^^^^^^^^^^^^^^^^\n  File \"/root/spread_project/.tox/integration/lib/python3.12/site-packages/pluggy/_result.py\", line 103, in get_result\n    raise exc.with_traceback(tb)\n  File \"/root/spread_project/.tox/integration/lib/python3.12/site-packages/pluggy/_callers.py\", line 38, in run_old_style_hookwrapper\n    res = yield\n          ^^^^^\n  File \"/root/spread_project/.tox/integration/lib/python3.12/site-packages/pluggy/_callers.py\", line 139, in _multicall\n    teardown.throw(exception)\n  File \"/root/spread_project/.tox/integration/lib/python3.12/site-packages/_pytest/capture.py\", line 900, in pytest_runtest_call\n    return (yield)\n            ^^^^^\n  File \"/root/spread_project/.tox/integration/lib/python3.12/site-packages/pluggy/_callers.py\", line 139, in _multicall\n    teardown.throw(exception)\n  File \"/root/spread_project/.tox/integration/lib/python3.12/site-packages/_pytest/skipping.py\", line 268, in pytest_runtest_call\n    return (yield)\n            ^^^^^\n  File \"/root/spread_project/.tox/integration/lib/python3.12/site-packages/pluggy/_callers.py\", line 121, in _multicall\n    res = hook_impl.function(*args)\n          ^^^^^^^^^^^^^^^^^^^^^^^^^\n  File \"/root/spread_project/.tox/integration/lib/python3.12/site-packages/_pytest/runner.py\", line 179, in pytest_runtest_call\n    item.runtest()\n  File \"/root/spread_project/.tox/integration/lib/python3.12/site-packages/_pytest/python.py\", line 1720, in runtest\n    self.ihook.pytest_pyfunc_call(pyfuncitem=self)\n  File \"/root/spread_project/.tox/integration/lib/python3.12/site-packages/pluggy/_hooks.py\", line 512, in __call__\n    return self._hookexec(self.name, self._hookimpls.copy(), kwargs, firstresult)\n           ^^^^^^^^^^^^^^^^^^^^^^^^^^^^^^^^^^^^^^^^^^^^^^^^^^^^^^^^^^^^^^^^^^^^^^\n  File \"/root/spread_project/.tox/integration/lib/python3.12/site-packages/pluggy/_manager.py\", line 120, in _hookexec\n    return self._inner_hookexec(hook_name, methods, kwargs, firstresult)\n           ^^^^^^^^^^^^^^^^^^^^^^^^^^^^^^^^^^^^^^^^^^^^^^^^^^^^^^^^^^^^^\n  File \"/root/spread_project/.tox/integration/lib/python3.12/site-packages/pluggy/_callers.py\", line 167, in _multicall\n    raise exception\n  File \"/root/spread_project/.tox/integration/lib/python3.12/site-packages/pluggy/_callers.py\", line 139, in _multicall\n    teardown.throw(exception)\n  File \"/root/spread_project/.tox/integration/lib/python3.12/site-packages/pluggy/_callers.py\", line 53, in run_old_style_hookwrapper\n    return result.get_result()\n           ^^^^^^^^^^^^^^^^^^^\n  File \"/root/spread_project/.tox/integration/lib/python3.12/site-packages/pluggy/_result.py\", line 103, in get_result\n    raise exc.with_traceback(tb)\n  File \"/root/spread_project/.tox/integration/lib/python3.12/site-packages/pluggy/_callers.py\", line 38, in run_old_style_hookwrapper\n    res = yield\n          ^^^^^\n  File \"/root/spread_project/.tox/integration/lib/python3.12/site-packages/pluggy/_callers.py\", line 121, in _multicall\n    res = hook_impl.function(*args)\n          ^^^^^^^^^^^^^^^^^^^^^^^^^\n  File \"/root/spread_project/.tox/integration/lib/python3.12/site-packages/_pytest/python.py\", line 166, in pytest_pyfunc_call\n    result = testfunction(**testargs)\n             ^^^^^^^^^^^^^^^^^^^^^^^^\n  File \"/root/spread_project/.tox/integration/lib/python3.12/site-packages/pytest_asyncio/plugin.py\", line 529, in inner\n    _loop.run_until_complete(task)\n  File \"/usr/lib/python3.12/asyncio/base_events.py\", line 687, in run_until_complete\n    return future.result()\n           ^^^^^^^^^^^^^^^\n  File \"/root/spread_project/tests/integration/relations/test_db.py\", line 71, in test_mailman3_core_db\n    assert \"db url: postgres://\" in result, f\"no postgres db url, Stderr: {result}\"\nAssertionError: no postgres db url, Stderr: GNU Mailman 3.2.2 (La Villa Strangiato)\n  Python 3.8.10 (default, Mar 18 2025, 20:04:55) \n  [GCC 9.4.0]\n  config file: /etc/mailman3/mailman.cfg\n  db url: sqlite:////var/lib/mailman3/data/mailman.db\n  devmode: DISABLED\n  REST root url: http://localhost:8001/3.1/\n  REST credentials: restadmin:2Jt5n5hjADOwdAtx3Tj7PDkZgbMEp+uCnLI3SaXBG1Jdq+vz\n  \nassert 'db url: postgres://' in 'GNU Mailman 3.2.2 (La Villa Strangiato)\\nPython 3.8.10 (default, Mar 18 2025, 20:04:55) \\n[GCC 9.4.0]\\nconfig file: /etc/mailman3/mailman.cfg\\ndb url: sqlite:////var/lib/mailman3/data/mailman.db\\ndevmode: DISABLED\\nREST root url: http://localhost:8001/3.1/\\nREST credentials: restadmin:2Jt5n5hjADOwdAtx3Tj7PDkZgbMEp+uCnLI3SaXBG1Jdq+vz\\n'","steps":[],"attachments":[{"uid":"1d11396223be9a50","name":"log","source":"1d11396223be9a50.txt","type":"text/plain","size":7738}],"parameters":[],"shouldDisplayMessage":true,"stepsCount":0,"attachmentsCount":1,"hasContent":true,"attachmentStep":false},"afterStages":[{"name":"abort_on_fail::0","time":{"start":1765590724315,"stop":1765590724316,"duration":1},"status":"passed","steps":[],"attachments":[],"parameters":[],"shouldDisplayMessage":false,"stepsCount":0,"attachmentsCount":0,"hasContent":false,"attachmentStep":false},{"name":"ops_test::finalizer","time":{"start":1765590724343,"stop":1765590725389,"duration":1046},"status":"passed","steps":[],"attachments":[],"parameters":[],"shouldDisplayMessage":false,"stepsCount":0,"attachmentsCount":0,"hasContent":false,"attachmentStep":false},{"name":"event_loop::2","time":{"start":1765590725392,"stop":1765590725392,"duration":0},"status":"passed","steps":[],"attachments":[],"parameters":[],"shouldDisplayMessage":false,"stepsCount":0,"attachmentsCount":0,"hasContent":false,"attachmentStep":false},{"name":"event_loop::_close_event_loop","time":{"start":1765590725392,"stop":1765590725392,"duration":0},"status":"passed","steps":[],"attachments":[],"parameters":[],"shouldDisplayMessage":false,"stepsCount":0,"attachmentsCount":0,"hasContent":false,"attachmentStep":false},{"name":"event_loop::_provide_clean_event_loop","time":{"start":1765590725392,"stop":1765590725392,"duration":0},"status":"passed","steps":[],"attachments":[],"parameters":[],"shouldDisplayMessage":false,"stepsCount":0,"attachmentsCount":0,"hasContent":false,"attachmentStep":false}],"labels":[{"name":"tag","value":"abort_on_fail"},{"name":"tag","value":"asyncio"},{"name":"parentSuite","value":"tests.integration.relations"},{"name":"suite","value":"test_db"},{"name":"host","value":"runnervm6qbrg"},{"name":"thread","value":"17151-MainThread"},{"name":"framework","value":"pytest"},{"name":"language","value":"cpython3"},{"name":"package","value":"tests.integration.relations.test_db"},{"name":"resultFormat","value":"allure2"}],"parameters":[],"links":[],"hidden":false,"retry":false,"extra":{"severity":"normal","retries":[{"uid":"496696648d48a72d","status":"unknown","time":{}}],"categories":[{"name":"Product defects","matchedStatuses":[]}],"history":{"statistic":{"failed":5,"broken":58,"skipped":0,"passed":435,"unknown":14,"total":512},"items":[{"uid":"3b4a5a25a2056909","reportUrl":"../3039//#testresult/3b4a5a25a2056909","status":"passed","time":{"start":1765417079019,"stop":1765417691422,"duration":612403}},{"uid":"9de54846734b7f30","reportUrl":"../3036//#testresult/9de54846734b7f30","status":"passed","time":{"start":1765244301639,"stop":1765244962830,"duration":661191}},{"uid":"cc0cd01efae91255","reportUrl":"../3035//#testresult/cc0cd01efae91255","status":"passed","time":{"start":1765157889253,"stop":1765158564388,"duration":675135}},{"uid":"414a3e6df22fd9af","reportUrl":"../3034//#testresult/414a3e6df22fd9af","status":"failed","statusDetails":"AssertionError: no postgres db url, Stderr: GNU Mailman 3.2.2 (La Villa Strangiato)\n  Python 3.8.10 (default, Mar 18 2025, 20:04:55) \n  [GCC 9.4.0]\n  config file: /etc/mailman3/mailman.cfg\n  db url: sqlite:////var/lib/mailman3/data/mailman.db\n  devmode: DISABLED\n  REST root url: http://localhost:8001/3.1/\n  REST credentials: restadmin:ecDMTGsgk5nW/lGDt6gczxQcDFWCiA+t4W4HIGJ8IWllqZX3\n  \nassert 'db url: postgres://' in 'GNU Mailman 3.2.2 (La Villa Strangiato)\\nPython 3.8.10 (default, Mar 18 2025, 20:04:55) \\n[GCC 9.4.0]\\nconfig file: /etc/mailman3/mailman.cfg\\ndb url: sqlite:////var/lib/mailman3/data/mailman.db\\ndevmode: DISABLED\\nREST root url: http://localhost:8001/3.1/\\nREST credentials: restadmin:ecDMTGsgk5nW/lGDt6gczxQcDFWCiA+t4W4HIGJ8IWllqZX3\\n'","time":{"start":1765071510499,"stop":1765072130010,"duration":619511}},{"uid":"2785f08fdb582cda","reportUrl":"../3033//#testresult/2785f08fdb582cda","status":"passed","time":{"start":1764985105004,"stop":1764985775238,"duration":670234}},{"uid":"77d2300488d8d362","reportUrl":"../3032//#testresult/77d2300488d8d362","status":"passed","time":{"start":1764898991391,"stop":1764899660616,"duration":669225}},{"uid":"c861dcf02e339c89","reportUrl":"../3031//#testresult/c861dcf02e339c89","status":"passed","time":{"start":1764812354438,"stop":1764813006848,"duration":652410}},{"uid":"896b2241179fb24b","reportUrl":"../3030//#testresult/896b2241179fb24b","status":"passed","time":{"start":1764726274985,"stop":1764726983683,"duration":708698}},{"uid":"72896aecf8188f23","reportUrl":"../3026//#testresult/72896aecf8188f23","status":"passed","time":{"start":1764639468870,"stop":1764640151910,"duration":683040}},{"uid":"fb4dcd96a5502695","reportUrl":"../3025//#testresult/fb4dcd96a5502695","status":"broken","statusDetails":"mailmanclient.restbase.connection.MailmanConnectionError: ('Could not connect to Mailman API: ', 'ConnectionError(MaxRetryError(\"HTTPConnectionPool(host=\\'10.37.199.105\\', port=8001): Max retries exceeded with url: /3.1/domains (Caused by NewConnectionError(\\'<urllib3.connection.HTTPConnection object at 0x7f3c4df66b10>: Failed to establish a new connection: [Errno 111] Connection refused\\'))\"))')","time":{"start":1764553127924,"stop":1764553751048,"duration":623124}},{"uid":"6d1216ae69863f67","reportUrl":"../3024//#testresult/6d1216ae69863f67","status":"passed","time":{"start":1764466694305,"stop":1764467308415,"duration":614110}},{"uid":"95249f591bdec5e6","reportUrl":"../3023//#testresult/95249f591bdec5e6","status":"passed","time":{"start":1764380334191,"stop":1764380991169,"duration":656978}},{"uid":"8ec05047dd71350b","reportUrl":"../3022//#testresult/8ec05047dd71350b","status":"passed","time":{"start":1764293847283,"stop":1764294473558,"duration":626275}},{"uid":"185065b219233bcd","reportUrl":"../3021//#testresult/185065b219233bcd","status":"passed","time":{"start":1764207489256,"stop":1764208132374,"duration":643118}},{"uid":"56fef627e9b877eb","reportUrl":"../3020//#testresult/56fef627e9b877eb","status":"passed","time":{"start":1764121090482,"stop":1764121733784,"duration":643302}},{"uid":"423e010f30b51ee9","reportUrl":"../2993//#testresult/423e010f30b51ee9","status":"passed","time":{"start":1762997845006,"stop":1762998485483,"duration":640477}},{"uid":"a7ea449178b8498d","reportUrl":"../2992//#testresult/a7ea449178b8498d","status":"passed","time":{"start":1762911392480,"stop":1762911980038,"duration":587558}},{"uid":"e8a0d297154c3d26","reportUrl":"../2986//#testresult/e8a0d297154c3d26","status":"passed","time":{"start":1762825020628,"stop":1762825641967,"duration":621339}},{"uid":"bf3772ba712eeb44","reportUrl":"../2985//#testresult/bf3772ba712eeb44","status":"passed","time":{"start":1762738612138,"stop":1762739216107,"duration":603969}},{"uid":"ac490ee187ebc9bd","reportUrl":"../2984//#testresult/ac490ee187ebc9bd","status":"failed","statusDetails":"AssertionError: no postgres db url, Stderr: GNU Mailman 3.2.2 (La Villa Strangiato)\n  Python 3.8.10 (default, Mar 18 2025, 20:04:55) \n  [GCC 9.4.0]\n  config file: /etc/mailman3/mailman.cfg\n  db url: sqlite:////var/lib/mailman3/data/mailman.db\n  devmode: DISABLED\n  REST root url: http://localhost:8001/3.1/\n  REST credentials: restadmin:OQX5q/QlvGXF2gl6xWjRhrED/sh1kMuUujfg+7UjGXWdDY+J\n  \nassert 'db url: postgres://' in 'GNU Mailman 3.2.2 (La Villa Strangiato)\\nPython 3.8.10 (default, Mar 18 2025, 20:04:55) \\n[GCC 9.4.0]\\nconfig file: /etc/mailman3/mailman.cfg\\ndb url: sqlite:////var/lib/mailman3/data/mailman.db\\ndevmode: DISABLED\\nREST root url: http://localhost:8001/3.1/\\nREST credentials: restadmin:OQX5q/QlvGXF2gl6xWjRhrED/sh1kMuUujfg+7UjGXWdDY+J\\n'","time":{"start":1762652198727,"stop":1762652829663,"duration":630936}}]},"tags":["asyncio","abort_on_fail"]},"source":"3391fa326f9bf1ed.json","parameterValues":[]}