{"uid":"33bee861a8079b5d","name":"test_mailman3_core_db","fullName":"tests.integration.relations.test_db#test_mailman3_core_db","historyId":"810e082a5963a194044ada7622e455fd","time":{"start":1766972522593,"stop":1766973188743,"duration":666150},"description":"Deploy Mailman3 Core to test the 'db' relation.","descriptionHtml":"<p>Deploy Mailman3 Core to test the 'db' relation.</p>\n","status":"failed","statusMessage":"AssertionError: no postgres db url, Stderr: GNU Mailman 3.2.2 (La Villa Strangiato)\n  Python 3.8.10 (default, Mar 18 2025, 20:04:55) \n  [GCC 9.4.0]\n  config file: /etc/mailman3/mailman.cfg\n  db url: sqlite:////var/lib/mailman3/data/mailman.db\n  devmode: DISABLED\n  REST root url: http://localhost:8001/3.1/\n  REST credentials: restadmin:OmENgnOcPnsR8lwrLsTOzuqaNm+jhtkkD+fjL7WWOSa2lbUC\n  \nassert 'db url: postgres://' in 'GNU Mailman 3.2.2 (La Villa Strangiato)\\nPython 3.8.10 (default, Mar 18 2025, 20:04:55) \\n[GCC 9.4.0]\\nconfig file: /etc/mailman3/mailman.cfg\\ndb url: sqlite:////var/lib/mailman3/data/mailman.db\\ndevmode: DISABLED\\nREST root url: http://localhost:8001/3.1/\\nREST credentials: restadmin:OmENgnOcPnsR8lwrLsTOzuqaNm+jhtkkD+fjL7WWOSa2lbUC\\n'","statusTrace":"Traceback (most recent call last):\n  File \"/root/spread_project/.tox/integration/lib/python3.12/site-packages/_pytest/runner.py\", line 353, in from_call\n    result: TResult | None = func()\n                             ^^^^^^\n  File \"/root/spread_project/.tox/integration/lib/python3.12/site-packages/_pytest/runner.py\", line 245, in <lambda>\n    lambda: runtest_hook(item=item, **kwds),\n            ^^^^^^^^^^^^^^^^^^^^^^^^^^^^^^^\n  File \"/root/spread_project/.tox/integration/lib/python3.12/site-packages/pluggy/_hooks.py\", line 512, in __call__\n    return self._hookexec(self.name, self._hookimpls.copy(), kwargs, firstresult)\n           ^^^^^^^^^^^^^^^^^^^^^^^^^^^^^^^^^^^^^^^^^^^^^^^^^^^^^^^^^^^^^^^^^^^^^^\n  File \"/root/spread_project/.tox/integration/lib/python3.12/site-packages/pluggy/_manager.py\", line 120, in _hookexec\n    return self._inner_hookexec(hook_name, methods, kwargs, firstresult)\n           ^^^^^^^^^^^^^^^^^^^^^^^^^^^^^^^^^^^^^^^^^^^^^^^^^^^^^^^^^^^^^\n  File \"/root/spread_project/.tox/integration/lib/python3.12/site-packages/pluggy/_callers.py\", line 167, in _multicall\n    raise exception\n  File \"/root/spread_project/.tox/integration/lib/python3.12/site-packages/pluggy/_callers.py\", line 139, in _multicall\n    teardown.throw(exception)\n  File \"/root/spread_project/.tox/integration/lib/python3.12/site-packages/_pytest/logging.py\", line 850, in pytest_runtest_call\n    yield\n  File \"/root/spread_project/.tox/integration/lib/python3.12/site-packages/pluggy/_callers.py\", line 139, in _multicall\n    teardown.throw(exception)\n  File \"/root/spread_project/.tox/integration/lib/python3.12/site-packages/pluggy/_callers.py\", line 53, in run_old_style_hookwrapper\n    return result.get_result()\n           ^^^^^^^^^^^^^^^^^^^\n  File \"/root/spread_project/.tox/integration/lib/python3.12/site-packages/pluggy/_result.py\", line 103, in get_result\n    raise exc.with_traceback(tb)\n  File \"/root/spread_project/.tox/integration/lib/python3.12/site-packages/pluggy/_callers.py\", line 38, in run_old_style_hookwrapper\n    res = yield\n          ^^^^^\n  File \"/root/spread_project/.tox/integration/lib/python3.12/site-packages/pluggy/_callers.py\", line 139, in _multicall\n    teardown.throw(exception)\n  File \"/root/spread_project/.tox/integration/lib/python3.12/site-packages/_pytest/capture.py\", line 900, in pytest_runtest_call\n    return (yield)\n            ^^^^^\n  File \"/root/spread_project/.tox/integration/lib/python3.12/site-packages/pluggy/_callers.py\", line 139, in _multicall\n    teardown.throw(exception)\n  File \"/root/spread_project/.tox/integration/lib/python3.12/site-packages/_pytest/skipping.py\", line 268, in pytest_runtest_call\n    return (yield)\n            ^^^^^\n  File \"/root/spread_project/.tox/integration/lib/python3.12/site-packages/pluggy/_callers.py\", line 121, in _multicall\n    res = hook_impl.function(*args)\n          ^^^^^^^^^^^^^^^^^^^^^^^^^\n  File \"/root/spread_project/.tox/integration/lib/python3.12/site-packages/_pytest/runner.py\", line 179, in pytest_runtest_call\n    item.runtest()\n  File \"/root/spread_project/.tox/integration/lib/python3.12/site-packages/_pytest/python.py\", line 1720, in runtest\n    self.ihook.pytest_pyfunc_call(pyfuncitem=self)\n  File \"/root/spread_project/.tox/integration/lib/python3.12/site-packages/pluggy/_hooks.py\", line 512, in __call__\n    return self._hookexec(self.name, self._hookimpls.copy(), kwargs, firstresult)\n           ^^^^^^^^^^^^^^^^^^^^^^^^^^^^^^^^^^^^^^^^^^^^^^^^^^^^^^^^^^^^^^^^^^^^^^\n  File \"/root/spread_project/.tox/integration/lib/python3.12/site-packages/pluggy/_manager.py\", line 120, in _hookexec\n    return self._inner_hookexec(hook_name, methods, kwargs, firstresult)\n           ^^^^^^^^^^^^^^^^^^^^^^^^^^^^^^^^^^^^^^^^^^^^^^^^^^^^^^^^^^^^^\n  File \"/root/spread_project/.tox/integration/lib/python3.12/site-packages/pluggy/_callers.py\", line 167, in _multicall\n    raise exception\n  File \"/root/spread_project/.tox/integration/lib/python3.12/site-packages/pluggy/_callers.py\", line 139, in _multicall\n    teardown.throw(exception)\n  File \"/root/spread_project/.tox/integration/lib/python3.12/site-packages/pluggy/_callers.py\", line 53, in run_old_style_hookwrapper\n    return result.get_result()\n           ^^^^^^^^^^^^^^^^^^^\n  File \"/root/spread_project/.tox/integration/lib/python3.12/site-packages/pluggy/_result.py\", line 103, in get_result\n    raise exc.with_traceback(tb)\n  File \"/root/spread_project/.tox/integration/lib/python3.12/site-packages/pluggy/_callers.py\", line 38, in run_old_style_hookwrapper\n    res = yield\n          ^^^^^\n  File \"/root/spread_project/.tox/integration/lib/python3.12/site-packages/pluggy/_callers.py\", line 121, in _multicall\n    res = hook_impl.function(*args)\n          ^^^^^^^^^^^^^^^^^^^^^^^^^\n  File \"/root/spread_project/.tox/integration/lib/python3.12/site-packages/_pytest/python.py\", line 166, in pytest_pyfunc_call\n    result = testfunction(**testargs)\n             ^^^^^^^^^^^^^^^^^^^^^^^^\n  File \"/root/spread_project/.tox/integration/lib/python3.12/site-packages/pytest_asyncio/plugin.py\", line 529, in inner\n    _loop.run_until_complete(task)\n  File \"/usr/lib/python3.12/asyncio/base_events.py\", line 687, in run_until_complete\n    return future.result()\n           ^^^^^^^^^^^^^^^\n  File \"/root/spread_project/tests/integration/relations/test_db.py\", line 71, in test_mailman3_core_db\n    assert \"db url: postgres://\" in result, f\"no postgres db url, Stderr: {result}\"\nAssertionError: no postgres db url, Stderr: GNU Mailman 3.2.2 (La Villa Strangiato)\n  Python 3.8.10 (default, Mar 18 2025, 20:04:55) \n  [GCC 9.4.0]\n  config file: /etc/mailman3/mailman.cfg\n  db url: sqlite:////var/lib/mailman3/data/mailman.db\n  devmode: DISABLED\n  REST root url: http://localhost:8001/3.1/\n  REST credentials: restadmin:OmENgnOcPnsR8lwrLsTOzuqaNm+jhtkkD+fjL7WWOSa2lbUC\n  \nassert 'db url: postgres://' in 'GNU Mailman 3.2.2 (La Villa Strangiato)\\nPython 3.8.10 (default, Mar 18 2025, 20:04:55) \\n[GCC 9.4.0]\\nconfig file: /etc/mailman3/mailman.cfg\\ndb url: sqlite:////var/lib/mailman3/data/mailman.db\\ndevmode: DISABLED\\nREST root url: http://localhost:8001/3.1/\\nREST credentials: restadmin:OmENgnOcPnsR8lwrLsTOzuqaNm+jhtkkD+fjL7WWOSa2lbUC\\n'","flaky":false,"newFailed":true,"newBroken":false,"newPassed":false,"retriesCount":1,"retriesStatusChange":true,"beforeStages":[{"name":"event_loop","time":{"start":1766972522429,"stop":1766972522429,"duration":0},"status":"passed","steps":[],"attachments":[],"parameters":[],"shouldDisplayMessage":false,"stepsCount":0,"attachmentsCount":0,"hasContent":false,"attachmentStep":false},{"name":"charm","time":{"start":1766972522429,"stop":1766972522429,"duration":0},"status":"passed","steps":[],"attachments":[],"parameters":[],"shouldDisplayMessage":false,"stepsCount":0,"attachmentsCount":0,"hasContent":false,"attachmentStep":false},{"name":"ops_test","time":{"start":1766972522430,"stop":1766972522593,"duration":163},"status":"passed","steps":[],"attachments":[],"parameters":[],"shouldDisplayMessage":false,"stepsCount":0,"attachmentsCount":0,"hasContent":false,"attachmentStep":false},{"name":"charm_focal","time":{"start":1766972522430,"stop":1766972522430,"duration":0},"status":"passed","steps":[],"attachments":[],"parameters":[],"shouldDisplayMessage":false,"stepsCount":0,"attachmentsCount":0,"hasContent":false,"attachmentStep":false},{"name":"tmp_path_factory","time":{"start":1766972522430,"stop":1766972522430,"duration":0},"status":"passed","steps":[],"attachments":[],"parameters":[],"shouldDisplayMessage":false,"stepsCount":0,"attachmentsCount":0,"hasContent":false,"attachmentStep":false},{"name":"abort_on_fail","time":{"start":1766972522593,"stop":1766972522593,"duration":0},"status":"passed","steps":[],"attachments":[],"parameters":[],"shouldDisplayMessage":false,"stepsCount":0,"attachmentsCount":0,"hasContent":false,"attachmentStep":false}],"testStage":{"description":"Deploy Mailman3 Core to test the 'db' relation.","status":"failed","statusMessage":"AssertionError: no postgres db url, Stderr: GNU Mailman 3.2.2 (La Villa Strangiato)\n  Python 3.8.10 (default, Mar 18 2025, 20:04:55) \n  [GCC 9.4.0]\n  config file: /etc/mailman3/mailman.cfg\n  db url: sqlite:////var/lib/mailman3/data/mailman.db\n  devmode: DISABLED\n  REST root url: http://localhost:8001/3.1/\n  REST credentials: restadmin:OmENgnOcPnsR8lwrLsTOzuqaNm+jhtkkD+fjL7WWOSa2lbUC\n  \nassert 'db url: postgres://' in 'GNU Mailman 3.2.2 (La Villa Strangiato)\\nPython 3.8.10 (default, Mar 18 2025, 20:04:55) \\n[GCC 9.4.0]\\nconfig file: /etc/mailman3/mailman.cfg\\ndb url: sqlite:////var/lib/mailman3/data/mailman.db\\ndevmode: DISABLED\\nREST root url: http://localhost:8001/3.1/\\nREST credentials: restadmin:OmENgnOcPnsR8lwrLsTOzuqaNm+jhtkkD+fjL7WWOSa2lbUC\\n'","statusTrace":"Traceback (most recent call last):\n  File \"/root/spread_project/.tox/integration/lib/python3.12/site-packages/_pytest/runner.py\", line 353, in from_call\n    result: TResult | None = func()\n                             ^^^^^^\n  File \"/root/spread_project/.tox/integration/lib/python3.12/site-packages/_pytest/runner.py\", line 245, in <lambda>\n    lambda: runtest_hook(item=item, **kwds),\n            ^^^^^^^^^^^^^^^^^^^^^^^^^^^^^^^\n  File \"/root/spread_project/.tox/integration/lib/python3.12/site-packages/pluggy/_hooks.py\", line 512, in __call__\n    return self._hookexec(self.name, self._hookimpls.copy(), kwargs, firstresult)\n           ^^^^^^^^^^^^^^^^^^^^^^^^^^^^^^^^^^^^^^^^^^^^^^^^^^^^^^^^^^^^^^^^^^^^^^\n  File \"/root/spread_project/.tox/integration/lib/python3.12/site-packages/pluggy/_manager.py\", line 120, in _hookexec\n    return self._inner_hookexec(hook_name, methods, kwargs, firstresult)\n           ^^^^^^^^^^^^^^^^^^^^^^^^^^^^^^^^^^^^^^^^^^^^^^^^^^^^^^^^^^^^^\n  File \"/root/spread_project/.tox/integration/lib/python3.12/site-packages/pluggy/_callers.py\", line 167, in _multicall\n    raise exception\n  File \"/root/spread_project/.tox/integration/lib/python3.12/site-packages/pluggy/_callers.py\", line 139, in _multicall\n    teardown.throw(exception)\n  File \"/root/spread_project/.tox/integration/lib/python3.12/site-packages/_pytest/logging.py\", line 850, in pytest_runtest_call\n    yield\n  File \"/root/spread_project/.tox/integration/lib/python3.12/site-packages/pluggy/_callers.py\", line 139, in _multicall\n    teardown.throw(exception)\n  File \"/root/spread_project/.tox/integration/lib/python3.12/site-packages/pluggy/_callers.py\", line 53, in run_old_style_hookwrapper\n    return result.get_result()\n           ^^^^^^^^^^^^^^^^^^^\n  File \"/root/spread_project/.tox/integration/lib/python3.12/site-packages/pluggy/_result.py\", line 103, in get_result\n    raise exc.with_traceback(tb)\n  File \"/root/spread_project/.tox/integration/lib/python3.12/site-packages/pluggy/_callers.py\", line 38, in run_old_style_hookwrapper\n    res = yield\n          ^^^^^\n  File \"/root/spread_project/.tox/integration/lib/python3.12/site-packages/pluggy/_callers.py\", line 139, in _multicall\n    teardown.throw(exception)\n  File \"/root/spread_project/.tox/integration/lib/python3.12/site-packages/_pytest/capture.py\", line 900, in pytest_runtest_call\n    return (yield)\n            ^^^^^\n  File \"/root/spread_project/.tox/integration/lib/python3.12/site-packages/pluggy/_callers.py\", line 139, in _multicall\n    teardown.throw(exception)\n  File \"/root/spread_project/.tox/integration/lib/python3.12/site-packages/_pytest/skipping.py\", line 268, in pytest_runtest_call\n    return (yield)\n            ^^^^^\n  File \"/root/spread_project/.tox/integration/lib/python3.12/site-packages/pluggy/_callers.py\", line 121, in _multicall\n    res = hook_impl.function(*args)\n          ^^^^^^^^^^^^^^^^^^^^^^^^^\n  File \"/root/spread_project/.tox/integration/lib/python3.12/site-packages/_pytest/runner.py\", line 179, in pytest_runtest_call\n    item.runtest()\n  File \"/root/spread_project/.tox/integration/lib/python3.12/site-packages/_pytest/python.py\", line 1720, in runtest\n    self.ihook.pytest_pyfunc_call(pyfuncitem=self)\n  File \"/root/spread_project/.tox/integration/lib/python3.12/site-packages/pluggy/_hooks.py\", line 512, in __call__\n    return self._hookexec(self.name, self._hookimpls.copy(), kwargs, firstresult)\n           ^^^^^^^^^^^^^^^^^^^^^^^^^^^^^^^^^^^^^^^^^^^^^^^^^^^^^^^^^^^^^^^^^^^^^^\n  File \"/root/spread_project/.tox/integration/lib/python3.12/site-packages/pluggy/_manager.py\", line 120, in _hookexec\n    return self._inner_hookexec(hook_name, methods, kwargs, firstresult)\n           ^^^^^^^^^^^^^^^^^^^^^^^^^^^^^^^^^^^^^^^^^^^^^^^^^^^^^^^^^^^^^\n  File \"/root/spread_project/.tox/integration/lib/python3.12/site-packages/pluggy/_callers.py\", line 167, in _multicall\n    raise exception\n  File \"/root/spread_project/.tox/integration/lib/python3.12/site-packages/pluggy/_callers.py\", line 139, in _multicall\n    teardown.throw(exception)\n  File \"/root/spread_project/.tox/integration/lib/python3.12/site-packages/pluggy/_callers.py\", line 53, in run_old_style_hookwrapper\n    return result.get_result()\n           ^^^^^^^^^^^^^^^^^^^\n  File \"/root/spread_project/.tox/integration/lib/python3.12/site-packages/pluggy/_result.py\", line 103, in get_result\n    raise exc.with_traceback(tb)\n  File \"/root/spread_project/.tox/integration/lib/python3.12/site-packages/pluggy/_callers.py\", line 38, in run_old_style_hookwrapper\n    res = yield\n          ^^^^^\n  File \"/root/spread_project/.tox/integration/lib/python3.12/site-packages/pluggy/_callers.py\", line 121, in _multicall\n    res = hook_impl.function(*args)\n          ^^^^^^^^^^^^^^^^^^^^^^^^^\n  File \"/root/spread_project/.tox/integration/lib/python3.12/site-packages/_pytest/python.py\", line 166, in pytest_pyfunc_call\n    result = testfunction(**testargs)\n             ^^^^^^^^^^^^^^^^^^^^^^^^\n  File \"/root/spread_project/.tox/integration/lib/python3.12/site-packages/pytest_asyncio/plugin.py\", line 529, in inner\n    _loop.run_until_complete(task)\n  File \"/usr/lib/python3.12/asyncio/base_events.py\", line 687, in run_until_complete\n    return future.result()\n           ^^^^^^^^^^^^^^^\n  File \"/root/spread_project/tests/integration/relations/test_db.py\", line 71, in test_mailman3_core_db\n    assert \"db url: postgres://\" in result, f\"no postgres db url, Stderr: {result}\"\nAssertionError: no postgres db url, Stderr: GNU Mailman 3.2.2 (La Villa Strangiato)\n  Python 3.8.10 (default, Mar 18 2025, 20:04:55) \n  [GCC 9.4.0]\n  config file: /etc/mailman3/mailman.cfg\n  db url: sqlite:////var/lib/mailman3/data/mailman.db\n  devmode: DISABLED\n  REST root url: http://localhost:8001/3.1/\n  REST credentials: restadmin:OmENgnOcPnsR8lwrLsTOzuqaNm+jhtkkD+fjL7WWOSa2lbUC\n  \nassert 'db url: postgres://' in 'GNU Mailman 3.2.2 (La Villa Strangiato)\\nPython 3.8.10 (default, Mar 18 2025, 20:04:55) \\n[GCC 9.4.0]\\nconfig file: /etc/mailman3/mailman.cfg\\ndb url: sqlite:////var/lib/mailman3/data/mailman.db\\ndevmode: DISABLED\\nREST root url: http://localhost:8001/3.1/\\nREST credentials: restadmin:OmENgnOcPnsR8lwrLsTOzuqaNm+jhtkkD+fjL7WWOSa2lbUC\\n'","steps":[],"attachments":[{"uid":"f9b2842cfe3e01a5","name":"log","source":"f9b2842cfe3e01a5.txt","type":"text/plain","size":8028}],"parameters":[],"shouldDisplayMessage":true,"stepsCount":0,"attachmentsCount":1,"hasContent":true,"attachmentStep":false},"afterStages":[{"name":"abort_on_fail::0","time":{"start":1766973188781,"stop":1766973188781,"duration":0},"status":"passed","steps":[],"attachments":[],"parameters":[],"shouldDisplayMessage":false,"stepsCount":0,"attachmentsCount":0,"hasContent":false,"attachmentStep":false},{"name":"ops_test::finalizer","time":{"start":1766973188805,"stop":1766973189841,"duration":1036},"status":"passed","steps":[],"attachments":[],"parameters":[],"shouldDisplayMessage":false,"stepsCount":0,"attachmentsCount":0,"hasContent":false,"attachmentStep":false},{"name":"event_loop::2","time":{"start":1766973189842,"stop":1766973189843,"duration":1},"status":"passed","steps":[],"attachments":[],"parameters":[],"shouldDisplayMessage":false,"stepsCount":0,"attachmentsCount":0,"hasContent":false,"attachmentStep":false},{"name":"event_loop::_close_event_loop","time":{"start":1766973189845,"stop":1766973189845,"duration":0},"status":"passed","steps":[],"attachments":[],"parameters":[],"shouldDisplayMessage":false,"stepsCount":0,"attachmentsCount":0,"hasContent":false,"attachmentStep":false},{"name":"event_loop::_provide_clean_event_loop","time":{"start":1766973189845,"stop":1766973189845,"duration":0},"status":"passed","steps":[],"attachments":[],"parameters":[],"shouldDisplayMessage":false,"stepsCount":0,"attachmentsCount":0,"hasContent":false,"attachmentStep":false}],"labels":[{"name":"tag","value":"abort_on_fail"},{"name":"tag","value":"asyncio"},{"name":"parentSuite","value":"tests.integration.relations"},{"name":"suite","value":"test_db"},{"name":"host","value":"runnervmh13bl"},{"name":"thread","value":"13624-MainThread"},{"name":"framework","value":"pytest"},{"name":"language","value":"cpython3"},{"name":"package","value":"tests.integration.relations.test_db"},{"name":"resultFormat","value":"allure2"}],"parameters":[],"links":[],"hidden":false,"retry":false,"extra":{"severity":"normal","retries":[{"uid":"c68bda2cf4151ab4","status":"unknown","time":{}}],"categories":[{"name":"Product defects","matchedStatuses":[]}],"history":{"statistic":{"failed":6,"broken":59,"skipped":0,"passed":448,"unknown":14,"total":527},"items":[{"uid":"b90cd1345b422993","reportUrl":"../3064//#testresult/b90cd1345b422993","status":"broken","statusDetails":"mailmanclient.restbase.connection.MailmanConnectionError: ('Could not connect to Mailman API: ', 'ConnectionError(MaxRetryError(\\'HTTPConnectionPool(host=\\\\\\'10.92.61.125\\\\\\', port=8001): Max retries exceeded with url: /3.1/domains (Caused by NewConnectionError(\"HTTPConnection(host=\\\\\\'10.92.61.125\\\\\\', port=8001): Failed to establish a new connection: [Errno 111] Connection refused\"))\\'))')","time":{"start":1766886276185,"stop":1766886865217,"duration":589032}},{"uid":"29e2b84afd25c6a6","reportUrl":"../3062//#testresult/29e2b84afd25c6a6","status":"passed","time":{"start":1766713373244,"stop":1766713992696,"duration":619452}},{"uid":"abf4532168b4c8e9","reportUrl":"../3061//#testresult/abf4532168b4c8e9","status":"passed","time":{"start":1766626719916,"stop":1766627351543,"duration":631627}},{"uid":"bcb8a3daeb1e0665","reportUrl":"../3060//#testresult/bcb8a3daeb1e0665","status":"passed","time":{"start":1766540389887,"stop":1766541015717,"duration":625830}},{"uid":"8c2ff854742ad8c1","reportUrl":"../3057//#testresult/8c2ff854742ad8c1","status":"passed","time":{"start":1766454238536,"stop":1766454885878,"duration":647342}},{"uid":"2e1383457875953f","reportUrl":"../3056//#testresult/2e1383457875953f","status":"passed","time":{"start":1766367564889,"stop":1766368200767,"duration":635878}},{"uid":"956c2b7cf2fc03b5","reportUrl":"../3055//#testresult/956c2b7cf2fc03b5","status":"passed","time":{"start":1766281304191,"stop":1766281924793,"duration":620602}},{"uid":"69fc3e5c81791ecb","reportUrl":"../3054//#testresult/69fc3e5c81791ecb","status":"passed","time":{"start":1766195138521,"stop":1766195808622,"duration":670101}},{"uid":"172237ba5f822a06","reportUrl":"../3053//#testresult/172237ba5f822a06","status":"passed","time":{"start":1766108229409,"stop":1766108846557,"duration":617148}},{"uid":"de71457d5cd7d069","reportUrl":"../3052//#testresult/de71457d5cd7d069","status":"passed","time":{"start":1766021824699,"stop":1766022434417,"duration":609718}},{"uid":"baed63aec9a2d9b6","reportUrl":"../3049//#testresult/baed63aec9a2d9b6","status":"passed","time":{"start":1765935407522,"stop":1765936114570,"duration":707048}},{"uid":"ec0e040fe636e8df","reportUrl":"../3044//#testresult/ec0e040fe636e8df","status":"passed","time":{"start":1765849098485,"stop":1765849776634,"duration":678149}},{"uid":"85802afc67445cf9","reportUrl":"../3043//#testresult/85802afc67445cf9","status":"passed","time":{"start":1765762695836,"stop":1765763423404,"duration":727568}},{"uid":"20a021317ced53b7","reportUrl":"../3042//#testresult/20a021317ced53b7","status":"passed","time":{"start":1765676209323,"stop":1765676840007,"duration":630684}},{"uid":"3391fa326f9bf1ed","reportUrl":"../3041//#testresult/3391fa326f9bf1ed","status":"failed","statusDetails":"AssertionError: no postgres db url, Stderr: GNU Mailman 3.2.2 (La Villa Strangiato)\n  Python 3.8.10 (default, Mar 18 2025, 20:04:55) \n  [GCC 9.4.0]\n  config file: /etc/mailman3/mailman.cfg\n  db url: sqlite:////var/lib/mailman3/data/mailman.db\n  devmode: DISABLED\n  REST root url: http://localhost:8001/3.1/\n  REST credentials: restadmin:2Jt5n5hjADOwdAtx3Tj7PDkZgbMEp+uCnLI3SaXBG1Jdq+vz\n  \nassert 'db url: postgres://' in 'GNU Mailman 3.2.2 (La Villa Strangiato)\\nPython 3.8.10 (default, Mar 18 2025, 20:04:55) \\n[GCC 9.4.0]\\nconfig file: /etc/mailman3/mailman.cfg\\ndb url: sqlite:////var/lib/mailman3/data/mailman.db\\ndevmode: DISABLED\\nREST root url: http://localhost:8001/3.1/\\nREST credentials: restadmin:2Jt5n5hjADOwdAtx3Tj7PDkZgbMEp+uCnLI3SaXBG1Jdq+vz\\n'","time":{"start":1765590094357,"stop":1765590724282,"duration":629925}},{"uid":"3b4a5a25a2056909","reportUrl":"../3039//#testresult/3b4a5a25a2056909","status":"passed","time":{"start":1765417079019,"stop":1765417691422,"duration":612403}},{"uid":"9de54846734b7f30","reportUrl":"../3036//#testresult/9de54846734b7f30","status":"passed","time":{"start":1765244301639,"stop":1765244962830,"duration":661191}},{"uid":"cc0cd01efae91255","reportUrl":"../3035//#testresult/cc0cd01efae91255","status":"passed","time":{"start":1765157889253,"stop":1765158564388,"duration":675135}},{"uid":"414a3e6df22fd9af","reportUrl":"../3034//#testresult/414a3e6df22fd9af","status":"failed","statusDetails":"AssertionError: no postgres db url, Stderr: GNU Mailman 3.2.2 (La Villa Strangiato)\n  Python 3.8.10 (default, Mar 18 2025, 20:04:55) \n  [GCC 9.4.0]\n  config file: /etc/mailman3/mailman.cfg\n  db url: sqlite:////var/lib/mailman3/data/mailman.db\n  devmode: DISABLED\n  REST root url: http://localhost:8001/3.1/\n  REST credentials: restadmin:ecDMTGsgk5nW/lGDt6gczxQcDFWCiA+t4W4HIGJ8IWllqZX3\n  \nassert 'db url: postgres://' in 'GNU Mailman 3.2.2 (La Villa Strangiato)\\nPython 3.8.10 (default, Mar 18 2025, 20:04:55) \\n[GCC 9.4.0]\\nconfig file: /etc/mailman3/mailman.cfg\\ndb url: sqlite:////var/lib/mailman3/data/mailman.db\\ndevmode: DISABLED\\nREST root url: http://localhost:8001/3.1/\\nREST credentials: restadmin:ecDMTGsgk5nW/lGDt6gczxQcDFWCiA+t4W4HIGJ8IWllqZX3\\n'","time":{"start":1765071510499,"stop":1765072130010,"duration":619511}},{"uid":"2785f08fdb582cda","reportUrl":"../3033//#testresult/2785f08fdb582cda","status":"passed","time":{"start":1764985105004,"stop":1764985775238,"duration":670234}}]},"tags":["asyncio","abort_on_fail"]},"source":"33bee861a8079b5d.json","parameterValues":[]}