[32mINFO    [0m juju.model:__init__.py:2301 Deploying local:jammy/pgbouncer-1
[33mWARNING [0m juju.model:__init__.py:1683 relate is deprecated and will be removed. Use integrate instead.
[32mINFO    [0m juju.model:__init__.py:3254 Waiting for model:
  postgresql/0 [idle] active: Primary
  postgresql/1 [idle] active: 
  postgresql/2 [idle] active: 
[32mINFO    [0m juju.model:__init__.py:2301 Deploying ch:amd64/jammy/self-signed-certificates-264
[32mINFO    [0m juju.model:__init__.py:3254 Waiting for model:
  self-signed-certificates/0 [allocating] waiting: waiting for machine
[32mINFO    [0m juju.model:__init__.py:3254 Waiting for model:
  self-signed-certificates/0 [allocating] waiting: waiting for machine
[32mINFO    [0m juju.model:__init__.py:3254 Waiting for model:
  self-signed-certificates/0 [allocating] waiting: waiting for machine
[32mINFO    [0m juju.model:__init__.py:3254 Waiting for model:
  self-signed-certificates/0 [executing] maintenance: installing charm software
[33mWARNING [0m juju.model:__init__.py:1683 relate is deprecated and will be removed. Use integrate instead.
[32mINFO    [0m juju.model:__init__.py:3254 Waiting for model:
  postgresql/0 [executing] active: Primary
  postgresql/1 [idle] active: 
  postgresql/2 [executing] active: 
  self-signed-certificates/0 [executing] active: 
[32mINFO    [0m juju.model:__init__.py:3254 Waiting for model:
  postgresql/0 [executing] active: 
  postgresql/1 [executing] waiting: Awaiting restart operation
  postgresql/2 [executing] waiting: Awaiting restart operation
[32mINFO    [0m juju.model:__init__.py:3254 Waiting for model:
  postgresql/0 [executing] active: Primary
  postgresql/1 [idle] waiting: Awaiting restart operation
  postgresql/2 [idle] waiting: Awaiting restart operation
[32mINFO    [0m juju.model:__init__.py:3254 Waiting for model:
  postgresql/0 [idle] active: 
  postgresql/1 [idle] active: 
  postgresql/2 [executing] maintenance: Executing restart operation
[32mINFO    [0m juju.model:__init__.py:3254 Waiting for model:
  postgresql/0 [executing] active: Primary
  postgresql/1 [idle] active: 
  postgresql/2 [idle] active: 
[32mINFO    [0m juju.model:__init__.py:3254 Waiting for model:
  postgresql/0 [idle] active: Primary
  postgresql/1 [idle] active: 
  postgresql/2 [idle] active: 
[32mINFO    [0m juju.model:__init__.py:3254 Waiting for model:
  postgresql/0 [idle] active: Primary
  postgresql/1 [idle] active: 
  postgresql/2 [idle] active: 
[32mINFO    [0m juju.model:__init__.py:2301 Deploying ch:amd64/focal/mailman3-core-18
[32mINFO    [0m juju.model:__init__.py:3254 Waiting for model:
  mailman3-core/0 [allocating] waiting: waiting for machine
[32mINFO    [0m juju.model:__init__.py:3254 Waiting for model:
  mailman3-core/0 [allocating] waiting: waiting for machine
[32mINFO    [0m juju.model:__init__.py:3254 Waiting for model:
  mailman3-core/0 [allocating] waiting: waiting for machine
[32mINFO    [0m juju.model:__init__.py:3254 Waiting for model:
  mailman3-core/0 [executing] maintenance: installing charm software
[32mINFO    [0m juju.model:__init__.py:3254 Waiting for model:
  mailman3-core/0 [executing] maintenance: installing charm software
[32mINFO    [0m juju.model:__init__.py:3254 Waiting for model:
  mailman3-core/0 [executing] maintenance: installing charm software
[32mINFO    [0m juju.model:__init__.py:3254 Waiting for model:
  mailman3-core/0 [executing] maintenance: Installing mailman3,postfix,postfix-policyd-spf-python,spamassassin,spamc
[32mINFO    [0m juju.model:__init__.py:3254 Waiting for model:
  mailman3-core/0 [executing] maintenance: Installing mailman3,postfix,postfix-policyd-spf-python,spamassassin,spamc
[32mINFO    [0m juju.model:__init__.py:3254 Waiting for model:
  mailman3-core/0 [executing] maintenance: configuring postfix for posts to mailing lists
[32mINFO    [0m juju.model:__init__.py:3254 Waiting for model:
  mailman3-core/0 [executing] maintenance: Installing python3-mailman-hyperkitty
[33mWARNING [0m juju.model:__init__.py:1683 relate is deprecated and will be removed. Use integrate instead.
[32mINFO    [0m juju.model:__init__.py:3254 Waiting for model:
  mailman3-core/0 [idle] active: Ready (source version/commit e1d5a03)
  postgresql/0 [idle] active: Primary
  postgresql/1 [idle] active: 
  postgresql/2 [idle] active: 
  pgbouncer/1 [allocating] waiting: installing agent
[32mINFO    [0m juju.model:__init__.py:3254 Waiting for model:
  mailman3-core/0 [idle] active: Ready (source version/commit e1d5a03)
  postgresql/0 [executing] active: Primary
  postgresql/1 [executing] active: 
  postgresql/2 [executing] active: 
  pgbouncer/1 [executing] waiting: Waiting to start PgBouncer
[32mINFO    [0m juju.model:__init__.py:3254 Waiting for model:
  postgresql/0 [executing] active: Primary
  postgresql/1 [executing] active: 
  postgresql/2 [executing] active: 
  pgbouncer/1 [executing] waiting: waiting for backend-database relation to connect
[32mINFO    [0m pytest_operator.plugin:plugin.py:951 Model status:

Model    Controller     Cloud/Region         Version  SLA          Timestamp
testing  concierge-lxd  localhost/localhost  3.6.9    unsupported  01:59:22Z

App                       Version  Status   Scale  Charm                     Channel        Rev  Exposed  Message
mailman3-core                      active       1  mailman3-core             latest/stable   18  no       Ready (source version/commit e1d5a03)
pgbouncer                 1.21.0   blocked      1  pgbouncer                                  1  no       waiting for backend database relation to initialise
postgresql                14.19    active       3  postgresql                14/edge        918  no       
self-signed-certificates           active       1  self-signed-certificates  latest/stable  264  no       

Unit                         Workload  Agent  Machine  Public address  Ports     Message
mailman3-core/0*             active    idle   5        10.224.41.43    25/tcp    Ready (source version/commit e1d5a03)
  pgbouncer/1*               blocked   idle            10.224.41.43              waiting for backend database relation to initialise
postgresql/0*                error     idle   0        10.224.41.9     5432/tcp  hook failed: "database-peers-relation-changed"
postgresql/1                 active    idle   1        10.224.41.131   5432/tcp  
postgresql/2                 active    idle   2        10.224.41.129   5432/tcp  
self-signed-certificates/0*  active    idle   4        10.224.41.59              

Machine  State    Address        Inst id        Base          AZ             Message
0        started  10.224.41.9    juju-500279-0  ubuntu@22.04  runnervm3ublj  Running
1        started  10.224.41.131  juju-500279-1  ubuntu@22.04  runnervm3ublj  Running
2        started  10.224.41.129  juju-500279-2  ubuntu@22.04  runnervm3ublj  Running
4        started  10.224.41.59   juju-500279-4  ubuntu@22.04  runnervm3ublj  Running
5        started  10.224.41.43   juju-500279-5  ubuntu@20.04  runnervm3ublj  Running

[32mINFO    [0m pytest_operator.plugin:plugin.py:957 Juju error logs:

machine-0: 01:38:13 ERROR juju.worker.dependency "kvm-container-provisioner" manifold worker returned unexpected error: container types not yet available
machine-0: 01:38:13 ERROR juju.worker.dependency "lxd-container-provisioner" manifold worker returned unexpected error: container types not yet available
unit-postgresql-0: 01:38:13 ERROR juju.worker.meterstatus error running "meter-status-changed": charm missing from disk
unit-postgresql-0: 01:39:04 ERROR unit.postgresql/0.juju-log Failed to list PostgreSQL database users: could not translate host name "None" to address: Temporary failure in name resolution

machine-1: 01:39:23 ERROR juju.worker.dependency "kvm-container-provisioner" manifold worker returned unexpected error: container types not yet available
machine-1: 01:39:23 ERROR juju.worker.dependency "lxd-container-provisioner" manifold worker returned unexpected error: container types not yet available
unit-postgresql-1: 01:39:23 ERROR juju.worker.meterstatus error running "meter-status-changed": charm missing from disk
machine-2: 01:39:27 ERROR juju.worker.dependency "lxd-container-provisioner" manifold worker returned unexpected error: container types not yet available
machine-2: 01:39:27 ERROR juju.worker.dependency "kvm-container-provisioner" manifold worker returned unexpected error: container types not yet available
unit-postgresql-2: 01:39:27 ERROR juju.worker.meterstatus error running "meter-status-changed": charm missing from disk
unit-postgresql-1: 01:40:24 ERROR unit.postgresql/1.juju-log database-peers:4: Failed to list PostgreSQL database users: connection to server at "10.224.41.131", port 5432 failed: Connection refused
	Is the server running on that host and accepting TCP/IP connections?

machine-3: 01:43:41 ERROR juju.worker.dependency "kvm-container-provisioner" manifold worker returned unexpected error: container types not yet available
machine-3: 01:43:41 ERROR juju.worker.dependency "lxd-container-provisioner" manifold worker returned unexpected error: container types not yet available
unit-postgresql-test-app-0: 01:43:41 ERROR juju.worker.meterstatus error running "meter-status-changed": charm missing from disk
unit-pgbouncer-0: 01:43:43 ERROR juju.worker.meterstatus error running "meter-status-changed": exit status 1
machine-4: 01:49:20 ERROR juju.worker.dependency "lxd-container-provisioner" manifold worker returned unexpected error: container types not yet available
machine-4: 01:49:20 ERROR juju.worker.dependency "kvm-container-provisioner" manifold worker returned unexpected error: container types not yet available
unit-self-signed-certificates-0: 01:49:20 ERROR juju.worker.meterstatus error running "meter-status-changed": charm missing from disk
unit-postgresql-1: 01:49:58 ERROR juju.worker.dependency "log-sender" manifold worker returned unexpected error: sending log message: websocket: close 1005 (no status): websocket: close sent
unit-postgresql-0: 01:50:04 ERROR juju.worker.dependency "log-sender" manifold worker returned unexpected error: sending log message: websocket: close 1005 (no status): websocket: close sent
unit-postgresql-2: 01:50:04 ERROR juju.worker.dependency "log-sender" manifold worker returned unexpected error: sending log message: websocket: close 1005 (no status): websocket: close sent
unit-postgresql-0: 01:52:20 ERROR unit.postgresql/0.juju-log failed to change plugins: 
Traceback (most recent call last):
  File "/var/lib/juju/agents/unit-postgresql-0/charm/lib/charms/postgresql_k8s/v0/postgresql.py", line 452, in enable_disable_extensions
    with self._connect_to_database(
  File "/var/lib/juju/agents/unit-postgresql-0/charm/lib/charms/tempo_coordinator_k8s/v0/charm_tracing.py", line 1153, in wrapped_function
    return callable(*args, **kwargs)  # type: ignore
  File "/var/lib/juju/agents/unit-postgresql-0/charm/lib/charms/postgresql_k8s/v0/postgresql.py", line 184, in _connect_to_database
    connection = psycopg2.connect(
  File "/var/lib/juju/agents/unit-postgresql-0/charm/venv/lib/python3.10/site-packages/psycopg2/__init__.py", line 122, in connect
    conn = _connect(dsn, connection_factory=connection_factory, **kwasync)
psycopg2.OperationalError: connection to server at "10.224.41.9", port 5432 failed: FATAL:  no pg_hba.conf entry for host "10.224.41.9", user "operator", database "postgresql_test_app_database", no encryption


The above exception was the direct cause of the following exception:

Traceback (most recent call last):
  File "/var/lib/juju/agents/unit-postgresql-0/charm/src/charm.py", line 1215, in enable_disable_extensions
    self.postgresql.enable_disable_extensions(extensions, database)
  File "/var/lib/juju/agents/unit-postgresql-0/charm/lib/charms/tempo_coordinator_k8s/v0/charm_tracing.py", line 1153, in wrapped_function
    return callable(*args, **kwargs)  # type: ignore
  File "/var/lib/juju/agents/unit-postgresql-0/charm/lib/charms/postgresql_k8s/v0/postgresql.py", line 467, in enable_disable_extensions
    raise PostgreSQLEnableDisableExtensionError() from e
charms.postgresql_k8s.v0.postgresql.PostgreSQLEnableDisableExtensionError
unit-postgresql-0: 01:52:23 ERROR unit.postgresql/0.juju-log Failed to list PostgreSQL database users: connection to server at "10.224.41.9", port 5432 failed: FATAL:  no pg_hba.conf entry for host "10.224.41.9", user "operator", database "postgres", no encryption

machine-5: 01:54:16 ERROR juju.worker.dependency "lxd-container-provisioner" manifold worker returned unexpected error: container types not yet available
machine-5: 01:54:16 ERROR juju.worker.dependency "kvm-container-provisioner" manifold worker returned unexpected error: container types not yet available
unit-mailman3-core-0: 01:54:16 ERROR juju.worker.meterstatus error running "meter-status-changed": charm missing from disk
unit-pgbouncer-1: 01:58:00 ERROR juju.worker.meterstatus error running "meter-status-changed": charm missing from disk
unit-postgresql-0: 01:59:21 ERROR unit.postgresql/0.juju-log database-peers:4: Uncaught exception while in charm code:
Traceback (most recent call last):
  File "/var/lib/juju/agents/unit-postgresql-0/charm/lib/charms/postgresql_k8s/v0/postgresql.py", line 452, in enable_disable_extensions
    with self._connect_to_database(
  File "/var/lib/juju/agents/unit-postgresql-0/charm/lib/charms/tempo_coordinator_k8s/v0/charm_tracing.py", line 1153, in wrapped_function
    return callable(*args, **kwargs)  # type: ignore
  File "/var/lib/juju/agents/unit-postgresql-0/charm/lib/charms/postgresql_k8s/v0/postgresql.py", line 184, in _connect_to_database
    connection = psycopg2.connect(
  File "/var/lib/juju/agents/unit-postgresql-0/charm/venv/lib/python3.10/site-packages/psycopg2/__init__.py", line 122, in connect
    conn = _connect(dsn, connection_factory=connection_factory, **kwasync)
psycopg2.OperationalError: connection to server at "10.224.41.9", port 5432 failed: FATAL:  no pg_hba.conf entry for host "10.224.41.9", user "operator", database "pgbouncer", no encryption


The above exception was the direct cause of the following exception:

Traceback (most recent call last):
  File "/var/lib/juju/agents/unit-postgresql-0/charm/src/charm.py", line 2362, in <module>
    main(PostgresqlOperatorCharm)
  File "/var/lib/juju/agents/unit-postgresql-0/charm/venv/lib/python3.10/site-packages/ops/__init__.py", line 356, in __call__
    return _main.main(charm_class=charm_class, use_juju_for_storage=use_juju_for_storage)
  File "/var/lib/juju/agents/unit-postgresql-0/charm/venv/lib/python3.10/site-packages/ops/_main.py", line 502, in main
    manager.run()
  File "/var/lib/juju/agents/unit-postgresql-0/charm/venv/lib/python3.10/site-packages/ops/_main.py", line 486, in run
    self._emit()
  File "/var/lib/juju/agents/unit-postgresql-0/charm/venv/lib/python3.10/site-packages/ops/_main.py", line 418, in _emit
    self.framework.reemit()
  File "/var/lib/juju/agents/unit-postgresql-0/charm/venv/lib/python3.10/site-packages/ops/framework.py", line 934, in reemit
    self._reemit()
  File "/var/lib/juju/agents/unit-postgresql-0/charm/venv/lib/python3.10/site-packages/ops/framework.py", line 1030, in _reemit
    custom_handler(event)
  File "/var/lib/juju/agents/unit-postgresql-0/charm/lib/charms/tempo_coordinator_k8s/v0/charm_tracing.py", line 1153, in wrapped_function
    return callable(*args, **kwargs)  # type: ignore
  File "/var/lib/juju/agents/unit-postgresql-0/charm/src/relations/postgresql_provider.py", line 125, in _on_database_requested
    self.charm.postgresql.create_database(
  File "/var/lib/juju/agents/unit-postgresql-0/charm/lib/charms/tempo_coordinator_k8s/v0/charm_tracing.py", line 1153, in wrapped_function
    return callable(*args, **kwargs)  # type: ignore
  File "/var/lib/juju/agents/unit-postgresql-0/charm/lib/charms/postgresql_k8s/v0/postgresql.py", line 271, in create_database
    self.enable_disable_extensions(dict.fromkeys(plugins, True), database)
  File "/var/lib/juju/agents/unit-postgresql-0/charm/lib/charms/tempo_coordinator_k8s/v0/charm_tracing.py", line 1153, in wrapped_function
    return callable(*args, **kwargs)  # type: ignore
  File "/var/lib/juju/agents/unit-postgresql-0/charm/lib/charms/postgresql_k8s/v0/postgresql.py", line 467, in enable_disable_extensions
    raise PostgreSQLEnableDisableExtensionError() from e
charms.postgresql_k8s.v0.postgresql.PostgreSQLEnableDisableExtensionError
unit-postgresql-0: 01:59:21 ERROR juju.worker.uniter.operation hook "database-peers-relation-changed" (via hook dispatching script: dispatch) failed: exit status 1

[32mINFO    [0m pytest_operator.plugin:plugin.py:1039 Forgetting model main...