{"uid":"ddcd6173f9255e9c","name":"test_deploy_stable","fullName":"tests.integration.test_upgrade_from_stable#test_deploy_stable","historyId":"82586bb199de9bffd6fb2e83674ead64","time":{"start":1768559316802,"stop":1768559319238,"duration":2436},"description":"Simple test to ensure that the PostgreSQL and application charms get deployed.","descriptionHtml":"<p>Simple test to ensure that the PostgreSQL and application charms get deployed.</p>\n","status":"broken","statusMessage":"juju.errors.JujuError: base \"ubuntu@22.04/stable\" is not supported, supported bases are: ubuntu@24.04","statusTrace":"Traceback (most recent call last):\n  File \"/root/spread_project/.tox/integration/lib/python3.12/site-packages/_pytest/runner.py\", line 353, in from_call\n    result: TResult | None = func()\n                             ^^^^^^\n  File \"/root/spread_project/.tox/integration/lib/python3.12/site-packages/_pytest/runner.py\", line 245, in <lambda>\n    lambda: runtest_hook(item=item, **kwds),\n            ^^^^^^^^^^^^^^^^^^^^^^^^^^^^^^^\n  File \"/root/spread_project/.tox/integration/lib/python3.12/site-packages/pluggy/_hooks.py\", line 512, in __call__\n    return self._hookexec(self.name, self._hookimpls.copy(), kwargs, firstresult)\n           ^^^^^^^^^^^^^^^^^^^^^^^^^^^^^^^^^^^^^^^^^^^^^^^^^^^^^^^^^^^^^^^^^^^^^^\n  File \"/root/spread_project/.tox/integration/lib/python3.12/site-packages/pluggy/_manager.py\", line 120, in _hookexec\n    return self._inner_hookexec(hook_name, methods, kwargs, firstresult)\n           ^^^^^^^^^^^^^^^^^^^^^^^^^^^^^^^^^^^^^^^^^^^^^^^^^^^^^^^^^^^^^\n  File \"/root/spread_project/.tox/integration/lib/python3.12/site-packages/pluggy/_callers.py\", line 167, in _multicall\n    raise exception\n  File \"/root/spread_project/.tox/integration/lib/python3.12/site-packages/pluggy/_callers.py\", line 139, in _multicall\n    teardown.throw(exception)\n  File \"/root/spread_project/.tox/integration/lib/python3.12/site-packages/_pytest/logging.py\", line 850, in pytest_runtest_call\n    yield\n  File \"/root/spread_project/.tox/integration/lib/python3.12/site-packages/pluggy/_callers.py\", line 139, in _multicall\n    teardown.throw(exception)\n  File \"/root/spread_project/.tox/integration/lib/python3.12/site-packages/pluggy/_callers.py\", line 53, in run_old_style_hookwrapper\n    return result.get_result()\n           ^^^^^^^^^^^^^^^^^^^\n  File \"/root/spread_project/.tox/integration/lib/python3.12/site-packages/pluggy/_result.py\", line 103, in get_result\n    raise exc.with_traceback(tb)\n  File \"/root/spread_project/.tox/integration/lib/python3.12/site-packages/pluggy/_callers.py\", line 38, in run_old_style_hookwrapper\n    res = yield\n          ^^^^^\n  File \"/root/spread_project/.tox/integration/lib/python3.12/site-packages/pluggy/_callers.py\", line 139, in _multicall\n    teardown.throw(exception)\n  File \"/root/spread_project/.tox/integration/lib/python3.12/site-packages/_pytest/capture.py\", line 900, in pytest_runtest_call\n    return (yield)\n            ^^^^^\n  File \"/root/spread_project/.tox/integration/lib/python3.12/site-packages/pluggy/_callers.py\", line 139, in _multicall\n    teardown.throw(exception)\n  File \"/root/spread_project/.tox/integration/lib/python3.12/site-packages/_pytest/skipping.py\", line 268, in pytest_runtest_call\n    return (yield)\n            ^^^^^\n  File \"/root/spread_project/.tox/integration/lib/python3.12/site-packages/pluggy/_callers.py\", line 121, in _multicall\n    res = hook_impl.function(*args)\n          ^^^^^^^^^^^^^^^^^^^^^^^^^\n  File \"/root/spread_project/.tox/integration/lib/python3.12/site-packages/_pytest/runner.py\", line 179, in pytest_runtest_call\n    item.runtest()\n  File \"/root/spread_project/.tox/integration/lib/python3.12/site-packages/_pytest/python.py\", line 1720, in runtest\n    self.ihook.pytest_pyfunc_call(pyfuncitem=self)\n  File \"/root/spread_project/.tox/integration/lib/python3.12/site-packages/pluggy/_hooks.py\", line 512, in __call__\n    return self._hookexec(self.name, self._hookimpls.copy(), kwargs, firstresult)\n           ^^^^^^^^^^^^^^^^^^^^^^^^^^^^^^^^^^^^^^^^^^^^^^^^^^^^^^^^^^^^^^^^^^^^^^\n  File \"/root/spread_project/.tox/integration/lib/python3.12/site-packages/pluggy/_manager.py\", line 120, in _hookexec\n    return self._inner_hookexec(hook_name, methods, kwargs, firstresult)\n           ^^^^^^^^^^^^^^^^^^^^^^^^^^^^^^^^^^^^^^^^^^^^^^^^^^^^^^^^^^^^^\n  File \"/root/spread_project/.tox/integration/lib/python3.12/site-packages/pluggy/_callers.py\", line 167, in _multicall\n    raise exception\n  File \"/root/spread_project/.tox/integration/lib/python3.12/site-packages/pluggy/_callers.py\", line 139, in _multicall\n    teardown.throw(exception)\n  File \"/root/spread_project/.tox/integration/lib/python3.12/site-packages/pluggy/_callers.py\", line 53, in run_old_style_hookwrapper\n    return result.get_result()\n           ^^^^^^^^^^^^^^^^^^^\n  File \"/root/spread_project/.tox/integration/lib/python3.12/site-packages/pluggy/_result.py\", line 103, in get_result\n    raise exc.with_traceback(tb)\n  File \"/root/spread_project/.tox/integration/lib/python3.12/site-packages/pluggy/_callers.py\", line 38, in run_old_style_hookwrapper\n    res = yield\n          ^^^^^\n  File \"/root/spread_project/.tox/integration/lib/python3.12/site-packages/pluggy/_callers.py\", line 121, in _multicall\n    res = hook_impl.function(*args)\n          ^^^^^^^^^^^^^^^^^^^^^^^^^\n  File \"/root/spread_project/.tox/integration/lib/python3.12/site-packages/_pytest/python.py\", line 166, in pytest_pyfunc_call\n    result = testfunction(**testargs)\n             ^^^^^^^^^^^^^^^^^^^^^^^^\n  File \"/root/spread_project/.tox/integration/lib/python3.12/site-packages/pytest_asyncio/plugin.py\", line 529, in inner\n    _loop.run_until_complete(task)\n  File \"/usr/lib/python3.12/asyncio/base_events.py\", line 687, in run_until_complete\n    return future.result()\n           ^^^^^^^^^^^^^^^\n  File \"/root/spread_project/tests/integration/test_upgrade_from_stable.py\", line 34, in test_deploy_stable\n    await asyncio.gather(\n  File \"/root/spread_project/.tox/integration/lib/python3.12/site-packages/juju/model/__init__.py\", line 1999, in deploy\n    return await self._deploy(\n           ^^^^^^^^^^^^^^^^^^^\n  File \"/root/spread_project/.tox/integration/lib/python3.12/site-packages/juju/model/__init__.py\", line 2376, in _deploy\n    raise JujuError(\"\\n\".join(errors))\njuju.errors.JujuError: base \"ubuntu@22.04/stable\" is not supported, supported bases are: ubuntu@24.04","flaky":false,"newFailed":false,"newBroken":false,"newPassed":false,"retriesCount":1,"retriesStatusChange":true,"beforeStages":[{"name":"event_loop","time":{"start":1768559316655,"stop":1768559316655,"duration":0},"status":"passed","steps":[],"attachments":[],"parameters":[],"shouldDisplayMessage":false,"stepsCount":0,"attachmentsCount":0,"hasContent":false,"attachmentStep":false},{"name":"charm","time":{"start":1768559316655,"stop":1768559316655,"duration":0},"status":"passed","steps":[],"attachments":[],"parameters":[],"shouldDisplayMessage":false,"stepsCount":0,"attachmentsCount":0,"hasContent":false,"attachmentStep":false},{"name":"ops_test","time":{"start":1768559316655,"stop":1768559316802,"duration":147},"status":"passed","steps":[],"attachments":[],"parameters":[],"shouldDisplayMessage":false,"stepsCount":0,"attachmentsCount":0,"hasContent":false,"attachmentStep":false},{"name":"tmp_path_factory","time":{"start":1768559316655,"stop":1768559316655,"duration":0},"status":"passed","steps":[],"attachments":[],"parameters":[],"shouldDisplayMessage":false,"stepsCount":0,"attachmentsCount":0,"hasContent":false,"attachmentStep":false},{"name":"abort_on_fail","time":{"start":1768559316802,"stop":1768559316802,"duration":0},"status":"passed","steps":[],"attachments":[],"parameters":[],"shouldDisplayMessage":false,"stepsCount":0,"attachmentsCount":0,"hasContent":false,"attachmentStep":false}],"testStage":{"description":"Simple test to ensure that the PostgreSQL and application charms get deployed.","status":"broken","statusMessage":"juju.errors.JujuError: base \"ubuntu@22.04/stable\" is not supported, supported bases are: ubuntu@24.04","statusTrace":"Traceback (most recent call last):\n  File \"/root/spread_project/.tox/integration/lib/python3.12/site-packages/_pytest/runner.py\", line 353, in from_call\n    result: TResult | None = func()\n                             ^^^^^^\n  File \"/root/spread_project/.tox/integration/lib/python3.12/site-packages/_pytest/runner.py\", line 245, in <lambda>\n    lambda: runtest_hook(item=item, **kwds),\n            ^^^^^^^^^^^^^^^^^^^^^^^^^^^^^^^\n  File \"/root/spread_project/.tox/integration/lib/python3.12/site-packages/pluggy/_hooks.py\", line 512, in __call__\n    return self._hookexec(self.name, self._hookimpls.copy(), kwargs, firstresult)\n           ^^^^^^^^^^^^^^^^^^^^^^^^^^^^^^^^^^^^^^^^^^^^^^^^^^^^^^^^^^^^^^^^^^^^^^\n  File \"/root/spread_project/.tox/integration/lib/python3.12/site-packages/pluggy/_manager.py\", line 120, in _hookexec\n    return self._inner_hookexec(hook_name, methods, kwargs, firstresult)\n           ^^^^^^^^^^^^^^^^^^^^^^^^^^^^^^^^^^^^^^^^^^^^^^^^^^^^^^^^^^^^^\n  File \"/root/spread_project/.tox/integration/lib/python3.12/site-packages/pluggy/_callers.py\", line 167, in _multicall\n    raise exception\n  File \"/root/spread_project/.tox/integration/lib/python3.12/site-packages/pluggy/_callers.py\", line 139, in _multicall\n    teardown.throw(exception)\n  File \"/root/spread_project/.tox/integration/lib/python3.12/site-packages/_pytest/logging.py\", line 850, in pytest_runtest_call\n    yield\n  File \"/root/spread_project/.tox/integration/lib/python3.12/site-packages/pluggy/_callers.py\", line 139, in _multicall\n    teardown.throw(exception)\n  File \"/root/spread_project/.tox/integration/lib/python3.12/site-packages/pluggy/_callers.py\", line 53, in run_old_style_hookwrapper\n    return result.get_result()\n           ^^^^^^^^^^^^^^^^^^^\n  File \"/root/spread_project/.tox/integration/lib/python3.12/site-packages/pluggy/_result.py\", line 103, in get_result\n    raise exc.with_traceback(tb)\n  File \"/root/spread_project/.tox/integration/lib/python3.12/site-packages/pluggy/_callers.py\", line 38, in run_old_style_hookwrapper\n    res = yield\n          ^^^^^\n  File \"/root/spread_project/.tox/integration/lib/python3.12/site-packages/pluggy/_callers.py\", line 139, in _multicall\n    teardown.throw(exception)\n  File \"/root/spread_project/.tox/integration/lib/python3.12/site-packages/_pytest/capture.py\", line 900, in pytest_runtest_call\n    return (yield)\n            ^^^^^\n  File \"/root/spread_project/.tox/integration/lib/python3.12/site-packages/pluggy/_callers.py\", line 139, in _multicall\n    teardown.throw(exception)\n  File \"/root/spread_project/.tox/integration/lib/python3.12/site-packages/_pytest/skipping.py\", line 268, in pytest_runtest_call\n    return (yield)\n            ^^^^^\n  File \"/root/spread_project/.tox/integration/lib/python3.12/site-packages/pluggy/_callers.py\", line 121, in _multicall\n    res = hook_impl.function(*args)\n          ^^^^^^^^^^^^^^^^^^^^^^^^^\n  File \"/root/spread_project/.tox/integration/lib/python3.12/site-packages/_pytest/runner.py\", line 179, in pytest_runtest_call\n    item.runtest()\n  File \"/root/spread_project/.tox/integration/lib/python3.12/site-packages/_pytest/python.py\", line 1720, in runtest\n    self.ihook.pytest_pyfunc_call(pyfuncitem=self)\n  File \"/root/spread_project/.tox/integration/lib/python3.12/site-packages/pluggy/_hooks.py\", line 512, in __call__\n    return self._hookexec(self.name, self._hookimpls.copy(), kwargs, firstresult)\n           ^^^^^^^^^^^^^^^^^^^^^^^^^^^^^^^^^^^^^^^^^^^^^^^^^^^^^^^^^^^^^^^^^^^^^^\n  File \"/root/spread_project/.tox/integration/lib/python3.12/site-packages/pluggy/_manager.py\", line 120, in _hookexec\n    return self._inner_hookexec(hook_name, methods, kwargs, firstresult)\n           ^^^^^^^^^^^^^^^^^^^^^^^^^^^^^^^^^^^^^^^^^^^^^^^^^^^^^^^^^^^^^\n  File \"/root/spread_project/.tox/integration/lib/python3.12/site-packages/pluggy/_callers.py\", line 167, in _multicall\n    raise exception\n  File \"/root/spread_project/.tox/integration/lib/python3.12/site-packages/pluggy/_callers.py\", line 139, in _multicall\n    teardown.throw(exception)\n  File \"/root/spread_project/.tox/integration/lib/python3.12/site-packages/pluggy/_callers.py\", line 53, in run_old_style_hookwrapper\n    return result.get_result()\n           ^^^^^^^^^^^^^^^^^^^\n  File \"/root/spread_project/.tox/integration/lib/python3.12/site-packages/pluggy/_result.py\", line 103, in get_result\n    raise exc.with_traceback(tb)\n  File \"/root/spread_project/.tox/integration/lib/python3.12/site-packages/pluggy/_callers.py\", line 38, in run_old_style_hookwrapper\n    res = yield\n          ^^^^^\n  File \"/root/spread_project/.tox/integration/lib/python3.12/site-packages/pluggy/_callers.py\", line 121, in _multicall\n    res = hook_impl.function(*args)\n          ^^^^^^^^^^^^^^^^^^^^^^^^^\n  File \"/root/spread_project/.tox/integration/lib/python3.12/site-packages/_pytest/python.py\", line 166, in pytest_pyfunc_call\n    result = testfunction(**testargs)\n             ^^^^^^^^^^^^^^^^^^^^^^^^\n  File \"/root/spread_project/.tox/integration/lib/python3.12/site-packages/pytest_asyncio/plugin.py\", line 529, in inner\n    _loop.run_until_complete(task)\n  File \"/usr/lib/python3.12/asyncio/base_events.py\", line 687, in run_until_complete\n    return future.result()\n           ^^^^^^^^^^^^^^^\n  File \"/root/spread_project/tests/integration/test_upgrade_from_stable.py\", line 34, in test_deploy_stable\n    await asyncio.gather(\n  File \"/root/spread_project/.tox/integration/lib/python3.12/site-packages/juju/model/__init__.py\", line 1999, in deploy\n    return await self._deploy(\n           ^^^^^^^^^^^^^^^^^^^\n  File \"/root/spread_project/.tox/integration/lib/python3.12/site-packages/juju/model/__init__.py\", line 2376, in _deploy\n    raise JujuError(\"\\n\".join(errors))\njuju.errors.JujuError: base \"ubuntu@22.04/stable\" is not supported, supported bases are: ubuntu@24.04","steps":[],"attachments":[{"uid":"e5b44bdc6a85002a","name":"log","source":"e5b44bdc6a85002a.txt","type":"text/plain","size":1091}],"parameters":[],"shouldDisplayMessage":true,"stepsCount":0,"attachmentsCount":1,"hasContent":true,"attachmentStep":false},"afterStages":[{"name":"abort_on_fail::0","time":{"start":1768559319253,"stop":1768559319253,"duration":0},"status":"passed","steps":[],"attachments":[],"parameters":[],"shouldDisplayMessage":false,"stepsCount":0,"attachmentsCount":0,"hasContent":false,"attachmentStep":false},{"name":"ops_test::finalizer","time":{"start":1768559319262,"stop":1768559320196,"duration":934},"status":"passed","steps":[],"attachments":[],"parameters":[],"shouldDisplayMessage":false,"stepsCount":0,"attachmentsCount":0,"hasContent":false,"attachmentStep":false},{"name":"event_loop::2","time":{"start":1768559320197,"stop":1768559320197,"duration":0},"status":"passed","steps":[],"attachments":[],"parameters":[],"shouldDisplayMessage":false,"stepsCount":0,"attachmentsCount":0,"hasContent":false,"attachmentStep":false},{"name":"event_loop::_close_event_loop","time":{"start":1768559320197,"stop":1768559320197,"duration":0},"status":"passed","steps":[],"attachments":[],"parameters":[],"shouldDisplayMessage":false,"stepsCount":0,"attachmentsCount":0,"hasContent":false,"attachmentStep":false},{"name":"event_loop::_provide_clean_event_loop","time":{"start":1768559320197,"stop":1768559320197,"duration":0},"status":"passed","steps":[],"attachments":[],"parameters":[],"shouldDisplayMessage":false,"stepsCount":0,"attachmentsCount":0,"hasContent":false,"attachmentStep":false}],"labels":[{"name":"tag","value":"abort_on_fail"},{"name":"tag","value":"asyncio"},{"name":"parentSuite","value":"tests.integration"},{"name":"suite","value":"test_upgrade_from_stable"},{"name":"host","value":"runnervmmtnos"},{"name":"thread","value":"14381-MainThread"},{"name":"framework","value":"pytest"},{"name":"language","value":"cpython3"},{"name":"package","value":"tests.integration.test_upgrade_from_stable"},{"name":"resultFormat","value":"allure2"}],"parameters":[],"links":[],"hidden":false,"retry":false,"extra":{"severity":"normal","retries":[{"uid":"6b4b5c4a398ce9ae","status":"unknown","time":{}}],"categories":[{"name":"Test defects","matchedStatuses":[]}],"history":{"statistic":{"failed":0,"broken":85,"skipped":0,"passed":446,"unknown":14,"total":545},"items":[{"uid":"e0556d6bf1389b1c","reportUrl":"../3087//#testresult/e0556d6bf1389b1c","status":"broken","statusDetails":"juju.errors.JujuUnitError: Unit in error: pgbouncer/0","time":{"start":1768354667338,"stop":1768355048470,"duration":381132}},{"uid":"57ac8a68e856b19","reportUrl":"../3085//#testresult/57ac8a68e856b19","status":"broken","statusDetails":"juju.errors.JujuUnitError: Unit in error: pgbouncer/0","time":{"start":1768268453631,"stop":1768268839191,"duration":385560}},{"uid":"b6233f291795c403","reportUrl":"../3084//#testresult/b6233f291795c403","status":"broken","statusDetails":"juju.errors.JujuUnitError: Unit in error: pgbouncer/0","time":{"start":1768181951463,"stop":1768182355087,"duration":403624}},{"uid":"ca19a99cb08094a0","reportUrl":"../3083//#testresult/ca19a99cb08094a0","status":"broken","statusDetails":"juju.errors.JujuUnitError: Unit in error: pgbouncer/0","time":{"start":1768095622921,"stop":1768096036854,"duration":413933}},{"uid":"99b1d3ce61b2b620","reportUrl":"../3082//#testresult/99b1d3ce61b2b620","status":"broken","statusDetails":"juju.errors.JujuUnitError: Unit in error: pgbouncer/0","time":{"start":1768008985103,"stop":1768009400854,"duration":415751}},{"uid":"10eb49465b372689","reportUrl":"../3080//#testresult/10eb49465b372689","status":"broken","statusDetails":"juju.errors.JujuUnitError: Unit in error: pgbouncer/0","time":{"start":1767922669050,"stop":1767923036481,"duration":367431}},{"uid":"cb969ac5bc0caed","reportUrl":"../3079//#testresult/cb969ac5bc0caed","status":"broken","statusDetails":"juju.errors.JujuUnitError: Unit in error: pgbouncer/0","time":{"start":1767836231120,"stop":1767836611716,"duration":380596}},{"uid":"92fe5a7721a5c5d8","reportUrl":"../3077//#testresult/92fe5a7721a5c5d8","status":"broken","statusDetails":"juju.errors.JujuUnitError: Unit in error: pgbouncer/0","time":{"start":1767749806318,"stop":1767750144331,"duration":338013}},{"uid":"dab5a6c369bd4123","reportUrl":"../3074//#testresult/dab5a6c369bd4123","status":"broken","statusDetails":"juju.errors.JujuUnitError: Unit in error: pgbouncer/0","time":{"start":1767663427103,"stop":1767663767534,"duration":340431}},{"uid":"731de5258dc2b7b6","reportUrl":"../3073//#testresult/731de5258dc2b7b6","status":"passed","time":{"start":1767577029308,"stop":1767577599016,"duration":569708}},{"uid":"ce3d27e04718843b","reportUrl":"../3072//#testresult/ce3d27e04718843b","status":"broken","statusDetails":"juju.errors.JujuUnitError: Unit in error: pgbouncer/0","time":{"start":1767490626196,"stop":1767490955339,"duration":329143}},{"uid":"711afc43440e3f98","reportUrl":"../3071//#testresult/711afc43440e3f98","status":"broken","statusDetails":"juju.errors.JujuUnitError: Unit in error: pgbouncer/0","time":{"start":1767404602448,"stop":1767404940873,"duration":338425}},{"uid":"6e3b569edd256e9d","reportUrl":"../3070//#testresult/6e3b569edd256e9d","status":"passed","time":{"start":1767318097618,"stop":1767318645298,"duration":547680}},{"uid":"c596322c655ad44e","reportUrl":"../3069//#testresult/c596322c655ad44e","status":"broken","statusDetails":"juju.errors.JujuUnitError: Unit in error: pgbouncer/0","time":{"start":1767231421041,"stop":1767231737443,"duration":316402}},{"uid":"470b2265d364e9ca","reportUrl":"../3068//#testresult/470b2265d364e9ca","status":"broken","statusDetails":"juju.errors.JujuUnitError: Unit in error: pgbouncer/0","time":{"start":1767145267729,"stop":1767145627963,"duration":360234}},{"uid":"85d2fa3e931f6f0d","reportUrl":"../3066//#testresult/85d2fa3e931f6f0d","status":"broken","statusDetails":"juju.errors.JujuUnitError: Unit in error: pgbouncer/0","time":{"start":1767058777743,"stop":1767059140885,"duration":363142}},{"uid":"a5d622ba7fadf8e","reportUrl":"../3065//#testresult/a5d622ba7fadf8e","status":"broken","statusDetails":"juju.errors.JujuUnitError: Unit in error: pgbouncer/0","time":{"start":1766972534703,"stop":1766972901769,"duration":367066}},{"uid":"c46b8819811ba723","reportUrl":"../3064//#testresult/c46b8819811ba723","status":"broken","statusDetails":"juju.errors.JujuUnitError: Unit in error: pgbouncer/0","time":{"start":1766886245271,"stop":1766886582840,"duration":337569}},{"uid":"936ece1ed5bcb300","reportUrl":"../3062//#testresult/936ece1ed5bcb300","status":"broken","statusDetails":"juju.errors.JujuUnitError: Unit in error: pgbouncer/0","time":{"start":1766713480696,"stop":1766713811925,"duration":331229}},{"uid":"e0a475c83b691564","reportUrl":"../3061//#testresult/e0a475c83b691564","status":"broken","statusDetails":"juju.errors.JujuUnitError: Unit in error: pgbouncer/0","time":{"start":1766626969054,"stop":1766627318786,"duration":349732}}]},"tags":["asyncio","abort_on_fail"]},"source":"ddcd6173f9255e9c.json","parameterValues":[]}