[32mINFO    [0m juju.model:model.py:2972 Waiting for model:
  postgresql-test-app (waiting for exactly 3 units, current : 4)
[32mINFO    [0m juju.model:model.py:2972 Waiting for model:
  postgresql-test-app (waiting for exactly 3 units, current : 4)
[32mINFO    [0m juju.model:model.py:2972 Waiting for model:
  landscape-client/2 [idle] active: Client registered!
  landscape-client/0 [idle] active: Client registered!
  landscape-client/4 [idle] active: Client registered!
  landscape-client/7 [idle] active: Client registered!
  landscape-client/8 [idle] active: Client registered!
  landscape-client/9 [idle] active: Client registered!
  ubuntu-advantage/0 [idle] active: Attached (esm-apps,esm-infra)
  ubuntu-advantage/2 [idle] active: Attached (esm-apps,esm-infra)
  ubuntu-advantage/1 [idle] active: Attached (esm-apps,esm-infra)
  ubuntu-advantage/4 [idle] active: Attached (esm-apps,esm-infra)
  ubuntu-advantage/5 [idle] active: Attached (esm-apps,esm-infra)
  ubuntu-advantage/6 [idle] active: Attached (esm-apps,esm-infra)
  postgresql-test-app/1 [idle] active: received database credentials of the first database
  postgresql-test-app/2 [idle] active: received database credentials of the first database
  postgresql-test-app/3 [idle] active: received database credentials of the first database
  postgresql/0 [idle] active: Primary
  postgresql/1 [idle] active: 
  postgresql/2 [idle] active: 
  pgbouncer/0 [idle] active: 
  pgbouncer/1 [idle] active: 
  pgbouncer/3 [idle] active:
[32mINFO    [0m pytest_operator.plugin:plugin.py:903 Model status:

Model  Controller           Cloud/Region         Version  SLA          Timestamp
test   localhost-localhost  localhost/localhost  3.4.6    unsupported  02:06:17Z

App                  Version  Status  Scale  Charm                Channel      Rev  Exposed  Message
landscape-client              active      6  landscape-client     latest/edge   69  no       Client registered!
pgbouncer            1.21.0   active      3  pgbouncer                           0  no       
postgresql           14.13    active      3  postgresql           14/edge      494  no       
postgresql-test-app           active      3  postgresql-test-app  latest/edge  263  no       received database credentials of the first database
ubuntu-advantage              active      6  ubuntu-advantage     latest/edge  113  no       Attached (esm-apps,esm-infra)

Unit                    Workload  Agent  Machine  Public address  Ports     Message
postgresql-test-app/1*  active    idle   1        10.40.150.52              received database credentials of the first database
  landscape-client/0    active    idle            10.40.150.52              Client registered!
  pgbouncer/0*          active    idle            10.40.150.52              
  ubuntu-advantage/1    active    idle            10.40.150.52              Attached (esm-apps,esm-infra)
postgresql-test-app/2   active    idle   2        10.40.150.242             received database credentials of the first database
  landscape-client/2*   active    idle            10.40.150.242             Client registered!
  pgbouncer/1           active    idle            10.40.150.242             
  ubuntu-advantage/0    active    idle            10.40.150.242             Attached (esm-apps,esm-infra)
postgresql-test-app/3   active    idle   6        10.40.150.235             received database credentials of the first database
  landscape-client/9    active    idle            10.40.150.235             Client registered!
  pgbouncer/3           active    idle            10.40.150.235             
  ubuntu-advantage/6*   active    idle            10.40.150.235             Attached (esm-apps,esm-infra)
postgresql/0*           active    idle   3        10.40.150.101   5432/tcp  Primary
  landscape-client/8    active    idle            10.40.150.101             Client registered!
  ubuntu-advantage/5    active    idle            10.40.150.101             Attached (esm-apps,esm-infra)
postgresql/1            active    idle   4        10.40.150.39    5432/tcp  
  landscape-client/7    active    idle            10.40.150.39              Client registered!
  ubuntu-advantage/4    active    idle            10.40.150.39              Attached (esm-apps,esm-infra)
postgresql/2            active    idle   5        10.40.150.186   5432/tcp  
  landscape-client/4    active    idle            10.40.150.186             Client registered!
  ubuntu-advantage/2    active    idle            10.40.150.186             Attached (esm-apps,esm-infra)

Machine  State    Address        Inst id        Base          AZ  Message
1        started  10.40.150.52   juju-db0ca4-1  ubuntu@22.04      Running
2        started  10.40.150.242  juju-db0ca4-2  ubuntu@22.04      Running
3        started  10.40.150.101  juju-db0ca4-3  ubuntu@22.04      Running
4        started  10.40.150.39   juju-db0ca4-4  ubuntu@22.04      Running
5        started  10.40.150.186  juju-db0ca4-5  ubuntu@22.04      Running
6        started  10.40.150.235  juju-db0ca4-6  ubuntu@22.04      Running

[32mINFO    [0m pytest_operator.plugin:plugin.py:909 Juju error logs:

machine-1: 01:49:45 ERROR juju.worker.dependency "lxd-container-provisioner" manifold worker returned unexpected error: container types not yet available
machine-1: 01:49:45 ERROR juju.worker.dependency "kvm-container-provisioner" manifold worker returned unexpected error: container types not yet available
unit-postgresql-test-app-1: 01:49:45 ERROR juju.worker.meterstatus error running "meter-status-changed": charm missing from disk
machine-3: 01:49:55 ERROR juju.worker.dependency "lxd-container-provisioner" manifold worker returned unexpected error: container types not yet available
machine-3: 01:49:55 ERROR juju.worker.dependency "kvm-container-provisioner" manifold worker returned unexpected error: container types not yet available
unit-pgbouncer-0: 01:49:55 ERROR juju.worker.meterstatus error running "meter-status-changed": charm missing from disk
unit-postgresql-0: 01:49:56 ERROR juju.worker.meterstatus error running "meter-status-changed": charm missing from disk
machine-2: 01:49:57 ERROR juju.worker.dependency "kvm-container-provisioner" manifold worker returned unexpected error: container types not yet available
machine-2: 01:49:57 ERROR juju.worker.dependency "lxd-container-provisioner" manifold worker returned unexpected error: container types not yet available
unit-postgresql-test-app-2: 01:49:58 ERROR juju.worker.meterstatus error running "meter-status-changed": charm missing from disk
machine-4: 01:50:00 ERROR juju.worker.dependency "lxd-container-provisioner" manifold worker returned unexpected error: container types not yet available
machine-4: 01:50:00 ERROR juju.worker.dependency "kvm-container-provisioner" manifold worker returned unexpected error: container types not yet available
machine-0: 01:50:01 ERROR juju.worker.dependency "lxd-container-provisioner" manifold worker returned unexpected error: container types not yet available
machine-0: 01:50:01 ERROR juju.worker.dependency "kvm-container-provisioner" manifold worker returned unexpected error: container types not yet available
unit-postgresql-1: 01:50:01 ERROR juju.worker.meterstatus error running "meter-status-changed": charm missing from disk
unit-postgresql-test-app-0: 01:50:02 ERROR juju.worker.meterstatus error running "meter-status-changed": charm missing from disk
machine-5: 01:50:02 ERROR juju.worker.dependency "lxd-container-provisioner" manifold worker returned unexpected error: container types not yet available
machine-5: 01:50:02 ERROR juju.worker.dependency "kvm-container-provisioner" manifold worker returned unexpected error: container types not yet available
unit-postgresql-2: 01:50:04 ERROR juju.worker.meterstatus error running "meter-status-changed": charm missing from disk
unit-pgbouncer-1: 01:50:09 ERROR juju.worker.meterstatus error running "meter-status-changed": charm missing from disk
unit-pgbouncer-2: 01:50:12 ERROR juju.worker.meterstatus error running "meter-status-changed": charm missing from disk
unit-postgresql-0: 01:52:09 ERROR unit.postgresql/0.juju-log Failed to list PostgreSQL database users: could not translate host name "None" to address: Temporary failure in name resolution

unit-landscape-client-2: 01:56:15 ERROR juju.worker.meterstatus error running "meter-status-changed": charm missing from disk
unit-landscape-client-0: 01:56:15 ERROR juju.worker.meterstatus error running "meter-status-changed": charm missing from disk
unit-landscape-client-4: 01:56:16 ERROR juju.worker.meterstatus error running "meter-status-changed": charm missing from disk
unit-landscape-client-6: 01:56:16 ERROR juju.worker.meterstatus error running "meter-status-changed": charm missing from disk
unit-landscape-client-8: 01:56:20 ERROR juju.worker.meterstatus error running "meter-status-changed": charm missing from disk
unit-ubuntu-advantage-5: 01:56:20 ERROR juju.worker.meterstatus error running "meter-status-changed": charm missing from disk
unit-landscape-client-7: 01:56:21 ERROR juju.worker.meterstatus error running "meter-status-changed": charm missing from disk
unit-ubuntu-advantage-4: 01:56:22 ERROR juju.worker.meterstatus error running "meter-status-changed": charm missing from disk
unit-ubuntu-advantage-1: 01:56:49 ERROR unit.unit-ubuntu-advantage-1.juju-log Uncaught exception while in charm code:
Traceback (most recent call last):
  File "/var/lib/juju/agents/unit-ubuntu-advantage-1/charm/venv/ops/model.py", line 2183, in _run
    result = run(args, **kwargs)
  File "/usr/lib/python3.10/subprocess.py", line 526, in run
    raise CalledProcessError(retcode, process.args,
subprocess.CalledProcessError: Command '('/var/lib/juju/tools/unit-ubuntu-advantage-1/config-get', '--format=json')' returned non-zero exit status 1.

During handling of the above exception, another exception occurred:

Traceback (most recent call last):
  File "/var/lib/juju/agents/unit-ubuntu-advantage-1/charm/./src/charm.py", line 427, in <module>
    main(UbuntuAdvantageCharm)
  File "/var/lib/juju/agents/unit-ubuntu-advantage-1/charm/venv/ops/main.py", line 426, in main
    charm = charm_class(framework)
  File "/var/lib/juju/agents/unit-ubuntu-advantage-1/charm/./src/charm.py", line 233, in __init__
    self._setup_proxy_env()
  File "/var/lib/juju/agents/unit-ubuntu-advantage-1/charm/./src/charm.py", line 249, in _setup_proxy_env
    self.proxy_env["http_proxy"] = self.config.get(
  File "/usr/lib/python3.10/_collections_abc.py", line 824, in get
    return self[key]
  File "/var/lib/juju/agents/unit-ubuntu-advantage-1/charm/venv/ops/model.py", line 547, in __getitem__
    return self._data[key]
  File "/var/lib/juju/agents/unit-ubuntu-advantage-1/charm/venv/ops/model.py", line 531, in _data
    data = self._lazy_data = self._load()
  File "/var/lib/juju/agents/unit-ubuntu-advantage-1/charm/venv/ops/model.py", line 1092, in _load
    return self._backend.config_get()
  File "/var/lib/juju/agents/unit-ubuntu-advantage-1/charm/venv/ops/model.py", line 2299, in config_get
    out = self._run('config-get', return_output=True, use_json=True)
  File "/var/lib/juju/agents/unit-ubuntu-advantage-1/charm/venv/ops/model.py", line 2189, in _run
    raise ModelError(e.stderr)
ops.model.ModelError: b'ERROR not implemented for restricted context not implemented\n'
unit-ubuntu-advantage-1: 01:56:49 ERROR juju.worker.meterstatus error running "meter-status-changed": exit status 1
unit-ubuntu-advantage-0: 01:56:51 ERROR unit.unit-ubuntu-advantage-0.juju-log Uncaught exception while in charm code:
Traceback (most recent call last):
  File "/var/lib/juju/agents/unit-ubuntu-advantage-0/charm/venv/ops/model.py", line 2183, in _run
    result = run(args, **kwargs)
  File "/usr/lib/python3.10/subprocess.py", line 526, in run
    raise CalledProcessError(retcode, process.args,
subprocess.CalledProcessError: Command '('/var/lib/juju/tools/unit-ubuntu-advantage-0/config-get', '--format=json')' returned non-zero exit status 1.

During handling of the above exception, another exception occurred:

Traceback (most recent call last):
  File "/var/lib/juju/agents/unit-ubuntu-advantage-0/charm/./src/charm.py", line 427, in <module>
    main(UbuntuAdvantageCharm)
  File "/var/lib/juju/agents/unit-ubuntu-advantage-0/charm/venv/ops/main.py", line 426, in main
    charm = charm_class(framework)
  File "/var/lib/juju/agents/unit-ubuntu-advantage-0/charm/./src/charm.py", line 233, in __init__
    self._setup_proxy_env()
  File "/var/lib/juju/agents/unit-ubuntu-advantage-0/charm/./src/charm.py", line 249, in _setup_proxy_env
    self.proxy_env["http_proxy"] = self.config.get(
  File "/usr/lib/python3.10/_collections_abc.py", line 824, in get
    return self[key]
  File "/var/lib/juju/agents/unit-ubuntu-advantage-0/charm/venv/ops/model.py", line 547, in __getitem__
    return self._data[key]
  File "/var/lib/juju/agents/unit-ubuntu-advantage-0/charm/venv/ops/model.py", line 531, in _data
    data = self._lazy_data = self._load()
  File "/var/lib/juju/agents/unit-ubuntu-advantage-0/charm/venv/ops/model.py", line 1092, in _load
    return self._backend.config_get()
  File "/var/lib/juju/agents/unit-ubuntu-advantage-0/charm/venv/ops/model.py", line 2299, in config_get
    out = self._run('config-get', return_output=True, use_json=True)
  File "/var/lib/juju/agents/unit-ubuntu-advantage-0/charm/venv/ops/model.py", line 2189, in _run
    raise ModelError(e.stderr)
ops.model.ModelError: b'ERROR not implemented for restricted context not implemented\n'
unit-ubuntu-advantage-0: 01:56:52 ERROR juju.worker.meterstatus error running "meter-status-changed": exit status 1
unit-ubuntu-advantage-2: 01:56:54 ERROR unit.unit-ubuntu-advantage-2.juju-log Uncaught exception while in charm code:
Traceback (most recent call last):
  File "/var/lib/juju/agents/unit-ubuntu-advantage-2/charm/venv/ops/model.py", line 2183, in _run
    result = run(args, **kwargs)
  File "/usr/lib/python3.10/subprocess.py", line 526, in run
    raise CalledProcessError(retcode, process.args,
subprocess.CalledProcessError: Command '('/var/lib/juju/tools/unit-ubuntu-advantage-2/config-get', '--format=json')' returned non-zero exit status 1.

During handling of the above exception, another exception occurred:

Traceback (most recent call last):
  File "/var/lib/juju/agents/unit-ubuntu-advantage-2/charm/./src/charm.py", line 427, in <module>
    main(UbuntuAdvantageCharm)
  File "/var/lib/juju/agents/unit-ubuntu-advantage-2/charm/venv/ops/main.py", line 426, in main
    charm = charm_class(framework)
  File "/var/lib/juju/agents/unit-ubuntu-advantage-2/charm/./src/charm.py", line 233, in __init__
    self._setup_proxy_env()
  File "/var/lib/juju/agents/unit-ubuntu-advantage-2/charm/./src/charm.py", line 249, in _setup_proxy_env
    self.proxy_env["http_proxy"] = self.config.get(
  File "/usr/lib/python3.10/_collections_abc.py", line 824, in get
    return self[key]
  File "/var/lib/juju/agents/unit-ubuntu-advantage-2/charm/venv/ops/model.py", line 547, in __getitem__
    return self._data[key]
  File "/var/lib/juju/agents/unit-ubuntu-advantage-2/charm/venv/ops/model.py", line 531, in _data
    data = self._lazy_data = self._load()
  File "/var/lib/juju/agents/unit-ubuntu-advantage-2/charm/venv/ops/model.py", line 1092, in _load
    return self._backend.config_get()
  File "/var/lib/juju/agents/unit-ubuntu-advantage-2/charm/venv/ops/model.py", line 2299, in config_get
    out = self._run('config-get', return_output=True, use_json=True)
  File "/var/lib/juju/agents/unit-ubuntu-advantage-2/charm/venv/ops/model.py", line 2189, in _run
    raise ModelError(e.stderr)
ops.model.ModelError: b'ERROR not implemented for restricted context not implemented\n'
unit-ubuntu-advantage-2: 01:56:54 ERROR juju.worker.meterstatus error running "meter-status-changed": exit status 1
unit-ubuntu-advantage-3: 01:56:54 ERROR unit.unit-ubuntu-advantage-3.juju-log Uncaught exception while in charm code:
Traceback (most recent call last):
  File "/var/lib/juju/agents/unit-ubuntu-advantage-3/charm/venv/ops/model.py", line 2183, in _run
    result = run(args, **kwargs)
  File "/usr/lib/python3.10/subprocess.py", line 526, in run
    raise CalledProcessError(retcode, process.args,
subprocess.CalledProcessError: Command '('/var/lib/juju/tools/unit-ubuntu-advantage-3/config-get', '--format=json')' returned non-zero exit status 1.

During handling of the above exception, another exception occurred:

Traceback (most recent call last):
  File "/var/lib/juju/agents/unit-ubuntu-advantage-3/charm/./src/charm.py", line 427, in <module>
    main(UbuntuAdvantageCharm)
  File "/var/lib/juju/agents/unit-ubuntu-advantage-3/charm/venv/ops/main.py", line 426, in main
    charm = charm_class(framework)
  File "/var/lib/juju/agents/unit-ubuntu-advantage-3/charm/./src/charm.py", line 233, in __init__
    self._setup_proxy_env()
  File "/var/lib/juju/agents/unit-ubuntu-advantage-3/charm/./src/charm.py", line 249, in _setup_proxy_env
    self.proxy_env["http_proxy"] = self.config.get(
  File "/usr/lib/python3.10/_collections_abc.py", line 824, in get
    return self[key]
  File "/var/lib/juju/agents/unit-ubuntu-advantage-3/charm/venv/ops/model.py", line 547, in __getitem__
    return self._data[key]
  File "/var/lib/juju/agents/unit-ubuntu-advantage-3/charm/venv/ops/model.py", line 531, in _data
    data = self._lazy_data = self._load()
  File "/var/lib/juju/agents/unit-ubuntu-advantage-3/charm/venv/ops/model.py", line 1092, in _load
    return self._backend.config_get()
  File "/var/lib/juju/agents/unit-ubuntu-advantage-3/charm/venv/ops/model.py", line 2299, in config_get
    out = self._run('config-get', return_output=True, use_json=True)
  File "/var/lib/juju/agents/unit-ubuntu-advantage-3/charm/venv/ops/model.py", line 2189, in _run
    raise ModelError(e.stderr)
ops.model.ModelError: b'ERROR not implemented for restricted context not implemented\n'
unit-ubuntu-advantage-3: 01:56:55 ERROR juju.worker.meterstatus error running "meter-status-changed": exit status 1
machine-6: 02:02:16 ERROR juju.worker.dependency "lxd-container-provisioner" manifold worker returned unexpected error: container types not yet available
machine-6: 02:02:16 ERROR juju.worker.dependency "kvm-container-provisioner" manifold worker returned unexpected error: container types not yet available
unit-postgresql-test-app-3: 02:02:16 ERROR juju.worker.meterstatus error running "meter-status-changed": charm missing from disk
unit-pgbouncer-3: 02:02:19 ERROR juju.worker.meterstatus error running "meter-status-changed": charm missing from disk
unit-landscape-client-9: 02:02:20 ERROR juju.worker.meterstatus error running "meter-status-changed": charm missing from disk
unit-ubuntu-advantage-6: 02:02:20 ERROR juju.worker.meterstatus error running "meter-status-changed": charm missing from disk

[32mINFO    [0m pytest_operator.plugin:plugin.py:991 Forgetting model main...