{"uid":"1cdd96aa82132cb7","name":"test_tls_encrypted_connection_to_postgres","fullName":"tests.integration.relations.test_backend_database#test_tls_encrypted_connection_to_postgres","historyId":"2dc4388f23689fe07f9638dfe4d2278a","time":{"start":1728441076284,"stop":1728441836596,"duration":760312},"status":"broken","statusMessage":"juju.errors.JujuUnitError: Unit in error: pgbouncer/1","statusTrace":"Traceback (most recent call last):\n  File \"/home/runner/work/pgbouncer-operator/pgbouncer-operator/.tox/integration/lib/python3.10/site-packages/_pytest/runner.py\", line 341, in from_call\n    result: TResult | None = func()\n  File \"/home/runner/work/pgbouncer-operator/pgbouncer-operator/.tox/integration/lib/python3.10/site-packages/_pytest/runner.py\", line 242, in <lambda>\n    lambda: runtest_hook(item=item, **kwds), when=when, reraise=reraise\n  File \"/home/runner/work/pgbouncer-operator/pgbouncer-operator/.tox/integration/lib/python3.10/site-packages/pluggy/_hooks.py\", line 513, in __call__\n    return self._hookexec(self.name, self._hookimpls.copy(), kwargs, firstresult)\n  File \"/home/runner/work/pgbouncer-operator/pgbouncer-operator/.tox/integration/lib/python3.10/site-packages/pluggy/_manager.py\", line 120, in _hookexec\n    return self._inner_hookexec(hook_name, methods, kwargs, firstresult)\n  File \"/home/runner/work/pgbouncer-operator/pgbouncer-operator/.tox/integration/lib/python3.10/site-packages/pluggy/_callers.py\", line 182, in _multicall\n    return outcome.get_result()\n  File \"/home/runner/work/pgbouncer-operator/pgbouncer-operator/.tox/integration/lib/python3.10/site-packages/pluggy/_result.py\", line 100, in get_result\n    raise exc.with_traceback(exc.__traceback__)\n  File \"/home/runner/work/pgbouncer-operator/pgbouncer-operator/.tox/integration/lib/python3.10/site-packages/pluggy/_callers.py\", line 167, in _multicall\n    teardown.throw(outcome._exception)\n  File \"/home/runner/work/pgbouncer-operator/pgbouncer-operator/.tox/integration/lib/python3.10/site-packages/_pytest/threadexception.py\", line 92, in pytest_runtest_call\n    yield from thread_exception_runtest_hook()\n  File \"/home/runner/work/pgbouncer-operator/pgbouncer-operator/.tox/integration/lib/python3.10/site-packages/_pytest/threadexception.py\", line 68, in thread_exception_runtest_hook\n    yield\n  File \"/home/runner/work/pgbouncer-operator/pgbouncer-operator/.tox/integration/lib/python3.10/site-packages/pluggy/_callers.py\", line 167, in _multicall\n    teardown.throw(outcome._exception)\n  File \"/home/runner/work/pgbouncer-operator/pgbouncer-operator/.tox/integration/lib/python3.10/site-packages/_pytest/unraisableexception.py\", line 95, in pytest_runtest_call\n    yield from unraisable_exception_runtest_hook()\n  File \"/home/runner/work/pgbouncer-operator/pgbouncer-operator/.tox/integration/lib/python3.10/site-packages/_pytest/unraisableexception.py\", line 70, in unraisable_exception_runtest_hook\n    yield\n  File \"/home/runner/work/pgbouncer-operator/pgbouncer-operator/.tox/integration/lib/python3.10/site-packages/pluggy/_callers.py\", line 167, in _multicall\n    teardown.throw(outcome._exception)\n  File \"/home/runner/work/pgbouncer-operator/pgbouncer-operator/.tox/integration/lib/python3.10/site-packages/_pytest/logging.py\", line 846, in pytest_runtest_call\n    yield from self._runtest_for(item, \"call\")\n  File \"/home/runner/work/pgbouncer-operator/pgbouncer-operator/.tox/integration/lib/python3.10/site-packages/_pytest/logging.py\", line 829, in _runtest_for\n    yield\n  File \"/home/runner/work/pgbouncer-operator/pgbouncer-operator/.tox/integration/lib/python3.10/site-packages/pluggy/_callers.py\", line 167, in _multicall\n    teardown.throw(outcome._exception)\n  File \"/home/runner/work/pgbouncer-operator/pgbouncer-operator/.tox/integration/lib/python3.10/site-packages/_pytest/capture.py\", line 880, in pytest_runtest_call\n    return (yield)\n  File \"/home/runner/work/pgbouncer-operator/pgbouncer-operator/.tox/integration/lib/python3.10/site-packages/pluggy/_callers.py\", line 167, in _multicall\n    teardown.throw(outcome._exception)\n  File \"/home/runner/work/pgbouncer-operator/pgbouncer-operator/.tox/integration/lib/python3.10/site-packages/_pytest/skipping.py\", line 257, in pytest_runtest_call\n    return (yield)\n  File \"/home/runner/work/pgbouncer-operator/pgbouncer-operator/.tox/integration/lib/python3.10/site-packages/pluggy/_callers.py\", line 103, in _multicall\n    res = hook_impl.function(*args)\n  File \"/home/runner/work/pgbouncer-operator/pgbouncer-operator/.tox/integration/lib/python3.10/site-packages/_pytest/runner.py\", line 174, in pytest_runtest_call\n    item.runtest()\n  File \"/home/runner/work/pgbouncer-operator/pgbouncer-operator/.tox/integration/lib/python3.10/site-packages/_pytest/python.py\", line 1627, in runtest\n    self.ihook.pytest_pyfunc_call(pyfuncitem=self)\n  File \"/home/runner/work/pgbouncer-operator/pgbouncer-operator/.tox/integration/lib/python3.10/site-packages/pluggy/_hooks.py\", line 513, in __call__\n    return self._hookexec(self.name, self._hookimpls.copy(), kwargs, firstresult)\n  File \"/home/runner/work/pgbouncer-operator/pgbouncer-operator/.tox/integration/lib/python3.10/site-packages/pluggy/_manager.py\", line 120, in _hookexec\n    return self._inner_hookexec(hook_name, methods, kwargs, firstresult)\n  File \"/home/runner/work/pgbouncer-operator/pgbouncer-operator/.tox/integration/lib/python3.10/site-packages/pluggy/_callers.py\", line 182, in _multicall\n    return outcome.get_result()\n  File \"/home/runner/work/pgbouncer-operator/pgbouncer-operator/.tox/integration/lib/python3.10/site-packages/pluggy/_result.py\", line 100, in get_result\n    raise exc.with_traceback(exc.__traceback__)\n  File \"/home/runner/work/pgbouncer-operator/pgbouncer-operator/.tox/integration/lib/python3.10/site-packages/pluggy/_callers.py\", line 103, in _multicall\n    res = hook_impl.function(*args)\n  File \"/home/runner/work/pgbouncer-operator/pgbouncer-operator/.tox/integration/lib/python3.10/site-packages/_pytest/python.py\", line 159, in pytest_pyfunc_call\n    result = testfunction(**testargs)\n  File \"/home/runner/work/pgbouncer-operator/pgbouncer-operator/.tox/integration/lib/python3.10/site-packages/pytest_asyncio/plugin.py\", line 529, in inner\n    _loop.run_until_complete(task)\n  File \"/usr/lib/python3.10/asyncio/base_events.py\", line 649, in run_until_complete\n    return future.result()\n  File \"/home/runner/work/pgbouncer-operator/pgbouncer-operator/tests/integration/relations/test_backend_database.py\", line 115, in test_tls_encrypted_connection_to_postgres\n    await deploy_and_relate_application_with_pgbouncer_bundle(\n  File \"/home/runner/work/pgbouncer-operator/pgbouncer-operator/tests/integration/helpers/helpers.py\", line 347, in deploy_and_relate_application_with_pgbouncer_bundle\n    await ops_test.model.wait_for_idle(\n  File \"/home/runner/work/pgbouncer-operator/pgbouncer-operator/.tox/integration/lib/python3.10/site-packages/juju/model.py\", line 2964, in wait_for_idle\n    _raise_for_status(errors, \"error\")\n  File \"/home/runner/work/pgbouncer-operator/pgbouncer-operator/.tox/integration/lib/python3.10/site-packages/juju/model.py\", line 2870, in _raise_for_status\n    raise error_type(\"{}{} in {}: {}\".format(\njuju.errors.JujuUnitError: Unit in error: pgbouncer/1","flaky":false,"newFailed":false,"newBroken":false,"newPassed":false,"retriesCount":1,"retriesStatusChange":true,"beforeStages":[{"name":"event_loop","time":{"start":1728439905919,"stop":1728439905920,"duration":1},"status":"passed","steps":[],"attachments":[],"parameters":[],"stepsCount":0,"shouldDisplayMessage":false,"attachmentsCount":0,"hasContent":false,"attachmentStep":false},{"name":"tmp_path_factory","time":{"start":1728439905920,"stop":1728439905920,"duration":0},"status":"passed","steps":[],"attachments":[],"parameters":[],"stepsCount":0,"shouldDisplayMessage":false,"attachmentsCount":0,"hasContent":false,"attachmentStep":false},{"name":"ops_test","time":{"start":1728439905920,"stop":1728439906074,"duration":154},"status":"passed","steps":[],"attachments":[],"parameters":[],"stepsCount":0,"shouldDisplayMessage":false,"attachmentsCount":0,"hasContent":false,"attachmentStep":false},{"name":"pgb_charm_focal","time":{"start":1728441076275,"stop":1728441076284,"duration":9},"status":"passed","steps":[],"attachments":[],"parameters":[],"stepsCount":0,"shouldDisplayMessage":false,"attachmentsCount":0,"hasContent":false,"attachmentStep":false},{"name":"abort_on_fail","time":{"start":1728441076284,"stop":1728441076284,"duration":0},"status":"passed","steps":[],"attachments":[],"parameters":[],"stepsCount":0,"shouldDisplayMessage":false,"attachmentsCount":0,"hasContent":false,"attachmentStep":false}],"testStage":{"status":"broken","statusMessage":"juju.errors.JujuUnitError: Unit in error: pgbouncer/1","statusTrace":"Traceback (most recent call last):\n  File \"/home/runner/work/pgbouncer-operator/pgbouncer-operator/.tox/integration/lib/python3.10/site-packages/_pytest/runner.py\", line 341, in from_call\n    result: TResult | None = func()\n  File \"/home/runner/work/pgbouncer-operator/pgbouncer-operator/.tox/integration/lib/python3.10/site-packages/_pytest/runner.py\", line 242, in <lambda>\n    lambda: runtest_hook(item=item, **kwds), when=when, reraise=reraise\n  File \"/home/runner/work/pgbouncer-operator/pgbouncer-operator/.tox/integration/lib/python3.10/site-packages/pluggy/_hooks.py\", line 513, in __call__\n    return self._hookexec(self.name, self._hookimpls.copy(), kwargs, firstresult)\n  File \"/home/runner/work/pgbouncer-operator/pgbouncer-operator/.tox/integration/lib/python3.10/site-packages/pluggy/_manager.py\", line 120, in _hookexec\n    return self._inner_hookexec(hook_name, methods, kwargs, firstresult)\n  File \"/home/runner/work/pgbouncer-operator/pgbouncer-operator/.tox/integration/lib/python3.10/site-packages/pluggy/_callers.py\", line 182, in _multicall\n    return outcome.get_result()\n  File \"/home/runner/work/pgbouncer-operator/pgbouncer-operator/.tox/integration/lib/python3.10/site-packages/pluggy/_result.py\", line 100, in get_result\n    raise exc.with_traceback(exc.__traceback__)\n  File \"/home/runner/work/pgbouncer-operator/pgbouncer-operator/.tox/integration/lib/python3.10/site-packages/pluggy/_callers.py\", line 167, in _multicall\n    teardown.throw(outcome._exception)\n  File \"/home/runner/work/pgbouncer-operator/pgbouncer-operator/.tox/integration/lib/python3.10/site-packages/_pytest/threadexception.py\", line 92, in pytest_runtest_call\n    yield from thread_exception_runtest_hook()\n  File \"/home/runner/work/pgbouncer-operator/pgbouncer-operator/.tox/integration/lib/python3.10/site-packages/_pytest/threadexception.py\", line 68, in thread_exception_runtest_hook\n    yield\n  File \"/home/runner/work/pgbouncer-operator/pgbouncer-operator/.tox/integration/lib/python3.10/site-packages/pluggy/_callers.py\", line 167, in _multicall\n    teardown.throw(outcome._exception)\n  File \"/home/runner/work/pgbouncer-operator/pgbouncer-operator/.tox/integration/lib/python3.10/site-packages/_pytest/unraisableexception.py\", line 95, in pytest_runtest_call\n    yield from unraisable_exception_runtest_hook()\n  File \"/home/runner/work/pgbouncer-operator/pgbouncer-operator/.tox/integration/lib/python3.10/site-packages/_pytest/unraisableexception.py\", line 70, in unraisable_exception_runtest_hook\n    yield\n  File \"/home/runner/work/pgbouncer-operator/pgbouncer-operator/.tox/integration/lib/python3.10/site-packages/pluggy/_callers.py\", line 167, in _multicall\n    teardown.throw(outcome._exception)\n  File \"/home/runner/work/pgbouncer-operator/pgbouncer-operator/.tox/integration/lib/python3.10/site-packages/_pytest/logging.py\", line 846, in pytest_runtest_call\n    yield from self._runtest_for(item, \"call\")\n  File \"/home/runner/work/pgbouncer-operator/pgbouncer-operator/.tox/integration/lib/python3.10/site-packages/_pytest/logging.py\", line 829, in _runtest_for\n    yield\n  File \"/home/runner/work/pgbouncer-operator/pgbouncer-operator/.tox/integration/lib/python3.10/site-packages/pluggy/_callers.py\", line 167, in _multicall\n    teardown.throw(outcome._exception)\n  File \"/home/runner/work/pgbouncer-operator/pgbouncer-operator/.tox/integration/lib/python3.10/site-packages/_pytest/capture.py\", line 880, in pytest_runtest_call\n    return (yield)\n  File \"/home/runner/work/pgbouncer-operator/pgbouncer-operator/.tox/integration/lib/python3.10/site-packages/pluggy/_callers.py\", line 167, in _multicall\n    teardown.throw(outcome._exception)\n  File \"/home/runner/work/pgbouncer-operator/pgbouncer-operator/.tox/integration/lib/python3.10/site-packages/_pytest/skipping.py\", line 257, in pytest_runtest_call\n    return (yield)\n  File \"/home/runner/work/pgbouncer-operator/pgbouncer-operator/.tox/integration/lib/python3.10/site-packages/pluggy/_callers.py\", line 103, in _multicall\n    res = hook_impl.function(*args)\n  File \"/home/runner/work/pgbouncer-operator/pgbouncer-operator/.tox/integration/lib/python3.10/site-packages/_pytest/runner.py\", line 174, in pytest_runtest_call\n    item.runtest()\n  File \"/home/runner/work/pgbouncer-operator/pgbouncer-operator/.tox/integration/lib/python3.10/site-packages/_pytest/python.py\", line 1627, in runtest\n    self.ihook.pytest_pyfunc_call(pyfuncitem=self)\n  File \"/home/runner/work/pgbouncer-operator/pgbouncer-operator/.tox/integration/lib/python3.10/site-packages/pluggy/_hooks.py\", line 513, in __call__\n    return self._hookexec(self.name, self._hookimpls.copy(), kwargs, firstresult)\n  File \"/home/runner/work/pgbouncer-operator/pgbouncer-operator/.tox/integration/lib/python3.10/site-packages/pluggy/_manager.py\", line 120, in _hookexec\n    return self._inner_hookexec(hook_name, methods, kwargs, firstresult)\n  File \"/home/runner/work/pgbouncer-operator/pgbouncer-operator/.tox/integration/lib/python3.10/site-packages/pluggy/_callers.py\", line 182, in _multicall\n    return outcome.get_result()\n  File \"/home/runner/work/pgbouncer-operator/pgbouncer-operator/.tox/integration/lib/python3.10/site-packages/pluggy/_result.py\", line 100, in get_result\n    raise exc.with_traceback(exc.__traceback__)\n  File \"/home/runner/work/pgbouncer-operator/pgbouncer-operator/.tox/integration/lib/python3.10/site-packages/pluggy/_callers.py\", line 103, in _multicall\n    res = hook_impl.function(*args)\n  File \"/home/runner/work/pgbouncer-operator/pgbouncer-operator/.tox/integration/lib/python3.10/site-packages/_pytest/python.py\", line 159, in pytest_pyfunc_call\n    result = testfunction(**testargs)\n  File \"/home/runner/work/pgbouncer-operator/pgbouncer-operator/.tox/integration/lib/python3.10/site-packages/pytest_asyncio/plugin.py\", line 529, in inner\n    _loop.run_until_complete(task)\n  File \"/usr/lib/python3.10/asyncio/base_events.py\", line 649, in run_until_complete\n    return future.result()\n  File \"/home/runner/work/pgbouncer-operator/pgbouncer-operator/tests/integration/relations/test_backend_database.py\", line 115, in test_tls_encrypted_connection_to_postgres\n    await deploy_and_relate_application_with_pgbouncer_bundle(\n  File \"/home/runner/work/pgbouncer-operator/pgbouncer-operator/tests/integration/helpers/helpers.py\", line 347, in deploy_and_relate_application_with_pgbouncer_bundle\n    await ops_test.model.wait_for_idle(\n  File \"/home/runner/work/pgbouncer-operator/pgbouncer-operator/.tox/integration/lib/python3.10/site-packages/juju/model.py\", line 2964, in wait_for_idle\n    _raise_for_status(errors, \"error\")\n  File \"/home/runner/work/pgbouncer-operator/pgbouncer-operator/.tox/integration/lib/python3.10/site-packages/juju/model.py\", line 2870, in _raise_for_status\n    raise error_type(\"{}{} in {}: {}\".format(\njuju.errors.JujuUnitError: Unit in error: pgbouncer/1","steps":[],"attachments":[{"uid":"d55a1301f9704160","name":"log","source":"d55a1301f9704160.txt","type":"text/plain","size":10111}],"parameters":[],"stepsCount":0,"shouldDisplayMessage":true,"attachmentsCount":1,"hasContent":true,"attachmentStep":false},"afterStages":[{"name":"abort_on_fail::0","time":{"start":1728441836617,"stop":1728441836617,"duration":0},"status":"passed","steps":[],"attachments":[],"parameters":[],"stepsCount":0,"shouldDisplayMessage":false,"attachmentsCount":0,"hasContent":false,"attachmentStep":false},{"name":"ops_test::finalizer","time":{"start":1728441836618,"stop":1728441837018,"duration":400},"status":"passed","steps":[],"attachments":[],"parameters":[],"stepsCount":0,"shouldDisplayMessage":false,"attachmentsCount":0,"hasContent":false,"attachmentStep":false},{"name":"event_loop::2","time":{"start":1728441837018,"stop":1728441837018,"duration":0},"status":"passed","steps":[],"attachments":[],"parameters":[],"stepsCount":0,"shouldDisplayMessage":false,"attachmentsCount":0,"hasContent":false,"attachmentStep":false},{"name":"event_loop::_close_event_loop","time":{"start":1728441837018,"stop":1728441837018,"duration":0},"status":"passed","steps":[],"attachments":[],"parameters":[],"stepsCount":0,"shouldDisplayMessage":false,"attachmentsCount":0,"hasContent":false,"attachmentStep":false},{"name":"event_loop::_provide_clean_event_loop","time":{"start":1728441837018,"stop":1728441837019,"duration":1},"status":"passed","steps":[],"attachments":[],"parameters":[],"stepsCount":0,"shouldDisplayMessage":false,"attachmentsCount":0,"hasContent":false,"attachmentStep":false}],"labels":[{"name":"tag","value":"group(1)"},{"name":"tag","value":"asyncio"},{"name":"parentSuite","value":"tests.integration.relations"},{"name":"suite","value":"test_backend_database"},{"name":"host","value":"fv-az1110-257"},{"name":"thread","value":"15833-MainThread"},{"name":"framework","value":"pytest"},{"name":"language","value":"cpython3"},{"name":"package","value":"tests.integration.relations.test_backend_database"},{"name":"resultFormat","value":"allure2"}],"parameters":[],"links":[],"hidden":false,"retry":false,"extra":{"severity":"normal","retries":[{"uid":"866bf625786fe722","status":"unknown","time":{}}],"categories":[{"name":"Test defects","matchedStatuses":[],"flaky":false}],"history":{"statistic":{"failed":0,"broken":35,"skipped":0,"passed":140,"unknown":5,"total":180},"items":[{"uid":"5cbf148acf89885f","reportUrl":"../2095//#testresult/5cbf148acf89885f","status":"broken","statusDetails":"juju.errors.JujuError: ['cannot add application \"pgbouncer\": application already exists']","time":{"start":1728352240572,"stop":1728352245427,"duration":4855}},{"uid":"12232d9013660858","reportUrl":"../2093//#testresult/12232d9013660858","status":"passed","time":{"start":1728266296040,"stop":1728267072318,"duration":776278}},{"uid":"3039dcf9a8188446","reportUrl":"../2092//#testresult/3039dcf9a8188446","status":"passed","time":{"start":1728179901512,"stop":1728180696369,"duration":794857}},{"uid":"8fadbe562bebb1fb","reportUrl":"../2091//#testresult/8fadbe562bebb1fb","status":"passed","time":{"start":1728093653021,"stop":1728094469792,"duration":816771}},{"uid":"829007f1c4f96174","reportUrl":"../2090//#testresult/829007f1c4f96174","status":"passed","time":{"start":1728007190965,"stop":1728007978807,"duration":787842}},{"uid":"56dea15839aaf1dc","reportUrl":"../2088//#testresult/56dea15839aaf1dc","status":"passed","time":{"start":1727920933643,"stop":1727921700321,"duration":766678}},{"uid":"89982fbc48e43210","reportUrl":"../2084//#testresult/89982fbc48e43210","status":"passed","time":{"start":1727834393944,"stop":1727835190066,"duration":796122}},{"uid":"c4ca7a8b488858d3","reportUrl":"../2080//#testresult/c4ca7a8b488858d3","status":"passed","time":{"start":1727747952505,"stop":1727748728997,"duration":776492}},{"uid":"df7a170e7860797b","reportUrl":"../2078//#testresult/df7a170e7860797b","status":"passed","time":{"start":1727661651979,"stop":1727662427623,"duration":775644}},{"uid":"7ccfc1068d6eb648","reportUrl":"../2077//#testresult/7ccfc1068d6eb648","status":"passed","time":{"start":1727575186190,"stop":1727575973235,"duration":787045}},{"uid":"164545d4505f2183","reportUrl":"../2076//#testresult/164545d4505f2183","status":"passed","time":{"start":1727488737928,"stop":1727489520937,"duration":783009}},{"uid":"22440ae28face2a9","reportUrl":"../2072//#testresult/22440ae28face2a9","status":"passed","time":{"start":1727402454432,"stop":1727403223771,"duration":769339}},{"uid":"129f51ac49448f37","reportUrl":"../2065//#testresult/129f51ac49448f37","status":"broken","statusDetails":"juju.errors.JujuUnitError: Unit in error: pgbouncer/1","time":{"start":1727315284410,"stop":1727315976826,"duration":692416}},{"uid":"3cec419218c3d201","reportUrl":"../2060//#testresult/3cec419218c3d201","status":"broken","statusDetails":"juju.errors.JujuUnitError: Unit in error: pgbouncer/1","time":{"start":1727229023602,"stop":1727229676736,"duration":653134}},{"uid":"dd78fd806dac0bd1","reportUrl":"../2059//#testresult/dd78fd806dac0bd1","status":"broken","statusDetails":"juju.errors.JujuUnitError: Unit in error: pgbouncer/1","time":{"start":1727142584209,"stop":1727143270790,"duration":686581}},{"uid":"b03ab5981f7c6be3","reportUrl":"../2057//#testresult/b03ab5981f7c6be3","status":"broken","statusDetails":"juju.errors.JujuUnitError: Unit in error: pgbouncer/1","time":{"start":1727056536117,"stop":1727057189961,"duration":653844}},{"uid":"90e4c73178266f40","reportUrl":"../2055//#testresult/90e4c73178266f40","status":"broken","statusDetails":"juju.errors.JujuUnitError: Unit in error: pgbouncer/1","time":{"start":1726969757278,"stop":1726970401761,"duration":644483}},{"uid":"787f6b8f38b3e33e","reportUrl":"../2054//#testresult/787f6b8f38b3e33e","status":"broken","statusDetails":"juju.errors.JujuUnitError: Unit in error: pgbouncer/1","time":{"start":1726883250246,"stop":1726883898981,"duration":648735}},{"uid":"63cd7a11ff030183","reportUrl":"../2053//#testresult/63cd7a11ff030183","status":"broken","statusDetails":"juju.errors.JujuUnitError: Unit in error: pgbouncer/1","time":{"start":1726796933171,"stop":1726797586945,"duration":653774}},{"uid":"a019e61a59c06c10","reportUrl":"../2052//#testresult/a019e61a59c06c10","status":"broken","statusDetails":"juju.errors.JujuUnitError: Unit in error: pgbouncer/1","time":{"start":1726710552961,"stop":1726711226853,"duration":673892}}]},"tags":["asyncio","group(1)"]},"source":"1cdd96aa82132cb7.json","parameterValues":[]}