{"uid":"52038a2b1b572673","name":"test_upgrade_from_stable","fullName":"tests.integration.test_upgrade_from_stable#test_upgrade_from_stable","historyId":"fa9e8eb18b8a9b19fd0369c16734952a","time":{"start":1728440384244,"stop":1728440384244,"duration":0},"description":"Test updating from stable channel.","descriptionHtml":"<p>Test updating from stable channel.</p>\n","status":"skipped","statusMessage":"XFAIL reason: aborted\n\n_pytest.outcomes.XFailed: aborted","statusTrace":"Traceback (most recent call last):\n  File \"/home/runner/work/pgbouncer-operator/pgbouncer-operator/.tox/integration/lib/python3.10/site-packages/_pytest/runner.py\", line 341, in from_call\n    result: TResult | None = func()\n  File \"/home/runner/work/pgbouncer-operator/pgbouncer-operator/.tox/integration/lib/python3.10/site-packages/_pytest/runner.py\", line 242, in <lambda>\n    lambda: runtest_hook(item=item, **kwds), when=when, reraise=reraise\n  File \"/home/runner/work/pgbouncer-operator/pgbouncer-operator/.tox/integration/lib/python3.10/site-packages/pluggy/_hooks.py\", line 513, in __call__\n    return self._hookexec(self.name, self._hookimpls.copy(), kwargs, firstresult)\n  File \"/home/runner/work/pgbouncer-operator/pgbouncer-operator/.tox/integration/lib/python3.10/site-packages/pluggy/_manager.py\", line 120, in _hookexec\n    return self._inner_hookexec(hook_name, methods, kwargs, firstresult)\n  File \"/home/runner/work/pgbouncer-operator/pgbouncer-operator/.tox/integration/lib/python3.10/site-packages/pluggy/_callers.py\", line 182, in _multicall\n    return outcome.get_result()\n  File \"/home/runner/work/pgbouncer-operator/pgbouncer-operator/.tox/integration/lib/python3.10/site-packages/pluggy/_result.py\", line 100, in get_result\n    raise exc.with_traceback(exc.__traceback__)\n  File \"/home/runner/work/pgbouncer-operator/pgbouncer-operator/.tox/integration/lib/python3.10/site-packages/pluggy/_callers.py\", line 167, in _multicall\n    teardown.throw(outcome._exception)\n  File \"/home/runner/work/pgbouncer-operator/pgbouncer-operator/.tox/integration/lib/python3.10/site-packages/_pytest/unraisableexception.py\", line 90, in pytest_runtest_setup\n    yield from unraisable_exception_runtest_hook()\n  File \"/home/runner/work/pgbouncer-operator/pgbouncer-operator/.tox/integration/lib/python3.10/site-packages/_pytest/unraisableexception.py\", line 70, in unraisable_exception_runtest_hook\n    yield\n  File \"/home/runner/work/pgbouncer-operator/pgbouncer-operator/.tox/integration/lib/python3.10/site-packages/pluggy/_callers.py\", line 167, in _multicall\n    teardown.throw(outcome._exception)\n  File \"/home/runner/work/pgbouncer-operator/pgbouncer-operator/.tox/integration/lib/python3.10/site-packages/_pytest/logging.py\", line 840, in pytest_runtest_setup\n    yield from self._runtest_for(item, \"setup\")\n  File \"/home/runner/work/pgbouncer-operator/pgbouncer-operator/.tox/integration/lib/python3.10/site-packages/_pytest/logging.py\", line 829, in _runtest_for\n    yield\n  File \"/home/runner/work/pgbouncer-operator/pgbouncer-operator/.tox/integration/lib/python3.10/site-packages/pluggy/_callers.py\", line 167, in _multicall\n    teardown.throw(outcome._exception)\n  File \"/home/runner/work/pgbouncer-operator/pgbouncer-operator/.tox/integration/lib/python3.10/site-packages/_pytest/capture.py\", line 875, in pytest_runtest_setup\n    return (yield)\n  File \"/home/runner/work/pgbouncer-operator/pgbouncer-operator/.tox/integration/lib/python3.10/site-packages/pluggy/_callers.py\", line 167, in _multicall\n    teardown.throw(outcome._exception)\n  File \"/home/runner/work/pgbouncer-operator/pgbouncer-operator/.tox/integration/lib/python3.10/site-packages/_pytest/threadexception.py\", line 87, in pytest_runtest_setup\n    yield from thread_exception_runtest_hook()\n  File \"/home/runner/work/pgbouncer-operator/pgbouncer-operator/.tox/integration/lib/python3.10/site-packages/_pytest/threadexception.py\", line 68, in thread_exception_runtest_hook\n    yield\n  File \"/home/runner/work/pgbouncer-operator/pgbouncer-operator/.tox/integration/lib/python3.10/site-packages/pluggy/_callers.py\", line 103, in _multicall\n    res = hook_impl.function(*args)\n  File \"/home/runner/work/pgbouncer-operator/pgbouncer-operator/.tox/integration/lib/python3.10/site-packages/_pytest/runner.py\", line 160, in pytest_runtest_setup\n    item.session._setupstate.setup(item)\n  File \"/home/runner/work/pgbouncer-operator/pgbouncer-operator/.tox/integration/lib/python3.10/site-packages/_pytest/runner.py\", line 514, in setup\n    col.setup()\n  File \"/home/runner/work/pgbouncer-operator/pgbouncer-operator/.tox/integration/lib/python3.10/site-packages/_pytest/python.py\", line 1630, in setup\n    self._request._fillfixtures()\n  File \"/home/runner/work/pgbouncer-operator/pgbouncer-operator/.tox/integration/lib/python3.10/site-packages/_pytest/fixtures.py\", line 697, in _fillfixtures\n    item.funcargs[argname] = self.getfixturevalue(argname)\n  File \"/home/runner/work/pgbouncer-operator/pgbouncer-operator/.tox/integration/lib/python3.10/site-packages/_pytest/fixtures.py\", line 532, in getfixturevalue\n    fixturedef = self._get_active_fixturedef(argname)\n  File \"/home/runner/work/pgbouncer-operator/pgbouncer-operator/.tox/integration/lib/python3.10/site-packages/_pytest/fixtures.py\", line 617, in _get_active_fixturedef\n    fixturedef.execute(request=subrequest)\n  File \"/home/runner/work/pgbouncer-operator/pgbouncer-operator/.tox/integration/lib/python3.10/site-packages/_pytest/fixtures.py\", line 1091, in execute\n    result = ihook.pytest_fixture_setup(fixturedef=self, request=request)\n  File \"/home/runner/work/pgbouncer-operator/pgbouncer-operator/.tox/integration/lib/python3.10/site-packages/pluggy/_hooks.py\", line 513, in __call__\n    return self._hookexec(self.name, self._hookimpls.copy(), kwargs, firstresult)\n  File \"/home/runner/work/pgbouncer-operator/pgbouncer-operator/.tox/integration/lib/python3.10/site-packages/pluggy/_manager.py\", line 120, in _hookexec\n    return self._inner_hookexec(hook_name, methods, kwargs, firstresult)\n  File \"/home/runner/work/pgbouncer-operator/pgbouncer-operator/.tox/integration/lib/python3.10/site-packages/pluggy/_callers.py\", line 182, in _multicall\n    return outcome.get_result()\n  File \"/home/runner/work/pgbouncer-operator/pgbouncer-operator/.tox/integration/lib/python3.10/site-packages/pluggy/_result.py\", line 100, in get_result\n    raise exc.with_traceback(exc.__traceback__)\n  File \"/home/runner/work/pgbouncer-operator/pgbouncer-operator/.tox/integration/lib/python3.10/site-packages/pluggy/_callers.py\", line 167, in _multicall\n    teardown.throw(outcome._exception)\n  File \"/home/runner/work/pgbouncer-operator/pgbouncer-operator/.tox/integration/lib/python3.10/site-packages/_pytest/setuponly.py\", line 36, in pytest_fixture_setup\n    return (yield)\n  File \"/home/runner/work/pgbouncer-operator/pgbouncer-operator/.tox/integration/lib/python3.10/site-packages/pluggy/_callers.py\", line 103, in _multicall\n    res = hook_impl.function(*args)\n  File \"/home/runner/work/pgbouncer-operator/pgbouncer-operator/.tox/integration/lib/python3.10/site-packages/_pytest/fixtures.py\", line 1140, in pytest_fixture_setup\n    result = call_fixture_func(fixturefunc, request, kwargs)\n  File \"/home/runner/work/pgbouncer-operator/pgbouncer-operator/.tox/integration/lib/python3.10/site-packages/_pytest/fixtures.py\", line 891, in call_fixture_func\n    fixture_result = next(generator)\n  File \"/home/runner/work/pgbouncer-operator/pgbouncer-operator/.tox/integration/lib/python3.10/site-packages/pytest_operator/plugin.py\", line 234, in abort_on_fail\n    pytest.xfail(\"aborted\")\n  File \"/home/runner/work/pgbouncer-operator/pgbouncer-operator/.tox/integration/lib/python3.10/site-packages/_pytest/outcomes.py\", line 206, in xfail\n    raise XFailed(reason)\n_pytest.outcomes.XFailed: aborted","flaky":false,"newFailed":false,"newBroken":false,"newPassed":false,"retriesCount":1,"retriesStatusChange":true,"beforeStages":[{"name":"tmp_path_factory","time":{"start":1728439883578,"stop":1728439883578,"duration":0},"status":"passed","steps":[],"attachments":[],"parameters":[],"stepsCount":0,"shouldDisplayMessage":false,"attachmentsCount":0,"hasContent":false,"attachmentStep":false},{"name":"ops_test","time":{"start":1728439883578,"stop":1728439883713,"duration":135},"status":"passed","steps":[],"attachments":[],"parameters":[],"stepsCount":0,"shouldDisplayMessage":false,"attachmentsCount":0,"hasContent":false,"attachmentStep":false},{"name":"event_loop","time":{"start":1728439883578,"stop":1728439883578,"duration":0},"status":"passed","steps":[],"attachments":[],"parameters":[],"stepsCount":0,"shouldDisplayMessage":false,"attachmentsCount":0,"hasContent":false,"attachmentStep":false},{"name":"pgb_charm_jammy","time":{"start":1728439883713,"stop":1728439883718,"duration":5},"status":"passed","steps":[],"attachments":[],"parameters":[],"stepsCount":0,"shouldDisplayMessage":false,"attachmentsCount":0,"hasContent":false,"attachmentStep":false},{"name":"abort_on_fail","time":{"start":1728440384245,"stop":1728440384245,"duration":0},"status":"failed","statusMessage":"_pytest.outcomes.XFailed: aborted\n","statusTrace":"  File \"/home/runner/work/pgbouncer-operator/pgbouncer-operator/.tox/integration/lib/python3.10/site-packages/pluggy/_callers.py\", line 167, in _multicall\n    teardown.throw(outcome._exception)\n  File \"/home/runner/work/pgbouncer-operator/pgbouncer-operator/.tox/integration/lib/python3.10/site-packages/_pytest/setuponly.py\", line 36, in pytest_fixture_setup\n    return (yield)\n  File \"/home/runner/work/pgbouncer-operator/pgbouncer-operator/.tox/integration/lib/python3.10/site-packages/pluggy/_callers.py\", line 103, in _multicall\n    res = hook_impl.function(*args)\n  File \"/home/runner/work/pgbouncer-operator/pgbouncer-operator/.tox/integration/lib/python3.10/site-packages/_pytest/fixtures.py\", line 1140, in pytest_fixture_setup\n    result = call_fixture_func(fixturefunc, request, kwargs)\n  File \"/home/runner/work/pgbouncer-operator/pgbouncer-operator/.tox/integration/lib/python3.10/site-packages/_pytest/fixtures.py\", line 891, in call_fixture_func\n    fixture_result = next(generator)\n  File \"/home/runner/work/pgbouncer-operator/pgbouncer-operator/.tox/integration/lib/python3.10/site-packages/pytest_operator/plugin.py\", line 234, in abort_on_fail\n    pytest.xfail(\"aborted\")\n  File \"/home/runner/work/pgbouncer-operator/pgbouncer-operator/.tox/integration/lib/python3.10/site-packages/_pytest/outcomes.py\", line 206, in xfail\n    raise XFailed(reason)\n","steps":[],"attachments":[],"parameters":[],"stepsCount":0,"shouldDisplayMessage":true,"attachmentsCount":0,"hasContent":true,"attachmentStep":false}],"testStage":{"description":"Test updating from stable channel.","status":"skipped","statusMessage":"XFAIL reason: aborted\n\n_pytest.outcomes.XFailed: aborted","statusTrace":"Traceback (most recent call last):\n  File \"/home/runner/work/pgbouncer-operator/pgbouncer-operator/.tox/integration/lib/python3.10/site-packages/_pytest/runner.py\", line 341, in from_call\n    result: TResult | None = func()\n  File \"/home/runner/work/pgbouncer-operator/pgbouncer-operator/.tox/integration/lib/python3.10/site-packages/_pytest/runner.py\", line 242, in <lambda>\n    lambda: runtest_hook(item=item, **kwds), when=when, reraise=reraise\n  File \"/home/runner/work/pgbouncer-operator/pgbouncer-operator/.tox/integration/lib/python3.10/site-packages/pluggy/_hooks.py\", line 513, in __call__\n    return self._hookexec(self.name, self._hookimpls.copy(), kwargs, firstresult)\n  File \"/home/runner/work/pgbouncer-operator/pgbouncer-operator/.tox/integration/lib/python3.10/site-packages/pluggy/_manager.py\", line 120, in _hookexec\n    return self._inner_hookexec(hook_name, methods, kwargs, firstresult)\n  File \"/home/runner/work/pgbouncer-operator/pgbouncer-operator/.tox/integration/lib/python3.10/site-packages/pluggy/_callers.py\", line 182, in _multicall\n    return outcome.get_result()\n  File \"/home/runner/work/pgbouncer-operator/pgbouncer-operator/.tox/integration/lib/python3.10/site-packages/pluggy/_result.py\", line 100, in get_result\n    raise exc.with_traceback(exc.__traceback__)\n  File \"/home/runner/work/pgbouncer-operator/pgbouncer-operator/.tox/integration/lib/python3.10/site-packages/pluggy/_callers.py\", line 167, in _multicall\n    teardown.throw(outcome._exception)\n  File \"/home/runner/work/pgbouncer-operator/pgbouncer-operator/.tox/integration/lib/python3.10/site-packages/_pytest/unraisableexception.py\", line 90, in pytest_runtest_setup\n    yield from unraisable_exception_runtest_hook()\n  File \"/home/runner/work/pgbouncer-operator/pgbouncer-operator/.tox/integration/lib/python3.10/site-packages/_pytest/unraisableexception.py\", line 70, in unraisable_exception_runtest_hook\n    yield\n  File \"/home/runner/work/pgbouncer-operator/pgbouncer-operator/.tox/integration/lib/python3.10/site-packages/pluggy/_callers.py\", line 167, in _multicall\n    teardown.throw(outcome._exception)\n  File \"/home/runner/work/pgbouncer-operator/pgbouncer-operator/.tox/integration/lib/python3.10/site-packages/_pytest/logging.py\", line 840, in pytest_runtest_setup\n    yield from self._runtest_for(item, \"setup\")\n  File \"/home/runner/work/pgbouncer-operator/pgbouncer-operator/.tox/integration/lib/python3.10/site-packages/_pytest/logging.py\", line 829, in _runtest_for\n    yield\n  File \"/home/runner/work/pgbouncer-operator/pgbouncer-operator/.tox/integration/lib/python3.10/site-packages/pluggy/_callers.py\", line 167, in _multicall\n    teardown.throw(outcome._exception)\n  File \"/home/runner/work/pgbouncer-operator/pgbouncer-operator/.tox/integration/lib/python3.10/site-packages/_pytest/capture.py\", line 875, in pytest_runtest_setup\n    return (yield)\n  File \"/home/runner/work/pgbouncer-operator/pgbouncer-operator/.tox/integration/lib/python3.10/site-packages/pluggy/_callers.py\", line 167, in _multicall\n    teardown.throw(outcome._exception)\n  File \"/home/runner/work/pgbouncer-operator/pgbouncer-operator/.tox/integration/lib/python3.10/site-packages/_pytest/threadexception.py\", line 87, in pytest_runtest_setup\n    yield from thread_exception_runtest_hook()\n  File \"/home/runner/work/pgbouncer-operator/pgbouncer-operator/.tox/integration/lib/python3.10/site-packages/_pytest/threadexception.py\", line 68, in thread_exception_runtest_hook\n    yield\n  File \"/home/runner/work/pgbouncer-operator/pgbouncer-operator/.tox/integration/lib/python3.10/site-packages/pluggy/_callers.py\", line 103, in _multicall\n    res = hook_impl.function(*args)\n  File \"/home/runner/work/pgbouncer-operator/pgbouncer-operator/.tox/integration/lib/python3.10/site-packages/_pytest/runner.py\", line 160, in pytest_runtest_setup\n    item.session._setupstate.setup(item)\n  File \"/home/runner/work/pgbouncer-operator/pgbouncer-operator/.tox/integration/lib/python3.10/site-packages/_pytest/runner.py\", line 514, in setup\n    col.setup()\n  File \"/home/runner/work/pgbouncer-operator/pgbouncer-operator/.tox/integration/lib/python3.10/site-packages/_pytest/python.py\", line 1630, in setup\n    self._request._fillfixtures()\n  File \"/home/runner/work/pgbouncer-operator/pgbouncer-operator/.tox/integration/lib/python3.10/site-packages/_pytest/fixtures.py\", line 697, in _fillfixtures\n    item.funcargs[argname] = self.getfixturevalue(argname)\n  File \"/home/runner/work/pgbouncer-operator/pgbouncer-operator/.tox/integration/lib/python3.10/site-packages/_pytest/fixtures.py\", line 532, in getfixturevalue\n    fixturedef = self._get_active_fixturedef(argname)\n  File \"/home/runner/work/pgbouncer-operator/pgbouncer-operator/.tox/integration/lib/python3.10/site-packages/_pytest/fixtures.py\", line 617, in _get_active_fixturedef\n    fixturedef.execute(request=subrequest)\n  File \"/home/runner/work/pgbouncer-operator/pgbouncer-operator/.tox/integration/lib/python3.10/site-packages/_pytest/fixtures.py\", line 1091, in execute\n    result = ihook.pytest_fixture_setup(fixturedef=self, request=request)\n  File \"/home/runner/work/pgbouncer-operator/pgbouncer-operator/.tox/integration/lib/python3.10/site-packages/pluggy/_hooks.py\", line 513, in __call__\n    return self._hookexec(self.name, self._hookimpls.copy(), kwargs, firstresult)\n  File \"/home/runner/work/pgbouncer-operator/pgbouncer-operator/.tox/integration/lib/python3.10/site-packages/pluggy/_manager.py\", line 120, in _hookexec\n    return self._inner_hookexec(hook_name, methods, kwargs, firstresult)\n  File \"/home/runner/work/pgbouncer-operator/pgbouncer-operator/.tox/integration/lib/python3.10/site-packages/pluggy/_callers.py\", line 182, in _multicall\n    return outcome.get_result()\n  File \"/home/runner/work/pgbouncer-operator/pgbouncer-operator/.tox/integration/lib/python3.10/site-packages/pluggy/_result.py\", line 100, in get_result\n    raise exc.with_traceback(exc.__traceback__)\n  File \"/home/runner/work/pgbouncer-operator/pgbouncer-operator/.tox/integration/lib/python3.10/site-packages/pluggy/_callers.py\", line 167, in _multicall\n    teardown.throw(outcome._exception)\n  File \"/home/runner/work/pgbouncer-operator/pgbouncer-operator/.tox/integration/lib/python3.10/site-packages/_pytest/setuponly.py\", line 36, in pytest_fixture_setup\n    return (yield)\n  File \"/home/runner/work/pgbouncer-operator/pgbouncer-operator/.tox/integration/lib/python3.10/site-packages/pluggy/_callers.py\", line 103, in _multicall\n    res = hook_impl.function(*args)\n  File \"/home/runner/work/pgbouncer-operator/pgbouncer-operator/.tox/integration/lib/python3.10/site-packages/_pytest/fixtures.py\", line 1140, in pytest_fixture_setup\n    result = call_fixture_func(fixturefunc, request, kwargs)\n  File \"/home/runner/work/pgbouncer-operator/pgbouncer-operator/.tox/integration/lib/python3.10/site-packages/_pytest/fixtures.py\", line 891, in call_fixture_func\n    fixture_result = next(generator)\n  File \"/home/runner/work/pgbouncer-operator/pgbouncer-operator/.tox/integration/lib/python3.10/site-packages/pytest_operator/plugin.py\", line 234, in abort_on_fail\n    pytest.xfail(\"aborted\")\n  File \"/home/runner/work/pgbouncer-operator/pgbouncer-operator/.tox/integration/lib/python3.10/site-packages/_pytest/outcomes.py\", line 206, in xfail\n    raise XFailed(reason)\n_pytest.outcomes.XFailed: aborted","steps":[],"attachments":[{"uid":"b544de0b7e6cf91f","name":"log","source":"b544de0b7e6cf91f.txt","type":"text/plain","size":11366}],"parameters":[],"stepsCount":0,"shouldDisplayMessage":true,"attachmentsCount":1,"hasContent":true,"attachmentStep":false},"afterStages":[{"name":"ops_test::finalizer","time":{"start":1728440384246,"stop":1728440384675,"duration":429},"status":"passed","steps":[],"attachments":[],"parameters":[],"stepsCount":0,"shouldDisplayMessage":false,"attachmentsCount":0,"hasContent":false,"attachmentStep":false},{"name":"event_loop::2","time":{"start":1728440384675,"stop":1728440384676,"duration":1},"status":"passed","steps":[],"attachments":[],"parameters":[],"stepsCount":0,"shouldDisplayMessage":false,"attachmentsCount":0,"hasContent":false,"attachmentStep":false},{"name":"event_loop::_close_event_loop","time":{"start":1728440384676,"stop":1728440384676,"duration":0},"status":"passed","steps":[],"attachments":[],"parameters":[],"stepsCount":0,"shouldDisplayMessage":false,"attachmentsCount":0,"hasContent":false,"attachmentStep":false},{"name":"event_loop::_provide_clean_event_loop","time":{"start":1728440384676,"stop":1728440384676,"duration":0},"status":"passed","steps":[],"attachments":[],"parameters":[],"stepsCount":0,"shouldDisplayMessage":false,"attachmentsCount":0,"hasContent":false,"attachmentStep":false}],"labels":[{"name":"tag","value":"abort_on_fail"},{"name":"tag","value":"group(1)"},{"name":"tag","value":"asyncio"},{"name":"parentSuite","value":"tests.integration"},{"name":"suite","value":"test_upgrade_from_stable"},{"name":"host","value":"fv-az881-751"},{"name":"thread","value":"15871-MainThread"},{"name":"framework","value":"pytest"},{"name":"language","value":"cpython3"},{"name":"package","value":"tests.integration.test_upgrade_from_stable"},{"name":"resultFormat","value":"allure2"}],"parameters":[],"links":[],"hidden":false,"retry":false,"extra":{"severity":"normal","retries":[{"uid":"86e88340b49dd1ce","status":"unknown","time":{}}],"categories":[],"history":{"statistic":{"failed":0,"broken":1,"skipped":3,"passed":171,"unknown":4,"total":179},"items":[{"uid":"7ea470626cd4cde","reportUrl":"../2095//#testresult/7ea470626cd4cde","status":"skipped","statusDetails":"XFAIL reason: aborted\n\n_pytest.outcomes.XFailed: aborted","time":{"start":1728352428458,"stop":1728352428458,"duration":0}},{"uid":"bbb2926f6566d719","reportUrl":"../2093//#testresult/bbb2926f6566d719","status":"passed","time":{"start":1728266305675,"stop":1728266403266,"duration":97591}},{"uid":"8740375000c31789","reportUrl":"../2092//#testresult/8740375000c31789","status":"passed","time":{"start":1728179872271,"stop":1728179968848,"duration":96577}},{"uid":"9f61dd15e1535cc5","reportUrl":"../2091//#testresult/9f61dd15e1535cc5","status":"passed","time":{"start":1728093634769,"stop":1728093727469,"duration":92700}},{"uid":"d7991190adc5e082","reportUrl":"../2090//#testresult/d7991190adc5e082","status":"passed","time":{"start":1728007177237,"stop":1728007267546,"duration":90309}},{"uid":"aad2e9ff7e5cbb6f","reportUrl":"../2088//#testresult/aad2e9ff7e5cbb6f","status":"passed","time":{"start":1727920945790,"stop":1727921040212,"duration":94422}},{"uid":"21572f6e7b6977d","reportUrl":"../2084//#testresult/21572f6e7b6977d","status":"passed","time":{"start":1727834384573,"stop":1727834483388,"duration":98815}},{"uid":"5f2fa5b82f97a63b","reportUrl":"../2080//#testresult/5f2fa5b82f97a63b","status":"passed","time":{"start":1727748000841,"stop":1727748100641,"duration":99800}},{"uid":"8e0dab25bb13d7b7","reportUrl":"../2078//#testresult/8e0dab25bb13d7b7","status":"passed","time":{"start":1727661704725,"stop":1727661801613,"duration":96888}},{"uid":"1b7b791f630ca048","reportUrl":"../2077//#testresult/1b7b791f630ca048","status":"passed","time":{"start":1727575177852,"stop":1727575273319,"duration":95467}},{"uid":"bf1e77baa1d2cf64","reportUrl":"../2076//#testresult/bf1e77baa1d2cf64","status":"passed","time":{"start":1727488720582,"stop":1727488811369,"duration":90787}},{"uid":"e0d61c156e74836c","reportUrl":"../2072//#testresult/e0d61c156e74836c","status":"passed","time":{"start":1727402472243,"stop":1727402568340,"duration":96097}},{"uid":"b4e9315cb963158f","reportUrl":"../2065//#testresult/b4e9315cb963158f","status":"passed","time":{"start":1727315352513,"stop":1727315445932,"duration":93419}},{"uid":"25904bfd6e53ecbe","reportUrl":"../2060//#testresult/25904bfd6e53ecbe","status":"passed","time":{"start":1727229055501,"stop":1727229153271,"duration":97770}},{"uid":"3d75680338201e11","reportUrl":"../2059//#testresult/3d75680338201e11","status":"passed","time":{"start":1727142618618,"stop":1727142714821,"duration":96203}},{"uid":"9d4dbd33673dc43c","reportUrl":"../2057//#testresult/9d4dbd33673dc43c","status":"passed","time":{"start":1727056526026,"stop":1727056625291,"duration":99265}},{"uid":"1b833d318015cc43","reportUrl":"../2055//#testresult/1b833d318015cc43","status":"passed","time":{"start":1726969790642,"stop":1726969885091,"duration":94449}},{"uid":"4bc6c6677b5c675c","reportUrl":"../2054//#testresult/4bc6c6677b5c675c","status":"passed","time":{"start":1726883320297,"stop":1726883415920,"duration":95623}},{"uid":"b869b47c6af21bb4","reportUrl":"../2053//#testresult/b869b47c6af21bb4","status":"passed","time":{"start":1726796973398,"stop":1726797067283,"duration":93885}},{"uid":"ca0575af59e3f49d","reportUrl":"../2052//#testresult/ca0575af59e3f49d","status":"passed","time":{"start":1726710481019,"stop":1726710574747,"duration":93728}}]},"tags":["asyncio","abort_on_fail","group(1)"]},"source":"52038a2b1b572673.json","parameterValues":[]}