[32mINFO    [0m pytest_operator.plugin:plugin.py:834 Model status:

Model  Controller           Cloud/Region         Version  SLA          Timestamp
test   localhost-localhost  localhost/localhost  3.1.7    unsupported  01:59:29Z

App                  Version  Status   Scale  Charm                Channel      Rev  Exposed  Message
landscape-client              blocked      6  landscape-client     latest/edge   69  no       Registration failed!
pgbouncer            1.21.0   active       3  pgbouncer                           0  no       
postgresql           14.11    active       3  postgresql           14/edge      393  no       
postgresql-test-app           active       3  postgresql-test-app  latest/edge   96  no       received database credentials of the first database
ubuntu-advantage              active       6  ubuntu-advantage     latest/edge   79  no       Attached (esm-apps,esm-infra)

Unit                    Workload  Agent  Machine  Public address  Ports     Message
postgresql-test-app/0*  active    idle   0        10.149.219.176            received database credentials of the first database
  landscape-client/3    active    idle            10.149.219.176            Client registered!
  pgbouncer/0*          active    idle            10.149.219.176            
  ubuntu-advantage/2    active    idle            10.149.219.176            Attached (esm-apps,esm-infra)
postgresql-test-app/1   active    idle   1        10.149.219.187            received database credentials of the first database
  landscape-client/1    active    idle            10.149.219.187            Client registered!
  pgbouncer/1           active    idle            10.149.219.187            
  ubuntu-advantage/1    active    idle            10.149.219.187            Attached (esm-apps,esm-infra)
postgresql-test-app/2   active    idle   2        10.149.219.139            received database credentials of the first database
  landscape-client/0*   active    idle            10.149.219.139            Client registered!
  pgbouncer/2           active    idle            10.149.219.139            
  ubuntu-advantage/0*   active    idle            10.149.219.139            Attached (esm-apps,esm-infra)
postgresql/0            active    idle   3        10.149.219.31   5432/tcp  
  landscape-client/5    active    idle            10.149.219.31             Client registered!
  ubuntu-advantage/3    active    idle            10.149.219.31             Attached (esm-apps,esm-infra)
postgresql/1*           active    idle   4        10.149.219.249  5432/tcp  Primary
  landscape-client/8    blocked   idle            10.149.219.249            Registration failed!
  ubuntu-advantage/5    active    idle            10.149.219.249            Attached (esm-apps,esm-infra)
postgresql/2            active    idle   5        10.149.219.184  5432/tcp  
  landscape-client/7    active    idle            10.149.219.184            Client registered!
  ubuntu-advantage/4    active    idle            10.149.219.184            Attached (esm-apps,esm-infra)

Machine  State    Address         Inst id        Base          AZ  Message
0        started  10.149.219.176  juju-12d690-0  ubuntu@22.04      Running
1        started  10.149.219.187  juju-12d690-1  ubuntu@22.04      Running
2        started  10.149.219.139  juju-12d690-2  ubuntu@22.04      Running
3        started  10.149.219.31   juju-12d690-3  ubuntu@22.04      Running
4        started  10.149.219.249  juju-12d690-4  ubuntu@22.04      Running
5        started  10.149.219.184  juju-12d690-5  ubuntu@22.04      Running

[32mINFO    [0m pytest_operator.plugin:plugin.py:840 Juju error logs:

machine-0: 01:39:53 ERROR juju.worker.dependency "lxd-container-provisioner" manifold worker returned unexpected error: container types not yet available
machine-0: 01:39:53 ERROR juju.worker.dependency "broker-tracker" manifold worker returned unexpected error: no container types determined
machine-0: 01:39:53 ERROR juju.worker.dependency "kvm-container-provisioner" manifold worker returned unexpected error: container types not yet available
unit-postgresql-test-app-0: 01:39:53 ERROR juju.worker.meterstatus error running "meter-status-changed": charm missing from disk
machine-1: 01:39:54 ERROR juju.worker.dependency "lxd-container-provisioner" manifold worker returned unexpected error: container types not yet available
machine-1: 01:39:55 ERROR juju.worker.dependency "broker-tracker" manifold worker returned unexpected error: no container types determined
machine-1: 01:39:55 ERROR juju.worker.dependency "kvm-container-provisioner" manifold worker returned unexpected error: container types not yet available
unit-postgresql-test-app-1: 01:39:56 ERROR juju.worker.meterstatus error running "meter-status-changed": charm missing from disk
machine-4: 01:40:02 ERROR juju.worker.dependency "kvm-container-provisioner" manifold worker returned unexpected error: container types not yet available
machine-4: 01:40:02 ERROR juju.worker.dependency "broker-tracker" manifold worker returned unexpected error: no container types determined
machine-4: 01:40:02 ERROR juju.worker.dependency "lxd-container-provisioner" manifold worker returned unexpected error: container types not yet available
unit-postgresql-1: 01:40:03 ERROR juju.worker.meterstatus error running "meter-status-changed": charm missing from disk
machine-2: 01:40:04 ERROR juju.worker.dependency "lxd-container-provisioner" manifold worker returned unexpected error: container types not yet available
machine-2: 01:40:04 ERROR juju.worker.dependency "broker-tracker" manifold worker returned unexpected error: no container types determined
machine-2: 01:40:04 ERROR juju.worker.dependency "kvm-container-provisioner" manifold worker returned unexpected error: container types not yet available
unit-postgresql-test-app-2: 01:40:05 ERROR juju.worker.meterstatus error running "meter-status-changed": charm missing from disk
unit-pgbouncer-0: 01:40:06 ERROR juju.worker.meterstatus error running "meter-status-changed": charm missing from disk
machine-3: 01:40:07 ERROR juju.worker.dependency "lxd-container-provisioner" manifold worker returned unexpected error: container types not yet available
machine-3: 01:40:07 ERROR juju.worker.dependency "kvm-container-provisioner" manifold worker returned unexpected error: container types not yet available
machine-3: 01:40:07 ERROR juju.worker.dependency "broker-tracker" manifold worker returned unexpected error: no container types determined
unit-pgbouncer-1: 01:40:08 ERROR juju.worker.meterstatus error running "meter-status-changed": charm missing from disk
unit-postgresql-0: 01:40:09 ERROR juju.worker.meterstatus error running "meter-status-changed": charm missing from disk
unit-pgbouncer-2: 01:40:15 ERROR juju.worker.meterstatus error running "meter-status-changed": charm missing from disk
machine-5: 01:40:19 ERROR juju.worker.dependency "broker-tracker" manifold worker returned unexpected error: no container types determined
machine-5: 01:40:19 ERROR juju.worker.dependency "kvm-container-provisioner" manifold worker returned unexpected error: container types not yet available
machine-5: 01:40:19 ERROR juju.worker.dependency "lxd-container-provisioner" manifold worker returned unexpected error: container types not yet available
unit-postgresql-2: 01:40:19 ERROR juju.worker.meterstatus error running "meter-status-changed": charm missing from disk
unit-landscape-client-0: 01:49:29 ERROR juju.worker.meterstatus error running "meter-status-changed": charm missing from disk
unit-landscape-client-1: 01:49:29 ERROR juju.worker.meterstatus error running "meter-status-changed": charm missing from disk
unit-landscape-client-3: 01:49:29 ERROR juju.worker.meterstatus error running "meter-status-changed": charm missing from disk
unit-ubuntu-advantage-1: 01:49:29 ERROR juju.worker.meterstatus error running "meter-status-changed": charm missing from disk
unit-ubuntu-advantage-0: 01:49:29 ERROR juju.worker.meterstatus error running "meter-status-changed": charm missing from disk
unit-landscape-client-7: 01:49:33 ERROR juju.worker.meterstatus error running "meter-status-changed": charm missing from disk
unit-landscape-client-5: 01:49:33 ERROR juju.worker.meterstatus error running "meter-status-changed": charm missing from disk
unit-ubuntu-advantage-5: 01:49:33 ERROR juju.worker.meterstatus error running "meter-status-changed": charm missing from disk
unit-landscape-client-8: 01:49:34 ERROR juju.worker.meterstatus error running "meter-status-changed": charm missing from disk
unit-ubuntu-advantage-3: 01:49:34 ERROR juju.worker.meterstatus error running "meter-status-changed": charm missing from disk
unit-ubuntu-advantage-4: 01:49:35 ERROR juju.worker.meterstatus error running "meter-status-changed": charm missing from disk
unit-ubuntu-advantage-2: 01:50:03 ERROR unit.unit-ubuntu-advantage-2.juju-log Uncaught exception while in charm code:
Traceback (most recent call last):
  File "/var/lib/juju/agents/unit-ubuntu-advantage-2/charm/venv/ops/model.py", line 2183, in _run
    result = run(args, **kwargs)
  File "/usr/lib/python3.10/subprocess.py", line 526, in run
    raise CalledProcessError(retcode, process.args,
subprocess.CalledProcessError: Command '('/var/lib/juju/tools/unit-ubuntu-advantage-2/config-get', '--format=json')' returned non-zero exit status 1.

During handling of the above exception, another exception occurred:

Traceback (most recent call last):
  File "/var/lib/juju/agents/unit-ubuntu-advantage-2/charm/./src/charm.py", line 210, in <module>
    main(UbuntuAdvantageCharm)
  File "/var/lib/juju/agents/unit-ubuntu-advantage-2/charm/venv/ops/main.py", line 426, in main
    charm = charm_class(framework)
  File "/var/lib/juju/agents/unit-ubuntu-advantage-2/charm/./src/charm.py", line 69, in __init__
    self._setup_proxy_env()
  File "/var/lib/juju/agents/unit-ubuntu-advantage-2/charm/./src/charm.py", line 79, in _setup_proxy_env
    self.env["http_proxy"] = self.config.get("override-http-proxy") or self.env.get(
  File "/usr/lib/python3.10/_collections_abc.py", line 824, in get
    return self[key]
  File "/var/lib/juju/agents/unit-ubuntu-advantage-2/charm/venv/ops/model.py", line 547, in __getitem__
    return self._data[key]
  File "/var/lib/juju/agents/unit-ubuntu-advantage-2/charm/venv/ops/model.py", line 531, in _data
    data = self._lazy_data = self._load()
  File "/var/lib/juju/agents/unit-ubuntu-advantage-2/charm/venv/ops/model.py", line 1092, in _load
    return self._backend.config_get()
  File "/var/lib/juju/agents/unit-ubuntu-advantage-2/charm/venv/ops/model.py", line 2299, in config_get
    out = self._run('config-get', return_output=True, use_json=True)
  File "/var/lib/juju/agents/unit-ubuntu-advantage-2/charm/venv/ops/model.py", line 2189, in _run
    raise ModelError(e.stderr)
ops.model.ModelError: b'ERROR not implemented for restricted context not implemented\n'
unit-ubuntu-advantage-2: 01:50:04 ERROR juju.worker.meterstatus error running "meter-status-changed": exit status 1
unit-landscape-client-8: 01:52:42 CRITICAL unit.landscape-client/8.juju-log   File "/var/lib/juju/agents/unit-landscape-client-8/charm/./src/charm.py", line 261, in <module>
    main(LandscapeClientCharm)
  File "/var/lib/juju/agents/unit-landscape-client-8/charm/venv/ops/main.py", line 436, in main
    _emit_charm_event(charm, dispatcher.event_name)
  File "/var/lib/juju/agents/unit-landscape-client-8/charm/venv/ops/main.py", line 144, in _emit_charm_event
    event_to_emit.emit(*args, **kwargs)
  File "/var/lib/juju/agents/unit-landscape-client-8/charm/venv/ops/framework.py", line 351, in emit
    framework._emit(event)
  File "/var/lib/juju/agents/unit-landscape-client-8/charm/venv/ops/framework.py", line 853, in _emit
    self._reemit(event_path)
  File "/var/lib/juju/agents/unit-landscape-client-8/charm/venv/ops/framework.py", line 942, in _reemit
    custom_handler(event)
  File "/var/lib/juju/agents/unit-landscape-client-8/charm/./src/charm.py", line 215, in _on_config_changed
    self.run_landscape_client()
  File "/var/lib/juju/agents/unit-landscape-client-8/charm/./src/charm.py", line 190, in run_landscape_client
    self.send_registration()
  File "/var/lib/juju/agents/unit-landscape-client-8/charm/./src/charm.py", line 178, in send_registration
    if process_helper([CLIENT_CONFIG_CMD, "--silent"]):
  File "/var/lib/juju/agents/unit-landscape-client-8/charm/./src/charm.py", line 104, in process_helper
    log_error("".join(traceback.format_stack()))

unit-landscape-client-8: 01:52:42 CRITICAL unit.landscape-client/8.juju-log Traceback (most recent call last):
Failure: landscape.lib.amp.MethodCallError: timeout



[32mINFO    [0m pytest_operator.plugin:plugin.py:904 Forgetting main...