[32mINFO    [0m pytest_operator.plugin:plugin.py:903 Model status:

Model  Controller           Cloud/Region         Version  SLA          Timestamp
test   localhost-localhost  localhost/localhost  3.4.6    unsupported  02:19:44Z

App                  Version  Status  Scale  Charm                Channel      Rev  Exposed  Message
pgbouncer                     error       3  pgbouncer            1/stable     396  no       hook failed: "secret-changed"
postgresql           14.13    active      3  postgresql           14/edge      488  no       
postgresql-test-app           active      3  postgresql-test-app  latest/edge  256  no       

Unit                    Workload     Agent      Machine  Public address  Ports     Message
postgresql-test-app/0   active       idle       0        10.183.24.253             
  pgbouncer/2           error        idle                10.183.24.253             hook failed: "secret-changed"
postgresql-test-app/1   active       idle       1        10.183.24.191             
  pgbouncer/1           blocked      executing           10.183.24.191             waiting for backend database relation to initialise
postgresql-test-app/2*  active       idle       2        10.183.24.119             
  pgbouncer/0*          active       executing           10.183.24.119             
postgresql/0*           maintenance  executing  3        10.183.24.139   5432/tcp  reconfiguring cluster
postgresql/1            waiting      executing  4        10.183.24.84    5432/tcp  awaiting for cluster to start
postgresql/2            waiting      executing  5        10.183.24.202   5432/tcp  awaiting for cluster to start

Machine  State    Address        Inst id        Base          AZ  Message
0        started  10.183.24.253  juju-edc263-0  ubuntu@22.04      Running
1        started  10.183.24.191  juju-edc263-1  ubuntu@22.04      Running
2        started  10.183.24.119  juju-edc263-2  ubuntu@22.04      Running
3        started  10.183.24.139  juju-edc263-3  ubuntu@22.04      Running
4        started  10.183.24.84   juju-edc263-4  ubuntu@22.04      Running
5        started  10.183.24.202  juju-edc263-5  ubuntu@22.04      Running

[32mINFO    [0m pytest_operator.plugin:plugin.py:909 Juju error logs:

machine-2: 02:16:19 ERROR juju.worker.dependency "kvm-container-provisioner" manifold worker returned unexpected error: container types not yet available
machine-2: 02:16:19 ERROR juju.worker.dependency "lxd-container-provisioner" manifold worker returned unexpected error: container types not yet available
unit-postgresql-test-app-2: 02:16:20 ERROR juju.worker.meterstatus error running "meter-status-changed": charm missing from disk
machine-1: 02:16:29 ERROR juju.worker.dependency "lxd-container-provisioner" manifold worker returned unexpected error: container types not yet available
machine-1: 02:16:29 ERROR juju.worker.dependency "kvm-container-provisioner" manifold worker returned unexpected error: container types not yet available
unit-pgbouncer-0: 02:16:29 ERROR juju.worker.meterstatus error running "meter-status-changed": charm missing from disk
unit-postgresql-test-app-1: 02:16:30 ERROR juju.worker.meterstatus error running "meter-status-changed": charm missing from disk
unit-pgbouncer-1: 02:16:39 ERROR juju.worker.meterstatus error running "meter-status-changed": charm missing from disk
machine-3: 02:16:59 ERROR juju.worker.dependency "kvm-container-provisioner" manifold worker returned unexpected error: container types not yet available
machine-3: 02:16:59 ERROR juju.worker.dependency "lxd-container-provisioner" manifold worker returned unexpected error: container types not yet available
unit-postgresql-0: 02:17:00 ERROR juju.worker.meterstatus error running "meter-status-changed": charm missing from disk
machine-5: 02:17:03 ERROR juju.worker.dependency "kvm-container-provisioner" manifold worker returned unexpected error: container types not yet available
machine-5: 02:17:03 ERROR juju.worker.dependency "lxd-container-provisioner" manifold worker returned unexpected error: container types not yet available
unit-postgresql-2: 02:17:04 ERROR juju.worker.meterstatus error running "meter-status-changed": charm missing from disk
machine-4: 02:17:06 ERROR juju.worker.dependency "lxd-container-provisioner" manifold worker returned unexpected error: container types not yet available
machine-4: 02:17:06 ERROR juju.worker.dependency "kvm-container-provisioner" manifold worker returned unexpected error: container types not yet available
machine-0: 02:17:07 ERROR juju.worker.dependency "kvm-container-provisioner" manifold worker returned unexpected error: container types not yet available
machine-0: 02:17:07 ERROR juju.worker.dependency "lxd-container-provisioner" manifold worker returned unexpected error: container types not yet available
unit-postgresql-test-app-0: 02:17:08 ERROR juju.worker.meterstatus error running "meter-status-changed": charm missing from disk
unit-postgresql-1: 02:17:08 ERROR juju.worker.meterstatus error running "meter-status-changed": charm missing from disk
unit-pgbouncer-2: 02:17:18 ERROR juju.worker.meterstatus error running "meter-status-changed": charm missing from disk
unit-pgbouncer-2: 02:17:33 ERROR unit.pgbouncer/2.juju-log An exception occurred when installing charmed-pgbouncer. Reason: Snap: 'charmed-pgbouncer'; command ['snap', 'install', 'charmed-pgbouncer', '--channel="1/stable"', '--revision="16"'] failed with output = ''
unit-pgbouncer-2: 02:17:46 ERROR unit.pgbouncer/2.juju-log Command ['systemctl', 'restart', 'pgbouncer-pgbouncer@0'] failed with returncode 5. systemctl output:
Failed to restart pgbouncer-pgbouncer@0.service: Unit pgbouncer-pgbouncer@0.service not found.

unit-pgbouncer-2: 02:17:49 ERROR unit.pgbouncer/2.juju-log Unable to get Pgbouncer version
Traceback (most recent call last):
  File "/var/lib/juju/agents/unit-pgbouncer-2/charm/./src/charm.py", line 281, in version
    output = subprocess.check_output([PGBOUNCER_EXECUTABLE, "--version"])
  File "/usr/lib/python3.10/subprocess.py", line 421, in check_output
    return run(*popenargs, stdout=PIPE, timeout=timeout, check=True,
  File "/usr/lib/python3.10/subprocess.py", line 503, in run
    with Popen(*popenargs, **kwargs) as process:
  File "/usr/lib/python3.10/subprocess.py", line 971, in __init__
    self._execute_child(args, executable, preexec_fn, close_fds,
  File "/usr/lib/python3.10/subprocess.py", line 1863, in _execute_child
    raise child_exception_type(errno_num, err_msg, err_filename)
FileNotFoundError: [Errno 2] No such file or directory: 'charmed-pgbouncer.pgbouncer'
unit-pgbouncer-2: 02:17:49 ERROR unit.pgbouncer/2.juju-log Command ['systemctl', 'start', 'pgbouncer-pgbouncer@0'] failed with returncode 5. systemctl output:
Failed to start pgbouncer-pgbouncer@0.service: Unit pgbouncer-pgbouncer@0.service not found.

unit-pgbouncer-2: 02:17:52 ERROR unit.pgbouncer/2.juju-log pgb-peers:1: Command ['systemctl', 'restart', 'pgbouncer-pgbouncer@0'] failed with returncode 5. systemctl output:
Failed to restart pgbouncer-pgbouncer@0.service: Unit pgbouncer-pgbouncer@0.service not found.

unit-pgbouncer-2: 02:18:00 ERROR unit.pgbouncer/2.juju-log pgb-peers:1: Command ['systemctl', 'restart', 'pgbouncer-pgbouncer@0'] failed with returncode 5. systemctl output:
Failed to restart pgbouncer-pgbouncer@0.service: Unit pgbouncer-pgbouncer@0.service not found.

unit-pgbouncer-2: 02:18:03 ERROR unit.pgbouncer/2.juju-log pgb-peers:1: Command ['systemctl', 'restart', 'pgbouncer-pgbouncer@0'] failed with returncode 5. systemctl output:
Failed to restart pgbouncer-pgbouncer@0.service: Unit pgbouncer-pgbouncer@0.service not found.

unit-pgbouncer-2: 02:18:06 ERROR unit.pgbouncer/2.juju-log pgb-peers:1: Command ['systemctl', 'restart', 'pgbouncer-pgbouncer@0'] failed with returncode 5. systemctl output:
Failed to restart pgbouncer-pgbouncer@0.service: Unit pgbouncer-pgbouncer@0.service not found.

unit-pgbouncer-2: 02:18:10 ERROR unit.pgbouncer/2.juju-log pgb-peers:1: Command ['systemctl', 'restart', 'pgbouncer-pgbouncer@0'] failed with returncode 5. systemctl output:
Failed to restart pgbouncer-pgbouncer@0.service: Unit pgbouncer-pgbouncer@0.service not found.

unit-pgbouncer-0: 02:18:52 ERROR unit.pgbouncer/0.juju-log backend-database:6: deferring database-created hook - postgres database not ready
unit-pgbouncer-0: 02:18:53 ERROR unit.pgbouncer/0.juju-log deferring database-created hook - postgres database not ready
unit-pgbouncer-0: 02:19:01 ERROR unit.pgbouncer/0.juju-log deferring database-created hook - postgres database not ready
unit-pgbouncer-0: 02:19:11 ERROR unit.pgbouncer/0.juju-log deferring database-created hook - postgres database not ready
unit-pgbouncer-0: 02:19:22 ERROR unit.pgbouncer/0.juju-log deferring database-created hook - postgres database not ready
unit-pgbouncer-0: 02:19:31 ERROR unit.pgbouncer/0.juju-log deferring database-created hook - postgres database not ready
unit-pgbouncer-2: 02:19:43 ERROR unit.pgbouncer/2.juju-log Uncaught exception while in charm code:
Traceback (most recent call last):
  File "/var/lib/juju/agents/unit-pgbouncer-2/charm/./src/charm.py", line 1004, in <module>
    main(PgBouncerCharm)
  File "/var/lib/juju/agents/unit-pgbouncer-2/charm/venv/ops/main.py", line 551, in main
    manager.run()
  File "/var/lib/juju/agents/unit-pgbouncer-2/charm/venv/ops/main.py", line 530, in run
    self._emit()
  File "/var/lib/juju/agents/unit-pgbouncer-2/charm/venv/ops/main.py", line 519, in _emit
    _emit_charm_event(self.charm, self.dispatcher.event_name)
  File "/var/lib/juju/agents/unit-pgbouncer-2/charm/venv/ops/main.py", line 147, in _emit_charm_event
    event_to_emit.emit(*args, **kwargs)
  File "/var/lib/juju/agents/unit-pgbouncer-2/charm/venv/ops/framework.py", line 348, in emit
    framework._emit(event)
  File "/var/lib/juju/agents/unit-pgbouncer-2/charm/venv/ops/framework.py", line 860, in _emit
    self._reemit(event_path)
  File "/var/lib/juju/agents/unit-pgbouncer-2/charm/venv/ops/framework.py", line 950, in _reemit
    custom_handler(event)
  File "/var/lib/juju/agents/unit-pgbouncer-2/charm/lib/charms/tempo_k8s/v1/charm_tracing.py", line 735, in wrapped_function
    return callable(*args, **kwargs)  # type: ignore
  File "/var/lib/juju/agents/unit-pgbouncer-2/charm/src/relations/peers.py", line 139, in _on_changed
    self.charm.render_prometheus_service()
  File "/var/lib/juju/agents/unit-pgbouncer-2/charm/lib/charms/tempo_k8s/v1/charm_tracing.py", line 735, in wrapped_function
    return callable(*args, **kwargs)  # type: ignore
  File "/var/lib/juju/agents/unit-pgbouncer-2/charm/./src/charm.py", line 872, in render_prometheus_service
    self.render_file(f"/etc/systemd/system/{service}.service", rendered, perms=0o644)
  File "/var/lib/juju/agents/unit-pgbouncer-2/charm/lib/charms/tempo_k8s/v1/charm_tracing.py", line 735, in wrapped_function
    return callable(*args, **kwargs)  # type: ignore
  File "/var/lib/juju/agents/unit-pgbouncer-2/charm/./src/charm.py", line 955, in render_file
    u = pwd.getpwnam(PG_USER)
KeyError: "getpwnam(): name not found: 'snap_daemon'"
unit-pgbouncer-2: 02:19:43 ERROR juju.worker.uniter.operation hook "secret-changed" (via hook dispatching script: dispatch) failed: exit status 1

[32mINFO    [0m pytest_operator.plugin:plugin.py:991 Forgetting model main...