'Code': '1', 'Stderr': 'Traceback (most recent call last):
  File "/usr/lib/python3/dist-packages/sqlalchemy/pool.py", line 1122, in _do_get
    return self._pool.get(wait, self._timeout)
  File "/usr/lib/python3/dist-packages/sqlalchemy/util/queue.py", line 145, in get
    raise Empty
sqlalchemy.util.queue.Empty

During handling of the above exception, another exception occurred:

Traceback (most recent call last):
  File "/usr/lib/python3/dist-packages/sqlalchemy/engine/base.py", line 2147, in _wrap_pool_connect
    return fn()
  File "/usr/lib/python3/dist-packages/sqlalchemy/pool.py", line 387, in connect
    return _ConnectionFairy._checkout(self)
  File "/usr/lib/python3/dist-packages/sqlalchemy/pool.py", line 766, in _checkout
    fairy = _ConnectionRecord.checkout(pool)
  File "/usr/lib/python3/dist-packages/sqlalchemy/pool.py", line 516, in checkout
    rec = pool._do_get()
  File "/usr/lib/python3/dist-packages/sqlalchemy/pool.py", line 1138, in _do_get
    self._dec_overflow()
  File "/usr/lib/python3/dist-packages/sqlalchemy/util/langhelpers.py", line 66, in __exit__
    compat.reraise(exc_type, exc_value, exc_tb)
  File "/usr/lib/python3/dist-packages/sqlalchemy/util/compat.py", line 187, in reraise
    raise value
  File "/usr/lib/python3/dist-packages/sqlalchemy/pool.py", line 1135, in _do_get
    return self._create_connection()
  File "/usr/lib/python3/dist-packages/sqlalchemy/pool.py", line 333, in _create_connection
    return _ConnectionRecord(self)
  File "/usr/lib/python3/dist-packages/sqlalchemy/pool.py", line 461, in __init__
    self.__connect(first_connect_check=True)
  File "/usr/lib/python3/dist-packages/sqlalchemy/pool.py", line 651, in __connect
    connection = pool._invoke_creator(self)
  File "/usr/lib/python3/dist-packages/sqlalchemy/engine/strategies.py", line 105, in connect
    return dialect.connect(*cargs, **cparams)
  File "/usr/lib/python3/dist-packages/sqlalchemy/engine/default.py", line 393, in connect
    return self.dbapi.connect(*cargs, **cparams)
  File "/usr/lib/python3/dist-packages/psycopg2/__init__.py", line 130, in connect
    conn = _connect(dsn, connection_factory=connection_factory, **kwasync)
psycopg2.OperationalError: could not connect to server: Connection refused
\tIs the server running on host "10.64.55.134" and accepting
\tTCP/IP connections on port 5432?


The above exception was the direct cause of the following exception:

Traceback (most recent call last):
  File "/usr/bin/mailman", line 11, in <module>
    load_entry_point(\'mailman==3.1.1\', \'console_scripts\', \'mailman\')()
  File "/usr/lib/python3/dist-packages/mailman/bin/mailman.py", line 94, in main
    initialize(config_path)
  File "/usr/lib/python3/dist-packages/mailman/core/initialize.py", line 189, in initialize
    initialize_2(propagate_logs=propagate_logs)
  File "/usr/lib/python3/dist-packages/mailman/core/initialize.py", line 160, in initialize_2
    config.db = getUtility(IDatabaseFactory, utility_name).create()
  File "/usr/lib/python3/dist-packages/mailman/database/factory.py", line 55, in create
    SchemaManager(database).setup_database()
  File "/usr/lib/python3/dist-packages/mailman/database/factory.py", line 83, in setup_database
    context = MigrationContext.configure(self._database.store.connection())
  File "/usr/lib/python3/dist-packages/sqlalchemy/orm/session.py", line 998, in connection
    execution_options=execution_options)
  File "/usr/lib/python3/dist-packages/sqlalchemy/orm/session.py", line 1003, in _connection_for_bind
    engine, execution_options)
  File "/usr/lib/python3/dist-packages/sqlalchemy/orm/session.py", line 403, in _connection_for_bind
    conn = bind.contextual_connect()
  File "/usr/lib/python3/dist-packages/sqlalchemy/engine/base.py", line 2112, in contextual_connect
    self._wrap_pool_connect(self.pool.connect, None),
  File "/usr/lib/python3/dist-packages/sqlalchemy/engine/base.py", line 2151, in _wrap_pool_connect
    e, dialect, self)
  File "/usr/lib/python3/dist-packages/sqlalchemy/engine/base.py", line 1465, in _handle_dbapi_exception_noconnection
    exc_info
  File "/usr/lib/python3/dist-packages/sqlalchemy/util/compat.py", line 203, in raise_from_cause
    reraise(type(exception), exception, tb=exc_tb, cause=cause)
  File "/usr/lib/python3/dist-packages/sqlalchemy/util/compat.py", line 186, in reraise
    raise value.with_traceback(tb)
  File "/usr/lib/python3/dist-packages/sqlalchemy/engine/base.py", line 2147, in _wrap_pool_connect
    return fn()
  File "/usr/lib/python3/dist-packages/sqlalchemy/pool.py", line 387, in connect
    return _ConnectionFairy._checkout(self)
  File "/usr/lib/python3/dist-packages/sqlalchemy/pool.py", line 766, in _checkout
    fairy = _ConnectionRecord.checkout(pool)
  File "/usr/lib/python3/dist-packages/sqlalchemy/pool.py", line 516, in checkout
    rec = pool._do_get()
  File "/usr/lib/python3/dist-packages/sqlalchemy/pool.py", line 1138, in _do_get
    self._dec_overflow()
  File "/usr/lib/python3/dist-packages/sqlalchemy/util/langhelpers.py", line 66, in __exit__
    compat.reraise(exc_type, exc_value, exc_tb)
  File "/usr/lib/python3/dist-packages/sqlalchemy/util/compat.py", line 187, in reraise
    raise value
  File "/usr/lib/python3/dist-packages/sqlalchemy/pool.py", line 1135, in _do_get
    return self._create_connection()
  File "/usr/lib/python3/dist-packages/sqlalchemy/pool.py", line 333, in _create_connection
    return _ConnectionRecord(self)
  File "/usr/lib/python3/dist-packages/sqlalchemy/pool.py", line 461, in __init__
    self.__connect(first_connect_check=True)
  File "/usr/lib/python3/dist-packages/sqlalchemy/pool.py", line 651, in __connect
    connection = pool._invoke_creator(self)
  File "/usr/lib/python3/dist-packages/sqlalchemy/engine/strategies.py", line 105, in connect
    return dialect.connect(*cargs, **cparams)
  File "/usr/lib/python3/dist-packages/sqlalchemy/engine/default.py", line 393, in connect
    return self.dbapi.connect(*cargs, **cparams)
  File "/usr/lib/python3/dist-packages/psycopg2/__init__.py", line 130, in connect
    conn = _connect(dsn, connection_factory=connection_factory, **kwasync)
sqlalchemy.exc.OperationalError: (psycopg2.OperationalError) could not connect to server: Connection refused
\tIs the server running on host "10.64.55.134" and accepting
\tTCP/IP connections on port 5432?

'